2025-10-01 15:05:36,146 [INFO] patching driver executable /home/vishnuvj/.local/share/undetected_chromedriver/undetected_chromedriver
2025-10-01 15:05:37,622 [INFO] Opening roster page: https://www.kentwood.com/roster/agents
2025-10-01 15:05:56,965 [INFO] Found 149 new agents
2025-10-01 15:05:57,019 [INFO] Saved URL: https://www.kentwood.com/bio/CarynGillman
2025-10-01 15:05:57,021 [INFO] Saved URL: https://www.kentwood.com/bio/BreBell
2025-10-01 15:05:57,023 [INFO] Saved URL: https://www.kentwood.com/bio/alexneir
2025-10-01 15:05:57,024 [INFO] Saved URL: https://www.kentwood.com/bio/dierk
2025-10-01 15:05:57,026 [INFO] Saved URL: https://www.kentwood.com/bio/JanetCaminite
2025-10-01 15:05:57,028 [INFO] Saved URL: https://www.kentwood.com/bio/DianaGodina
2025-10-01 15:05:57,029 [INFO] Saved URL: https://www.kentwood.com/bio/bob
2025-10-01 15:05:57,030 [INFO] Saved URL: https://www.kentwood.com/bio/kevin
2025-10-01 15:05:57,031 [INFO] Saved URL: https://www.kentwood.com/bio/dotson
2025-10-01 15:05:57,032 [INFO] Saved URL: https://www.kentwood.com/bio/MikeC
2025-10-01 15:05:57,033 [INFO] Saved URL: https://www.kentwood.com/bio/NoriSiemers
2025-10-01 15:05:57,035 [INFO] Saved URL: https://www.kentwood.com/bio/Diane
2025-10-01 15:05:57,036 [INFO] Saved URL: https://www.kentwood.com/bio/amcwilliams
2025-10-01 15:05:57,037 [INFO] Saved URL: https://www.kentwood.com/bio/katherinel
2025-10-01 15:05:57,038 [INFO] Saved URL: https://www.kentwood.com/bio/KristinTibbs
2025-10-01 15:05:57,040 [INFO] Saved URL: https://www.kentwood.com/bio/acraig
2025-10-01 15:05:57,041 [INFO] Saved URL: https://www.kentwood.com/bio/cgargotto
2025-10-01 15:05:57,042 [INFO] Saved URL: https://www.kentwood.com/bio/mhotz
2025-10-01 15:05:57,043 [INFO] Saved URL: https://www.kentwood.com/bio/MattKing
2025-10-01 15:05:57,045 [INFO] Saved URL: https://www.kentwood.com/bio/emarks
2025-10-01 15:05:57,046 [INFO] Saved URL: https://www.kentwood.com/bio/katbrill
2025-10-01 15:05:57,048 [INFO] Saved URL: https://www.kentwood.com/bio/TRAYNOR
2025-10-01 15:05:57,050 [INFO] Saved URL: https://www.kentwood.com/bio/david
2025-10-01 15:05:57,051 [INFO] Saved URL: https://www.kentwood.com/bio/JoeSerieno
2025-10-01 15:05:57,053 [INFO] Saved URL: https://www.kentwood.com/bio/jinnohn
2025-10-01 15:05:57,054 [INFO] Saved URL: https://www.kentwood.com/bio/andreac
2025-10-01 15:05:57,056 [INFO] Saved URL: https://www.kentwood.com/bio/MATT
2025-10-01 15:05:57,057 [INFO] Saved URL: https://www.kentwood.com/bio/andy2
2025-10-01 15:05:57,059 [INFO] Saved URL: https://www.kentwood.com/bio/JohnHampshire
2025-10-01 15:05:57,060 [INFO] Saved URL: https://www.kentwood.com/bio/uhl
2025-10-01 15:05:57,062 [INFO] Saved URL: https://www.kentwood.com/bio/dawn
2025-10-01 15:05:57,063 [INFO] Saved URL: https://www.kentwood.com/bio/DenaP
2025-10-01 15:05:57,065 [INFO] Saved URL: https://www.kentwood.com/bio/EricFitch
2025-10-01 15:05:57,066 [INFO] Saved URL: https://www.kentwood.com/bio/jrhye
2025-10-01 15:05:57,068 [INFO] Saved URL: https://www.kentwood.com/bio/ginaandkara2
2025-10-01 15:05:57,069 [INFO] Saved URL: https://www.kentwood.com/bio/jhayden
2025-10-01 15:05:57,071 [INFO] Saved URL: https://www.kentwood.com/bio/MichaelMartin
2025-10-01 15:05:57,073 [INFO] Saved URL: https://www.kentwood.com/bio/jasonweisgerber
2025-10-01 15:05:57,075 [INFO] Saved URL: https://www.kentwood.com/bio/ConnorDonahue
2025-10-01 15:05:57,077 [INFO] Saved URL: https://www.kentwood.com/bio/deec
2025-10-01 15:05:57,078 [INFO] Saved URL: https://www.kentwood.com/bio/afshins
2025-10-01 15:05:57,081 [INFO] Saved URL: https://www.kentwood.com/bio/KendallBaker
2025-10-01 15:05:57,083 [INFO] Saved URL: https://www.kentwood.com/bio/KCOMBS
2025-10-01 15:05:57,085 [INFO] Saved URL: https://www.kentwood.com/bio/lindahantman
2025-10-01 15:05:57,087 [INFO] Saved URL: https://www.kentwood.com/bio/chris
2025-10-01 15:05:57,089 [INFO] Saved URL: https://www.kentwood.com/bio/OisinDown
2025-10-01 15:05:57,091 [INFO] Saved URL: https://www.kentwood.com/bio/ahulsey
2025-10-01 15:05:57,094 [INFO] Saved URL: https://www.kentwood.com/bio/alarson
2025-10-01 15:05:57,095 [INFO] Saved URL: https://www.kentwood.com/bio/Jim
2025-10-01 15:05:57,097 [INFO] Saved URL: https://www.kentwood.com/bio/nnielsen
2025-10-01 15:05:57,100 [INFO] Saved URL: https://www.kentwood.com/bio/juliesallie
2025-10-01 15:05:57,103 [INFO] Saved URL: https://www.kentwood.com/bio/KyleMalnati
2025-10-01 15:05:57,105 [INFO] Saved URL: https://www.kentwood.com/bio/ksophinos
2025-10-01 15:05:57,106 [INFO] Saved URL: https://www.kentwood.com/bio/Bobserotta
2025-10-01 15:05:57,108 [INFO] Saved URL: https://www.kentwood.com/bio/Jbuckley
2025-10-01 15:05:57,110 [INFO] Saved URL: https://www.kentwood.com/bio/ColetteHerwitt
2025-10-01 15:05:57,112 [INFO] Saved URL: https://www.kentwood.com/bio/Brandon
2025-10-01 15:05:57,114 [INFO] Saved URL: https://www.kentwood.com/bio/mitch
2025-10-01 15:05:57,115 [INFO] Saved URL: https://www.kentwood.com/bio/nwalters
2025-10-01 15:05:57,117 [INFO] Saved URL: https://www.kentwood.com/bio/agonzales
2025-10-01 15:05:57,118 [INFO] Saved URL: https://www.kentwood.com/bio/lfuller
2025-10-01 15:05:57,120 [INFO] Saved URL: https://www.kentwood.com/bio/andrea
2025-10-01 15:05:57,121 [INFO] Saved URL: https://www.kentwood.com/bio/awolfe
2025-10-01 15:05:57,123 [INFO] Saved URL: https://www.kentwood.com/bio/asmookler
2025-10-01 15:05:57,124 [INFO] Saved URL: https://www.kentwood.com/bio/chowey2
2025-10-01 15:05:57,125 [INFO] Saved URL: https://www.kentwood.com/bio/MichaelLarson
2025-10-01 15:05:57,127 [INFO] Saved URL: https://www.kentwood.com/bio/BrianDevlin
2025-10-01 15:05:57,129 [INFO] Saved URL: https://www.kentwood.com/bio/jonp
2025-10-01 15:05:57,131 [INFO] Saved URL: https://www.kentwood.com/bio/aimee
2025-10-01 15:05:57,132 [INFO] Saved URL: https://www.kentwood.com/bio/jvanderhule
2025-10-01 15:05:57,134 [INFO] Saved URL: https://www.kentwood.com/bio/MegDworak
2025-10-01 15:05:57,136 [INFO] Saved URL: https://www.kentwood.com/bio/BFIEST
2025-10-01 15:05:57,137 [INFO] Saved URL: https://www.kentwood.com/bio/akerr
2025-10-01 15:05:57,139 [INFO] Saved URL: https://www.kentwood.com/bio/HarrisTeam
2025-10-01 15:05:57,140 [INFO] Saved URL: https://www.kentwood.com/bio/pamcass
2025-10-01 15:05:57,142 [INFO] Saved URL: https://www.kentwood.com/bio/martha
2025-10-01 15:05:57,143 [INFO] Saved URL: https://www.kentwood.com/bio/lmonaco
2025-10-01 15:05:57,145 [INFO] Saved URL: https://www.kentwood.com/bio/jmarkus2
2025-10-01 15:05:57,146 [INFO] Saved URL: https://www.kentwood.com/bio/mary
2025-10-01 15:05:57,148 [INFO] Saved URL: https://www.kentwood.com/bio/HannahStrunc
2025-10-01 15:05:57,149 [INFO] Saved URL: https://www.kentwood.com/bio/MacM
2025-10-01 15:05:57,150 [INFO] Saved URL: https://www.kentwood.com/bio/ann
2025-10-01 15:05:57,151 [INFO] Saved URL: https://www.kentwood.com/bio/Annzo
2025-10-01 15:05:57,153 [INFO] Saved URL: https://www.kentwood.com/bio/brettsawyer
2025-10-01 15:05:57,154 [INFO] Saved URL: https://www.kentwood.com/bio/jaden
2025-10-01 15:05:57,155 [INFO] Saved URL: https://www.kentwood.com/bio/karlclo
2025-10-01 15:05:57,157 [INFO] Saved URL: https://www.kentwood.com/bio/autumns
2025-10-01 15:05:57,158 [INFO] Saved URL: https://www.kentwood.com/bio/greg
2025-10-01 15:05:57,160 [INFO] Saved URL: https://www.kentwood.com/bio/KimNorton
2025-10-01 15:05:57,162 [INFO] Saved URL: https://www.kentwood.com/bio/LSTAERKEL
2025-10-01 15:05:57,163 [INFO] Saved URL: https://www.kentwood.com/bio/JonathanCasillas
2025-10-01 15:05:57,165 [INFO] Saved URL: https://www.kentwood.com/bio/bgustafson
2025-10-01 15:05:57,166 [INFO] Saved URL: https://www.kentwood.com/bio/gthurman
2025-10-01 15:05:57,167 [INFO] Saved URL: https://www.kentwood.com/bio/Elizabeth
2025-10-01 15:05:57,169 [INFO] Saved URL: https://www.kentwood.com/bio/brosen
2025-10-01 15:05:57,170 [INFO] Saved URL: https://www.kentwood.com/bio/Jay
2025-10-01 15:05:57,172 [INFO] Saved URL: https://www.kentwood.com/bio/GELSNER
2025-10-01 15:05:57,173 [INFO] Saved URL: https://www.kentwood.com/bio/amystevens
2025-10-01 15:05:57,175 [INFO] Saved URL: https://www.kentwood.com/bio/Angela
2025-10-01 15:05:57,176 [INFO] Saved URL: https://www.kentwood.com/bio/lhotz
2025-10-01 15:05:57,178 [INFO] Saved URL: https://www.kentwood.com/bio/KellyandChristie
2025-10-01 15:05:57,179 [INFO] Saved URL: https://www.kentwood.com/bio/EHotz
2025-10-01 15:05:57,181 [INFO] Saved URL: https://www.kentwood.com/bio/Carolyn
2025-10-01 15:05:57,183 [INFO] Saved URL: https://www.kentwood.com/bio/andreajones
2025-10-01 15:05:57,184 [INFO] Saved URL: https://www.kentwood.com/bio/jfitz
2025-10-01 15:05:57,185 [INFO] Saved URL: https://www.kentwood.com/bio/jessb
2025-10-01 15:05:57,186 [INFO] Saved URL: https://www.kentwood.com/bio/krislaine
2025-10-01 15:05:57,188 [INFO] Saved URL: https://www.kentwood.com/bio/Lori
2025-10-01 15:05:57,190 [INFO] Saved URL: https://www.kentwood.com/bio/JimTyler
2025-10-01 15:05:57,191 [INFO] Saved URL: https://www.kentwood.com/bio/anastasia
2025-10-01 15:05:57,193 [INFO] Saved URL: https://www.kentwood.com/bio/charlotte
2025-10-01 15:05:57,195 [INFO] Saved URL: https://www.kentwood.com/bio/jen
2025-10-01 15:05:57,196 [INFO] Saved URL: https://www.kentwood.com/bio/JacciandSana-JSCollective
2025-10-01 15:05:57,197 [INFO] Saved URL: https://www.kentwood.com/bio/jalton
2025-10-01 15:05:57,198 [INFO] Saved URL: https://www.kentwood.com/bio/FieldingTwarogowski
2025-10-01 15:05:57,200 [INFO] Saved URL: https://www.kentwood.com/bio/lisag
2025-10-01 15:05:57,201 [INFO] Saved URL: https://www.kentwood.com/bio/KarenLanders
2025-10-01 15:05:57,202 [INFO] Saved URL: https://www.kentwood.com/bio/CarlyAnderson
2025-10-01 15:05:57,204 [INFO] Saved URL: https://www.kentwood.com/bio/dan
2025-10-01 15:05:57,205 [INFO] Saved URL: https://www.kentwood.com/bio/bridgetm
2025-10-01 15:05:57,206 [INFO] Saved URL: https://www.kentwood.com/bio/elise
2025-10-01 15:05:57,208 [INFO] Saved URL: https://www.kentwood.com/bio/amandalinville
2025-10-01 15:05:57,209 [INFO] Saved URL: https://www.kentwood.com/bio/KathyTye
2025-10-01 15:05:57,211 [INFO] Saved URL: https://www.kentwood.com/bio/jonlopez
2025-10-01 15:05:57,212 [INFO] Saved URL: https://www.kentwood.com/bio/KatieKnowlton
2025-10-01 15:05:57,213 [INFO] Saved URL: https://www.kentwood.com/bio/juliewinger
2025-10-01 15:05:57,215 [INFO] Saved URL: https://www.kentwood.com/bio/justinewing
2025-10-01 15:05:57,216 [INFO] Saved URL: https://www.kentwood.com/bio/danielle
2025-10-01 15:05:57,217 [INFO] Saved URL: https://www.kentwood.com/bio/JaneSpencer
2025-10-01 15:05:57,219 [INFO] Saved URL: https://www.kentwood.com/bio/BILL
2025-10-01 15:05:57,221 [INFO] Saved URL: https://www.kentwood.com/bio/foodie
2025-10-01 15:05:57,223 [INFO] Saved URL: https://www.kentwood.com/bio/BelindaCox
2025-10-01 15:05:57,224 [INFO] Saved URL: https://www.kentwood.com/bio/bkelly
2025-10-01 15:05:57,226 [INFO] Saved URL: https://www.kentwood.com/bio/BobbyB
2025-10-01 15:05:57,227 [INFO] Saved URL: https://www.kentwood.com/bio/NicoleMalone
2025-10-01 15:05:57,230 [INFO] Saved URL: https://www.kentwood.com/bio/GhassanK
2025-10-01 15:05:57,231 [INFO] Saved URL: https://www.kentwood.com/bio/JulieGullett
2025-10-01 15:05:57,232 [INFO] Saved URL: https://www.kentwood.com/bio/janelleh
2025-10-01 15:05:57,234 [INFO] Saved URL: https://www.kentwood.com/bio/JessicaPaulucci
2025-10-01 15:05:57,235 [INFO] Saved URL: https://www.kentwood.com/bio/TheCryerTeam
2025-10-01 15:05:57,237 [INFO] Saved URL: https://www.kentwood.com/bio/Keri
2025-10-01 15:05:57,239 [INFO] Saved URL: https://www.kentwood.com/bio/MattP
2025-10-01 15:05:57,241 [INFO] Saved URL: https://www.kentwood.com/bio/jhummel
2025-10-01 15:05:57,242 [INFO] Saved URL: https://www.kentwood.com/bio/karen
2025-10-01 15:05:57,243 [INFO] Saved URL: https://www.kentwood.com/bio/gglucksman
2025-10-01 15:05:57,245 [INFO] Saved URL: https://www.kentwood.com/bio/BrentGilles
2025-10-01 15:05:57,246 [INFO] Saved URL: https://www.kentwood.com/bio/ChrisElsom
2025-10-01 15:05:57,247 [INFO] Saved URL: https://www.kentwood.com/bio/libby
2025-10-01 15:05:57,248 [INFO] Saved URL: https://www.kentwood.com/bio/MegFleischli
2025-10-01 15:06:03,344 [INFO] Found 52 new agents
2025-10-01 15:06:03,346 [INFO] Saved URL: https://www.kentwood.com/bio/stacy
2025-10-01 15:06:03,348 [INFO] Saved URL: https://www.kentwood.com/bio/SarahHayArthur
2025-10-01 15:06:03,350 [INFO] Saved URL: https://www.kentwood.com/bio/skruse
2025-10-01 15:06:03,352 [INFO] Saved URL: https://www.kentwood.com/bio/sharoneisner
2025-10-01 15:06:03,353 [INFO] Saved URL: https://www.kentwood.com/bio/dutzer
2025-10-01 15:06:03,355 [INFO] Saved URL: https://www.kentwood.com/bio/stock
2025-10-01 15:06:03,357 [INFO] Saved URL: https://www.kentwood.com/bio/todd
2025-10-01 15:06:03,360 [INFO] Saved URL: https://www.kentwood.com/bio/sarahtyler
2025-10-01 15:06:03,362 [INFO] Saved URL: https://www.kentwood.com/bio/roylopez
2025-10-01 15:06:03,364 [INFO] Saved URL: https://www.kentwood.com/bio/sweigand
2025-10-01 15:06:03,366 [INFO] Saved URL: https://www.kentwood.com/bio/phyllis
2025-10-01 15:06:03,368 [INFO] Saved URL: https://www.kentwood.com/bio/skelly
2025-10-01 15:06:03,370 [INFO] Saved URL: https://www.kentwood.com/bio/Soley
2025-10-01 15:06:03,372 [INFO] Saved URL: https://www.kentwood.com/bio/sdiliberti
2025-10-01 15:06:03,375 [INFO] Saved URL: https://www.kentwood.com/bio/tglucksman
2025-10-01 15:06:03,376 [INFO] Saved URL: https://www.kentwood.com/bio/steve
2025-10-01 15:06:03,378 [INFO] Saved URL: https://www.kentwood.com/bio/Parker
2025-10-01 15:06:03,380 [INFO] Saved URL: https://www.kentwood.com/bio/sglaze
2025-10-01 15:06:03,382 [INFO] Saved URL: https://www.kentwood.com/bio/Brigette
2025-10-01 15:06:03,383 [INFO] Saved URL: https://www.kentwood.com/bio/pwall
2025-10-01 15:06:03,384 [INFO] Saved URL: https://www.kentwood.com/bio/RandyTrahan
2025-10-01 15:06:03,386 [INFO] Saved URL: https://www.kentwood.com/bio/RandySwearingen
2025-10-01 15:06:03,387 [INFO] Saved URL: https://www.kentwood.com/bio/ThomasDutzer
2025-10-01 15:06:03,388 [INFO] Saved URL: https://www.kentwood.com/bio/Tom
2025-10-01 15:06:03,390 [INFO] Saved URL: https://www.kentwood.com/bio/rlandry
2025-10-01 15:06:03,392 [INFO] Saved URL: https://www.kentwood.com/bio/Staci
2025-10-01 15:06:03,394 [INFO] Saved URL: https://www.kentwood.com/bio/wendylee
2025-10-01 15:06:03,395 [INFO] Saved URL: https://www.kentwood.com/bio/stephanie
2025-10-01 15:06:03,397 [INFO] Saved URL: https://www.kentwood.com/bio/rebeccaf
2025-10-01 15:06:03,399 [INFO] Saved URL: https://www.kentwood.com/bio/StefErion
2025-10-01 15:06:03,400 [INFO] Saved URL: https://www.kentwood.com/bio/pattygreg
2025-10-01 15:06:03,402 [INFO] Saved URL: https://www.kentwood.com/bio/SolveigLawrence
2025-10-01 15:06:03,403 [INFO] Saved URL: https://www.kentwood.com/bio/larkin
2025-10-01 15:06:03,404 [INFO] Saved URL: https://www.kentwood.com/bio/wendy
2025-10-01 15:06:03,406 [INFO] Saved URL: https://www.kentwood.com/bio/Scott
2025-10-01 15:06:03,407 [INFO] Saved URL: https://www.kentwood.com/bio/PaulaKing
2025-10-01 15:06:03,409 [INFO] Saved URL: https://www.kentwood.com/bio/JulieandSallie
2025-10-01 15:06:03,410 [INFO] Saved URL: https://www.kentwood.com/bio/virginia
2025-10-01 15:06:03,412 [INFO] Saved URL: https://www.kentwood.com/bio/ReillyRaymond
2025-10-01 15:06:03,415 [INFO] Saved URL: https://www.kentwood.com/bio/sheila
2025-10-01 15:06:03,416 [INFO] Saved URL: https://www.kentwood.com/bio/ValMiller
2025-10-01 15:06:03,418 [INFO] Saved URL: https://www.kentwood.com/bio/SusanMock
2025-10-01 15:06:03,420 [INFO] Saved URL: https://www.kentwood.com/bio/TammieSandeman
2025-10-01 15:06:03,422 [INFO] Saved URL: https://www.kentwood.com/bio/goldhammer2
2025-10-01 15:06:03,424 [INFO] Saved URL: https://www.kentwood.com/bio/tcolleran
2025-10-01 15:06:03,426 [INFO] Saved URL: https://www.kentwood.com/bio/StephanieS
2025-10-01 15:06:03,427 [INFO] Saved URL: https://www.kentwood.com/bio/renitah
2025-10-01 15:06:03,429 [INFO] Saved URL: https://www.kentwood.com/bio/ToddSnyder
2025-10-01 15:06:03,431 [INFO] Saved URL: https://www.kentwood.com/bio/PeterBalcomb
2025-10-01 15:06:03,433 [INFO] Saved URL: https://www.kentwood.com/bio/ZackJenkins
2025-10-01 15:06:03,436 [INFO] Saved URL: https://www.kentwood.com/bio/TavriGipson
2025-10-01 15:06:03,438 [INFO] Saved URL: https://www.kentwood.com/bio/scottstang
2025-10-01 15:06:08,471 [INFO] No new agents, idle_rounds=1/5
2025-10-01 15:06:13,521 [INFO] No new agents, idle_rounds=3/5
2025-10-01 15:06:18,582 [INFO] No new agents, idle_rounds=5/5
2025-10-01 15:06:18,582 [INFO] Finished. Total agents collected: 201
