2025-10-02 12:37:16,446 [INFO] patching driver executable /home/vishnuvj/.local/share/undetected_chromedriver/undetected_chromedriver
2025-10-02 12:37:17,680 [INFO] Found 201 agent URLs in DB
2025-10-02 12:37:17,680 [INFO] [1/201] Parsing agent: https://www.kentwood.com/bio/CarynGillman
2025-10-02 12:37:45,190 [INFO] Saved agent data for https://www.kentwood.com/bio/CarynGillman
2025-10-02 12:37:45,190 [INFO] [2/201] Parsing agent: https://www.kentwood.com/bio/BreBell
2025-10-02 12:38:10,734 [INFO] Saved agent data for https://www.kentwood.com/bio/BreBell
2025-10-02 12:38:10,734 [INFO] [3/201] Parsing agent: https://www.kentwood.com/bio/alexneir
2025-10-02 12:38:29,847 [INFO] Saved agent data for https://www.kentwood.com/bio/alexneir
2025-10-02 12:38:29,847 [INFO] [4/201] Parsing agent: https://www.kentwood.com/bio/dierk
2025-10-02 12:38:59,599 [INFO] Saved agent data for https://www.kentwood.com/bio/dierk
2025-10-02 12:38:59,599 [INFO] [5/201] Parsing agent: https://www.kentwood.com/bio/JanetCaminite
2025-10-02 12:39:19,749 [INFO] Saved agent data for https://www.kentwood.com/bio/JanetCaminite
2025-10-02 12:39:19,749 [INFO] [6/201] Parsing agent: https://www.kentwood.com/bio/DianaGodina
2025-10-02 12:39:40,068 [INFO] Saved agent data for https://www.kentwood.com/bio/DianaGodina
2025-10-02 12:39:40,068 [INFO] [7/201] Parsing agent: https://www.kentwood.com/bio/bob
2025-10-02 12:39:59,105 [INFO] Saved agent data for https://www.kentwood.com/bio/bob
2025-10-02 12:39:59,105 [INFO] [8/201] Parsing agent: https://www.kentwood.com/bio/kevin
2025-10-02 12:40:21,425 [INFO] Saved agent data for https://www.kentwood.com/bio/kevin
2025-10-02 12:40:21,425 [INFO] [9/201] Parsing agent: https://www.kentwood.com/bio/dotson
2025-10-02 12:40:40,491 [INFO] Saved agent data for https://www.kentwood.com/bio/dotson
2025-10-02 12:40:40,491 [INFO] [10/201] Parsing agent: https://www.kentwood.com/bio/MikeC
2025-10-02 12:41:01,414 [INFO] Saved agent data for https://www.kentwood.com/bio/MikeC
2025-10-02 12:41:01,414 [INFO] [11/201] Parsing agent: https://www.kentwood.com/bio/NoriSiemers
2025-10-02 12:41:26,906 [INFO] Saved agent data for https://www.kentwood.com/bio/NoriSiemers
2025-10-02 12:41:26,906 [INFO] [12/201] Parsing agent: https://www.kentwood.com/bio/Diane
2025-10-02 12:41:47,587 [INFO] Saved agent data for https://www.kentwood.com/bio/Diane
2025-10-02 12:41:47,587 [INFO] [13/201] Parsing agent: https://www.kentwood.com/bio/amcwilliams
2025-10-02 12:42:07,607 [INFO] Saved agent data for https://www.kentwood.com/bio/amcwilliams
2025-10-02 12:42:07,607 [INFO] [14/201] Parsing agent: https://www.kentwood.com/bio/katherinel
2025-10-02 12:42:32,014 [INFO] Saved agent data for https://www.kentwood.com/bio/katherinel
2025-10-02 12:42:32,014 [INFO] [15/201] Parsing agent: https://www.kentwood.com/bio/KristinTibbs
2025-10-02 12:42:53,628 [INFO] Saved agent data for https://www.kentwood.com/bio/KristinTibbs
2025-10-02 12:42:53,628 [INFO] [16/201] Parsing agent: https://www.kentwood.com/bio/acraig
2025-10-02 12:43:13,990 [INFO] Saved agent data for https://www.kentwood.com/bio/acraig
2025-10-02 12:43:13,990 [INFO] [17/201] Parsing agent: https://www.kentwood.com/bio/cgargotto
2025-10-02 12:43:33,053 [INFO] Saved agent data for https://www.kentwood.com/bio/cgargotto
2025-10-02 12:43:33,053 [INFO] [18/201] Parsing agent: https://www.kentwood.com/bio/mhotz
2025-10-02 12:43:54,930 [INFO] Saved agent data for https://www.kentwood.com/bio/mhotz
2025-10-02 12:43:54,930 [INFO] [19/201] Parsing agent: https://www.kentwood.com/bio/MattKing
2025-10-02 12:44:14,854 [INFO] Saved agent data for https://www.kentwood.com/bio/MattKing
2025-10-02 12:44:14,854 [INFO] [20/201] Parsing agent: https://www.kentwood.com/bio/emarks
2025-10-02 12:44:33,996 [INFO] Saved agent data for https://www.kentwood.com/bio/emarks
2025-10-02 12:44:33,996 [INFO] [21/201] Parsing agent: https://www.kentwood.com/bio/katbrill
2025-10-02 12:44:54,014 [INFO] Saved agent data for https://www.kentwood.com/bio/katbrill
2025-10-02 12:44:54,015 [INFO] [22/201] Parsing agent: https://www.kentwood.com/bio/TRAYNOR
2025-10-02 12:45:16,548 [INFO] Saved agent data for https://www.kentwood.com/bio/TRAYNOR
2025-10-02 12:45:16,548 [INFO] [23/201] Parsing agent: https://www.kentwood.com/bio/david
2025-10-02 12:45:41,779 [INFO] Saved agent data for https://www.kentwood.com/bio/david
2025-10-02 12:45:41,779 [INFO] [24/201] Parsing agent: https://www.kentwood.com/bio/JoeSerieno
2025-10-02 12:46:06,125 [INFO] Saved agent data for https://www.kentwood.com/bio/JoeSerieno
2025-10-02 12:46:06,125 [INFO] [25/201] Parsing agent: https://www.kentwood.com/bio/jinnohn
2025-10-02 12:46:25,298 [INFO] Saved agent data for https://www.kentwood.com/bio/jinnohn
2025-10-02 12:46:25,298 [INFO] [26/201] Parsing agent: https://www.kentwood.com/bio/andreac
2025-10-02 12:46:44,314 [INFO] Saved agent data for https://www.kentwood.com/bio/andreac
2025-10-02 12:46:44,314 [INFO] [27/201] Parsing agent: https://www.kentwood.com/bio/MATT
2025-10-02 12:47:03,194 [INFO] Saved agent data for https://www.kentwood.com/bio/MATT
2025-10-02 12:47:03,194 [INFO] [28/201] Parsing agent: https://www.kentwood.com/bio/andy2
2025-10-02 12:47:24,429 [INFO] Saved agent data for https://www.kentwood.com/bio/andy2
2025-10-02 12:47:24,429 [INFO] [29/201] Parsing agent: https://www.kentwood.com/bio/JohnHampshire
2025-10-02 12:47:43,558 [INFO] Saved agent data for https://www.kentwood.com/bio/JohnHampshire
2025-10-02 12:47:43,558 [INFO] [30/201] Parsing agent: https://www.kentwood.com/bio/uhl
2025-10-02 12:48:05,047 [INFO] Saved agent data for https://www.kentwood.com/bio/uhl
2025-10-02 12:48:05,047 [INFO] [31/201] Parsing agent: https://www.kentwood.com/bio/dawn
2025-10-02 12:48:26,797 [INFO] Saved agent data for https://www.kentwood.com/bio/dawn
2025-10-02 12:48:26,797 [INFO] [32/201] Parsing agent: https://www.kentwood.com/bio/DenaP
2025-10-02 12:48:45,798 [INFO] Saved agent data for https://www.kentwood.com/bio/DenaP
2025-10-02 12:48:45,799 [INFO] [33/201] Parsing agent: https://www.kentwood.com/bio/EricFitch
2025-10-02 12:49:04,873 [INFO] Saved agent data for https://www.kentwood.com/bio/EricFitch
2025-10-02 12:49:04,873 [INFO] [34/201] Parsing agent: https://www.kentwood.com/bio/jrhye
2025-10-02 12:49:23,958 [INFO] Saved agent data for https://www.kentwood.com/bio/jrhye
2025-10-02 12:49:23,958 [INFO] [35/201] Parsing agent: https://www.kentwood.com/bio/ginaandkara2
2025-10-02 12:49:42,978 [INFO] Saved agent data for https://www.kentwood.com/bio/ginaandkara2
2025-10-02 12:49:42,978 [INFO] [36/201] Parsing agent: https://www.kentwood.com/bio/jhayden
2025-10-02 12:50:02,234 [INFO] Saved agent data for https://www.kentwood.com/bio/jhayden
2025-10-02 12:50:02,234 [INFO] [37/201] Parsing agent: https://www.kentwood.com/bio/MichaelMartin
2025-10-02 12:50:21,181 [INFO] Saved agent data for https://www.kentwood.com/bio/MichaelMartin
2025-10-02 12:50:21,181 [INFO] [38/201] Parsing agent: https://www.kentwood.com/bio/jasonweisgerber
2025-10-02 12:50:40,122 [INFO] Saved agent data for https://www.kentwood.com/bio/jasonweisgerber
2025-10-02 12:50:40,122 [INFO] [39/201] Parsing agent: https://www.kentwood.com/bio/ConnorDonahue
2025-10-02 12:51:04,595 [INFO] Saved agent data for https://www.kentwood.com/bio/ConnorDonahue
2025-10-02 12:51:04,595 [INFO] [40/201] Parsing agent: https://www.kentwood.com/bio/deec
2025-10-02 12:51:26,176 [INFO] Saved agent data for https://www.kentwood.com/bio/deec
2025-10-02 12:51:26,176 [INFO] [41/201] Parsing agent: https://www.kentwood.com/bio/afshins
2025-10-02 12:51:45,768 [INFO] Saved agent data for https://www.kentwood.com/bio/afshins
2025-10-02 12:51:45,768 [INFO] [42/201] Parsing agent: https://www.kentwood.com/bio/KendallBaker
2025-10-02 12:52:04,843 [INFO] Saved agent data for https://www.kentwood.com/bio/KendallBaker
2025-10-02 12:52:04,843 [INFO] [43/201] Parsing agent: https://www.kentwood.com/bio/KCOMBS
2025-10-02 12:52:34,260 [INFO] Saved agent data for https://www.kentwood.com/bio/KCOMBS
2025-10-02 12:52:34,260 [INFO] [44/201] Parsing agent: https://www.kentwood.com/bio/lindahantman
2025-10-02 12:52:54,325 [INFO] Saved agent data for https://www.kentwood.com/bio/lindahantman
2025-10-02 12:52:54,325 [INFO] [45/201] Parsing agent: https://www.kentwood.com/bio/chris
2025-10-02 12:53:13,313 [INFO] Saved agent data for https://www.kentwood.com/bio/chris
2025-10-02 12:53:13,313 [INFO] [46/201] Parsing agent: https://www.kentwood.com/bio/OisinDown
2025-10-02 12:53:40,710 [INFO] Saved agent data for https://www.kentwood.com/bio/OisinDown
2025-10-02 12:53:40,710 [INFO] [47/201] Parsing agent: https://www.kentwood.com/bio/ahulsey
2025-10-02 12:53:59,776 [INFO] Saved agent data for https://www.kentwood.com/bio/ahulsey
2025-10-02 12:53:59,776 [INFO] [48/201] Parsing agent: https://www.kentwood.com/bio/alarson
2025-10-02 12:54:18,827 [INFO] Saved agent data for https://www.kentwood.com/bio/alarson
2025-10-02 12:54:18,827 [INFO] [49/201] Parsing agent: https://www.kentwood.com/bio/Jim
2025-10-02 12:54:37,865 [INFO] Saved agent data for https://www.kentwood.com/bio/Jim
2025-10-02 12:54:37,865 [INFO] [50/201] Parsing agent: https://www.kentwood.com/bio/nnielsen
2025-10-02 12:54:57,131 [INFO] Saved agent data for https://www.kentwood.com/bio/nnielsen
2025-10-02 12:54:57,131 [INFO] [51/201] Parsing agent: https://www.kentwood.com/bio/juliesallie
2025-10-02 12:55:16,148 [INFO] Saved agent data for https://www.kentwood.com/bio/juliesallie
2025-10-02 12:55:16,148 [INFO] [52/201] Parsing agent: https://www.kentwood.com/bio/KyleMalnati
2025-10-02 12:55:37,350 [INFO] Saved agent data for https://www.kentwood.com/bio/KyleMalnati
2025-10-02 12:55:37,350 [INFO] [53/201] Parsing agent: https://www.kentwood.com/bio/ksophinos
2025-10-02 12:55:58,913 [INFO] Saved agent data for https://www.kentwood.com/bio/ksophinos
2025-10-02 12:55:58,914 [INFO] [54/201] Parsing agent: https://www.kentwood.com/bio/Bobserotta
2025-10-02 12:56:18,225 [INFO] Saved agent data for https://www.kentwood.com/bio/Bobserotta
2025-10-02 12:56:18,225 [INFO] [55/201] Parsing agent: https://www.kentwood.com/bio/Jbuckley
2025-10-02 12:56:40,731 [INFO] Saved agent data for https://www.kentwood.com/bio/Jbuckley
2025-10-02 12:56:40,731 [INFO] [56/201] Parsing agent: https://www.kentwood.com/bio/ColetteHerwitt
2025-10-02 12:57:08,994 [INFO] Saved agent data for https://www.kentwood.com/bio/ColetteHerwitt
2025-10-02 12:57:08,994 [INFO] [57/201] Parsing agent: https://www.kentwood.com/bio/Brandon
2025-10-02 12:57:28,220 [INFO] Saved agent data for https://www.kentwood.com/bio/Brandon
2025-10-02 12:57:28,220 [INFO] [58/201] Parsing agent: https://www.kentwood.com/bio/mitch
2025-10-02 12:57:48,261 [INFO] Saved agent data for https://www.kentwood.com/bio/mitch
2025-10-02 12:57:48,261 [INFO] [59/201] Parsing agent: https://www.kentwood.com/bio/nwalters
2025-10-02 12:58:12,058 [INFO] Saved agent data for https://www.kentwood.com/bio/nwalters
2025-10-02 12:58:12,058 [INFO] [60/201] Parsing agent: https://www.kentwood.com/bio/agonzales
2025-10-02 12:58:36,251 [INFO] Saved agent data for https://www.kentwood.com/bio/agonzales
2025-10-02 12:58:36,252 [INFO] [61/201] Parsing agent: https://www.kentwood.com/bio/lfuller
2025-10-02 12:59:10,216 [INFO] Saved agent data for https://www.kentwood.com/bio/lfuller
2025-10-02 12:59:10,216 [INFO] [62/201] Parsing agent: https://www.kentwood.com/bio/andrea
2025-10-02 12:59:31,204 [INFO] Saved agent data for https://www.kentwood.com/bio/andrea
2025-10-02 12:59:31,204 [INFO] [63/201] Parsing agent: https://www.kentwood.com/bio/awolfe
2025-10-02 12:59:51,785 [INFO] Saved agent data for https://www.kentwood.com/bio/awolfe
2025-10-02 12:59:51,786 [INFO] [64/201] Parsing agent: https://www.kentwood.com/bio/asmookler
2025-10-02 13:00:11,320 [INFO] Saved agent data for https://www.kentwood.com/bio/asmookler
2025-10-02 13:00:11,320 [INFO] [65/201] Parsing agent: https://www.kentwood.com/bio/chowey2
2025-10-02 13:00:33,705 [INFO] Saved agent data for https://www.kentwood.com/bio/chowey2
2025-10-02 13:00:33,705 [INFO] [66/201] Parsing agent: https://www.kentwood.com/bio/MichaelLarson
2025-10-02 13:00:56,962 [INFO] Saved agent data for https://www.kentwood.com/bio/MichaelLarson
2025-10-02 13:00:56,962 [INFO] [67/201] Parsing agent: https://www.kentwood.com/bio/BrianDevlin
2025-10-02 13:01:20,041 [INFO] Saved agent data for https://www.kentwood.com/bio/BrianDevlin
2025-10-02 13:01:20,041 [INFO] [68/201] Parsing agent: https://www.kentwood.com/bio/jonp
2025-10-02 13:01:40,299 [INFO] Saved agent data for https://www.kentwood.com/bio/jonp
2025-10-02 13:01:40,299 [INFO] [69/201] Parsing agent: https://www.kentwood.com/bio/aimee
2025-10-02 13:02:00,718 [INFO] Saved agent data for https://www.kentwood.com/bio/aimee
2025-10-02 13:02:00,718 [INFO] [70/201] Parsing agent: https://www.kentwood.com/bio/jvanderhule
2025-10-02 13:02:28,262 [INFO] Saved agent data for https://www.kentwood.com/bio/jvanderhule
2025-10-02 13:02:28,262 [INFO] [71/201] Parsing agent: https://www.kentwood.com/bio/MegDworak
2025-10-02 13:02:47,608 [INFO] Saved agent data for https://www.kentwood.com/bio/MegDworak
2025-10-02 13:02:47,608 [INFO] [72/201] Parsing agent: https://www.kentwood.com/bio/BFIEST
2025-10-02 13:03:07,338 [INFO] Saved agent data for https://www.kentwood.com/bio/BFIEST
2025-10-02 13:03:07,338 [INFO] [73/201] Parsing agent: https://www.kentwood.com/bio/akerr
2025-10-02 13:03:26,666 [INFO] Saved agent data for https://www.kentwood.com/bio/akerr
2025-10-02 13:03:26,667 [INFO] [74/201] Parsing agent: https://www.kentwood.com/bio/HarrisTeam
2025-10-02 13:03:48,887 [INFO] Saved agent data for https://www.kentwood.com/bio/HarrisTeam
2025-10-02 13:03:48,887 [INFO] [75/201] Parsing agent: https://www.kentwood.com/bio/pamcass
2025-10-02 13:04:09,063 [INFO] Saved agent data for https://www.kentwood.com/bio/pamcass
2025-10-02 13:04:09,063 [INFO] [76/201] Parsing agent: https://www.kentwood.com/bio/martha
2025-10-02 13:04:30,999 [INFO] Saved agent data for https://www.kentwood.com/bio/martha
2025-10-02 13:04:30,999 [INFO] [77/201] Parsing agent: https://www.kentwood.com/bio/lmonaco
2025-10-02 13:04:53,614 [INFO] Saved agent data for https://www.kentwood.com/bio/lmonaco
2025-10-02 13:04:53,614 [INFO] [78/201] Parsing agent: https://www.kentwood.com/bio/jmarkus2
2025-10-02 13:05:12,659 [INFO] Saved agent data for https://www.kentwood.com/bio/jmarkus2
2025-10-02 13:05:12,660 [INFO] [79/201] Parsing agent: https://www.kentwood.com/bio/mary
2025-10-02 13:05:33,650 [INFO] Saved agent data for https://www.kentwood.com/bio/mary
2025-10-02 13:05:33,650 [INFO] [80/201] Parsing agent: https://www.kentwood.com/bio/HannahStrunc
2025-10-02 13:06:00,061 [INFO] Saved agent data for https://www.kentwood.com/bio/HannahStrunc
2025-10-02 13:06:00,062 [INFO] [81/201] Parsing agent: https://www.kentwood.com/bio/MacM
2025-10-02 13:06:19,094 [INFO] Saved agent data for https://www.kentwood.com/bio/MacM
2025-10-02 13:06:19,094 [INFO] [82/201] Parsing agent: https://www.kentwood.com/bio/ann
2025-10-02 13:06:38,240 [INFO] Saved agent data for https://www.kentwood.com/bio/ann
2025-10-02 13:06:38,240 [INFO] [83/201] Parsing agent: https://www.kentwood.com/bio/Annzo
2025-10-02 13:07:00,578 [INFO] Saved agent data for https://www.kentwood.com/bio/Annzo
2025-10-02 13:07:00,578 [INFO] [84/201] Parsing agent: https://www.kentwood.com/bio/brettsawyer
2025-10-02 13:07:22,195 [INFO] Saved agent data for https://www.kentwood.com/bio/brettsawyer
2025-10-02 13:07:22,195 [INFO] [85/201] Parsing agent: https://www.kentwood.com/bio/jaden
2025-10-02 13:07:43,993 [INFO] Saved agent data for https://www.kentwood.com/bio/jaden
2025-10-02 13:07:43,993 [INFO] [86/201] Parsing agent: https://www.kentwood.com/bio/karlclo
2025-10-02 13:08:07,065 [INFO] Saved agent data for https://www.kentwood.com/bio/karlclo
2025-10-02 13:08:07,065 [INFO] [87/201] Parsing agent: https://www.kentwood.com/bio/autumns
2025-10-02 13:08:29,605 [INFO] Saved agent data for https://www.kentwood.com/bio/autumns
2025-10-02 13:08:29,605 [INFO] [88/201] Parsing agent: https://www.kentwood.com/bio/greg
2025-10-02 13:08:51,314 [INFO] Saved agent data for https://www.kentwood.com/bio/greg
2025-10-02 13:08:51,314 [INFO] [89/201] Parsing agent: https://www.kentwood.com/bio/KimNorton
2025-10-02 13:09:16,145 [INFO] Saved agent data for https://www.kentwood.com/bio/KimNorton
2025-10-02 13:09:16,145 [INFO] [90/201] Parsing agent: https://www.kentwood.com/bio/LSTAERKEL
2025-10-02 13:09:36,675 [INFO] Saved agent data for https://www.kentwood.com/bio/LSTAERKEL
2025-10-02 13:09:36,675 [INFO] [91/201] Parsing agent: https://www.kentwood.com/bio/JonathanCasillas
2025-10-02 13:10:03,831 [INFO] Saved agent data for https://www.kentwood.com/bio/JonathanCasillas
2025-10-02 13:10:03,831 [INFO] [92/201] Parsing agent: https://www.kentwood.com/bio/bgustafson
2025-10-02 13:10:22,916 [INFO] Saved agent data for https://www.kentwood.com/bio/bgustafson
2025-10-02 13:10:22,916 [INFO] [93/201] Parsing agent: https://www.kentwood.com/bio/gthurman
2025-10-02 13:10:48,719 [INFO] Saved agent data for https://www.kentwood.com/bio/gthurman
2025-10-02 13:10:48,719 [INFO] [94/201] Parsing agent: https://www.kentwood.com/bio/Elizabeth
2025-10-02 13:11:08,210 [INFO] Saved agent data for https://www.kentwood.com/bio/Elizabeth
2025-10-02 13:11:08,210 [INFO] [95/201] Parsing agent: https://www.kentwood.com/bio/brosen
2025-10-02 13:11:29,925 [INFO] Saved agent data for https://www.kentwood.com/bio/brosen
2025-10-02 13:11:29,925 [INFO] [96/201] Parsing agent: https://www.kentwood.com/bio/Jay
2025-10-02 13:11:49,061 [INFO] Saved agent data for https://www.kentwood.com/bio/Jay
2025-10-02 13:11:49,061 [INFO] [97/201] Parsing agent: https://www.kentwood.com/bio/GELSNER
2025-10-02 13:12:11,587 [INFO] Saved agent data for https://www.kentwood.com/bio/GELSNER
2025-10-02 13:12:11,587 [INFO] [98/201] Parsing agent: https://www.kentwood.com/bio/amystevens
2025-10-02 13:12:33,386 [INFO] Saved agent data for https://www.kentwood.com/bio/amystevens
2025-10-02 13:12:33,386 [INFO] [99/201] Parsing agent: https://www.kentwood.com/bio/Angela
2025-10-02 13:12:53,890 [INFO] Saved agent data for https://www.kentwood.com/bio/Angela
2025-10-02 13:12:53,890 [INFO] [100/201] Parsing agent: https://www.kentwood.com/bio/lhotz
2025-10-02 13:13:14,672 [INFO] Saved agent data for https://www.kentwood.com/bio/lhotz
2025-10-02 13:13:14,672 [INFO] [101/201] Parsing agent: https://www.kentwood.com/bio/KellyandChristie
2025-10-02 13:13:37,602 [INFO] Saved agent data for https://www.kentwood.com/bio/KellyandChristie
2025-10-02 13:13:37,602 [INFO] [102/201] Parsing agent: https://www.kentwood.com/bio/EHotz
2025-10-02 13:13:59,777 [INFO] Saved agent data for https://www.kentwood.com/bio/EHotz
2025-10-02 13:13:59,777 [INFO] [103/201] Parsing agent: https://www.kentwood.com/bio/Carolyn
2025-10-02 13:14:22,039 [INFO] Saved agent data for https://www.kentwood.com/bio/Carolyn
2025-10-02 13:14:22,039 [INFO] [104/201] Parsing agent: https://www.kentwood.com/bio/andreajones
2025-10-02 13:14:43,996 [INFO] Saved agent data for https://www.kentwood.com/bio/andreajones
2025-10-02 13:14:43,996 [INFO] [105/201] Parsing agent: https://www.kentwood.com/bio/jfitz
2025-10-02 13:15:09,607 [INFO] Saved agent data for https://www.kentwood.com/bio/jfitz
2025-10-02 13:15:09,607 [INFO] [106/201] Parsing agent: https://www.kentwood.com/bio/jessb
2025-10-02 13:15:35,371 [INFO] Saved agent data for https://www.kentwood.com/bio/jessb
2025-10-02 13:15:35,371 [INFO] [107/201] Parsing agent: https://www.kentwood.com/bio/krislaine
2025-10-02 13:15:54,420 [INFO] Saved agent data for https://www.kentwood.com/bio/krislaine
2025-10-02 13:15:54,420 [INFO] [108/201] Parsing agent: https://www.kentwood.com/bio/Lori
2025-10-02 13:16:16,814 [INFO] Saved agent data for https://www.kentwood.com/bio/Lori
2025-10-02 13:16:16,814 [INFO] [109/201] Parsing agent: https://www.kentwood.com/bio/JimTyler
2025-10-02 13:16:42,449 [INFO] Saved agent data for https://www.kentwood.com/bio/JimTyler
2025-10-02 13:16:42,449 [INFO] [110/201] Parsing agent: https://www.kentwood.com/bio/anastasia
2025-10-02 13:17:02,451 [INFO] Saved agent data for https://www.kentwood.com/bio/anastasia
2025-10-02 13:17:02,451 [INFO] [111/201] Parsing agent: https://www.kentwood.com/bio/charlotte
2025-10-02 13:17:29,747 [INFO] Saved agent data for https://www.kentwood.com/bio/charlotte
2025-10-02 13:17:29,747 [INFO] [112/201] Parsing agent: https://www.kentwood.com/bio/jen
2025-10-02 13:17:54,438 [INFO] Saved agent data for https://www.kentwood.com/bio/jen
2025-10-02 13:17:54,438 [INFO] [113/201] Parsing agent: https://www.kentwood.com/bio/JacciandSana-JSCollective
2025-10-02 13:18:14,635 [INFO] Saved agent data for https://www.kentwood.com/bio/JacciandSana-JSCollective
2025-10-02 13:18:14,635 [INFO] [114/201] Parsing agent: https://www.kentwood.com/bio/jalton
2025-10-02 13:18:34,637 [INFO] Saved agent data for https://www.kentwood.com/bio/jalton
2025-10-02 13:18:34,637 [INFO] [115/201] Parsing agent: https://www.kentwood.com/bio/FieldingTwarogowski
2025-10-02 13:19:00,587 [INFO] Saved agent data for https://www.kentwood.com/bio/FieldingTwarogowski
2025-10-02 13:19:00,588 [INFO] [116/201] Parsing agent: https://www.kentwood.com/bio/lisag
2025-10-02 13:19:22,922 [INFO] Saved agent data for https://www.kentwood.com/bio/lisag
2025-10-02 13:19:22,922 [INFO] [117/201] Parsing agent: https://www.kentwood.com/bio/KarenLanders
2025-10-02 13:19:47,313 [INFO] Saved agent data for https://www.kentwood.com/bio/KarenLanders
2025-10-02 13:19:47,313 [INFO] [118/201] Parsing agent: https://www.kentwood.com/bio/CarlyAnderson
2025-10-02 13:20:11,898 [INFO] Saved agent data for https://www.kentwood.com/bio/CarlyAnderson
2025-10-02 13:20:11,898 [INFO] [119/201] Parsing agent: https://www.kentwood.com/bio/dan
2025-10-02 13:20:35,875 [INFO] Saved agent data for https://www.kentwood.com/bio/dan
2025-10-02 13:20:35,875 [INFO] [120/201] Parsing agent: https://www.kentwood.com/bio/bridgetm
2025-10-02 13:20:58,995 [INFO] Saved agent data for https://www.kentwood.com/bio/bridgetm
2025-10-02 13:20:58,995 [INFO] [121/201] Parsing agent: https://www.kentwood.com/bio/elise
2025-10-02 13:21:19,675 [INFO] Saved agent data for https://www.kentwood.com/bio/elise
2025-10-02 13:21:19,675 [INFO] [122/201] Parsing agent: https://www.kentwood.com/bio/amandalinville
2025-10-02 13:21:43,175 [INFO] Saved agent data for https://www.kentwood.com/bio/amandalinville
2025-10-02 13:21:43,175 [INFO] [123/201] Parsing agent: https://www.kentwood.com/bio/KathyTye
2025-10-02 13:22:07,209 [INFO] Saved agent data for https://www.kentwood.com/bio/KathyTye
2025-10-02 13:22:07,210 [INFO] [124/201] Parsing agent: https://www.kentwood.com/bio/jonlopez
2025-10-02 13:22:29,508 [INFO] Saved agent data for https://www.kentwood.com/bio/jonlopez
2025-10-02 13:22:29,509 [INFO] [125/201] Parsing agent: https://www.kentwood.com/bio/KatieKnowlton
2025-10-02 13:22:52,263 [INFO] Saved agent data for https://www.kentwood.com/bio/KatieKnowlton
2025-10-02 13:22:52,263 [INFO] [126/201] Parsing agent: https://www.kentwood.com/bio/juliewinger
2025-10-02 13:23:13,871 [INFO] Saved agent data for https://www.kentwood.com/bio/juliewinger
2025-10-02 13:23:13,871 [INFO] [127/201] Parsing agent: https://www.kentwood.com/bio/justinewing
2025-10-02 13:23:34,163 [INFO] Saved agent data for https://www.kentwood.com/bio/justinewing
2025-10-02 13:23:34,163 [INFO] [128/201] Parsing agent: https://www.kentwood.com/bio/danielle
2025-10-02 13:23:54,706 [INFO] Saved agent data for https://www.kentwood.com/bio/danielle
2025-10-02 13:23:54,706 [INFO] [129/201] Parsing agent: https://www.kentwood.com/bio/JaneSpencer
2025-10-02 13:24:16,860 [INFO] Saved agent data for https://www.kentwood.com/bio/JaneSpencer
2025-10-02 13:24:16,860 [INFO] [130/201] Parsing agent: https://www.kentwood.com/bio/BILL
2025-10-02 13:24:39,141 [INFO] Saved agent data for https://www.kentwood.com/bio/BILL
2025-10-02 13:24:39,141 [INFO] [131/201] Parsing agent: https://www.kentwood.com/bio/foodie
2025-10-02 13:25:02,234 [INFO] Saved agent data for https://www.kentwood.com/bio/foodie
2025-10-02 13:25:02,234 [INFO] [132/201] Parsing agent: https://www.kentwood.com/bio/BelindaCox
2025-10-02 13:25:24,151 [INFO] Saved agent data for https://www.kentwood.com/bio/BelindaCox
2025-10-02 13:25:24,151 [INFO] [133/201] Parsing agent: https://www.kentwood.com/bio/bkelly
2025-10-02 13:25:51,980 [INFO] Saved agent data for https://www.kentwood.com/bio/bkelly
2025-10-02 13:25:51,980 [INFO] [134/201] Parsing agent: https://www.kentwood.com/bio/BobbyB
2025-10-02 13:26:12,635 [INFO] Saved agent data for https://www.kentwood.com/bio/BobbyB
2025-10-02 13:26:12,636 [INFO] [135/201] Parsing agent: https://www.kentwood.com/bio/NicoleMalone
2025-10-02 13:26:34,835 [INFO] Saved agent data for https://www.kentwood.com/bio/NicoleMalone
2025-10-02 13:26:34,835 [INFO] [136/201] Parsing agent: https://www.kentwood.com/bio/GhassanK
2025-10-02 13:26:57,577 [INFO] Saved agent data for https://www.kentwood.com/bio/GhassanK
2025-10-02 13:26:57,578 [INFO] [137/201] Parsing agent: https://www.kentwood.com/bio/JulieGullett
2025-10-02 13:27:19,423 [INFO] Saved agent data for https://www.kentwood.com/bio/JulieGullett
2025-10-02 13:27:19,423 [INFO] [138/201] Parsing agent: https://www.kentwood.com/bio/janelleh
2025-10-02 13:27:38,823 [INFO] Saved agent data for https://www.kentwood.com/bio/janelleh
2025-10-02 13:27:38,823 [INFO] [139/201] Parsing agent: https://www.kentwood.com/bio/JessicaPaulucci
2025-10-02 13:28:00,765 [INFO] Saved agent data for https://www.kentwood.com/bio/JessicaPaulucci
2025-10-02 13:28:00,765 [INFO] [140/201] Parsing agent: https://www.kentwood.com/bio/TheCryerTeam
2025-10-02 13:28:20,066 [INFO] Saved agent data for https://www.kentwood.com/bio/TheCryerTeam
2025-10-02 13:28:20,066 [INFO] [141/201] Parsing agent: https://www.kentwood.com/bio/Keri
2025-10-02 13:28:39,407 [INFO] Saved agent data for https://www.kentwood.com/bio/Keri
2025-10-02 13:28:39,407 [INFO] [142/201] Parsing agent: https://www.kentwood.com/bio/MattP
2025-10-02 13:29:04,124 [INFO] Saved agent data for https://www.kentwood.com/bio/MattP
2025-10-02 13:29:04,124 [INFO] [143/201] Parsing agent: https://www.kentwood.com/bio/jhummel
2025-10-02 13:29:28,507 [INFO] Saved agent data for https://www.kentwood.com/bio/jhummel
2025-10-02 13:29:28,507 [INFO] [144/201] Parsing agent: https://www.kentwood.com/bio/karen
2025-10-02 13:29:47,928 [INFO] Saved agent data for https://www.kentwood.com/bio/karen
2025-10-02 13:29:47,928 [INFO] [145/201] Parsing agent: https://www.kentwood.com/bio/gglucksman
2025-10-02 13:30:08,458 [INFO] Saved agent data for https://www.kentwood.com/bio/gglucksman
2025-10-02 13:30:08,459 [INFO] [146/201] Parsing agent: https://www.kentwood.com/bio/BrentGilles
2025-10-02 13:30:36,175 [INFO] Saved agent data for https://www.kentwood.com/bio/BrentGilles
2025-10-02 13:30:36,175 [INFO] [147/201] Parsing agent: https://www.kentwood.com/bio/ChrisElsom
2025-10-02 13:31:03,523 [INFO] Saved agent data for https://www.kentwood.com/bio/ChrisElsom
2025-10-02 13:31:03,524 [INFO] [148/201] Parsing agent: https://www.kentwood.com/bio/libby
2025-10-02 13:31:26,389 [INFO] Saved agent data for https://www.kentwood.com/bio/libby
2025-10-02 13:31:26,390 [INFO] [149/201] Parsing agent: https://www.kentwood.com/bio/MegFleischli
2025-10-02 13:31:46,800 [INFO] Saved agent data for https://www.kentwood.com/bio/MegFleischli
2025-10-02 13:31:46,800 [INFO] [150/201] Parsing agent: https://www.kentwood.com/bio/stacy
2025-10-02 13:32:08,622 [INFO] Saved agent data for https://www.kentwood.com/bio/stacy
2025-10-02 13:32:08,623 [INFO] [151/201] Parsing agent: https://www.kentwood.com/bio/SarahHayArthur
2025-10-02 13:32:30,291 [INFO] Saved agent data for https://www.kentwood.com/bio/SarahHayArthur
2025-10-02 13:32:30,291 [INFO] [152/201] Parsing agent: https://www.kentwood.com/bio/skruse
2025-10-02 13:32:49,235 [INFO] Saved agent data for https://www.kentwood.com/bio/skruse
2025-10-02 13:32:49,235 [INFO] [153/201] Parsing agent: https://www.kentwood.com/bio/sharoneisner
2025-10-02 13:33:08,602 [INFO] Saved agent data for https://www.kentwood.com/bio/sharoneisner
2025-10-02 13:33:08,602 [INFO] [154/201] Parsing agent: https://www.kentwood.com/bio/dutzer
2025-10-02 13:33:31,983 [INFO] Saved agent data for https://www.kentwood.com/bio/dutzer
2025-10-02 13:33:31,984 [INFO] [155/201] Parsing agent: https://www.kentwood.com/bio/stock
2025-10-02 13:33:51,147 [INFO] Saved agent data for https://www.kentwood.com/bio/stock
2025-10-02 13:33:51,147 [INFO] [156/201] Parsing agent: https://www.kentwood.com/bio/todd
2025-10-02 13:34:13,304 [INFO] Saved agent data for https://www.kentwood.com/bio/todd
2025-10-02 13:34:13,305 [INFO] [157/201] Parsing agent: https://www.kentwood.com/bio/sarahtyler
2025-10-02 13:34:33,411 [INFO] Saved agent data for https://www.kentwood.com/bio/sarahtyler
2025-10-02 13:34:33,411 [INFO] [158/201] Parsing agent: https://www.kentwood.com/bio/roylopez
2025-10-02 13:34:53,553 [INFO] Saved agent data for https://www.kentwood.com/bio/roylopez
2025-10-02 13:34:53,553 [INFO] [159/201] Parsing agent: https://www.kentwood.com/bio/sweigand
2025-10-02 13:35:13,640 [INFO] Saved agent data for https://www.kentwood.com/bio/sweigand
2025-10-02 13:35:13,640 [INFO] [160/201] Parsing agent: https://www.kentwood.com/bio/phyllis
2025-10-02 13:35:41,061 [INFO] Saved agent data for https://www.kentwood.com/bio/phyllis
2025-10-02 13:35:41,061 [INFO] [161/201] Parsing agent: https://www.kentwood.com/bio/skelly
2025-10-02 13:36:02,313 [INFO] Saved agent data for https://www.kentwood.com/bio/skelly
2025-10-02 13:36:02,314 [INFO] [162/201] Parsing agent: https://www.kentwood.com/bio/Soley
2025-10-02 13:36:24,676 [INFO] Saved agent data for https://www.kentwood.com/bio/Soley
2025-10-02 13:36:24,676 [INFO] [163/201] Parsing agent: https://www.kentwood.com/bio/sdiliberti
2025-10-02 13:36:46,998 [INFO] Saved agent data for https://www.kentwood.com/bio/sdiliberti
2025-10-02 13:36:46,998 [INFO] [164/201] Parsing agent: https://www.kentwood.com/bio/tglucksman
2025-10-02 13:37:06,159 [INFO] Saved agent data for https://www.kentwood.com/bio/tglucksman
2025-10-02 13:37:06,159 [INFO] [165/201] Parsing agent: https://www.kentwood.com/bio/steve
2025-10-02 13:37:28,400 [INFO] Saved agent data for https://www.kentwood.com/bio/steve
2025-10-02 13:37:28,400 [INFO] [166/201] Parsing agent: https://www.kentwood.com/bio/Parker
2025-10-02 13:37:52,215 [INFO] Saved agent data for https://www.kentwood.com/bio/Parker
2025-10-02 13:37:52,215 [INFO] [167/201] Parsing agent: https://www.kentwood.com/bio/sglaze
2025-10-02 13:38:12,306 [INFO] Saved agent data for https://www.kentwood.com/bio/sglaze
2025-10-02 13:38:12,306 [INFO] [168/201] Parsing agent: https://www.kentwood.com/bio/Brigette
2025-10-02 13:38:36,192 [INFO] Saved agent data for https://www.kentwood.com/bio/Brigette
2025-10-02 13:38:36,192 [INFO] [169/201] Parsing agent: https://www.kentwood.com/bio/pwall
2025-10-02 13:38:58,986 [INFO] Saved agent data for https://www.kentwood.com/bio/pwall
2025-10-02 13:38:58,986 [INFO] [170/201] Parsing agent: https://www.kentwood.com/bio/RandyTrahan
2025-10-02 13:39:19,042 [INFO] Saved agent data for https://www.kentwood.com/bio/RandyTrahan
2025-10-02 13:39:19,042 [INFO] [171/201] Parsing agent: https://www.kentwood.com/bio/RandySwearingen
2025-10-02 13:39:45,145 [INFO] Saved agent data for https://www.kentwood.com/bio/RandySwearingen
2025-10-02 13:39:45,145 [INFO] [172/201] Parsing agent: https://www.kentwood.com/bio/ThomasDutzer
2025-10-02 13:40:06,085 [INFO] Saved agent data for https://www.kentwood.com/bio/ThomasDutzer
2025-10-02 13:40:06,085 [INFO] [173/201] Parsing agent: https://www.kentwood.com/bio/Tom
2025-10-02 13:40:30,314 [INFO] Saved agent data for https://www.kentwood.com/bio/Tom
2025-10-02 13:40:30,314 [INFO] [174/201] Parsing agent: https://www.kentwood.com/bio/rlandry
2025-10-02 13:40:58,947 [INFO] Saved agent data for https://www.kentwood.com/bio/rlandry
2025-10-02 13:40:58,947 [INFO] [175/201] Parsing agent: https://www.kentwood.com/bio/Staci
2025-10-02 13:41:21,440 [INFO] Saved agent data for https://www.kentwood.com/bio/Staci
2025-10-02 13:41:21,440 [INFO] [176/201] Parsing agent: https://www.kentwood.com/bio/wendylee
2025-10-02 13:41:40,696 [INFO] Saved agent data for https://www.kentwood.com/bio/wendylee
2025-10-02 13:41:40,696 [INFO] [177/201] Parsing agent: https://www.kentwood.com/bio/stephanie
2025-10-02 13:42:05,176 [INFO] Saved agent data for https://www.kentwood.com/bio/stephanie
2025-10-02 13:42:05,176 [INFO] [178/201] Parsing agent: https://www.kentwood.com/bio/rebeccaf
2025-10-02 13:42:24,688 [INFO] Saved agent data for https://www.kentwood.com/bio/rebeccaf
2025-10-02 13:42:24,688 [INFO] [179/201] Parsing agent: https://www.kentwood.com/bio/StefErion
2025-10-02 13:42:43,975 [INFO] Saved agent data for https://www.kentwood.com/bio/StefErion
2025-10-02 13:42:43,975 [INFO] [180/201] Parsing agent: https://www.kentwood.com/bio/pattygreg
2025-10-02 13:43:03,042 [INFO] Saved agent data for https://www.kentwood.com/bio/pattygreg
2025-10-02 13:43:03,043 [INFO] [181/201] Parsing agent: https://www.kentwood.com/bio/SolveigLawrence
2025-10-02 13:43:29,760 [INFO] Saved agent data for https://www.kentwood.com/bio/SolveigLawrence
2025-10-02 13:43:29,760 [INFO] [182/201] Parsing agent: https://www.kentwood.com/bio/larkin
2025-10-02 13:43:51,186 [INFO] Saved agent data for https://www.kentwood.com/bio/larkin
2025-10-02 13:43:51,186 [INFO] [183/201] Parsing agent: https://www.kentwood.com/bio/wendy
2025-10-02 13:44:12,076 [INFO] Saved agent data for https://www.kentwood.com/bio/wendy
2025-10-02 13:44:12,077 [INFO] [184/201] Parsing agent: https://www.kentwood.com/bio/Scott
2025-10-02 13:44:35,305 [INFO] Saved agent data for https://www.kentwood.com/bio/Scott
2025-10-02 13:44:35,306 [INFO] [185/201] Parsing agent: https://www.kentwood.com/bio/PaulaKing
2025-10-02 13:44:55,441 [INFO] Saved agent data for https://www.kentwood.com/bio/PaulaKing
2025-10-02 13:44:55,441 [INFO] [186/201] Parsing agent: https://www.kentwood.com/bio/JulieandSallie
2025-10-02 13:45:15,922 [INFO] Saved agent data for https://www.kentwood.com/bio/JulieandSallie
2025-10-02 13:45:15,922 [INFO] [187/201] Parsing agent: https://www.kentwood.com/bio/virginia
2025-10-02 13:45:38,718 [INFO] Saved agent data for https://www.kentwood.com/bio/virginia
2025-10-02 13:45:38,718 [INFO] [188/201] Parsing agent: https://www.kentwood.com/bio/ReillyRaymond
2025-10-02 13:45:59,168 [INFO] Saved agent data for https://www.kentwood.com/bio/ReillyRaymond
2025-10-02 13:45:59,168 [INFO] [189/201] Parsing agent: https://www.kentwood.com/bio/sheila
2025-10-02 13:46:22,298 [INFO] Saved agent data for https://www.kentwood.com/bio/sheila
2025-10-02 13:46:22,298 [INFO] [190/201] Parsing agent: https://www.kentwood.com/bio/ValMiller
2025-10-02 13:46:44,538 [INFO] Saved agent data for https://www.kentwood.com/bio/ValMiller
2025-10-02 13:46:44,538 [INFO] [191/201] Parsing agent: https://www.kentwood.com/bio/SusanMock
2025-10-02 13:47:06,428 [INFO] Saved agent data for https://www.kentwood.com/bio/SusanMock
2025-10-02 13:47:06,428 [INFO] [192/201] Parsing agent: https://www.kentwood.com/bio/TammieSandeman
2025-10-02 13:47:26,421 [INFO] Saved agent data for https://www.kentwood.com/bio/TammieSandeman
2025-10-02 13:47:26,421 [INFO] [193/201] Parsing agent: https://www.kentwood.com/bio/goldhammer2
2025-10-02 13:47:46,425 [INFO] Saved agent data for https://www.kentwood.com/bio/goldhammer2
2025-10-02 13:47:46,425 [INFO] [194/201] Parsing agent: https://www.kentwood.com/bio/tcolleran
2025-10-02 13:48:09,490 [INFO] Saved agent data for https://www.kentwood.com/bio/tcolleran
2025-10-02 13:48:09,491 [INFO] [195/201] Parsing agent: https://www.kentwood.com/bio/StephanieS
2025-10-02 13:48:29,959 [INFO] Saved agent data for https://www.kentwood.com/bio/StephanieS
2025-10-02 13:48:29,960 [INFO] [196/201] Parsing agent: https://www.kentwood.com/bio/renitah
2025-10-02 13:48:50,433 [INFO] Saved agent data for https://www.kentwood.com/bio/renitah
2025-10-02 13:48:50,433 [INFO] [197/201] Parsing agent: https://www.kentwood.com/bio/ToddSnyder
2025-10-02 13:49:16,909 [INFO] Saved agent data for https://www.kentwood.com/bio/ToddSnyder
2025-10-02 13:49:16,909 [INFO] [198/201] Parsing agent: https://www.kentwood.com/bio/PeterBalcomb
2025-10-02 13:49:43,975 [INFO] Saved agent data for https://www.kentwood.com/bio/PeterBalcomb
2025-10-02 13:49:43,976 [INFO] [199/201] Parsing agent: https://www.kentwood.com/bio/ZackJenkins
2025-10-02 13:50:09,174 [INFO] Saved agent data for https://www.kentwood.com/bio/ZackJenkins
2025-10-02 13:50:09,174 [INFO] [200/201] Parsing agent: https://www.kentwood.com/bio/TavriGipson
2025-10-02 13:50:37,713 [INFO] Saved agent data for https://www.kentwood.com/bio/TavriGipson
2025-10-02 13:50:37,713 [INFO] [201/201] Parsing agent: https://www.kentwood.com/bio/scottstang
2025-10-02 13:50:58,295 [INFO] Saved agent data for https://www.kentwood.com/bio/scottstang
