Overview:
Today's session was dedicated to advancing the BIPA parser development with focused work on data field mapping and parser optimization. Continuous progress was made in refining data extraction accuracy and completeness.


Parser Development Continuation:

 - Enhanced product data extraction logic
 - Improved error handling for parsing operations

Daily Meeting Update:

 - Presented current parser development status
 - Discussed data extraction challenges and solutions
 - Received feedback on implementation approach

Data Field Mapping Enhancement:

 - Conducted comprehensive field mapping for all product attributes
 - Updated parser with refined XPaths
 - Enhanced data validation and cleaning procedures

Parser Optimization:

 - Implemented image URL extraction and processing
 - Enhanced price parsing with currency handling

Tasks Completion Status:
 - Parser Development
   Status: completed

 - Data Field Mapping
   Status: in progress

