Overview
Today's session focused on quality refinement, client communication preparation, and systematic code analysis for the NoraGardner project. 

Daily Meeting - Task Updates & Clarifications:

    Discussed current project status and progress
    Clarified technical doubts and implementation questions
    Addressed quality standards and refinement requirements
    Aligned on client communication approach and timelines

NoraGardner Data Re-work:

    Implemented data quality improvements and refinements
    Enhanced data validation and cleaning procedures
    Addressed specific data quality issues identified
    Verified improvement effectiveness through testing

Data Export & Verification Completion:

    Executed comprehensive data export procedures
    Conducted thorough verification of exported data quality
    Validated data formats, completeness, and accuracy
    Confirmed all export functionality meets standards

Client Note Preparation Meeting:

    Discussed client communication requirements and approach
    Planned note structure, content, and presentation
    Addressed client expectations and reporting standards
    Aligned on communication strategy and timeline

Data Updates & Client Note Preparation:

    Implemented final data updates based on verification findings
    Prepared comprehensive client notes and documentation
    Developed clear communication of project achievements
    Ensured all client requirements are properly addressed

NoraGardner Code Analysis:

    Conducted systematic analysis of development code
    Reviewed architectural decisions and implementation quality
    Documented strengths, improvements, and learnings
    Enhanced understanding of development methodologies

Tasks Completion Status
NoraGardner Data Quality
Status: COMPLETED & VERIFIED

Client Communication
Status: COMPLETED

Code Analysis & Improvement:
Status: COMPLETED


