Overview:
Today's session involved completing El Corte Inglés feasibility analysis, addressing voting obligations, and initiating full development for the Aldi project. 


El Corte Inglés Feasibility Continuation:

    Continued comprehensive feasibility assessment
    Advanced technical analysis and data accessibility evaluation
    Addressed Spanish market specifics and regional considerations
    Documented implementation challenges and solutions

Task Updates & Priorities Meeting:

    Discussed current project status and progress
    Reviewed priorities and resource allocation
    Addressed timeline management and delivery commitments
    Aligned on quality standards and project approach

Feasibility Process Continuation:

    Maintained focused progress on feasibility analysis
    Enhanced technical assessment with detailed evaluation
    Documented findings and recommendations systematically
    Prepared comprehensive feasibility documentation

New Feasibility Site Doubts Clarification:

    Addressed technical doubts and implementation questions
    Clarified feasibility assessment criteria and methodology
    Resolved site-specific challenges and considerations
    Enhanced understanding of project requirements

El Corte Inglés Feasibility Completion:

    Finalized comprehensive feasibility analysis
    Confirmed technical viability and implementation approach
    Prepared final feasibility report and recommendations
    Delivered complete feasibility package

Workflow Integration & Feasibility Sheet Update:

    Added comprehensive workflow documentation
    Updated feasibility sheets with final findings and recommendations
    Enhanced project documentation and process standardization
    Established reusable templates for future projects

Aldi Full Site Development Initiation:

    Started comprehensive development for Aldi UK project
    Implemented full project architecture and development framework
    Began systematic implementation of all required components
    Established development workflow and quality assurance processes


Tasks Completion Status:
1. El Corte Inglés Feasibility
Status: COMPLETED

2. Workflow Documentation
Status: COMPLETED

3. Aldi Full Development
Status: INITIATED

