Overview:
Today's session involved rigorous data testing, implementing data corrections, and efficiently completing feasibility and development for the Matalan Middle East project. 

Aqar Re-worked Data Testing:

 - Conducted comprehensive testing of re-worked Aqar data
 - Verified data accuracy improvements and corrections

Mentor Meeting - Data Corrections:

 - Discussed previous task data correction requirements
 - Received guidance on data quality improvement approaches
 - Addressed specific data validation and cleaning issues

Aqar Data Re-working Implementation:

 - Implemented requested data corrections and improvements
 - Enhanced data validation and cleaning procedures

New Task Assignment - site Matalanme 

 - Received new project for Middle Eastern fashion retailer
 - Started feasibility analysis for https://www.matalanme.com/ae_en/
 - Clarified technical requirements and regional considerations

Matalanme Feasibility Analysis:

 - Conducted comprehensive feasibility assessment
 - Analyzed site structure and technical complexity
 - Evaluated data accessibility and extraction challenges

Matalan ME Development:

 - Successfully completed crawler development
 - Achieved remarkable development efficiency
 - Implemented robust navigation and data collection
 - Parser Development with Field Mapping

Mentor Meeting - QA & Data Quality:

 - Discussed QA checklist corrections and improvements
 - Addressed data correction methodologies 
 - Received guidance on quality assurance optimization

Matalan ME Parser Update Completion:

 - Finalized all parser enhancements and optimizations
 - Completed comprehensive field mapping implementation
 - Verified data extraction accuracy and completeness

Tasks Completion Status:
Aqar Data Testing & Re-work
Status: COMPLETED

Matalan ME Feasibility
Status: COMPLETED

Matalan ME Development
Status: COMPLETED



