2025-09-30 15:18:01,198 - INFO - Launching browser...
2025-09-30 15:18:05,815 - INFO - Accessed https://www.logic-immo.com/classified-search?distributionTypes=Buy&estateTypes=House,Apartment&locations=AD08FR36790&priceMin=200000&projectTypes=Resale&m=homepage_relaunch_my_last_search_classified_search_result&page=1 - Status: 200
2025-09-30 15:18:07,219 - INFO - Found 27 URLs on current page
2025-09-30 15:18:07,258 - INFO - Saved URL: https://www.logic-immo.com/detail-vente-249510687.htm
2025-09-30 15:18:07,263 - INFO - Saved URL: https://www.logic-immo.com/detail-vente-241783713.htm
2025-09-30 15:18:07,268 - INFO - Saved URL: https://www.logic-immo.com/detail-vente-249587239.htm
2025-09-30 15:18:07,269 - INFO - Saved URL: https://www.logic-immo.com/detail-vente-249129449.htm
2025-09-30 15:18:07,272 - INFO - Saved URL: https://www.logic-immo.com/detail-vente-242389911.htm
2025-09-30 15:18:07,276 - INFO - Saved URL: https://www.logic-immo.com/detail-vente-246530775.htm
2025-09-30 15:18:07,277 - INFO - Saved URL: https://www.logic-immo.com/detail-vente-249046267.htm
2025-09-30 15:18:07,281 - INFO - Saved URL: https://www.logic-immo.com/detail-vente-247976755.htm
2025-09-30 15:18:07,283 - INFO - Saved URL: https://www.logic-immo.com/detail-vente-228124689.htm
2025-09-30 15:18:07,285 - INFO - Saved URL: https://www.logic-immo.com/detail-vente-245437251.htm
2025-09-30 15:18:07,288 - INFO - Saved URL: https://www.logic-immo.com/detail-vente-225227197.htm
2025-09-30 15:18:07,290 - INFO - Saved URL: https://www.logic-immo.com/detail-vente-246530691.htm
2025-09-30 15:18:07,292 - INFO - Saved URL: https://www.logic-immo.com/detail-vente-236951173.htm
2025-09-30 15:18:07,294 - INFO - Saved URL: https://www.logic-immo.com/detail-vente-248323997.htm
2025-09-30 15:18:07,302 - INFO - Saved URL: https://www.logic-immo.com/detail-vente-248455659.htm
2025-09-30 15:18:07,306 - INFO - Saved URL: https://www.logic-immo.com/detail-vente-234823479.htm
2025-09-30 15:18:07,309 - INFO - Saved URL: https://www.logic-immo.com/detail-vente-242536419.htm
2025-09-30 15:18:07,313 - INFO - Saved URL: https://www.logic-immo.com/detail-vente-249215837.htm
2025-09-30 15:18:07,316 - INFO - Saved URL: https://www.logic-immo.com/detail-vente-177330769.htm
2025-09-30 15:18:07,318 - INFO - Saved URL: https://www.logic-immo.com/detail-vente-234076133.htm
2025-09-30 15:18:07,321 - INFO - Saved URL: https://www.logic-immo.com/detail-vente-249718849.htm
2025-09-30 15:18:07,323 - INFO - Saved URL: https://www.logic-immo.com/detail-vente-249647389.htm
2025-09-30 15:18:07,324 - INFO - Saved URL: https://www.logic-immo.com/detail-vente-247251289.htm
2025-09-30 15:18:07,325 - INFO - Saved URL: https://www.logic-immo.com/detail-vente-247079453.htm
2025-09-30 15:18:07,327 - INFO - Saved URL: https://www.logic-immo.com/detail-vente-248344001.htm
2025-09-30 15:18:07,328 - INFO - Saved URL: https://www.logic-immo.com/detail-vente-245648171.htm
2025-09-30 15:18:07,330 - INFO - Saved URL: https://www.logic-immo.com/detail-vente-248541009.htm
2025-09-30 15:18:09,461 - INFO - Accessed https://www.logic-immo.com/classified-search?distributionTypes=Buy&estateTypes=House,Apartment&locations=AD08FR36790&priceMin=200000&projectTypes=Resale&m=homepage_relaunch_my_last_search_classified_search_result&page=2 - Status: 200
2025-09-30 15:18:10,731 - INFO - Found 27 URLs on current page
2025-09-30 15:18:10,739 - INFO - Saved URL: https://www.logic-immo.com/detail-vente-248880637.htm
2025-09-30 15:18:10,741 - INFO - Saved URL: https://www.logic-immo.com/detail-vente-250932061.htm
2025-09-30 15:18:10,743 - INFO - Saved URL: https://www.logic-immo.com/detail-vente-250612621.htm
2025-09-30 15:18:10,747 - INFO - Saved URL: https://www.logic-immo.com/detail-vente-251098823.htm
2025-09-30 15:18:10,751 - INFO - Saved URL: https://www.logic-immo.com/detail-vente-250568641.htm
2025-09-30 15:18:10,757 - INFO - Saved URL: https://www.logic-immo.com/detail-vente-250947571.htm
2025-09-30 15:18:10,761 - INFO - Saved URL: https://www.logic-immo.com/detail-vente-250239151.htm
2025-09-30 15:18:10,764 - INFO - Saved URL: https://www.logic-immo.com/detail-vente-243574789.htm
2025-09-30 15:18:10,767 - INFO - Saved URL: https://www.logic-immo.com/detail-vente-250129881.htm
2025-09-30 15:18:10,770 - INFO - Saved URL: https://www.logic-immo.com/detail-vente-249434417.htm
2025-09-30 15:18:10,772 - INFO - Saved URL: https://www.logic-immo.com/detail-vente-250006211.htm
2025-09-30 15:18:10,774 - INFO - Saved URL: https://www.logic-immo.com/detail-vente-250929323.htm
2025-09-30 15:18:10,776 - INFO - Saved URL: https://www.logic-immo.com/detail-vente-250006275.htm
2025-09-30 15:18:10,778 - INFO - Saved URL: https://www.logic-immo.com/detail-vente-249810523.htm
2025-09-30 15:18:10,780 - INFO - Saved URL: https://www.logic-immo.com/detail-vente-250506475.htm
2025-09-30 15:18:10,782 - INFO - Saved URL: https://www.logic-immo.com/detail-vente-243196921.htm
2025-09-30 15:18:10,788 - INFO - Saved URL: https://www.logic-immo.com/detail-vente-237073829.htm
2025-09-30 15:18:10,793 - INFO - Saved URL: https://www.logic-immo.com/detail-vente-250353027.htm
2025-09-30 15:18:10,797 - INFO - Saved URL: https://www.logic-immo.com/detail-vente-250246451.htm
2025-09-30 15:18:10,799 - INFO - Saved URL: https://www.logic-immo.com/detail-vente-249761451.htm
2025-09-30 15:18:10,801 - INFO - Saved URL: https://www.logic-immo.com/detail-vente-250128681.htm
2025-09-30 15:18:10,803 - INFO - Saved URL: https://www.logic-immo.com/detail-vente-231371137.htm
2025-09-30 15:18:10,804 - INFO - Saved URL: https://www.logic-immo.com/detail-vente-249814433.htm
2025-09-30 15:18:10,807 - INFO - Saved URL: https://www.logic-immo.com/detail-vente-248422945.htm
2025-09-30 15:18:10,809 - INFO - Saved URL: https://www.logic-immo.com/detail-vente-249291249.htm
2025-09-30 15:18:10,810 - INFO - Saved URL: https://www.logic-immo.com/detail-vente-250825851.htm
2025-09-30 15:18:10,812 - INFO - Saved URL: https://www.logic-immo.com/detail-vente-250436125.htm
2025-09-30 15:18:11,820 - INFO - Accessed https://www.logic-immo.com/classified-search?distributionTypes=Buy&estateTypes=House,Apartment&locations=AD08FR36790&priceMin=200000&projectTypes=Resale&m=homepage_relaunch_my_last_search_classified_search_result&page=3 - Status: 200
2025-09-30 15:18:12,906 - INFO - Found 27 URLs on current page
2025-09-30 15:18:12,907 - INFO - Saved URL: https://www.logic-immo.com/detail-vente-249433257.htm
2025-09-30 15:18:12,909 - INFO - Saved URL: https://www.logic-immo.com/detail-vente-248834521.htm
2025-09-30 15:18:12,911 - INFO - Saved URL: https://www.logic-immo.com/detail-vente-250294371.htm
2025-09-30 15:18:12,913 - INFO - Saved URL: https://www.logic-immo.com/detail-vente-249172869.htm
2025-09-30 15:18:12,914 - INFO - Saved URL: https://www.logic-immo.com/detail-vente-249225873.htm
2025-09-30 15:18:12,916 - INFO - Saved URL: https://www.logic-immo.com/detail-vente-250769535.htm
2025-09-30 15:18:12,917 - INFO - Saved URL: https://www.logic-immo.com/detail-vente-249554805.htm
2025-09-30 15:18:12,920 - INFO - Saved URL: https://www.logic-immo.com/detail-vente-248707331.htm
2025-09-30 15:18:12,922 - INFO - Saved URL: https://www.logic-immo.com/detail-vente-248707329.htm
2025-09-30 15:18:12,926 - INFO - Saved URL: https://www.logic-immo.com/detail-vente-232164835.htm
2025-09-30 15:18:12,929 - INFO - Saved URL: https://www.logic-immo.com/detail-vente-250068367.htm
2025-09-30 15:18:12,932 - INFO - Saved URL: https://www.logic-immo.com/detail-vente-249183991.htm
2025-09-30 15:18:12,934 - INFO - Saved URL: https://www.logic-immo.com/detail-vente-246668395.htm
2025-09-30 15:18:12,936 - INFO - Saved URL: https://www.logic-immo.com/detail-vente-250246445.htm
2025-09-30 15:18:12,938 - INFO - Saved URL: https://www.logic-immo.com/detail-vente-249622583.htm
2025-09-30 15:18:12,939 - INFO - Saved URL: https://www.logic-immo.com/detail-vente-247204799.htm
2025-09-30 15:18:12,941 - INFO - Saved URL: https://www.logic-immo.com/detail-vente-246584315.htm
2025-09-30 15:18:12,942 - INFO - Saved URL: https://www.logic-immo.com/detail-vente-249828799.htm
2025-09-30 15:18:12,944 - INFO - Saved URL: https://www.logic-immo.com/detail-vente-249380757.htm
2025-09-30 15:18:12,946 - INFO - Saved URL: https://www.logic-immo.com/detail-vente-240851359.htm
2025-09-30 15:18:12,948 - INFO - Saved URL: https://www.logic-immo.com/detail-vente-248013293.htm
2025-09-30 15:18:12,949 - INFO - Saved URL: https://www.logic-immo.com/detail-vente-244897987.htm
2025-09-30 15:18:12,951 - INFO - Saved URL: https://www.logic-immo.com/detail-vente-236680943.htm
2025-09-30 15:18:12,953 - INFO - Saved URL: https://www.logic-immo.com/detail-vente-244655039.htm
2025-09-30 15:18:12,954 - INFO - Saved URL: https://www.logic-immo.com/detail-vente-249662775.htm
2025-09-30 15:18:12,956 - INFO - Saved URL: https://www.logic-immo.com/detail-vente-249338511.htm
2025-09-30 15:18:12,958 - INFO - Saved URL: https://www.logic-immo.com/detail-vente-249679551.htm
2025-09-30 15:18:14,979 - INFO - Accessed https://www.logic-immo.com/classified-search?distributionTypes=Buy&estateTypes=House,Apartment&locations=AD08FR36790&priceMin=200000&projectTypes=Resale&m=homepage_relaunch_my_last_search_classified_search_result&page=4 - Status: 200
2025-09-30 15:18:16,192 - INFO - Found 27 URLs on current page
2025-09-30 15:18:16,200 - INFO - Saved URL: https://www.logic-immo.com/detail-vente-248233683.htm
2025-09-30 15:18:16,202 - INFO - Saved URL: https://www.logic-immo.com/detail-vente-244848911.htm
2025-09-30 15:18:16,205 - INFO - Saved URL: https://www.logic-immo.com/detail-vente-248691127.htm
2025-09-30 15:18:16,207 - INFO - Saved URL: https://www.logic-immo.com/detail-vente-250777831.htm
2025-09-30 15:18:16,211 - INFO - Saved URL: https://www.logic-immo.com/detail-vente-250050285.htm
2025-09-30 15:18:16,212 - INFO - Saved URL: https://www.lux-residence.com/redirect-to-ad/?id_annonce=248219891
2025-09-30 15:18:16,214 - INFO - Saved URL: https://www.logic-immo.com/detail-vente-242889135.htm
2025-09-30 15:18:16,218 - INFO - Saved URL: https://www.logic-immo.com/detail-vente-250230349.htm
2025-09-30 15:18:16,221 - INFO - Saved URL: https://www.logic-immo.com/detail-vente-249287693.htm
2025-09-30 15:18:16,222 - INFO - Saved URL: https://www.logic-immo.com/detail-vente-232164835.htm
2025-09-30 15:18:16,224 - INFO - Saved URL: https://www.logic-immo.com/detail-vente-250424479.htm
2025-09-30 15:18:16,225 - INFO - Saved URL: https://www.logic-immo.com/detail-vente-245005819.htm
2025-09-30 15:18:16,227 - INFO - Saved URL: https://www.logic-immo.com/detail-vente-249071119.htm
2025-09-30 15:18:16,229 - INFO - Saved URL: https://www.logic-immo.com/detail-vente-249071557.htm
2025-09-30 15:18:16,230 - INFO - Saved URL: https://www.logic-immo.com/detail-vente-249071131.htm
2025-09-30 15:18:16,232 - INFO - Saved URL: https://www.logic-immo.com/detail-vente-249071111.htm
2025-09-30 15:18:16,234 - INFO - Saved URL: https://www.logic-immo.com/detail-vente-237917761.htm
2025-09-30 15:18:16,235 - INFO - Saved URL: https://www.logic-immo.com/detail-vente-247480197.htm
2025-09-30 15:18:16,237 - INFO - Saved URL: https://www.logic-immo.com/detail-vente-246607915.htm
2025-09-30 15:18:16,238 - INFO - Saved URL: https://www.logic-immo.com/detail-vente-245451351.htm
2025-09-30 15:18:16,240 - INFO - Saved URL: https://www.logic-immo.com/detail-vente-240908607.htm
2025-09-30 15:18:16,241 - INFO - Saved URL: https://www.logic-immo.com/detail-vente-247297815.htm
2025-09-30 15:18:16,243 - INFO - Saved URL: https://www.logic-immo.com/detail-vente-242113867.htm
2025-09-30 15:18:16,245 - INFO - Saved URL: https://www.logic-immo.com/detail-vente-244655039.htm
2025-09-30 15:18:16,247 - INFO - Saved URL: https://www.logic-immo.com/detail-vente-236103735.htm
2025-09-30 15:18:16,249 - INFO - Saved URL: https://www.logic-immo.com/detail-vente-246068585.htm
2025-09-30 15:18:16,252 - INFO - Saved URL: https://www.logic-immo.com/detail-vente-232201049.htm
2025-09-30 15:18:17,491 - INFO - Accessed https://www.logic-immo.com/classified-search?distributionTypes=Buy&estateTypes=House,Apartment&locations=AD08FR36790&priceMin=200000&projectTypes=Resale&m=homepage_relaunch_my_last_search_classified_search_result&page=5 - Status: 200
2025-09-30 15:18:18,606 - INFO - Found 27 URLs on current page
2025-09-30 15:18:18,608 - INFO - Saved URL: https://www.logic-immo.com/detail-vente-246239727.htm
2025-09-30 15:18:18,610 - INFO - Saved URL: https://www.logic-immo.com/detail-vente-243233289.htm
2025-09-30 15:18:18,611 - INFO - Saved URL: https://www.logic-immo.com/detail-vente-242901329.htm
2025-09-30 15:18:18,616 - INFO - Saved URL: https://www.logic-immo.com/detail-vente-249071545.htm
2025-09-30 15:18:18,620 - INFO - Saved URL: https://www.logic-immo.com/detail-vente-246409129.htm
2025-09-30 15:18:18,622 - INFO - Saved URL: https://www.logic-immo.com/detail-vente-244461707.htm
2025-09-30 15:18:18,623 - INFO - Saved URL: https://www.logic-immo.com/detail-vente-241949303.htm
2025-09-30 15:18:18,625 - INFO - Saved URL: https://www.logic-immo.com/detail-vente-249169435.htm
2025-09-30 15:18:18,627 - INFO - Saved URL: https://www.logic-immo.com/detail-vente-242420721.htm
2025-09-30 15:18:18,629 - INFO - Saved URL: https://www.logic-immo.com/detail-vente-244634239.htm
2025-09-30 15:18:18,630 - INFO - Saved URL: https://www.logic-immo.com/detail-vente-248622263.htm
2025-09-30 15:18:18,632 - INFO - Saved URL: https://www.logic-immo.com/detail-vente-247684405.htm
2025-09-30 15:18:18,634 - INFO - Saved URL: https://www.logic-immo.com/detail-vente-246882989.htm
2025-09-30 15:18:18,636 - INFO - Saved URL: https://www.logic-immo.com/detail-vente-230209847.htm
2025-09-30 15:18:18,637 - INFO - Saved URL: https://www.logic-immo.com/detail-vente-250498999.htm
2025-09-30 15:18:18,639 - INFO - Saved URL: https://www.logic-immo.com/detail-vente-237598809.htm
2025-09-30 15:18:18,641 - INFO - Saved URL: https://www.logic-immo.com/detail-vente-244614281.htm
2025-09-30 15:18:18,645 - INFO - Saved URL: https://www.logic-immo.com/detail-vente-244394561.htm
2025-09-30 15:18:18,647 - INFO - Saved URL: https://www.logic-immo.com/detail-vente-243936593.htm
2025-09-30 15:18:18,649 - INFO - Saved URL: https://www.logic-immo.com/detail-vente-242379107.htm
2025-09-30 15:18:18,651 - INFO - Saved URL: https://www.logic-immo.com/detail-vente-249272201.htm
2025-09-30 15:18:18,654 - INFO - Saved URL: https://www.logic-immo.com/detail-vente-233629595.htm
2025-09-30 15:18:18,658 - INFO - Saved URL: https://www.logic-immo.com/detail-vente-219550977.htm
2025-09-30 15:18:18,660 - INFO - Saved URL: https://www.logic-immo.com/detail-vente-250156495.htm
2025-09-30 15:18:18,662 - INFO - Saved URL: https://www.logic-immo.com/detail-vente-249153945.htm
2025-09-30 15:18:18,664 - INFO - Saved URL: https://www.logic-immo.com/detail-vente-248783887.htm
2025-09-30 15:18:18,665 - INFO - Saved URL: https://www.logic-immo.com/detail-vente-226231779.htm
2025-09-30 15:18:20,431 - INFO - Accessed https://www.logic-immo.com/classified-search?distributionTypes=Buy&estateTypes=House,Apartment&locations=AD08FR36790&priceMin=200000&projectTypes=Resale&m=homepage_relaunch_my_last_search_classified_search_result&page=6 - Status: 200
2025-09-30 15:18:21,590 - INFO - Found 27 URLs on current page
2025-09-30 15:18:21,592 - INFO - Saved URL: https://www.logic-immo.com/detail-vente-246800941.htm
2025-09-30 15:18:21,593 - INFO - Saved URL: https://www.logic-immo.com/detail-vente-250065495.htm
2025-09-30 15:18:21,594 - INFO - Saved URL: https://www.logic-immo.com/detail-vente-249683799.htm
2025-09-30 15:18:21,595 - INFO - Saved URL: https://www.logic-immo.com/detail-vente-244870947.htm
2025-09-30 15:18:21,597 - INFO - Saved URL: https://www.logic-immo.com/detail-vente-244938523.htm
2025-09-30 15:18:21,598 - INFO - Saved URL: https://www.logic-immo.com/detail-vente-233666305.htm
2025-09-30 15:18:21,599 - INFO - Saved URL: https://www.logic-immo.com/detail-vente-248387187.htm
2025-09-30 15:18:21,600 - INFO - Saved URL: https://www.logic-immo.com/detail-vente-242462527.htm
2025-09-30 15:18:21,602 - INFO - Saved URL: https://www.logic-immo.com/detail-vente-246435579.htm
2025-09-30 15:18:21,605 - INFO - Saved URL: https://www.logic-immo.com/detail-vente-248306529.htm
2025-09-30 15:18:21,609 - INFO - Saved URL: https://www.logic-immo.com/detail-vente-239356193.htm
2025-09-30 15:18:21,612 - INFO - Saved URL: https://www.logic-immo.com/detail-vente-244870697.htm
2025-09-30 15:18:21,614 - INFO - Saved URL: https://www.logic-immo.com/detail-vente-248387167.htm
2025-09-30 15:18:21,615 - INFO - Saved URL: https://www.logic-immo.com/detail-vente-236910991.htm
2025-09-30 15:18:21,617 - INFO - Saved URL: https://www.logic-immo.com/detail-vente-248387825.htm
2025-09-30 15:18:21,618 - INFO - Saved URL: https://www.logic-immo.com/detail-vente-248387837.htm
2025-09-30 15:18:21,620 - INFO - Saved URL: https://www.logic-immo.com/detail-vente-244893697.htm
2025-09-30 15:18:21,622 - INFO - Saved URL: https://www.logic-immo.com/detail-vente-250568945.htm
2025-09-30 15:18:21,623 - INFO - Saved URL: https://www.logic-immo.com/detail-vente-240163955.htm
2025-09-30 15:18:21,625 - INFO - Saved URL: https://www.logic-immo.com/detail-vente-241548051.htm
2025-09-30 15:18:21,627 - INFO - Saved URL: https://www.logic-immo.com/detail-vente-248637563.htm
2025-09-30 15:18:21,629 - INFO - Saved URL: https://www.logic-immo.com/detail-vente-249548089.htm
2025-09-30 15:18:21,630 - INFO - Saved URL: https://www.logic-immo.com/detail-vente-245015205.htm
2025-09-30 15:18:21,632 - INFO - Saved URL: https://www.logic-immo.com/detail-vente-249182365.htm
2025-09-30 15:18:21,633 - INFO - Saved URL: https://www.logic-immo.com/detail-vente-244393305.htm
2025-09-30 15:18:21,635 - INFO - Saved URL: https://www.logic-immo.com/detail-vente-240501259.htm
2025-09-30 15:18:21,637 - INFO - Saved URL: https://www.logic-immo.com/detail-vente-238199521.htm
2025-09-30 15:18:22,951 - INFO - Accessed https://www.logic-immo.com/classified-search?distributionTypes=Buy&estateTypes=House,Apartment&locations=AD08FR36790&priceMin=200000&projectTypes=Resale&m=homepage_relaunch_my_last_search_classified_search_result&page=7 - Status: 200
2025-09-30 15:18:24,122 - INFO - Found 27 URLs on current page
2025-09-30 15:18:24,124 - INFO - Saved URL: https://www.logic-immo.com/detail-vente-245815771.htm
2025-09-30 15:18:24,125 - INFO - Saved URL: https://www.logic-immo.com/detail-vente-238365711.htm
2025-09-30 15:18:24,126 - INFO - Saved URL: https://www.logic-immo.com/detail-vente-248502665.htm
2025-09-30 15:18:24,128 - INFO - Saved URL: https://www.logic-immo.com/detail-vente-249183993.htm
2025-09-30 15:18:24,129 - INFO - Saved URL: https://www.logic-immo.com/detail-vente-247907557.htm
2025-09-30 15:18:24,131 - INFO - Saved URL: https://www.logic-immo.com/detail-vente-240663723.htm
2025-09-30 15:18:24,133 - INFO - Saved URL: https://www.logic-immo.com/detail-vente-246170815.htm
2025-09-30 15:18:24,136 - INFO - Saved URL: https://www.logic-immo.com/detail-vente-245718009.htm
2025-09-30 15:18:24,138 - INFO - Saved URL: https://www.logic-immo.com/detail-vente-245428677.htm
2025-09-30 15:18:24,141 - INFO - Saved URL: https://www.logic-immo.com/detail-vente-244655039.htm
2025-09-30 15:18:24,143 - INFO - Saved URL: https://www.logic-immo.com/detail-vente-221522681.htm
2025-09-30 15:18:24,145 - INFO - Saved URL: https://www.logic-immo.com/detail-vente-246218109.htm
2025-09-30 15:18:24,147 - INFO - Saved URL: https://www.logic-immo.com/detail-vente-240410087.htm
2025-09-30 15:18:24,149 - INFO - Saved URL: https://www.logic-immo.com/detail-vente-239447535.htm
2025-09-30 15:18:24,151 - INFO - Saved URL: https://www.logic-immo.com/detail-vente-245451355.htm
2025-09-30 15:18:24,153 - INFO - Saved URL: https://www.lux-residence.com/redirect-to-ad/?id_annonce=235728509
2025-09-30 15:18:24,155 - INFO - Saved URL: https://www.logic-immo.com/detail-vente-248506537.htm
2025-09-30 15:18:24,157 - INFO - Saved URL: https://www.logic-immo.com/detail-vente-246387511.htm
2025-09-30 15:18:24,159 - INFO - Saved URL: https://www.logic-immo.com/detail-vente-249423823.htm
2025-09-30 15:18:24,161 - INFO - Saved URL: https://www.logic-immo.com/detail-vente-250804425.htm
2025-09-30 15:18:24,163 - INFO - Saved URL: https://www.logic-immo.com/detail-vente-241943417.htm
2025-09-30 15:18:24,165 - INFO - Saved URL: https://www.logic-immo.com/detail-vente-238968231.htm
2025-09-30 15:18:24,167 - INFO - Saved URL: https://www.logic-immo.com/detail-vente-236853551.htm
2025-09-30 15:18:24,170 - INFO - Saved URL: https://www.logic-immo.com/detail-vente-244594759.htm
2025-09-30 15:18:24,175 - INFO - Saved URL: https://www.logic-immo.com/detail-vente-245957483.htm
2025-09-30 15:18:24,179 - INFO - Saved URL: https://www.logic-immo.com/detail-vente-243612979.htm
2025-09-30 15:18:24,181 - INFO - Saved URL: https://www.logic-immo.com/detail-vente-235081539.htm
2025-09-30 15:18:26,026 - INFO - Accessed https://www.logic-immo.com/classified-search?distributionTypes=Buy&estateTypes=House,Apartment&locations=AD08FR36790&priceMin=200000&projectTypes=Resale&m=homepage_relaunch_my_last_search_classified_search_result&page=8 - Status: 200
2025-09-30 15:18:27,353 - INFO - Found 27 URLs on current page
2025-09-30 15:18:27,356 - INFO - Saved URL: https://www.logic-immo.com/detail-vente-215749947.htm
2025-09-30 15:18:27,357 - INFO - Saved URL: https://www.logic-immo.com/detail-vente-237044637.htm
2025-09-30 15:18:27,359 - INFO - Saved URL: https://www.logic-immo.com/detail-vente-249169427.htm
2025-09-30 15:18:27,361 - INFO - Saved URL: https://www.logic-immo.com/detail-vente-247503391.htm
2025-09-30 15:18:27,363 - INFO - Saved URL: https://www.logic-immo.com/detail-vente-243076471.htm
2025-09-30 15:18:27,368 - INFO - Saved URL: https://www.logic-immo.com/detail-vente-244870975.htm
2025-09-30 15:18:27,371 - INFO - Saved URL: https://www.logic-immo.com/detail-vente-243597947.htm
2025-09-30 15:18:27,374 - INFO - Saved URL: https://www.logic-immo.com/detail-vente-248387805.htm
2025-09-30 15:18:27,377 - INFO - Saved URL: https://www.logic-immo.com/detail-vente-218936709.htm
2025-09-30 15:18:27,380 - INFO - Saved URL: https://www.logic-immo.com/detail-vente-239123501.htm
2025-09-30 15:18:27,382 - INFO - Saved URL: https://www.logic-immo.com/detail-vente-165128569.htm
2025-09-30 15:18:27,384 - INFO - Saved URL: https://www.logic-immo.com/detail-vente-250274065.htm
2025-09-30 15:18:27,386 - INFO - Saved URL: https://www.logic-immo.com/detail-vente-248491209.htm
2025-09-30 15:18:27,388 - INFO - Saved URL: https://www.logic-immo.com/detail-vente-244820059.htm
2025-09-30 15:18:27,390 - INFO - Saved URL: https://www.logic-immo.com/detail-vente-250643651.htm
2025-09-30 15:18:27,392 - INFO - Saved URL: https://www.logic-immo.com/detail-vente-248462155.htm
2025-09-30 15:18:27,394 - INFO - Saved URL: https://www.logic-immo.com/detail-vente-247543441.htm
2025-09-30 15:18:27,396 - INFO - Saved URL: https://www.logic-immo.com/detail-vente-242772335.htm
2025-09-30 15:18:27,402 - INFO - Saved URL: https://www.logic-immo.com/detail-vente-235988599.htm
2025-09-30 15:18:27,407 - INFO - Saved URL: https://www.logic-immo.com/detail-vente-249628277.htm
2025-09-30 15:18:27,410 - INFO - Saved URL: https://www.logic-immo.com/detail-vente-241411139.htm
2025-09-30 15:18:27,413 - INFO - Saved URL: https://www.logic-immo.com/detail-vente-234950409.htm
2025-09-30 15:18:27,415 - INFO - Saved URL: https://www.logic-immo.com/detail-vente-237147167.htm
2025-09-30 15:18:27,418 - INFO - Saved URL: https://www.logic-immo.com/detail-vente-248905569.htm
2025-09-30 15:18:27,420 - INFO - Saved URL: https://www.logic-immo.com/detail-vente-249240677.htm
2025-09-30 15:18:27,422 - INFO - Saved URL: https://www.logic-immo.com/detail-vente-241574505.htm
2025-09-30 15:18:27,425 - INFO - Saved URL: https://www.logic-immo.com/detail-vente-249268157.htm
2025-09-30 15:18:27,920 - INFO - Crawling finished.
