Overview
Today's session involved completing Aldi UK feasibility analysis, addressing data corrections in Matalan ME, and initiating Aldi development with immediate progress on category crawler implementation. 


Aldi UK Feasibility Continuation:

    Continued comprehensive feasibility assessment for Aldi UK
    Analyzed site structure, technical complexity, and data accessibility
    Evaluated supermarket-specific challenges and requirements
    Documented implementation considerations and recommendations

Task Status & Data Correction Meeting:

    Discussed current project status and priorities
    Addressed data correction requirements for Matalan ME project
    Clarified quality standards and correction procedures
    Aligned on timelines and delivery commitments

Feasibility Completion & Workflow Creation:

    Finalized Aldi UK feasibility analysis
    Created comprehensive project workflow documentation
    Developed implementation roadmap and risk assessment
    Prepared project greenlight approval and documentation


Aldi Development Initiation:

    Started active development for Aldi UK project
    Set up project structure and development environment
    Implemented standard architecture and coding practices
    Began rapid development execution

Category Crawler Completion:

    Successfully developed and completed category crawler
    Implemented robust navigation for supermarket categories
    Established product discovery and URL collection mechanisms
    Verified functionality and error handling

126-Field Requirements Analysis:

    Conducted comprehensive analysis of 126-field requirements
    Mapped available data fields against project specifications
    Identified extraction challenges and implementation approaches
    Documented field availability and data quality considerations

Tasks Completion Status
1. Aldi UK Feasibility
Status: COMPLETED

