Overview
Today's session involved completing the Lulu Hypermarket feasibility analysis and conducting a comprehensive review of coding methodologies used in recent development tasks. The focus shifted from project execution to knowledge consolidation and process improvement.


Lulu Hypermarket Feasibility Analysis

 - Conducted comprehensive assessment of the Qatar-based hypermarket 
 - Analyzed site structure, technical complexity, and data accessibility
 - Evaluated regional considerations and market-specific challenges
 - Documented implementation feasibility and recommendations

Feasibility Completion:

 - Finalized Lulu Hypermarket feasibility report
 - Confirmed technical viability with specific considerations

Coding Methodology Review:

 - Conducted systematic analysis of coding approaches from recent projects
 - Reviewed architectural patterns and design decisions
 - Documented successful implementation strategies
 - Identified best practices and optimization opportunities

Tasks Completion Status:
1. Lulu Hypermarket Feasibility
Status: COMPLETED

  - Comprehensive technical assessment finalized

2. Coding Methodology Analysis
Status: COMPLETED

 - Recent development approaches systematically reviewed
 - Best practices and patterns documented

