Overview:
Today's session focused on continuing the crawler development for the new task, with significant progress made. The crawler implementation was completed, and parser development is now actively underway.


Crawler Development Continuation:

- Enhanced crawler architecture with improved navigation logic
- Implemented pagination handling for comprehensive data collection


Daily Meeting:

- Discussed crawler development progress and challenges
- Reviewed implementation approach and technical decisions


Crawler Completion:

- Finalized crawler implementation with all planned features
- Conducted testing and validation of crawling functionality

Parser Development Initiation:

- Started parser implementation with foundational structures
- Defined data extraction patterns and selectors
- Implemented initial parsing logic for core data fields

Tasks Status:
Crawler Development: COMPLETED

- Full website navigation implemented
- Pagination handling for complete data coverage

Parser Development: IN PROGRESS

- Base parser structure implemented
- Core data field extraction in development

