Overview:
Today's session focused on comprehensive quality assurance for the Matalan ME project, including data export verification, QA checklist development, issue resolution, and process improvement. 

Matalan ME Data Export Execution:

    Conducted final data export from Matalan Middle East project
    Verified export completeness and file integrity
    Ensured all data transformation processes function correctly
    Confirmed export formats meet client requirements

Task Status & Responsibilities Meeting:

    Discussed current project status and progress
    Clarified team responsibilities and task assignments
    Reviewed timelines and delivery commitments
    Aligned on quality standards and expectations

QA Checklist Creation - Matalan ME:

    Developed comprehensive QA checklist specific to Matalan ME project
    Documented testing criteria, validation procedures, and acceptance standards
    Established quality benchmarks and performance metrics
    Created reusable QA framework for similar projects

QA Checking Implementation:

    Conducted systematic QA checking using the developed checklist
    Performed thorough testing of all project components
    Documented findings, issues, and improvement opportunities
    Verified compliance with quality standards

QA Issue Resolution - Matalan ME:

    Addressed and fixed issues raised during QA checking
    Implemented corrective actions and improvements
    Enhanced data quality and system reliability
    Verified issue resolution effectiveness

Fixed Data Export & Testing:

    Re-executed data export with implemented fixes
    Conducted comprehensive testing of corrected functionality
    Verified all QA issues are properly resolved
    Confirmed production readiness of updated system


Tasks Completion Status
1. Matalan ME Data Export
Status: COMPLETED

2. QA Checklist Development
Status: COMPLETED

3. QA Checking & Issue Resolution
Status: COMPLETED


