Overview
Today's session focused on workflow documentation, personal development guidance, and overcoming technical challenges in feasibility analysis. Despite encountering heavy bot detection on NAPA Online, 


JCPenney Feasibility Workflow Creation:

    Developed comprehensive workflow documentation
    Created standardized assessment templates and procedures
    Documented decision criteria and evaluation methodology
    Established reusable framework for department store platforms

Daily Task Update Meeting:

    Discussed current project status and progress
    Reviewed workflow documentation achievements
    Addressed quality standards and process improvements
    Aligned on priorities and upcoming deliverables

Feasibility Workflow Completion:

    Finalized comprehensive workflow documentation
    Enhanced standardization and process efficiency
    Created reusable templates for future assessments
    Delivered complete workflow framework

Personal Guidance & Improvement Meeting:

    Received constructive feedback on professional development
    Discussed technical skill enhancement opportunities
    Planned personal growth and capability development

NAPA Online Feasibility Continuation

    Resumed feasibility analysis for automotive parts platform
    Implemented alternative assessment approaches
    Worked around technical barriers with creative solutions
    Continued comprehensive site evaluation

NAPA Online Feasibility Completion:

    Successfully completed feasibility despite technical challenges
    Documented heavy bot detection and accessibility issues
    Provided detailed technical barrier analysis
    Delivered comprehensive feasibility assessment

Feasibility Correction & Clarification Meeting:

    Discussed NAPA Online feasibility findings and corrections
    Addressed technical challenges and assessment methodology
    Clarified feasibility documentation requirements
    Enhanced understanding of complex site assessments

NAPA Online Feasibility Sheet Update:

    Updated feasibility documentation with corrected findings
    Delivered finalized feasibility 


Tasks Completion Status:
1. JCPenney Workflow Documentation
Status: COMPLETED

2. NAPA Online Feasibility
Status: COMPLETED



