Overview:
Today's session focused on client communication, data quality assurance, and implementing client-requested changes. The day involved exporting and testing data, creating client feedback reports, and conducting comprehensive QA checks across multiple projects.


Matalan ME Data Export & Testing:

    Conducted comprehensive data export from Matalan project
    Performed thorough testing of exported data quality and accuracy
    Verified data formats, completeness, and structural integrity
    Ensured all export functionality meets production standards

Mentor Meeting - Client Report Discussion:

    Discussed client report requirements and expectations
    Reviewed project progress and deliverables for client communication
    Addressed client-specific reporting formats and content requirements
    Planned feedback structure and presentation approach

Client Feedback Report Creation:

    Created comprehensive feedback report for client review
    Documented project progress, achievements, and deliverables
    Prepared data quality metrics and performance indicators
    Developed recommendations and next steps for client consideration

Client Report Meeting:

    Conducted meeting to review and finalize client report
    Discussed report content, structure, and presentation
    Addressed client communication strategy and timeline
    Finalized report for client delivery

Aqar Data Updates - Client Requirements:

    Implemented client-requested changes to Aqar project data
    Updated data structures, formats, and content as per client specifications
    Enhanced data validation and quality assurance procedures
    Verified all client requirements are properly addressed

Task Clarification Meeting:

    Conducted meeting to clarify task requirements and expectations
    Addressed technical doubts and implementation questions
    Received guidance on complex data handling requirements
    Clarified quality standards and delivery timelines

Data Export & Testing Continuation:

    Continued comprehensive data export and testing procedures
    Validated updated data quality and accuracy
    Ensured all client requirements are properly implemented
    Verified production readiness of updated data

Nawy Project QA Checking - Data Focus:

    Conducted focused QA checking on Nawy project data
    Verified data accuracy, completeness, and consistency
    Validated data transformation and export procedures
    Ensured all data quality standards are met

Tasks Completion Status:
1. Matalan ME Data Export & Testing
Status: COMPLETED

2. Client Communication & Reporting
Status: COMPLETED

