Overview
Today's session involved continuous learning in Python debugging, managing multiple sample data extraction tasks, personal development guidance, and quality assurance activities. 

MPreis Sample Data Extraction:

    Continued sample data extraction from Austrian retailer platform
    Enhanced extraction accuracy and data quality
    Verified extracted data against quality standards
    Optimized extraction procedures for efficiency

Python Debugging Learning:

    Studied advanced debugging techniques and methodologies
    Practiced systematic problem-solving approaches
    Enhanced understanding of debugging tools and best practices
    Applied learning to current development challenges

Current Task & Doubt Clarification Meeting:

    Discussed ongoing projects and technical challenges
    Clarified implementation approaches and quality requirements
    Addressed specific technical doubts and questions
    Aligned on priorities and delivery expectations

New Task Assignment - Hemmings Sample Data Extraction:

    Received new task for classic automotive marketplace
    Started planning and approach definition
    Initiated sample data extraction preparation

Hemmings Sample Data Extraction Continuation:

    Continued development and execution of sample extraction
    Implemented specialized extraction for automotive listings
    Worked on vehicle-specific data field extraction
    Maintained quality standards throughout process

Personal Improvement General Meeting:

    Discussed professional development and skill enhancement
    Addressed areas for personal growth and capability building
    Received guidance on career development and technical advancement
    Planned improvement strategies and learning paths

Extracted Data Correction:

    Conducted systematic correction of extracted data
    Addressed data quality issues and inaccuracies
    Enhanced data validation and cleaning procedures
    Verified correction effectiveness and data accuracy

New Task Assignment - Wasalt QA Checking:

    Received quality assurance task for existing data
    Started systematic QA checking procedures
    Initiated data validation and quality verification
    Began documentation of QA findings and recommendations

Tasks Completion Status
MPreis Sample Extraction
Status: CONTINUING & ENHANCING

Hemmings Sample Extraction
Status: IN PROGRESS

Personal Development
Status: ADVANCED

Wasalt QA Checking
Status: INITIATED
