 Overview
Today's session marked significant progress with the completion of FatFace code updates and the successful initiation of OfficeDepot development. 

FatFace Code Updates Completion:

 - Finalized all mentor-requested improvements and optimizations
 - Completed testing of enhanced category and product crawlers

Office Depot Development Initiation:

 - Started development for Office Depot project
 - Set up project structure following established standards
 - Implemented base crawler architecture for large-scale operations

Office Depot Crawler Development Continuation:

 - Continued active development of crawler component
 - Implemented category navigation and discovery logic
 - Worked on pagination handling for extensive product catalogs


Tasks Completion Status
1. FatFace Code Updates
Status: COMPLETED

 - All architectural improvements implemented
 - Category and product crawlers optimized

2. Office Depot Development
Status: IN PROGRESS

 - crawler development completed
 - parser development in progress
