Overview
Today's session demonstrated exceptional efficiency with completion of Coyote ClasThe day showcased remarkable productivity across multiple projects.


Coyote Classics Feasibility Completion:

 - Finalized comprehensive feasibility assessment
 - Confirmed technical viability for classic automotive site

Coyote Classics Development Initiation:

 - Started development after feasibility approval
 - Set up project structure and implementation framework
 - Began rapid development of crawler and parser components

Coyote Classics Development Completion:

 - Successfully completed crawler development
 - Finalized parser implementation
 - Conducted data extraction and testing

New Task Assigned - Qatar E-commerce:

 - Received new project for Qatar-based e-commerce platform
 - Started feasibility analysis for https://qcc.luuhvpermarkel.comen.ae
 - Initiated site structure analysis

Tasks Completion Status:
1. Coyote Classics Feasibility
Status: COMPLETED

2. Coyote Classics Development
Status: COMPLETED

3. Qatar E-commerce Feasibility
Status: INITIATED

