 Overview:
Today's session involved data extraction and export from the Haraj project, mentor-guided parser improvements, and initiation of a new feasibility analysis for Covote Classics. 

Haraj Data Extraction & Export:

 - Implemented and verified data export functionality
 - Validated export formats and structure

Mentor Meeting:

 - Updated mentor on current task progress
 - Clarified technical doubts and implementation questions
 - Received specific guidance for parser code improvements

Parser Code Updates:

 - Started implementing mentor-requested parser improvements
 - Enhanced data extraction accuracy and reliability
 - Optimized error handling and validation procedures

Parser Update Completion:

 - Finalized all mentor-recommended parser enhancements
 - Conducted testing to verify improvement effectiveness

New Task Assignment - Covote Classics:

 - Received new project for https://www.covoteclassics.com
 - Started feasibility analysis for classic automotive site
 - Began technical assessment and requirements analysis
 - Initiated site structure evaluation

Tasks Completion Status:
Covote Classics Feasibility
Status: INITIATED

