2025-09-22 13:15:37,764 [INFO] patching driver executable /home/vishnuvj/.local/share/undetected_chromedriver/undetected_chromedriver
2025-09-22 13:15:39,088 [INFO] Opening roster page: https://www.intero.com/roster/agents
2025-09-22 13:15:42,518 [INFO] Waiting 5s for initial load
2025-09-22 13:15:49,856 [INFO] Found 19 new agents
2025-09-22 13:15:49,882 [INFO] Saved https://www.intero.com/bio/jambriz
2025-09-22 13:15:49,884 [INFO] Saved https://www.intero.com/bio/mam0737
2025-09-22 13:15:49,886 [INFO] Saved https://www.intero.com/bio/efaravelli
2025-09-22 13:15:49,888 [INFO] Saved https://www.intero.com/bio/eumana
2025-09-22 13:15:49,890 [INFO] Saved https://www.intero.com/bio/lpirouzi
2025-09-22 13:15:49,892 [INFO] Saved https://www.intero.com/bio/alicebidel
2025-09-22 13:15:49,893 [INFO] Saved https://www.intero.com/bio/mdoutt
2025-09-22 13:15:49,894 [INFO] Saved https://www.intero.com/bio/ayen
2025-09-22 13:15:49,895 [INFO] Saved https://www.intero.com/bio/reynam
2025-09-22 13:15:49,897 [INFO] Saved https://www.intero.com/bio/jdodds
2025-09-22 13:15:49,898 [INFO] Saved https://www.intero.com/bio/madame
2025-09-22 13:15:49,899 [INFO] Saved https://www.intero.com/bio/hemalakhani
2025-09-22 13:15:49,901 [INFO] Saved https://www.intero.com/bio/chugo
2025-09-22 13:15:49,902 [INFO] Saved https://www.intero.com/bio/kmeyer
2025-09-22 13:15:49,904 [INFO] Saved https://www.intero.com/bio/grabe
2025-09-22 13:15:49,905 [INFO] Saved https://www.intero.com/bio/bmcdermott
2025-09-22 13:15:49,907 [INFO] Saved https://www.intero.com/bio/jverma
2025-09-22 13:15:49,908 [INFO] Saved https://www.intero.com/bio/tomi
2025-09-22 13:15:49,910 [INFO] Saved https://www.intero.com/bio/rpaige
2025-09-22 13:15:52,370 [INFO] Found 10 new agents
2025-09-22 13:15:52,372 [INFO] Saved https://www.intero.com/bio/tsilvas
2025-09-22 13:15:52,374 [INFO] Saved https://www.intero.com/bio/spanahi
2025-09-22 13:15:52,375 [INFO] Saved https://www.intero.com/bio/egarcia
2025-09-22 13:15:52,376 [INFO] Saved https://www.intero.com/bio/stav
2025-09-22 13:15:52,378 [INFO] Saved https://www.intero.com/bio/jengstrom
2025-09-22 13:15:52,380 [INFO] Saved https://www.intero.com/bio/dbrinkerhoff
2025-09-22 13:15:52,382 [INFO] Saved https://www.intero.com/bio/tuanlin
2025-09-22 13:15:52,383 [INFO] Saved https://www.intero.com/bio/bjoslyn
2025-09-22 13:15:52,386 [INFO] Saved https://www.intero.com/bio/blai
2025-09-22 13:15:52,388 [INFO] Saved https://www.intero.com/bio/roshank
2025-09-22 13:15:55,021 [INFO] Found 9 new agents
2025-09-22 13:15:55,024 [INFO] Saved https://www.intero.com/bio/DeanG
2025-09-22 13:15:55,026 [INFO] Saved https://www.intero.com/bio/teamcastrovalley
2025-09-22 13:15:55,028 [INFO] Saved https://www.intero.com/bio/jhanson
2025-09-22 13:15:55,031 [INFO] Saved https://www.intero.com/bio/claire
2025-09-22 13:15:55,033 [INFO] Saved https://www.intero.com/bio/jdoak
2025-09-22 13:15:55,036 [INFO] Saved https://www.intero.com/bio/surjit
2025-09-22 13:15:55,041 [INFO] Saved https://www.intero.com/bio/mborbet
2025-09-22 13:15:55,043 [INFO] Saved https://www.intero.com/bio/yujiroeto
2025-09-22 13:15:55,044 [INFO] Saved https://www.intero.com/bio/tjtognoli
2025-09-22 13:15:58,237 [INFO] Found 9 new agents
2025-09-22 13:15:58,244 [INFO] Saved https://www.intero.com/bio/tcen
2025-09-22 13:15:58,246 [INFO] Saved https://www.intero.com/bio/aheerey
2025-09-22 13:15:58,248 [INFO] Saved https://www.intero.com/bio/mabalos
2025-09-22 13:15:58,250 [INFO] Saved https://www.intero.com/bio/jerryz
2025-09-22 13:15:58,253 [INFO] Saved https://www.intero.com/bio/alacunza2
2025-09-22 13:15:58,254 [INFO] Saved https://www.intero.com/bio/vtalari
2025-09-22 13:15:58,256 [INFO] Saved https://www.intero.com/bio/juanbarraganrealestate
2025-09-22 13:15:58,259 [INFO] Saved https://www.intero.com/bio/tdikun
2025-09-22 13:15:58,261 [INFO] Saved https://www.intero.com/bio/dbyrne2
2025-09-22 13:16:01,199 [INFO] Found 10 new agents
2025-09-22 13:16:01,202 [INFO] Saved https://www.intero.com/bio/lmantirraju
2025-09-22 13:16:01,204 [INFO] Saved https://www.intero.com/bio/nsharma
2025-09-22 13:16:01,206 [INFO] Saved https://www.intero.com/bio/asharma
2025-09-22 13:16:01,209 [INFO] Saved https://www.intero.com/bio/aandrade
2025-09-22 13:16:01,211 [INFO] Saved https://www.intero.com/bio/jdarosa
2025-09-22 13:16:01,213 [INFO] Saved https://www.intero.com/bio/asouthivong
2025-09-22 13:16:01,215 [INFO] Saved https://www.intero.com/bio/tviscomi
2025-09-22 13:16:01,217 [INFO] Saved https://www.intero.com/bio/nickbadwal
2025-09-22 13:16:01,219 [INFO] Saved https://www.intero.com/bio/ymeng
2025-09-22 13:16:01,221 [INFO] Saved https://www.intero.com/bio/dneuhaus
2025-09-22 13:16:04,296 [INFO] Found 9 new agents
2025-09-22 13:16:04,298 [INFO] Saved https://www.intero.com/bio/brendanc
2025-09-22 13:16:04,300 [INFO] Saved https://www.intero.com/bio/jbeltran
2025-09-22 13:16:04,301 [INFO] Saved https://www.intero.com/bio/kcapurso
2025-09-22 13:16:04,303 [INFO] Saved https://www.intero.com/bio/jalves
2025-09-22 13:16:04,304 [INFO] Saved https://www.intero.com/bio/gretchen
2025-09-22 13:16:04,306 [INFO] Saved https://www.intero.com/bio/emeir
2025-09-22 13:16:04,307 [INFO] Saved https://www.intero.com/bio/andytse
2025-09-22 13:16:04,308 [INFO] Saved https://www.intero.com/bio/dcuevas
2025-09-22 13:16:04,310 [INFO] Saved https://www.intero.com/bio/traviscampbell
2025-09-22 13:16:07,446 [INFO] Found 10 new agents
2025-09-22 13:16:07,448 [INFO] Saved https://www.intero.com/bio/rmiller
2025-09-22 13:16:07,450 [INFO] Saved https://www.intero.com/bio/bparks
2025-09-22 13:16:07,452 [INFO] Saved https://www.intero.com/bio/jgardner
2025-09-22 13:16:07,454 [INFO] Saved https://www.intero.com/bio/tthach
2025-09-22 13:16:07,455 [INFO] Saved https://www.intero.com/bio/narunachalam
2025-09-22 13:16:07,458 [INFO] Saved https://www.intero.com/bio/pamela
2025-09-22 13:16:07,460 [INFO] Saved https://www.intero.com/bio/andrescott
2025-09-22 13:16:07,461 [INFO] Saved https://www.intero.com/bio/mtahsini
2025-09-22 13:16:07,463 [INFO] Saved https://www.intero.com/bio/fventura
2025-09-22 13:16:07,465 [INFO] Saved https://www.intero.com/bio/mtse
2025-09-22 13:16:10,887 [INFO] Found 10 new agents
2025-09-22 13:16:10,889 [INFO] Saved https://www.intero.com/bio/nanderson
2025-09-22 13:16:10,891 [INFO] Saved https://www.intero.com/bio/aalejandro
2025-09-22 13:16:10,894 [INFO] Saved https://www.intero.com/bio/mbrasil
2025-09-22 13:16:10,896 [INFO] Saved https://www.intero.com/bio/gnasol
2025-09-22 13:16:10,898 [INFO] Saved https://www.intero.com/bio/shicks
2025-09-22 13:16:10,900 [INFO] Saved https://www.intero.com/bio/skuo
2025-09-22 13:16:10,902 [INFO] Saved https://www.intero.com/bio/dcamp
2025-09-22 13:16:10,903 [INFO] Saved https://www.intero.com/bio/tpaulino
2025-09-22 13:16:10,904 [INFO] Saved https://www.intero.com/bio/alpanasharma
2025-09-22 13:16:10,907 [INFO] Saved https://www.intero.com/bio/arall
2025-09-22 13:16:14,401 [INFO] Found 10 new agents
2025-09-22 13:16:14,404 [INFO] Saved https://www.intero.com/bio/nadil
2025-09-22 13:16:14,406 [INFO] Saved https://www.intero.com/bio/yvonneandjeff
2025-09-22 13:16:14,409 [INFO] Saved https://www.intero.com/bio/chudson2140
2025-09-22 13:16:14,412 [INFO] Saved https://www.intero.com/bio/aloveless
2025-09-22 13:16:14,414 [INFO] Saved https://www.intero.com/bio/sjohl
2025-09-22 13:16:14,417 [INFO] Saved https://www.intero.com/bio/jschrup
2025-09-22 13:16:14,419 [INFO] Saved https://www.intero.com/bio/jantolin
2025-09-22 13:16:14,421 [INFO] Saved https://www.intero.com/bio/arao
2025-09-22 13:16:14,423 [INFO] Saved https://www.intero.com/bio/aortega2
2025-09-22 13:16:14,425 [INFO] Saved https://www.intero.com/bio/ebeja
2025-09-22 13:16:17,878 [INFO] Found 10 new agents
2025-09-22 13:16:17,879 [INFO] Saved https://www.intero.com/bio/mbeach
2025-09-22 13:16:17,881 [INFO] Saved https://www.intero.com/bio/teddy
2025-09-22 13:16:17,882 [INFO] Saved https://www.intero.com/bio/egutierrez
2025-09-22 13:16:17,883 [INFO] Saved https://www.intero.com/bio/geraldinea
2025-09-22 13:16:17,884 [INFO] Saved https://www.intero.com/bio/slopes
2025-09-22 13:16:17,886 [INFO] Saved https://www.intero.com/bio/bryan2
2025-09-22 13:16:17,888 [INFO] Saved https://www.intero.com/bio/onwamuo
2025-09-22 13:16:17,889 [INFO] Saved https://www.intero.com/bio/dmarcucci
2025-09-22 13:16:17,891 [INFO] Saved https://www.intero.com/bio/sukhirea
2025-09-22 13:16:17,893 [INFO] Saved https://www.intero.com/bio/mluan
2025-09-22 13:16:21,692 [INFO] Found 9 new agents
2025-09-22 13:16:21,694 [INFO] Saved https://www.intero.com/bio/lolettawong
2025-09-22 13:16:21,695 [INFO] Saved https://www.intero.com/bio/davido
2025-09-22 13:16:21,696 [INFO] Saved https://www.intero.com/bio/zsit
2025-09-22 13:16:21,697 [INFO] Saved https://www.intero.com/bio/rpaz
2025-09-22 13:16:21,699 [INFO] Saved https://www.intero.com/bio/joepink
2025-09-22 13:16:21,700 [INFO] Saved https://www.intero.com/bio/aarekat
2025-09-22 13:16:21,701 [INFO] Saved https://www.intero.com/bio/sesposito
2025-09-22 13:16:21,702 [INFO] Saved https://www.intero.com/bio/larrys
2025-09-22 13:16:21,703 [INFO] Saved https://www.intero.com/bio/seanb
2025-09-22 13:16:25,706 [INFO] Found 9 new agents
2025-09-22 13:16:25,708 [INFO] Saved https://www.intero.com/bio/hliu
2025-09-22 13:16:25,710 [INFO] Saved https://www.intero.com/bio/bmiller
2025-09-22 13:16:25,712 [INFO] Saved https://www.intero.com/bio/sgolkar
2025-09-22 13:16:25,714 [INFO] Saved https://www.intero.com/bio/joshuar
2025-09-22 13:16:25,716 [INFO] Saved https://www.intero.com/bio/etirado
2025-09-22 13:16:25,718 [INFO] Saved https://www.intero.com/bio/aceballos
2025-09-22 13:16:25,719 [INFO] Saved https://www.intero.com/bio/dominicnicoli
2025-09-22 13:16:25,722 [INFO] Saved https://www.intero.com/bio/crisjackson
2025-09-22 13:16:25,724 [INFO] Saved https://www.intero.com/bio/lenak
2025-09-22 13:16:29,958 [INFO] Found 10 new agents
2025-09-22 13:16:29,960 [INFO] Saved https://www.intero.com/bio/mgarcia
2025-09-22 13:16:29,961 [INFO] Saved https://www.intero.com/bio/evaandtina
2025-09-22 13:16:29,962 [INFO] Saved https://www.intero.com/bio/bpereira
2025-09-22 13:16:29,963 [INFO] Saved https://www.intero.com/bio/atrembois
2025-09-22 13:16:29,965 [INFO] Saved https://www.intero.com/bio/mdapolito
2025-09-22 13:16:29,966 [INFO] Saved https://www.intero.com/bio/khong
2025-09-22 13:16:29,968 [INFO] Saved https://www.intero.com/bio/kennethn
2025-09-22 13:16:29,969 [INFO] Saved https://www.intero.com/bio/akausar
2025-09-22 13:16:29,971 [INFO] Saved https://www.intero.com/bio/nliang
2025-09-22 13:16:29,972 [INFO] Saved https://www.intero.com/bio/bill
2025-09-22 13:16:34,302 [INFO] Found 9 new agents
2025-09-22 13:16:34,309 [INFO] Saved https://www.intero.com/bio/filipm
2025-09-22 13:16:34,312 [INFO] Saved https://www.intero.com/bio/jkevins
2025-09-22 13:16:34,314 [INFO] Saved https://www.intero.com/bio/tli
2025-09-22 13:16:34,317 [INFO] Saved https://www.intero.com/bio/jovanicastillo
2025-09-22 13:16:34,318 [INFO] Saved https://www.intero.com/bio/kpierce
2025-09-22 13:16:34,320 [INFO] Saved https://www.intero.com/bio/kgrewal
2025-09-22 13:16:34,322 [INFO] Saved https://www.intero.com/bio/mfike
2025-09-22 13:16:34,324 [INFO] Saved https://www.intero.com/bio/gabbyr
2025-09-22 13:16:34,327 [INFO] Saved https://www.intero.com/bio/jkunz
2025-09-22 13:16:38,862 [INFO] Found 10 new agents
2025-09-22 13:16:38,865 [INFO] Saved https://www.intero.com/bio/moon
2025-09-22 13:16:38,867 [INFO] Saved https://www.intero.com/bio/scottadcocktn
2025-09-22 13:16:38,868 [INFO] Saved https://www.intero.com/bio/jstege
2025-09-22 13:16:38,870 [INFO] Saved https://www.intero.com/bio/ttran
2025-09-22 13:16:38,871 [INFO] Saved https://www.intero.com/bio/nicoligroup
2025-09-22 13:16:38,874 [INFO] Saved https://www.intero.com/bio/lcademas
2025-09-22 13:16:38,877 [INFO] Saved https://www.intero.com/bio/smishra
2025-09-22 13:16:38,881 [INFO] Saved https://www.intero.com/bio/jwilson
2025-09-22 13:16:38,887 [INFO] Saved https://www.intero.com/bio/psezer
2025-09-22 13:16:38,889 [INFO] Saved https://www.intero.com/bio/ddali
2025-09-22 13:16:43,374 [INFO] Found 9 new agents
2025-09-22 13:16:43,381 [INFO] Saved https://www.intero.com/bio/jneves
2025-09-22 13:16:43,384 [INFO] Saved https://www.intero.com/bio/aorozco
2025-09-22 13:16:43,386 [INFO] Saved https://www.intero.com/bio/wcrawford
2025-09-22 13:16:43,388 [INFO] Saved https://www.intero.com/bio/jballard
2025-09-22 13:16:43,392 [INFO] Saved https://www.intero.com/bio/joyenuga
2025-09-22 13:16:43,394 [INFO] Saved https://www.intero.com/bio/michellesmith
2025-09-22 13:16:43,396 [INFO] Saved https://www.intero.com/bio/ttakapu
2025-09-22 13:16:43,397 [INFO] Saved https://www.intero.com/bio/galbakian
2025-09-22 13:16:43,399 [INFO] Saved https://www.intero.com/bio/jhopkins
2025-09-22 13:16:47,978 [INFO] Found 9 new agents
2025-09-22 13:16:47,986 [INFO] Saved https://www.intero.com/bio/hcrane
2025-09-22 13:16:47,988 [INFO] Saved https://www.intero.com/bio/ekeylin
2025-09-22 13:16:47,990 [INFO] Saved https://www.intero.com/bio/lbrigantino
2025-09-22 13:16:47,992 [INFO] Saved https://www.intero.com/bio/mattwellerca
2025-09-22 13:16:47,995 [INFO] Saved https://www.intero.com/bio/scottirealtor
2025-09-22 13:16:47,997 [INFO] Saved https://www.intero.com/bio/mhowell
2025-09-22 13:16:47,999 [INFO] Saved https://www.intero.com/bio/dvasa
2025-09-22 13:16:48,001 [INFO] Saved https://www.intero.com/bio/gbangalore
2025-09-22 13:16:48,003 [INFO] Saved https://www.intero.com/bio/jrong
2025-09-22 13:16:52,972 [INFO] Found 10 new agents
2025-09-22 13:16:52,979 [INFO] Saved https://www.intero.com/bio/dchon
2025-09-22 13:16:52,981 [INFO] Saved https://www.intero.com/bio/wsaltos
2025-09-22 13:16:52,983 [INFO] Saved https://www.intero.com/bio/hburke
2025-09-22 13:16:52,985 [INFO] Saved https://www.intero.com/bio/ruthbenvenuto
2025-09-22 13:16:52,987 [INFO] Saved https://www.intero.com/bio/ccashen
2025-09-22 13:16:52,990 [INFO] Saved https://www.intero.com/bio/ctownsend
2025-09-22 13:16:52,992 [INFO] Saved https://www.intero.com/bio/dzaro
2025-09-22 13:16:52,995 [INFO] Saved https://www.intero.com/bio/ztornquist
2025-09-22 13:16:52,998 [INFO] Saved https://www.intero.com/bio/apanwar
2025-09-22 13:16:53,000 [INFO] Saved https://www.intero.com/bio/ghanamoto
2025-09-22 13:16:57,914 [INFO] Found 9 new agents
2025-09-22 13:16:57,922 [INFO] Saved https://www.intero.com/bio/sascencio
2025-09-22 13:16:57,925 [INFO] Saved https://www.intero.com/bio/nsilva
2025-09-22 13:16:57,927 [INFO] Saved https://www.intero.com/bio/zmahan
2025-09-22 13:16:57,929 [INFO] Saved https://www.intero.com/bio/charlenes
2025-09-22 13:16:57,931 [INFO] Saved https://www.intero.com/bio/smalek
2025-09-22 13:16:57,934 [INFO] Saved https://www.intero.com/bio/rdelacruz
2025-09-22 13:16:57,937 [INFO] Saved https://www.intero.com/bio/lisathompsonteam
2025-09-22 13:16:57,939 [INFO] Saved https://www.intero.com/bio/csalazar
2025-09-22 13:16:57,941 [INFO] Saved https://www.intero.com/bio/andres2
2025-09-22 13:17:03,117 [INFO] Found 10 new agents
2025-09-22 13:17:03,124 [INFO] Saved https://www.intero.com/bio/srao
2025-09-22 13:17:03,127 [INFO] Saved https://www.intero.com/bio/mmakhijani
2025-09-22 13:17:03,129 [INFO] Saved https://www.intero.com/bio/sanazs
2025-09-22 13:17:03,131 [INFO] Saved https://www.intero.com/bio/pcoronejo
2025-09-22 13:17:03,133 [INFO] Saved https://www.intero.com/bio/alexanderho
2025-09-22 13:17:03,134 [INFO] Saved https://www.intero.com/bio/hcunningham
2025-09-22 13:17:03,136 [INFO] Saved https://www.intero.com/bio/wpollard
2025-09-22 13:17:03,137 [INFO] Saved https://www.intero.com/bio/mwilhite
2025-09-22 13:17:03,139 [INFO] Saved https://www.intero.com/bio/msantini
2025-09-22 13:17:03,140 [INFO] Saved https://www.intero.com/bio/hquach
2025-09-22 13:17:09,182 [INFO] Found 10 new agents
2025-09-22 13:17:09,184 [INFO] Saved https://www.intero.com/bio/tgieseker
2025-09-22 13:17:09,185 [INFO] Saved https://www.intero.com/bio/ccolliver
2025-09-22 13:17:09,187 [INFO] Saved https://www.intero.com/bio/amonteleone
2025-09-22 13:17:09,188 [INFO] Saved https://www.intero.com/bio/ageorge
2025-09-22 13:17:09,190 [INFO] Saved https://www.intero.com/bio/jmody
2025-09-22 13:17:09,192 [INFO] Saved https://www.intero.com/bio/erikalvarez
2025-09-22 13:17:09,193 [INFO] Saved https://www.intero.com/bio/sbedi
2025-09-22 13:17:09,195 [INFO] Saved https://www.intero.com/bio/tjarvis
2025-09-22 13:17:09,197 [INFO] Saved https://www.intero.com/bio/ahalliday
2025-09-22 13:17:09,198 [INFO] Saved https://www.intero.com/bio/macrall
2025-09-22 13:17:14,442 [INFO] Found 9 new agents
2025-09-22 13:17:14,444 [INFO] Saved https://www.intero.com/bio/ksandlin
2025-09-22 13:17:14,447 [INFO] Saved https://www.intero.com/bio/roland
2025-09-22 13:17:14,449 [INFO] Saved https://www.intero.com/bio/creyes
2025-09-22 13:17:14,450 [INFO] Saved https://www.intero.com/bio/grasheed
2025-09-22 13:17:14,452 [INFO] Saved https://www.intero.com/bio/stevek
2025-09-22 13:17:14,454 [INFO] Saved https://www.intero.com/bio/jgoulding
2025-09-22 13:17:14,455 [INFO] Saved https://www.intero.com/bio/abhutra
2025-09-22 13:17:14,457 [INFO] Saved https://www.intero.com/bio/gblack
2025-09-22 13:17:14,461 [INFO] Saved https://www.intero.com/bio/lhuang
2025-09-22 13:17:20,823 [INFO] Found 10 new agents
2025-09-22 13:17:20,830 [INFO] Saved https://www.intero.com/bio/flee
2025-09-22 13:17:20,832 [INFO] Saved https://www.intero.com/bio/kyu
2025-09-22 13:17:20,835 [INFO] Saved https://www.intero.com/bio/mmin
2025-09-22 13:17:20,837 [INFO] Saved https://www.intero.com/bio/boconnor
2025-09-22 13:17:20,840 [INFO] Saved https://www.intero.com/bio/jgflores
2025-09-22 13:17:20,843 [INFO] Saved https://www.intero.com/bio/rgodar
2025-09-22 13:17:20,846 [INFO] Saved https://www.intero.com/bio/amitchell
2025-09-22 13:17:20,848 [INFO] Saved https://www.intero.com/bio/chinkyviado
2025-09-22 13:17:20,850 [INFO] Saved https://www.intero.com/bio/jgarcia
2025-09-22 13:17:20,852 [INFO] Saved https://www.intero.com/bio/tcardin
2025-09-22 13:17:26,948 [INFO] Found 10 new agents
2025-09-22 13:17:26,950 [INFO] Saved https://www.intero.com/bio/buchananteam
2025-09-22 13:17:26,952 [INFO] Saved https://www.intero.com/bio/mcabot
2025-09-22 13:17:26,955 [INFO] Saved https://www.intero.com/bio/skhalil
2025-09-22 13:17:26,957 [INFO] Saved https://www.intero.com/bio/bshirks
2025-09-22 13:17:26,959 [INFO] Saved https://www.intero.com/bio/emazimi
2025-09-22 13:17:26,961 [INFO] Saved https://www.intero.com/bio/anezzar
2025-09-22 13:17:26,963 [INFO] Saved https://www.intero.com/bio/cleisy
2025-09-22 13:17:26,966 [INFO] Saved https://www.intero.com/bio/lriddell
2025-09-22 13:17:26,968 [INFO] Saved https://www.intero.com/bio/johnathann
2025-09-22 13:17:26,970 [INFO] Saved https://www.intero.com/bio/jenniferd
2025-09-22 13:17:33,119 [INFO] Found 10 new agents
2025-09-22 13:17:33,122 [INFO] Saved https://www.intero.com/bio/sramanathan
2025-09-22 13:17:33,124 [INFO] Saved https://www.intero.com/bio/sgarcia
2025-09-22 13:17:33,126 [INFO] Saved https://www.intero.com/bio/hsaini
2025-09-22 13:17:33,128 [INFO] Saved https://www.intero.com/bio/rmalek
2025-09-22 13:17:33,131 [INFO] Saved https://www.intero.com/bio/saraheckathorn
2025-09-22 13:17:33,133 [INFO] Saved https://www.intero.com/bio/amotley
2025-09-22 13:17:33,135 [INFO] Saved https://www.intero.com/bio/mdimalanta2
2025-09-22 13:17:33,137 [INFO] Saved https://www.intero.com/bio/falmeida
2025-09-22 13:17:33,139 [INFO] Saved https://www.intero.com/bio/tnguyen
2025-09-22 13:17:33,141 [INFO] Saved https://www.intero.com/bio/sschaub
2025-09-22 13:17:39,335 [INFO] Found 9 new agents
2025-09-22 13:17:39,337 [INFO] Saved https://www.intero.com/bio/mjongsma
2025-09-22 13:17:39,339 [INFO] Saved https://www.intero.com/bio/pskarphol
2025-09-22 13:17:39,342 [INFO] Saved https://www.intero.com/bio/gthomson
2025-09-22 13:17:39,345 [INFO] Saved https://www.intero.com/bio/nlujan
2025-09-22 13:17:39,347 [INFO] Saved https://www.intero.com/bio/fzong
2025-09-22 13:17:39,350 [INFO] Saved https://www.intero.com/bio/ctabinas
2025-09-22 13:17:39,353 [INFO] Saved https://www.intero.com/bio/jj
2025-09-22 13:17:39,355 [INFO] Saved https://www.intero.com/bio/cjackson
2025-09-22 13:17:39,358 [INFO] Saved https://www.intero.com/bio/mpark
2025-09-22 13:17:46,348 [INFO] Found 10 new agents
2025-09-22 13:17:46,352 [INFO] Saved https://www.intero.com/bio/emeux2
2025-09-22 13:17:46,354 [INFO] Saved https://www.intero.com/bio/mshaw
2025-09-22 13:17:46,357 [INFO] Saved https://www.intero.com/bio/donna
2025-09-22 13:17:46,360 [INFO] Saved https://www.intero.com/bio/tnavarro2
2025-09-22 13:17:46,362 [INFO] Saved https://www.intero.com/bio/rpatereau
2025-09-22 13:17:46,365 [INFO] Saved https://www.intero.com/bio/alo
2025-09-22 13:17:46,368 [INFO] Saved https://www.intero.com/bio/avang
2025-09-22 13:17:46,369 [INFO] Saved https://www.intero.com/bio/rob
2025-09-22 13:17:46,371 [INFO] Saved https://www.intero.com/bio/loreglia
2025-09-22 13:17:46,372 [INFO] Saved https://www.intero.com/bio/ldombrowski
2025-09-22 13:17:52,881 [INFO] Found 9 new agents
2025-09-22 13:17:52,883 [INFO] Saved https://www.intero.com/bio/esonnberger
2025-09-22 13:17:52,884 [INFO] Saved https://www.intero.com/bio/dmella
2025-09-22 13:17:52,885 [INFO] Saved https://www.intero.com/bio/claudia
2025-09-22 13:17:52,888 [INFO] Saved https://www.intero.com/bio/mserrano
2025-09-22 13:17:52,891 [INFO] Saved https://www.intero.com/bio/lhymes
2025-09-22 13:17:52,893 [INFO] Saved https://www.intero.com/bio/vgalushka
2025-09-22 13:17:52,895 [INFO] Saved https://www.intero.com/bio/ccolton
2025-09-22 13:17:52,897 [INFO] Saved https://www.intero.com/bio/ekarleskind
2025-09-22 13:17:52,898 [INFO] Saved https://www.intero.com/bio/rsaravanan
2025-09-22 13:17:59,409 [INFO] Found 10 new agents
2025-09-22 13:17:59,411 [INFO] Saved https://www.intero.com/bio/mary
2025-09-22 13:17:59,413 [INFO] Saved https://www.intero.com/bio/lrapiz
2025-09-22 13:17:59,415 [INFO] Saved https://www.intero.com/bio/sahmed
2025-09-22 13:17:59,417 [INFO] Saved https://www.intero.com/bio/acaughman2
2025-09-22 13:17:59,420 [INFO] Saved https://www.intero.com/bio/jshin
2025-09-22 13:17:59,423 [INFO] Saved https://www.intero.com/bio/mkelmon
2025-09-22 13:17:59,425 [INFO] Saved https://www.intero.com/bio/dsilva
2025-09-22 13:17:59,426 [INFO] Saved https://www.intero.com/bio/kaminipatel08
2025-09-22 13:17:59,427 [INFO] Saved https://www.intero.com/bio/vgarcia
2025-09-22 13:17:59,429 [INFO] Saved https://www.intero.com/bio/jallen
2025-09-22 13:18:05,951 [INFO] Found 9 new agents
2025-09-22 13:18:05,958 [INFO] Saved https://www.intero.com/bio/cmendoza
2025-09-22 13:18:05,960 [INFO] Saved https://www.intero.com/bio/nguyenteam
2025-09-22 13:18:05,963 [INFO] Saved https://www.intero.com/bio/sdubon
2025-09-22 13:18:05,965 [INFO] Saved https://www.intero.com/bio/dbialik
2025-09-22 13:18:05,967 [INFO] Saved https://www.intero.com/bio/mariacasillas
2025-09-22 13:18:05,969 [INFO] Saved https://www.intero.com/bio/ltamayo
2025-09-22 13:18:05,973 [INFO] Saved https://www.intero.com/bio/minervaarellano
2025-09-22 13:18:05,975 [INFO] Saved https://www.intero.com/bio/mcastillo
2025-09-22 13:18:05,977 [INFO] Saved https://www.intero.com/bio/theresamyers
2025-09-22 13:18:12,750 [INFO] Found 10 new agents
2025-09-22 13:18:12,752 [INFO] Saved https://www.intero.com/bio/kbailey
2025-09-22 13:18:12,754 [INFO] Saved https://www.intero.com/bio/vkarnik
2025-09-22 13:18:12,757 [INFO] Saved https://www.intero.com/bio/christine2
2025-09-22 13:18:12,759 [INFO] Saved https://www.intero.com/bio/wkuo2
2025-09-22 13:18:12,761 [INFO] Saved https://www.intero.com/bio/gatwal
2025-09-22 13:18:12,763 [INFO] Saved https://www.intero.com/bio/tryan
2025-09-22 13:18:12,766 [INFO] Saved https://www.intero.com/bio/selajou
2025-09-22 13:18:12,767 [INFO] Saved https://www.intero.com/bio/mnamiki
2025-09-22 13:18:12,768 [INFO] Saved https://www.intero.com/bio/sbonde
2025-09-22 13:18:12,770 [INFO] Saved https://www.intero.com/bio/phil
2025-09-22 13:18:19,703 [INFO] Found 9 new agents
2025-09-22 13:18:19,706 [INFO] Saved https://www.intero.com/bio/skovisto
2025-09-22 13:18:19,709 [INFO] Saved https://www.intero.com/bio/bbecker2
2025-09-22 13:18:19,711 [INFO] Saved https://www.intero.com/bio/snayudu
2025-09-22 13:18:19,714 [INFO] Saved https://www.intero.com/bio/amody
2025-09-22 13:18:19,716 [INFO] Saved https://www.intero.com/bio/realtorgary
2025-09-22 13:18:19,718 [INFO] Saved https://www.intero.com/bio/ashen
2025-09-22 13:18:19,720 [INFO] Saved https://www.intero.com/bio/patty
2025-09-22 13:18:19,722 [INFO] Saved https://www.intero.com/bio/ldippel
2025-09-22 13:18:19,724 [INFO] Saved https://www.intero.com/bio/sjohnson
2025-09-22 13:18:26,477 [INFO] Found 8 new agents
2025-09-22 13:18:26,484 [INFO] Saved https://www.intero.com/bio/djenkins
2025-09-22 13:18:26,486 [INFO] Saved https://www.intero.com/bio/tkirasirova2
2025-09-22 13:18:26,488 [INFO] Saved https://www.intero.com/bio/mjhigan
2025-09-22 13:18:26,490 [INFO] Saved https://www.intero.com/bio/hshols
2025-09-22 13:18:26,492 [INFO] Saved https://www.intero.com/bio/tadkison
2025-09-22 13:18:26,495 [INFO] Saved https://www.intero.com/bio/jenniferzhang
2025-09-22 13:18:26,497 [INFO] Saved https://www.intero.com/bio/befrank
2025-09-22 13:18:26,499 [INFO] Saved https://www.intero.com/bio/nnava
2025-09-22 13:18:33,160 [INFO] Found 9 new agents
2025-09-22 13:18:33,162 [INFO] Saved https://www.intero.com/bio/tcortez
2025-09-22 13:18:33,164 [INFO] Saved https://www.intero.com/bio/mrivera2
2025-09-22 13:18:33,166 [INFO] Saved https://www.intero.com/bio/tlillard
2025-09-22 13:18:33,167 [INFO] Saved https://www.intero.com/bio/awolff
2025-09-22 13:18:33,169 [INFO] Saved https://www.intero.com/bio/angiem
2025-09-22 13:18:33,172 [INFO] Saved https://www.intero.com/bio/srashid
2025-09-22 13:18:33,174 [INFO] Saved https://www.intero.com/bio/ccadena
2025-09-22 13:18:33,176 [INFO] Saved https://www.intero.com/bio/fricknblazer
2025-09-22 13:18:33,180 [INFO] Saved https://www.intero.com/bio/mchan
2025-09-22 13:18:40,371 [INFO] Found 10 new agents
2025-09-22 13:18:40,373 [INFO] Saved https://www.intero.com/bio/mbleich
2025-09-22 13:18:40,375 [INFO] Saved https://www.intero.com/bio/clyddane
2025-09-22 13:18:40,378 [INFO] Saved https://www.intero.com/bio/rachnaarora
2025-09-22 13:18:40,380 [INFO] Saved https://www.intero.com/bio/mpavao
2025-09-22 13:18:40,383 [INFO] Saved https://www.intero.com/bio/maggieli
2025-09-22 13:18:40,385 [INFO] Saved https://www.intero.com/bio/jgondek
2025-09-22 13:18:40,388 [INFO] Saved https://www.intero.com/bio/jdavid
2025-09-22 13:18:40,390 [INFO] Saved https://www.intero.com/bio/agalloway
2025-09-22 13:18:40,391 [INFO] Saved https://www.intero.com/bio/piadecastro
2025-09-22 13:18:40,393 [INFO] Saved https://www.intero.com/bio/avaldivia
2025-09-22 13:18:48,945 [INFO] Found 9 new agents
2025-09-22 13:18:48,948 [INFO] Saved https://www.intero.com/bio/kzmoda
2025-09-22 13:18:48,951 [INFO] Saved https://www.intero.com/bio/jcosgrove
2025-09-22 13:18:48,953 [INFO] Saved https://www.intero.com/bio/jimh
2025-09-22 13:18:48,955 [INFO] Saved https://www.intero.com/bio/yhirai
2025-09-22 13:18:48,957 [INFO] Saved https://www.intero.com/bio/theivahngarciarealtygroup
2025-09-22 13:18:48,961 [INFO] Saved https://www.intero.com/bio/dkroner
2025-09-22 13:18:48,964 [INFO] Saved https://www.intero.com/bio/cliu
2025-09-22 13:18:48,966 [INFO] Saved https://www.intero.com/bio/rmunoz
2025-09-22 13:18:48,968 [INFO] Saved https://www.intero.com/bio/jmanrique
2025-09-22 13:18:56,796 [INFO] Found 9 new agents
2025-09-22 13:18:56,798 [INFO] Saved https://www.intero.com/bio/lizzied
2025-09-22 13:18:56,800 [INFO] Saved https://www.intero.com/bio/dcavnar
2025-09-22 13:18:56,802 [INFO] Saved https://www.intero.com/bio/msdutra
2025-09-22 13:18:56,805 [INFO] Saved https://www.intero.com/bio/nancyk
2025-09-22 13:18:56,808 [INFO] Saved https://www.intero.com/bio/cchung
2025-09-22 13:18:56,810 [INFO] Saved https://www.intero.com/bio/mchua
2025-09-22 13:18:56,813 [INFO] Saved https://www.intero.com/bio/rjavaid
2025-09-22 13:18:56,816 [INFO] Saved https://www.intero.com/bio/crush
2025-09-22 13:18:56,818 [INFO] Saved https://www.intero.com/bio/siyli
2025-09-22 13:19:05,898 [INFO] Found 10 new agents
2025-09-22 13:19:05,901 [INFO] Saved https://www.intero.com/bio/aajjammanavar
2025-09-22 13:19:05,904 [INFO] Saved https://www.intero.com/bio/gvazquez
2025-09-22 13:19:05,906 [INFO] Saved https://www.intero.com/bio/spersaud
2025-09-22 13:19:05,909 [INFO] Saved https://www.intero.com/bio/jgaetani
2025-09-22 13:19:05,911 [INFO] Saved https://www.intero.com/bio/punam
2025-09-22 13:19:05,914 [INFO] Saved https://www.intero.com/bio/ereyes
2025-09-22 13:19:05,916 [INFO] Saved https://www.intero.com/bio/wlow
2025-09-22 13:19:05,918 [INFO] Saved https://www.intero.com/bio/sspangler
2025-09-22 13:19:05,920 [INFO] Saved https://www.intero.com/bio/steveguzzetti
2025-09-22 13:19:05,922 [INFO] Saved https://www.intero.com/bio/mreyes
2025-09-22 13:19:14,025 [INFO] Found 10 new agents
2025-09-22 13:19:14,028 [INFO] Saved https://www.intero.com/bio/adaryanani
2025-09-22 13:19:14,031 [INFO] Saved https://www.intero.com/bio/csmith
2025-09-22 13:19:14,033 [INFO] Saved https://www.intero.com/bio/imargaretich
2025-09-22 13:19:14,036 [INFO] Saved https://www.intero.com/bio/dallen
2025-09-22 13:19:14,040 [INFO] Saved https://www.intero.com/bio/tyunerman
2025-09-22 13:19:14,042 [INFO] Saved https://www.intero.com/bio/aprabhune
2025-09-22 13:19:14,044 [INFO] Saved https://www.intero.com/bio/ebingham
2025-09-22 13:19:14,046 [INFO] Saved https://www.intero.com/bio/gmelendres
2025-09-22 13:19:14,049 [INFO] Saved https://www.intero.com/bio/len
2025-09-22 13:19:14,051 [INFO] Saved https://www.intero.com/bio/bellison
2025-09-22 13:19:23,002 [INFO] Found 9 new agents
2025-09-22 13:19:23,004 [INFO] Saved https://www.intero.com/bio/snair
2025-09-22 13:19:23,007 [INFO] Saved https://www.intero.com/bio/dgill
2025-09-22 13:19:23,010 [INFO] Saved https://www.intero.com/bio/dyang
2025-09-22 13:19:23,013 [INFO] Saved https://www.intero.com/bio/zfasquelle
2025-09-22 13:19:23,016 [INFO] Saved https://www.intero.com/bio/jtu
2025-09-22 13:19:23,019 [INFO] Saved https://www.intero.com/bio/jjan
2025-09-22 13:19:23,023 [INFO] Saved https://www.intero.com/bio/aalvarez
2025-09-22 13:19:23,025 [INFO] Saved https://www.intero.com/bio/asafia
2025-09-22 13:19:23,027 [INFO] Saved https://www.intero.com/bio/kweiby
2025-09-22 13:19:32,670 [INFO] Found 8 new agents
2025-09-22 13:19:32,673 [INFO] Saved https://www.intero.com/bio/rajsingh
2025-09-22 13:19:32,676 [INFO] Saved https://www.intero.com/bio/christine
2025-09-22 13:19:32,678 [INFO] Saved https://www.intero.com/bio/vli
2025-09-22 13:19:32,681 [INFO] Saved https://www.intero.com/bio/srodgers
2025-09-22 13:19:32,684 [INFO] Saved https://www.intero.com/bio/keith
2025-09-22 13:19:32,687 [INFO] Saved https://www.intero.com/bio/nhoang
2025-09-22 13:19:32,689 [INFO] Saved https://www.intero.com/bio/whayes
2025-09-22 13:19:32,691 [INFO] Saved https://www.intero.com/bio/teamcolleenrealtor
2025-09-22 13:19:40,514 [INFO] Found 10 new agents
2025-09-22 13:19:40,517 [INFO] Saved https://www.intero.com/bio/mlfranco
2025-09-22 13:19:40,520 [INFO] Saved https://www.intero.com/bio/clee
2025-09-22 13:19:40,523 [INFO] Saved https://www.intero.com/bio/sfrausto
2025-09-22 13:19:40,525 [INFO] Saved https://www.intero.com/bio/mrazizad
2025-09-22 13:19:40,528 [INFO] Saved https://www.intero.com/bio/dwilliams
2025-09-22 13:19:40,530 [INFO] Saved https://www.intero.com/bio/rrampur
2025-09-22 13:19:40,533 [INFO] Saved https://www.intero.com/bio/htripathi
2025-09-22 13:19:40,536 [INFO] Saved https://www.intero.com/bio/minikalkat
2025-09-22 13:19:40,539 [INFO] Saved https://www.intero.com/bio/kcraig
2025-09-22 13:19:40,541 [INFO] Saved https://www.intero.com/bio/pauls
2025-09-22 13:19:49,040 [INFO] Found 10 new agents
2025-09-22 13:19:49,042 [INFO] Saved https://www.intero.com/bio/ferreirakunzgroup
2025-09-22 13:19:49,044 [INFO] Saved https://www.intero.com/bio/abisceglia
2025-09-22 13:19:49,045 [INFO] Saved https://www.intero.com/bio/shu
2025-09-22 13:19:49,048 [INFO] Saved https://www.intero.com/bio/shikhag
2025-09-22 13:19:49,050 [INFO] Saved https://www.intero.com/bio/jo
2025-09-22 13:19:49,052 [INFO] Saved https://www.intero.com/bio/sujays
2025-09-22 13:19:49,053 [INFO] Saved https://www.intero.com/bio/snanez
2025-09-22 13:19:49,055 [INFO] Saved https://www.intero.com/bio/jheissenbuttel
2025-09-22 13:19:49,056 [INFO] Saved https://www.intero.com/bio/oscar
2025-09-22 13:19:49,058 [INFO] Saved https://www.intero.com/bio/acervantes
2025-09-22 13:19:57,990 [INFO] Found 10 new agents
2025-09-22 13:19:57,991 [INFO] Saved https://www.intero.com/bio/schandra
2025-09-22 13:19:57,993 [INFO] Saved https://www.intero.com/bio/ashleymartin
2025-09-22 13:19:57,995 [INFO] Saved https://www.intero.com/bio/cliumai
2025-09-22 13:19:57,997 [INFO] Saved https://www.intero.com/bio/anikfarjam
2025-09-22 13:19:58,000 [INFO] Saved https://www.intero.com/bio/bmurphy
2025-09-22 13:19:58,002 [INFO] Saved https://www.intero.com/bio/vacio
2025-09-22 13:19:58,005 [INFO] Saved https://www.intero.com/bio/jennythompson
2025-09-22 13:19:58,007 [INFO] Saved https://www.intero.com/bio/qvo
2025-09-22 13:19:58,008 [INFO] Saved https://www.intero.com/bio/jana
2025-09-22 13:19:58,009 [INFO] Saved https://www.intero.com/bio/rkhara
2025-09-22 13:20:06,700 [INFO] Found 10 new agents
2025-09-22 13:20:06,702 [INFO] Saved https://www.intero.com/bio/snowbakht2
2025-09-22 13:20:06,704 [INFO] Saved https://www.intero.com/bio/chris2
2025-09-22 13:20:06,706 [INFO] Saved https://www.intero.com/bio/gphillips
2025-09-22 13:20:06,709 [INFO] Saved https://www.intero.com/bio/rkwan
2025-09-22 13:20:06,712 [INFO] Saved https://www.intero.com/bio/kpara
2025-09-22 13:20:06,714 [INFO] Saved https://www.intero.com/bio/egory
2025-09-22 13:20:06,717 [INFO] Saved https://www.intero.com/bio/akoutsogeorgas
2025-09-22 13:20:06,720 [INFO] Saved https://www.intero.com/bio/kpal
2025-09-22 13:20:06,723 [INFO] Saved https://www.intero.com/bio/sbose
2025-09-22 13:20:06,725 [INFO] Saved https://www.intero.com/bio/jontiveros
2025-09-22 13:20:16,910 [INFO] Found 10 new agents
2025-09-22 13:20:16,912 [INFO] Saved https://www.intero.com/bio/hsandhu
2025-09-22 13:20:16,915 [INFO] Saved https://www.intero.com/bio/msabolish
2025-09-22 13:20:16,918 [INFO] Saved https://www.intero.com/bio/austinchase
2025-09-22 13:20:16,921 [INFO] Saved https://www.intero.com/bio/lgliozzo2
2025-09-22 13:20:16,922 [INFO] Saved https://www.intero.com/bio/rkunz
2025-09-22 13:20:16,925 [INFO] Saved https://www.intero.com/bio/cgoyes
2025-09-22 13:20:16,926 [INFO] Saved https://www.intero.com/bio/kfryling
2025-09-22 13:20:16,928 [INFO] Saved https://www.intero.com/bio/dschuetz
2025-09-22 13:20:16,930 [INFO] Saved https://www.intero.com/bio/antoinelamal
2025-09-22 13:20:16,932 [INFO] Saved https://www.intero.com/bio/massao
2025-09-22 13:20:26,163 [INFO] Found 9 new agents
2025-09-22 13:20:26,171 [INFO] Saved https://www.intero.com/bio/echu
2025-09-22 13:20:26,174 [INFO] Saved https://www.intero.com/bio/sslater
2025-09-22 13:20:26,176 [INFO] Saved https://www.intero.com/bio/nsadiq
2025-09-22 13:20:26,178 [INFO] Saved https://www.intero.com/bio/mbiechman
2025-09-22 13:20:26,181 [INFO] Saved https://www.intero.com/bio/doncowan
2025-09-22 13:20:26,183 [INFO] Saved https://www.intero.com/bio/tc
2025-09-22 13:20:26,184 [INFO] Saved https://www.intero.com/bio/kaajalshahani
2025-09-22 13:20:26,186 [INFO] Saved https://www.intero.com/bio/rdeluca
2025-09-22 13:20:26,187 [INFO] Saved https://www.intero.com/bio/esabalvaro
2025-09-22 13:20:36,732 [INFO] Found 10 new agents
2025-09-22 13:20:36,734 [INFO] Saved https://www.intero.com/bio/lbettencourt
2025-09-22 13:20:36,736 [INFO] Saved https://www.intero.com/bio/benphan
2025-09-22 13:20:36,737 [INFO] Saved https://www.intero.com/bio/ashar
2025-09-22 13:20:36,739 [INFO] Saved https://www.intero.com/bio/jmarshall
2025-09-22 13:20:36,740 [INFO] Saved https://www.intero.com/bio/czarate
2025-09-22 13:20:36,742 [INFO] Saved https://www.intero.com/bio/mbarton
2025-09-22 13:20:36,744 [INFO] Saved https://www.intero.com/bio/kbose
2025-09-22 13:20:36,746 [INFO] Saved https://www.intero.com/bio/svrealtygroup
2025-09-22 13:20:36,749 [INFO] Saved https://www.intero.com/bio/rasino
2025-09-22 13:20:36,752 [INFO] Saved https://www.intero.com/bio/lagha
2025-09-22 13:20:48,761 [INFO] Found 10 new agents
2025-09-22 13:20:48,763 [INFO] Saved https://www.intero.com/bio/rwong
2025-09-22 13:20:48,765 [INFO] Saved https://www.intero.com/bio/elsac
2025-09-22 13:20:48,767 [INFO] Saved https://www.intero.com/bio/ahowardsmith
2025-09-22 13:20:48,770 [INFO] Saved https://www.intero.com/bio/mrakow
2025-09-22 13:20:48,772 [INFO] Saved https://www.intero.com/bio/jcufurovic
2025-09-22 13:20:48,774 [INFO] Saved https://www.intero.com/bio/aorgil
2025-09-22 13:20:48,776 [INFO] Saved https://www.intero.com/bio/jwang
2025-09-22 13:20:48,778 [INFO] Saved https://www.intero.com/bio/jgosalvez
2025-09-22 13:20:48,783 [INFO] Saved https://www.intero.com/bio/sdeleon
2025-09-22 13:20:48,784 [INFO] Saved https://www.intero.com/bio/tgilbert
2025-09-22 13:20:58,639 [INFO] Found 9 new agents
2025-09-22 13:20:58,642 [INFO] Saved https://www.intero.com/bio/mabuda
2025-09-22 13:20:58,644 [INFO] Saved https://www.intero.com/bio/ahu
2025-09-22 13:20:58,647 [INFO] Saved https://www.intero.com/bio/lwiseman
2025-09-22 13:20:58,649 [INFO] Saved https://www.intero.com/bio/tborina
2025-09-22 13:20:58,650 [INFO] Saved https://www.intero.com/bio/jjimenez
2025-09-22 13:20:58,652 [INFO] Saved https://www.intero.com/bio/sarah
2025-09-22 13:20:58,654 [INFO] Saved https://www.intero.com/bio/cmoore
2025-09-22 13:20:58,658 [INFO] Saved https://www.intero.com/bio/barforu1
2025-09-22 13:20:58,660 [INFO] Saved https://www.intero.com/bio/riqbal
2025-09-22 13:21:08,993 [INFO] Found 10 new agents
2025-09-22 13:21:08,996 [INFO] Saved https://www.intero.com/bio/smirchandani
2025-09-22 13:21:08,997 [INFO] Saved https://www.intero.com/bio/msanchez
2025-09-22 13:21:09,000 [INFO] Saved https://www.intero.com/bio/chrismoles
2025-09-22 13:21:09,001 [INFO] Saved https://www.intero.com/bio/kkulasingham
2025-09-22 13:21:09,004 [INFO] Saved https://www.intero.com/bio/scheng
2025-09-22 13:21:09,006 [INFO] Saved https://www.intero.com/bio/pjudge
2025-09-22 13:21:09,008 [INFO] Saved https://www.intero.com/bio/jbains
2025-09-22 13:21:09,010 [INFO] Saved https://www.intero.com/bio/ddietrick
2025-09-22 13:21:09,013 [INFO] Saved https://www.intero.com/bio/ltran
2025-09-22 13:21:09,015 [INFO] Saved https://www.intero.com/bio/dorothychomes
2025-09-22 13:21:19,819 [INFO] Found 10 new agents
2025-09-22 13:21:19,821 [INFO] Saved https://www.intero.com/bio/andywongrealtor
2025-09-22 13:21:19,824 [INFO] Saved https://www.intero.com/bio/moe
2025-09-22 13:21:19,827 [INFO] Saved https://www.intero.com/bio/tmullins2
2025-09-22 13:21:19,829 [INFO] Saved https://www.intero.com/bio/ccione
2025-09-22 13:21:19,834 [INFO] Saved https://www.intero.com/bio/jdavini
2025-09-22 13:21:19,837 [INFO] Saved https://www.intero.com/bio/jduarte
2025-09-22 13:21:19,841 [INFO] Saved https://www.intero.com/bio/wschurkamp
2025-09-22 13:21:19,844 [INFO] Saved https://www.intero.com/bio/cbargas
2025-09-22 13:21:19,846 [INFO] Saved https://www.intero.com/bio/llim
2025-09-22 13:21:19,849 [INFO] Saved https://www.intero.com/bio/jkurtz
2025-09-22 13:21:30,508 [INFO] Found 10 new agents
2025-09-22 13:21:30,511 [INFO] Saved https://www.intero.com/bio/amendiola
2025-09-22 13:21:30,514 [INFO] Saved https://www.intero.com/bio/igonzalez
2025-09-22 13:21:30,517 [INFO] Saved https://www.intero.com/bio/agrilli
2025-09-22 13:21:30,520 [INFO] Saved https://www.intero.com/bio/sreschar
2025-09-22 13:21:30,523 [INFO] Saved https://www.intero.com/bio/vfoster
2025-09-22 13:21:30,526 [INFO] Saved https://www.intero.com/bio/szerarka
2025-09-22 13:21:30,528 [INFO] Saved https://www.intero.com/bio/ivilla
2025-09-22 13:21:30,530 [INFO] Saved https://www.intero.com/bio/yvillalba
2025-09-22 13:21:30,532 [INFO] Saved https://www.intero.com/bio/igill
2025-09-22 13:21:30,534 [INFO] Saved https://www.intero.com/bio/larryfulkerson
2025-09-22 13:21:42,763 [INFO] Found 10 new agents
2025-09-22 13:21:42,765 [INFO] Saved https://www.intero.com/bio/hghuman
2025-09-22 13:21:42,766 [INFO] Saved https://www.intero.com/bio/rawasty
2025-09-22 13:21:42,767 [INFO] Saved https://www.intero.com/bio/alanalam
2025-09-22 13:21:42,768 [INFO] Saved https://www.intero.com/bio/kmyers
2025-09-22 13:21:42,769 [INFO] Saved https://www.intero.com/bio/jkrause
2025-09-22 13:21:42,771 [INFO] Saved https://www.intero.com/bio/rpadmini
2025-09-22 13:21:42,772 [INFO] Saved https://www.intero.com/bio/jdoss
2025-09-22 13:21:42,773 [INFO] Saved https://www.intero.com/bio/jadams
2025-09-22 13:21:42,775 [INFO] Saved https://www.intero.com/bio/rnoor
2025-09-22 13:21:42,777 [INFO] Saved https://www.intero.com/bio/rmccaffrey
2025-09-22 13:21:52,487 [INFO] Found 9 new agents
2025-09-22 13:21:52,489 [INFO] Saved https://www.intero.com/bio/srajput
2025-09-22 13:21:52,492 [INFO] Saved https://www.intero.com/bio/parora
2025-09-22 13:21:52,495 [INFO] Saved https://www.intero.com/bio/tfrancis
2025-09-22 13:21:52,498 [INFO] Saved https://www.intero.com/bio/sanant
2025-09-22 13:21:52,500 [INFO] Saved https://www.intero.com/bio/akutigi
2025-09-22 13:21:52,503 [INFO] Saved https://www.intero.com/bio/jfocha2
2025-09-22 13:21:52,505 [INFO] Saved https://www.intero.com/bio/lrespicio
2025-09-22 13:21:52,507 [INFO] Saved https://www.intero.com/bio/esaldivar
2025-09-22 13:21:52,509 [INFO] Saved https://www.intero.com/bio/tlee
2025-09-22 13:22:03,020 [INFO] Found 9 new agents
2025-09-22 13:22:03,023 [INFO] Saved https://www.intero.com/bio/celinan
2025-09-22 13:22:03,025 [INFO] Saved https://www.intero.com/bio/kshahani
2025-09-22 13:22:03,027 [INFO] Saved https://www.intero.com/bio/aayala
2025-09-22 13:22:03,030 [INFO] Saved https://www.intero.com/bio/mchichioco
2025-09-22 13:22:03,033 [INFO] Saved https://www.intero.com/bio/idonovan
2025-09-22 13:22:03,035 [INFO] Saved https://www.intero.com/bio/tcostakhan
2025-09-22 13:22:03,036 [INFO] Saved https://www.intero.com/bio/angelabergman
2025-09-22 13:22:03,038 [INFO] Saved https://www.intero.com/bio/jscott
2025-09-22 13:22:03,040 [INFO] Saved https://www.intero.com/bio/meenasharma
2025-09-22 13:22:14,693 [INFO] Found 10 new agents
2025-09-22 13:22:14,696 [INFO] Saved https://www.intero.com/bio/lamiri
2025-09-22 13:22:14,698 [INFO] Saved https://www.intero.com/bio/jaleht
2025-09-22 13:22:14,700 [INFO] Saved https://www.intero.com/bio/jtopping
2025-09-22 13:22:14,703 [INFO] Saved https://www.intero.com/bio/hclarke
2025-09-22 13:22:14,705 [INFO] Saved https://www.intero.com/bio/lgillespie
2025-09-22 13:22:14,707 [INFO] Saved https://www.intero.com/bio/vincederouen
2025-09-22 13:22:14,711 [INFO] Saved https://www.intero.com/bio/lgoodrow
2025-09-22 13:22:14,713 [INFO] Saved https://www.intero.com/bio/ls
2025-09-22 13:22:14,716 [INFO] Saved https://www.intero.com/bio/esladay
2025-09-22 13:22:14,719 [INFO] Saved https://www.intero.com/bio/nmiranda2
2025-09-22 13:22:26,133 [INFO] Found 10 new agents
2025-09-22 13:22:26,136 [INFO] Saved https://www.intero.com/bio/acortes
2025-09-22 13:22:26,138 [INFO] Saved https://www.intero.com/bio/rkohli
2025-09-22 13:22:26,141 [INFO] Saved https://www.intero.com/bio/msmick
2025-09-22 13:22:26,144 [INFO] Saved https://www.intero.com/bio/dwilhite
2025-09-22 13:22:26,147 [INFO] Saved https://www.intero.com/bio/mnadkarni
2025-09-22 13:22:26,149 [INFO] Saved https://www.intero.com/bio/lrogers
2025-09-22 13:22:26,152 [INFO] Saved https://www.intero.com/bio/wliu
2025-09-22 13:22:26,154 [INFO] Saved https://www.intero.com/bio/kanwarsingh
2025-09-22 13:22:26,155 [INFO] Saved https://www.intero.com/bio/mkunz
2025-09-22 13:22:26,157 [INFO] Saved https://www.intero.com/bio/mvicencio
2025-09-22 13:22:37,388 [INFO] Found 10 new agents
2025-09-22 13:22:37,391 [INFO] Saved https://www.intero.com/bio/marinaayar
2025-09-22 13:22:37,393 [INFO] Saved https://www.intero.com/bio/nseth
2025-09-22 13:22:37,396 [INFO] Saved https://www.intero.com/bio/vjusto
2025-09-22 13:22:37,399 [INFO] Saved https://www.intero.com/bio/lmontoya
2025-09-22 13:22:37,402 [INFO] Saved https://www.intero.com/bio/gmarin
2025-09-22 13:22:37,405 [INFO] Saved https://www.intero.com/bio/rjohnson
2025-09-22 13:22:37,407 [INFO] Saved https://www.intero.com/bio/tkhanna
2025-09-22 13:22:37,409 [INFO] Saved https://www.intero.com/bio/ysingh
2025-09-22 13:22:37,411 [INFO] Saved https://www.intero.com/bio/davidjrenegar
2025-09-22 13:22:37,413 [INFO] Saved https://www.intero.com/bio/hlee
2025-09-22 13:22:48,924 [INFO] Found 10 new agents
2025-09-22 13:22:48,926 [INFO] Saved https://www.intero.com/bio/kngo
2025-09-22 13:22:48,928 [INFO] Saved https://www.intero.com/bio/frabadi
2025-09-22 13:22:48,930 [INFO] Saved https://www.intero.com/bio/cpaiement
2025-09-22 13:22:48,931 [INFO] Saved https://www.intero.com/bio/hummingbirdhomes
2025-09-22 13:22:48,933 [INFO] Saved https://www.intero.com/bio/jcarter
2025-09-22 13:22:48,936 [INFO] Saved https://www.intero.com/bio/andygan
2025-09-22 13:22:48,938 [INFO] Saved https://www.intero.com/bio/eoberoi
2025-09-22 13:22:48,940 [INFO] Saved https://www.intero.com/bio/dcastillo
2025-09-22 13:22:48,941 [INFO] Saved https://www.intero.com/bio/rtang
2025-09-22 13:22:48,944 [INFO] Saved https://www.intero.com/bio/lmorris
2025-09-22 13:23:02,867 [INFO] Found 9 new agents
2025-09-22 13:23:02,870 [INFO] Saved https://www.intero.com/bio/htrempont
2025-09-22 13:23:02,873 [INFO] Saved https://www.intero.com/bio/rain
2025-09-22 13:23:02,875 [INFO] Saved https://www.intero.com/bio/rlin
2025-09-22 13:23:02,878 [INFO] Saved https://www.intero.com/bio/joesolati
2025-09-22 13:23:02,880 [INFO] Saved https://www.intero.com/bio/abousmaha
2025-09-22 13:23:02,883 [INFO] Saved https://www.intero.com/bio/scott2
2025-09-22 13:23:02,886 [INFO] Saved https://www.intero.com/bio/sburnstobin
2025-09-22 13:23:02,888 [INFO] Saved https://www.intero.com/bio/nilm
2025-09-22 13:23:02,891 [INFO] Saved https://www.intero.com/bio/rschacher
2025-09-22 13:23:14,978 [INFO] Found 9 new agents
2025-09-22 13:23:14,981 [INFO] Saved https://www.intero.com/bio/rebeccawebbhomes
2025-09-22 13:23:14,983 [INFO] Saved https://www.intero.com/bio/gschell
2025-09-22 13:23:14,986 [INFO] Saved https://www.intero.com/bio/kfarhadnia
2025-09-22 13:23:14,988 [INFO] Saved https://www.intero.com/bio/mkang
2025-09-22 13:23:14,991 [INFO] Saved https://www.intero.com/bio/renuka
2025-09-22 13:23:14,993 [INFO] Saved https://www.intero.com/bio/lpenupothula
2025-09-22 13:23:14,995 [INFO] Saved https://www.intero.com/bio/hlange
2025-09-22 13:23:14,997 [INFO] Saved https://www.intero.com/bio/cbswes
2025-09-22 13:23:14,999 [INFO] Saved https://www.intero.com/bio/mmanca
2025-09-22 13:23:26,871 [INFO] Found 10 new agents
2025-09-22 13:23:26,879 [INFO] Saved https://www.intero.com/bio/cherij
2025-09-22 13:23:26,881 [INFO] Saved https://www.intero.com/bio/jmac
2025-09-22 13:23:26,884 [INFO] Saved https://www.intero.com/bio/saskia
2025-09-22 13:23:26,886 [INFO] Saved https://www.intero.com/bio/vivabakshi
2025-09-22 13:23:26,888 [INFO] Saved https://www.intero.com/bio/mbrill
2025-09-22 13:23:26,889 [INFO] Saved https://www.intero.com/bio/hbalia
2025-09-22 13:23:26,891 [INFO] Saved https://www.intero.com/bio/smyers
2025-09-22 13:23:26,893 [INFO] Saved https://www.intero.com/bio/roger
2025-09-22 13:23:26,895 [INFO] Saved https://www.intero.com/bio/vmulanjur
2025-09-22 13:23:26,896 [INFO] Saved https://www.intero.com/bio/jpardo2
2025-09-22 13:23:38,470 [INFO] Found 9 new agents
2025-09-22 13:23:38,472 [INFO] Saved https://www.intero.com/bio/oscarsellshouston
2025-09-22 13:23:38,475 [INFO] Saved https://www.intero.com/bio/dalvarez
2025-09-22 13:23:38,476 [INFO] Saved https://www.intero.com/bio/swaraich
2025-09-22 13:23:38,478 [INFO] Saved https://www.intero.com/bio/samanthalstorelli
2025-09-22 13:23:38,480 [INFO] Saved https://www.intero.com/bio/jcarrero
2025-09-22 13:23:38,481 [INFO] Saved https://www.intero.com/bio/larriola
2025-09-22 13:23:38,483 [INFO] Saved https://www.intero.com/bio/jhalpin
2025-09-22 13:23:38,484 [INFO] Saved https://www.intero.com/bio/mkashkooli
2025-09-22 13:23:38,488 [INFO] Saved https://www.intero.com/bio/dravelo
2025-09-22 13:23:50,501 [INFO] Found 10 new agents
2025-09-22 13:23:50,503 [INFO] Saved https://www.intero.com/bio/dvilleneuve
2025-09-22 13:23:50,506 [INFO] Saved https://www.intero.com/bio/snevarez
2025-09-22 13:23:50,508 [INFO] Saved https://www.intero.com/bio/ginalee
2025-09-22 13:23:50,511 [INFO] Saved https://www.intero.com/bio/elizabethannspeth
2025-09-22 13:23:50,513 [INFO] Saved https://www.intero.com/bio/jvandyck
2025-09-22 13:23:50,515 [INFO] Saved https://www.intero.com/bio/TseGroup
2025-09-22 13:23:50,517 [INFO] Saved https://www.intero.com/bio/bjhalle
2025-09-22 13:23:50,519 [INFO] Saved https://www.intero.com/bio/mperalta
2025-09-22 13:23:50,523 [INFO] Saved https://www.intero.com/bio/srana
2025-09-22 13:23:50,526 [INFO] Saved https://www.intero.com/bio/mmansouri
2025-09-22 13:24:02,882 [INFO] Found 10 new agents
2025-09-22 13:24:02,885 [INFO] Saved https://www.intero.com/bio/vcrossfield
2025-09-22 13:24:02,887 [INFO] Saved https://www.intero.com/bio/jma
2025-09-22 13:24:02,889 [INFO] Saved https://www.intero.com/bio/mthompson
2025-09-22 13:24:02,891 [INFO] Saved https://www.intero.com/bio/tnardone
2025-09-22 13:24:02,893 [INFO] Saved https://www.intero.com/bio/memerson
2025-09-22 13:24:02,896 [INFO] Saved https://www.intero.com/bio/atash
2025-09-22 13:24:02,898 [INFO] Saved https://www.intero.com/bio/kbhatia
2025-09-22 13:24:02,901 [INFO] Saved https://www.intero.com/bio/ytse
2025-09-22 13:24:02,903 [INFO] Saved https://www.intero.com/bio/aliou
2025-09-22 13:24:02,905 [INFO] Saved https://www.intero.com/bio/lhoang2
2025-09-22 13:24:15,333 [INFO] Found 8 new agents
2025-09-22 13:24:15,336 [INFO] Saved https://www.intero.com/bio/kumar
2025-09-22 13:24:15,338 [INFO] Saved https://www.intero.com/bio/eazimi
2025-09-22 13:24:15,340 [INFO] Saved https://www.intero.com/bio/kathywallrealestate
2025-09-22 13:24:15,343 [INFO] Saved https://www.intero.com/bio/arandhawa
2025-09-22 13:24:15,345 [INFO] Saved https://www.intero.com/bio/brianh
2025-09-22 13:24:15,348 [INFO] Saved https://www.intero.com/bio/elaw
2025-09-22 13:24:15,351 [INFO] Saved https://www.intero.com/bio/angieb
2025-09-22 13:24:15,355 [INFO] Saved https://www.intero.com/bio/mfoor
2025-09-22 13:24:28,669 [INFO] Found 10 new agents
2025-09-22 13:24:28,671 [INFO] Saved https://www.intero.com/bio/rpace
2025-09-22 13:24:28,674 [INFO] Saved https://www.intero.com/bio/aliciagonzalez
2025-09-22 13:24:28,676 [INFO] Saved https://www.intero.com/bio/artisharma
2025-09-22 13:24:28,678 [INFO] Saved https://www.intero.com/bio/andreac
2025-09-22 13:24:28,680 [INFO] Saved https://www.intero.com/bio/sonny
2025-09-22 13:24:28,682 [INFO] Saved https://www.intero.com/bio/dmiller
2025-09-22 13:24:28,684 [INFO] Saved https://www.intero.com/bio/padair
2025-09-22 13:24:28,686 [INFO] Saved https://www.intero.com/bio/ajsingh
2025-09-22 13:24:28,688 [INFO] Saved https://www.intero.com/bio/mcooper
2025-09-22 13:24:28,690 [INFO] Saved https://www.intero.com/bio/sbansal
2025-09-22 13:24:41,272 [INFO] Found 9 new agents
2025-09-22 13:24:41,274 [INFO] Saved https://www.intero.com/bio/ppestate
2025-09-22 13:24:41,277 [INFO] Saved https://www.intero.com/bio/cbarrera
2025-09-22 13:24:41,280 [INFO] Saved https://www.intero.com/bio/eburkhalter
2025-09-22 13:24:41,283 [INFO] Saved https://www.intero.com/bio/nosaki
2025-09-22 13:24:41,287 [INFO] Saved https://www.intero.com/bio/stevenw
2025-09-22 13:24:41,290 [INFO] Saved https://www.intero.com/bio/rmohan
2025-09-22 13:24:41,292 [INFO] Saved https://www.intero.com/bio/jbrown
2025-09-22 13:24:41,294 [INFO] Saved https://www.intero.com/bio/dclouse
2025-09-22 13:24:41,295 [INFO] Saved https://www.intero.com/bio/ocastillo
2025-09-22 13:24:54,238 [INFO] Found 10 new agents
2025-09-22 13:24:54,241 [INFO] Saved https://www.intero.com/bio/lzhu
2025-09-22 13:24:54,244 [INFO] Saved https://www.intero.com/bio/jmott
2025-09-22 13:24:54,246 [INFO] Saved https://www.intero.com/bio/gaskew
2025-09-22 13:24:54,249 [INFO] Saved https://www.intero.com/bio/bwooley
2025-09-22 13:24:54,251 [INFO] Saved https://www.intero.com/bio/kalexander
2025-09-22 13:24:54,253 [INFO] Saved https://www.intero.com/bio/cgerlach
2025-09-22 13:24:54,256 [INFO] Saved https://www.intero.com/bio/dbergman
2025-09-22 13:24:54,258 [INFO] Saved https://www.intero.com/bio/rfloresv
2025-09-22 13:24:54,262 [INFO] Saved https://www.intero.com/bio/farnaz
2025-09-22 13:24:54,264 [INFO] Saved https://www.intero.com/bio/stephens
2025-09-22 13:25:07,506 [INFO] Found 10 new agents
2025-09-22 13:25:07,510 [INFO] Saved https://www.intero.com/bio/priya
2025-09-22 13:25:07,512 [INFO] Saved https://www.intero.com/bio/hmclaughlin
2025-09-22 13:25:07,514 [INFO] Saved https://www.intero.com/bio/travion
2025-09-22 13:25:07,516 [INFO] Saved https://www.intero.com/bio/dmartinez
2025-09-22 13:25:07,518 [INFO] Saved https://www.intero.com/bio/tchan
2025-09-22 13:25:07,520 [INFO] Saved https://www.intero.com/bio/cindyh
2025-09-22 13:25:07,523 [INFO] Saved https://www.intero.com/bio/szib
2025-09-22 13:25:07,525 [INFO] Saved https://www.intero.com/bio/kristal
2025-09-22 13:25:07,527 [INFO] Saved https://www.intero.com/bio/kellya
2025-09-22 13:25:07,529 [INFO] Saved https://www.intero.com/bio/smody
2025-09-22 13:25:19,528 [INFO] Found 10 new agents
2025-09-22 13:25:19,531 [INFO] Saved https://www.intero.com/bio/kmolitor
2025-09-22 13:25:19,533 [INFO] Saved https://www.intero.com/bio/mstich
2025-09-22 13:25:19,536 [INFO] Saved https://www.intero.com/bio/tfernandes
2025-09-22 13:25:19,538 [INFO] Saved https://www.intero.com/bio/lzhou
2025-09-22 13:25:19,541 [INFO] Saved https://www.intero.com/bio/Dolkunr
2025-09-22 13:25:19,544 [INFO] Saved https://www.intero.com/bio/smahinay
2025-09-22 13:25:19,547 [INFO] Saved https://www.intero.com/bio/imorran
2025-09-22 13:25:19,549 [INFO] Saved https://www.intero.com/bio/gnoland
2025-09-22 13:25:19,551 [INFO] Saved https://www.intero.com/bio/huong
2025-09-22 13:25:19,554 [INFO] Saved https://www.intero.com/bio/keeyan
2025-09-22 13:25:32,036 [INFO] Found 10 new agents
2025-09-22 13:25:32,044 [INFO] Saved https://www.intero.com/bio/rsidhu
2025-09-22 13:25:32,047 [INFO] Saved https://www.intero.com/bio/vmarcelo
2025-09-22 13:25:32,050 [INFO] Saved https://www.intero.com/bio/multiresidentialadvisors
2025-09-22 13:25:32,052 [INFO] Saved https://www.intero.com/bio/ttahir
2025-09-22 13:25:32,055 [INFO] Saved https://www.intero.com/bio/gsmall
2025-09-22 13:25:32,057 [INFO] Saved https://www.intero.com/bio/zwang
2025-09-22 13:25:32,058 [INFO] Saved https://www.intero.com/bio/tbuisson
2025-09-22 13:25:32,060 [INFO] Saved https://www.intero.com/bio/rigo
2025-09-22 13:25:32,062 [INFO] Saved https://www.intero.com/bio/seddiquis
2025-09-22 13:25:32,063 [INFO] Saved https://www.intero.com/bio/crobertson
2025-09-22 13:25:45,246 [INFO] Found 9 new agents
2025-09-22 13:25:45,254 [INFO] Saved https://www.intero.com/bio/dkouretas
2025-09-22 13:25:45,256 [INFO] Saved https://www.intero.com/bio/sphamle
2025-09-22 13:25:45,259 [INFO] Saved https://www.intero.com/bio/probison
2025-09-22 13:25:45,261 [INFO] Saved https://www.intero.com/bio/kate
2025-09-22 13:25:45,265 [INFO] Saved https://www.intero.com/bio/jking
2025-09-22 13:25:45,268 [INFO] Saved https://www.intero.com/bio/deepkal
2025-09-22 13:25:45,270 [INFO] Saved https://www.intero.com/bio/dj
2025-09-22 13:25:45,273 [INFO] Saved https://www.intero.com/bio/darla
2025-09-22 13:25:45,276 [INFO] Saved https://www.intero.com/bio/jcouture
2025-09-22 13:25:59,322 [INFO] Found 10 new agents
2025-09-22 13:25:59,330 [INFO] Saved https://www.intero.com/bio/atsapko
2025-09-22 13:25:59,333 [INFO] Saved https://www.intero.com/bio/mkarakas
2025-09-22 13:25:59,337 [INFO] Saved https://www.intero.com/bio/byoshihara
2025-09-22 13:25:59,340 [INFO] Saved https://www.intero.com/bio/hchung
2025-09-22 13:25:59,343 [INFO] Saved https://www.intero.com/bio/troy
2025-09-22 13:25:59,344 [INFO] Saved https://www.intero.com/bio/dmok
2025-09-22 13:25:59,346 [INFO] Saved https://www.intero.com/bio/amakhijani
2025-09-22 13:25:59,348 [INFO] Saved https://www.intero.com/bio/michaeltessaro
2025-09-22 13:25:59,349 [INFO] Saved https://www.intero.com/bio/realtorsusangao
2025-09-22 13:25:59,351 [INFO] Saved https://www.intero.com/bio/jtrulli
2025-09-22 13:26:12,739 [INFO] Found 9 new agents
2025-09-22 13:26:12,742 [INFO] Saved https://www.intero.com/bio/michellem
2025-09-22 13:26:12,744 [INFO] Saved https://www.intero.com/bio/smueller
2025-09-22 13:26:12,748 [INFO] Saved https://www.intero.com/bio/cvelez
2025-09-22 13:26:12,750 [INFO] Saved https://www.intero.com/bio/thebarnesgroup
2025-09-22 13:26:12,753 [INFO] Saved https://www.intero.com/bio/david
2025-09-22 13:26:12,756 [INFO] Saved https://www.intero.com/bio/eligotgordon2
2025-09-22 13:26:12,758 [INFO] Saved https://www.intero.com/bio/slee
2025-09-22 13:26:12,759 [INFO] Saved https://www.intero.com/bio/blee
2025-09-22 13:26:12,761 [INFO] Saved https://www.intero.com/bio/rpaap
2025-09-22 13:26:26,162 [INFO] Found 10 new agents
2025-09-22 13:26:26,165 [INFO] Saved https://www.intero.com/bio/miriam
2025-09-22 13:26:26,167 [INFO] Saved https://www.intero.com/bio/apmaglines
2025-09-22 13:26:26,174 [INFO] Saved https://www.intero.com/bio/rbakshi
2025-09-22 13:26:26,176 [INFO] Saved https://www.intero.com/bio/jlam
2025-09-22 13:26:26,178 [INFO] Saved https://www.intero.com/bio/gconnors
2025-09-22 13:26:26,180 [INFO] Saved https://www.intero.com/bio/kfagundes
2025-09-22 13:26:26,183 [INFO] Saved https://www.intero.com/bio/lleaverton
2025-09-22 13:26:26,185 [INFO] Saved https://www.intero.com/bio/bervin
2025-09-22 13:26:26,187 [INFO] Saved https://www.intero.com/bio/gmferrari
2025-09-22 13:26:26,188 [INFO] Saved https://www.intero.com/bio/jgonzalez
2025-09-22 13:26:40,511 [INFO] Found 9 new agents
2025-09-22 13:26:40,514 [INFO] Saved https://www.intero.com/bio/ksrivatsa
2025-09-22 13:26:40,516 [INFO] Saved https://www.intero.com/bio/bvo
2025-09-22 13:26:40,518 [INFO] Saved https://www.intero.com/bio/efc
2025-09-22 13:26:40,521 [INFO] Saved https://www.intero.com/bio/socampo
2025-09-22 13:26:40,522 [INFO] Saved https://www.intero.com/bio/jdyer
2025-09-22 13:26:40,524 [INFO] Saved https://www.intero.com/bio/mliu2
2025-09-22 13:26:40,526 [INFO] Saved https://www.intero.com/bio/dwyant
2025-09-22 13:26:40,529 [INFO] Saved https://www.intero.com/bio/guille
2025-09-22 13:26:40,532 [INFO] Saved https://www.intero.com/bio/marellano
2025-09-22 13:26:55,568 [INFO] Found 10 new agents
2025-09-22 13:26:55,571 [INFO] Saved https://www.intero.com/bio/akilgore
2025-09-22 13:26:55,574 [INFO] Saved https://www.intero.com/bio/ssotomayor
2025-09-22 13:26:55,576 [INFO] Saved https://www.intero.com/bio/vahuja
2025-09-22 13:26:55,580 [INFO] Saved https://www.intero.com/bio/caristeblase
2025-09-22 13:26:55,583 [INFO] Saved https://www.intero.com/bio/thider
2025-09-22 13:26:55,586 [INFO] Saved https://www.intero.com/bio/jlarsen
2025-09-22 13:26:55,589 [INFO] Saved https://www.intero.com/bio/bkuang
2025-09-22 13:26:55,592 [INFO] Saved https://www.intero.com/bio/daalami
2025-09-22 13:26:55,598 [INFO] Saved https://www.intero.com/bio/novashiasmotherman
2025-09-22 13:26:55,600 [INFO] Saved https://www.intero.com/bio/hshankar
2025-09-22 13:27:09,692 [INFO] Found 10 new agents
2025-09-22 13:27:09,695 [INFO] Saved https://www.intero.com/bio/jminemoto2
2025-09-22 13:27:09,697 [INFO] Saved https://www.intero.com/bio/kgarza
2025-09-22 13:27:09,699 [INFO] Saved https://www.intero.com/bio/kthilak
2025-09-22 13:27:09,702 [INFO] Saved https://www.intero.com/bio/mmorris
2025-09-22 13:27:09,704 [INFO] Saved https://www.intero.com/bio/teresatate7
2025-09-22 13:27:09,706 [INFO] Saved https://www.intero.com/bio/lrobinson
2025-09-22 13:27:09,708 [INFO] Saved https://www.intero.com/bio/brentparks
2025-09-22 13:27:09,710 [INFO] Saved https://www.intero.com/bio/sroach
2025-09-22 13:27:09,713 [INFO] Saved https://www.intero.com/bio/info
2025-09-22 13:27:09,716 [INFO] Saved https://www.intero.com/bio/lchacon
2025-09-22 13:27:26,294 [INFO] Found 8 new agents
2025-09-22 13:27:26,295 [INFO] Saved https://www.intero.com/bio/rrai
2025-09-22 13:27:26,297 [INFO] Saved https://www.intero.com/bio/elinalee
2025-09-22 13:27:26,299 [INFO] Saved https://www.intero.com/bio/mmuscat
2025-09-22 13:27:26,301 [INFO] Saved https://www.intero.com/bio/kcooney
2025-09-22 13:27:26,302 [INFO] Saved https://www.intero.com/bio/maltun
2025-09-22 13:27:26,303 [INFO] Saved https://www.intero.com/bio/jasmindab
2025-09-22 13:27:26,305 [INFO] Saved https://www.intero.com/bio/garlandhenley
2025-09-22 13:27:26,307 [INFO] Saved https://www.intero.com/bio/etorres
2025-09-22 13:27:41,362 [INFO] Found 10 new agents
2025-09-22 13:27:41,364 [INFO] Saved https://www.intero.com/bio/rchellino
2025-09-22 13:27:41,367 [INFO] Saved https://www.intero.com/bio/scortez
2025-09-22 13:27:41,369 [INFO] Saved https://www.intero.com/bio/rpopp2
2025-09-22 13:27:41,372 [INFO] Saved https://www.intero.com/bio/sratna
2025-09-22 13:27:41,374 [INFO] Saved https://www.intero.com/bio/jquant
2025-09-22 13:27:41,377 [INFO] Saved https://www.intero.com/bio/aileenc
2025-09-22 13:27:41,379 [INFO] Saved https://www.intero.com/bio/aho
2025-09-22 13:27:41,381 [INFO] Saved https://www.intero.com/bio/eddyl
2025-09-22 13:27:41,383 [INFO] Saved https://www.intero.com/bio/bchiorean
2025-09-22 13:27:41,384 [INFO] Saved https://www.intero.com/bio/jporcuna
2025-09-22 13:27:56,304 [INFO] Found 9 new agents
2025-09-22 13:27:56,307 [INFO] Saved https://www.intero.com/bio/lestrada
2025-09-22 13:27:56,309 [INFO] Saved https://www.intero.com/bio/derrickl
2025-09-22 13:27:56,312 [INFO] Saved https://www.intero.com/bio/marcy
2025-09-22 13:27:56,314 [INFO] Saved https://www.intero.com/bio/marva
2025-09-22 13:27:56,316 [INFO] Saved https://www.intero.com/bio/kpai
2025-09-22 13:27:56,320 [INFO] Saved https://www.intero.com/bio/pedro
2025-09-22 13:27:56,322 [INFO] Saved https://www.intero.com/bio/homes2
2025-09-22 13:27:56,323 [INFO] Saved https://www.intero.com/bio/srampur
2025-09-22 13:27:56,325 [INFO] Saved https://www.intero.com/bio/bwarriach
2025-09-22 13:28:10,440 [INFO] Found 10 new agents
2025-09-22 13:28:10,442 [INFO] Saved https://www.intero.com/bio/slloyd
2025-09-22 13:28:10,444 [INFO] Saved https://www.intero.com/bio/sromero
2025-09-22 13:28:10,446 [INFO] Saved https://www.intero.com/bio/nloveless
2025-09-22 13:28:10,449 [INFO] Saved https://www.intero.com/bio/realtoranu
2025-09-22 13:28:10,451 [INFO] Saved https://www.intero.com/bio/jkester
2025-09-22 13:28:10,453 [INFO] Saved https://www.intero.com/bio/rfaris
2025-09-22 13:28:10,457 [INFO] Saved https://www.intero.com/bio/kkalsi
2025-09-22 13:28:10,460 [INFO] Saved https://www.intero.com/bio/dluc
2025-09-22 13:28:10,463 [INFO] Saved https://www.intero.com/bio/lmatos
2025-09-22 13:28:10,465 [INFO] Saved https://www.intero.com/bio/nrizvi
2025-09-22 13:28:25,386 [INFO] Found 10 new agents
2025-09-22 13:28:25,390 [INFO] Saved https://www.intero.com/bio/pconkin
2025-09-22 13:28:25,393 [INFO] Saved https://www.intero.com/bio/mnobriga
2025-09-22 13:28:25,395 [INFO] Saved https://www.intero.com/bio/rshahid
2025-09-22 13:28:25,397 [INFO] Saved https://www.intero.com/bio/jchase
2025-09-22 13:28:25,399 [INFO] Saved https://www.intero.com/bio/tjtaylor
2025-09-22 13:28:25,401 [INFO] Saved https://www.intero.com/bio/almoridi
2025-09-22 13:28:25,404 [INFO] Saved https://www.intero.com/bio/fbobadilla
2025-09-22 13:28:25,407 [INFO] Saved https://www.intero.com/bio/ashurwong
2025-09-22 13:28:25,410 [INFO] Saved https://www.intero.com/bio/sgolgiri
2025-09-22 13:28:25,412 [INFO] Saved https://www.intero.com/bio/unguyen
2025-09-22 13:28:41,456 [INFO] Found 10 new agents
2025-09-22 13:28:41,459 [INFO] Saved https://www.intero.com/bio/spawar
2025-09-22 13:28:41,460 [INFO] Saved https://www.intero.com/bio/mclark
2025-09-22 13:28:41,462 [INFO] Saved https://www.intero.com/bio/rbehl
2025-09-22 13:28:41,465 [INFO] Saved https://www.intero.com/bio/adhaliwal
2025-09-22 13:28:41,468 [INFO] Saved https://www.intero.com/bio/eho
2025-09-22 13:28:41,471 [INFO] Saved https://www.intero.com/bio/sbenjamin
2025-09-22 13:28:41,474 [INFO] Saved https://www.intero.com/bio/emartinez
2025-09-22 13:28:41,477 [INFO] Saved https://www.intero.com/bio/vovieda
2025-09-22 13:28:41,480 [INFO] Saved https://www.intero.com/bio/rspears
2025-09-22 13:28:41,481 [INFO] Saved https://www.intero.com/bio/kthind
2025-09-22 13:28:58,488 [INFO] Found 10 new agents
2025-09-22 13:28:58,491 [INFO] Saved https://www.intero.com/bio/aaguayo
2025-09-22 13:28:58,494 [INFO] Saved https://www.intero.com/bio/cledesma
2025-09-22 13:28:58,497 [INFO] Saved https://www.intero.com/bio/njunday
2025-09-22 13:28:58,500 [INFO] Saved https://www.intero.com/bio/jcheng
2025-09-22 13:28:58,503 [INFO] Saved https://www.intero.com/bio/pralph
2025-09-22 13:28:58,506 [INFO] Saved https://www.intero.com/bio/lindaaryani
2025-09-22 13:28:58,509 [INFO] Saved https://www.intero.com/bio/rcooksey
2025-09-22 13:28:58,512 [INFO] Saved https://www.intero.com/bio/smize
2025-09-22 13:28:58,515 [INFO] Saved https://www.intero.com/bio/nathan
2025-09-22 13:28:58,518 [INFO] Saved https://www.intero.com/bio/anitabolinjkar
2025-09-22 13:29:14,382 [INFO] Found 10 new agents
2025-09-22 13:29:14,384 [INFO] Saved https://www.intero.com/bio/smatin
2025-09-22 13:29:14,387 [INFO] Saved https://www.intero.com/bio/gregcary
2025-09-22 13:29:14,389 [INFO] Saved https://www.intero.com/bio/bmohammad
2025-09-22 13:29:14,391 [INFO] Saved https://www.intero.com/bio/mreddy
2025-09-22 13:29:14,393 [INFO] Saved https://www.intero.com/bio/rbarma
2025-09-22 13:29:14,396 [INFO] Saved https://www.intero.com/bio/rruiz
2025-09-22 13:29:14,398 [INFO] Saved https://www.intero.com/bio/frankvento
2025-09-22 13:29:14,401 [INFO] Saved https://www.intero.com/bio/molesgroup
2025-09-22 13:29:14,404 [INFO] Saved https://www.intero.com/bio/igomez
2025-09-22 13:29:14,406 [INFO] Saved https://www.intero.com/bio/khickey
2025-09-22 13:29:32,121 [INFO] Found 9 new agents
2025-09-22 13:29:32,124 [INFO] Saved https://www.intero.com/bio/ncarlson
2025-09-22 13:29:32,127 [INFO] Saved https://www.intero.com/bio/sold
2025-09-22 13:29:32,129 [INFO] Saved https://www.intero.com/bio/jghajar
2025-09-22 13:29:32,131 [INFO] Saved https://www.intero.com/bio/rehana
2025-09-22 13:29:32,134 [INFO] Saved https://www.intero.com/bio/david2
2025-09-22 13:29:32,137 [INFO] Saved https://www.intero.com/bio/ctovera
2025-09-22 13:29:32,139 [INFO] Saved https://www.intero.com/bio/klinquist
2025-09-22 13:29:32,141 [INFO] Saved https://www.intero.com/bio/pezzatyar
2025-09-22 13:29:32,143 [INFO] Saved https://www.intero.com/bio/witkinteam
2025-09-22 13:29:48,796 [INFO] Found 9 new agents
2025-09-22 13:29:48,798 [INFO] Saved https://www.intero.com/bio/jcarrow
2025-09-22 13:29:48,800 [INFO] Saved https://www.intero.com/bio/cheryl
2025-09-22 13:29:48,803 [INFO] Saved https://www.intero.com/bio/ttaylor
2025-09-22 13:29:48,805 [INFO] Saved https://www.intero.com/bio/harvey
2025-09-22 13:29:48,807 [INFO] Saved https://www.intero.com/bio/rwankhade
2025-09-22 13:29:48,809 [INFO] Saved https://www.intero.com/bio/tiaelges
2025-09-22 13:29:48,811 [INFO] Saved https://www.intero.com/bio/jgerughty
2025-09-22 13:29:48,814 [INFO] Saved https://www.intero.com/bio/lmok
2025-09-22 13:29:48,821 [INFO] Saved https://www.intero.com/bio/acruz
2025-09-22 13:30:05,160 [INFO] Found 10 new agents
2025-09-22 13:30:05,163 [INFO] Saved https://www.intero.com/bio/rchan
2025-09-22 13:30:05,166 [INFO] Saved https://www.intero.com/bio/dgluhaich
2025-09-22 13:30:05,169 [INFO] Saved https://www.intero.com/bio/moisen
2025-09-22 13:30:05,172 [INFO] Saved https://www.intero.com/bio/pzahedani
2025-09-22 13:30:05,175 [INFO] Saved https://www.intero.com/bio/ddahdal
2025-09-22 13:30:05,177 [INFO] Saved https://www.intero.com/bio/cielodrealtor
2025-09-22 13:30:05,179 [INFO] Saved https://www.intero.com/bio/ewong
2025-09-22 13:30:05,181 [INFO] Saved https://www.intero.com/bio/emyg
2025-09-22 13:30:05,183 [INFO] Saved https://www.intero.com/bio/rtrevino
2025-09-22 13:30:05,184 [INFO] Saved https://www.intero.com/bio/ssaadieh
2025-09-22 13:30:26,106 [INFO] Found 6 new agents
2025-09-22 13:30:26,108 [INFO] Saved https://www.intero.com/bio/gyanbhambhani
2025-09-22 13:30:26,111 [INFO] Saved https://www.intero.com/bio/jjohnston
2025-09-22 13:30:26,114 [INFO] Saved https://www.intero.com/bio/calger2
2025-09-22 13:30:26,121 [INFO] Saved https://www.intero.com/bio/gabeg
2025-09-22 13:30:26,123 [INFO] Saved https://www.intero.com/bio/reetikas
2025-09-22 13:30:26,126 [INFO] Saved https://www.intero.com/bio/egreen
2025-09-22 13:30:42,562 [INFO] Found 5 new agents
2025-09-22 13:30:42,565 [INFO] Saved https://www.intero.com/bio/jgrothe
2025-09-22 13:30:42,568 [INFO] Saved https://www.intero.com/bio/vcurto
2025-09-22 13:30:42,571 [INFO] Saved https://www.intero.com/bio/cramirez
2025-09-22 13:30:42,574 [INFO] Saved https://www.intero.com/bio/kenlutz
2025-09-22 13:30:42,578 [INFO] Saved https://www.intero.com/bio/lpinheiro
2025-09-22 13:30:59,363 [INFO] Found 2 new agents
2025-09-22 13:30:59,366 [INFO] Saved https://www.intero.com/bio/skramer
2025-09-22 13:30:59,369 [INFO] Saved https://www.intero.com/bio/aalamdar
2025-09-22 13:31:15,148 [INFO] Found 2 new agents
2025-09-22 13:31:15,151 [INFO] Saved https://www.intero.com/bio/dhobson
2025-09-22 13:31:15,154 [INFO] Saved https://www.intero.com/bio/pfelix
2025-09-22 13:31:32,582 [INFO] Found 5 new agents
2025-09-22 13:31:32,585 [INFO] Saved https://www.intero.com/bio/castroaf1968
2025-09-22 13:31:32,588 [INFO] Saved https://www.intero.com/bio/fnejat
2025-09-22 13:31:32,590 [INFO] Saved https://www.intero.com/bio/cpalega
2025-09-22 13:31:32,593 [INFO] Saved https://www.intero.com/bio/bhobbs
2025-09-22 13:31:32,595 [INFO] Saved https://www.intero.com/bio/bsigura
2025-09-22 13:31:50,719 [INFO] Found 5 new agents
2025-09-22 13:31:50,722 [INFO] Saved https://www.intero.com/bio/pshekhawat
2025-09-22 13:31:50,725 [INFO] Saved https://www.intero.com/bio/hau
2025-09-22 13:31:50,728 [INFO] Saved https://www.intero.com/bio/ssi
2025-09-22 13:31:50,730 [INFO] Saved https://www.intero.com/bio/vsaini
2025-09-22 13:31:50,733 [INFO] Saved https://www.intero.com/bio/ydong
2025-09-22 13:32:08,353 [INFO] Found 6 new agents
2025-09-22 13:32:08,356 [INFO] Saved https://www.intero.com/bio/veenag
2025-09-22 13:32:08,358 [INFO] Saved https://www.intero.com/bio/sbuqeileh
2025-09-22 13:32:08,360 [INFO] Saved https://www.intero.com/bio/sbelyaev
2025-09-22 13:32:08,363 [INFO] Saved https://www.intero.com/bio/carlospadilla
2025-09-22 13:32:08,365 [INFO] Saved https://www.intero.com/bio/bmarmol
2025-09-22 13:32:08,368 [INFO] Saved https://www.intero.com/bio/ksalazar
2025-09-22 13:32:30,637 [INFO] Found 3 new agents
2025-09-22 13:32:30,640 [INFO] Saved https://www.intero.com/bio/ssiahpolo
2025-09-22 13:32:30,643 [INFO] Saved https://www.intero.com/bio/llawton
2025-09-22 13:32:30,647 [INFO] Saved https://www.intero.com/bio/jcho
2025-09-22 13:32:48,737 [INFO] Found 7 new agents
2025-09-22 13:32:48,739 [INFO] Saved https://www.intero.com/bio/usingh
2025-09-22 13:32:48,742 [INFO] Saved https://www.intero.com/bio/skraus
2025-09-22 13:32:48,744 [INFO] Saved https://www.intero.com/bio/pboskovich
2025-09-22 13:32:48,747 [INFO] Saved https://www.intero.com/bio/mkhanna
2025-09-22 13:32:48,757 [INFO] Saved https://www.intero.com/bio/janeth
2025-09-22 13:32:48,760 [INFO] Saved https://www.intero.com/bio/bchang
2025-09-22 13:32:48,763 [INFO] Saved https://www.intero.com/bio/trangsf
2025-09-22 13:33:07,580 [INFO] Found 4 new agents
2025-09-22 13:33:07,583 [INFO] Saved https://www.intero.com/bio/jarvis
2025-09-22 13:33:07,586 [INFO] Saved https://www.intero.com/bio/eva
2025-09-22 13:33:07,589 [INFO] Saved https://www.intero.com/bio/marshall
2025-09-22 13:33:07,593 [INFO] Saved https://www.intero.com/bio/pdavid
2025-09-22 13:33:25,648 [INFO] Found 3 new agents
2025-09-22 13:33:25,650 [INFO] Saved https://www.intero.com/bio/sshepherd
2025-09-22 13:33:25,653 [INFO] Saved https://www.intero.com/bio/msalas
2025-09-22 13:33:25,656 [INFO] Saved https://www.intero.com/bio/jmoles
2025-09-22 13:33:44,011 [INFO] Found 4 new agents
2025-09-22 13:33:44,014 [INFO] Saved https://www.intero.com/bio/victoriaj
2025-09-22 13:33:44,016 [INFO] Saved https://www.intero.com/bio/mario4martin
2025-09-22 13:33:44,018 [INFO] Saved https://www.intero.com/bio/ssethi
2025-09-22 13:33:44,020 [INFO] Saved https://www.intero.com/bio/smanagoli
2025-09-22 13:34:02,430 [INFO] Found 7 new agents
2025-09-22 13:34:02,432 [INFO] Saved https://www.intero.com/bio/sherrykmartinezrealtor
2025-09-22 13:34:02,434 [INFO] Saved https://www.intero.com/bio/mgarg
2025-09-22 13:34:02,437 [INFO] Saved https://www.intero.com/bio/chrisb
2025-09-22 13:34:02,440 [INFO] Saved https://www.intero.com/bio/clairel
2025-09-22 13:34:02,443 [INFO] Saved https://www.intero.com/bio/ngonzalez
2025-09-22 13:34:02,447 [INFO] Saved https://www.intero.com/bio/darrylahmad
2025-09-22 13:34:02,450 [INFO] Saved https://www.intero.com/bio/mshokoufar
2025-09-22 13:34:21,114 [INFO] No new agents, idle_rounds=1/5
2025-09-22 13:34:40,187 [INFO] Found 3 new agents
2025-09-22 13:34:40,190 [INFO] Saved https://www.intero.com/bio/sfoudeh
2025-09-22 13:34:40,192 [INFO] Saved https://www.intero.com/bio/bmarfori2
2025-09-22 13:34:40,195 [INFO] Saved https://www.intero.com/bio/lisa
2025-09-22 13:34:58,648 [INFO] Found 4 new agents
2025-09-22 13:34:58,652 [INFO] Saved https://www.intero.com/bio/bjacobs
2025-09-22 13:34:58,655 [INFO] Saved https://www.intero.com/bio/ialcala
2025-09-22 13:34:58,658 [INFO] Saved https://www.intero.com/bio/mhakikat2
2025-09-22 13:34:58,661 [INFO] Saved https://www.intero.com/bio/jyau
2025-09-22 13:35:17,969 [INFO] Found 6 new agents
2025-09-22 13:35:17,972 [INFO] Saved https://www.intero.com/bio/superlativelifestyles
2025-09-22 13:35:17,975 [INFO] Saved https://www.intero.com/bio/amorris
2025-09-22 13:35:17,977 [INFO] Saved https://www.intero.com/bio/matt2
2025-09-22 13:35:17,981 [INFO] Saved https://www.intero.com/bio/sbeck
2025-09-22 13:35:17,984 [INFO] Saved https://www.intero.com/bio/efry
2025-09-22 13:35:17,987 [INFO] Saved https://www.intero.com/bio/cbrown
2025-09-22 13:35:37,960 [INFO] Found 2 new agents
2025-09-22 13:35:37,963 [INFO] Saved https://www.intero.com/bio/jlane
2025-09-22 13:35:37,966 [INFO] Saved https://www.intero.com/bio/tgomez
2025-09-22 13:35:57,340 [INFO] Found 9 new agents
2025-09-22 13:35:57,343 [INFO] Saved https://www.intero.com/bio/smedrano
2025-09-22 13:35:57,344 [INFO] Saved https://www.intero.com/bio/davidazpeitia
2025-09-22 13:35:57,345 [INFO] Saved https://www.intero.com/bio/gail
2025-09-22 13:35:57,347 [INFO] Saved https://www.intero.com/bio/graehamwatts
2025-09-22 13:35:57,349 [INFO] Saved https://www.intero.com/bio/samherrera
2025-09-22 13:35:57,351 [INFO] Saved https://www.intero.com/bio/alexlopez
2025-09-22 13:35:57,355 [INFO] Saved https://www.intero.com/bio/lmaciel
2025-09-22 13:35:57,358 [INFO] Saved https://www.intero.com/bio/sbravo
2025-09-22 13:35:57,361 [INFO] Saved https://www.intero.com/bio/toranh
2025-09-22 13:36:18,305 [INFO] Found 7 new agents
2025-09-22 13:36:18,308 [INFO] Saved https://www.intero.com/bio/sghajar
2025-09-22 13:36:18,311 [INFO] Saved https://www.intero.com/bio/jimmyt
2025-09-22 13:36:18,314 [INFO] Saved https://www.intero.com/bio/sonias
2025-09-22 13:36:18,317 [INFO] Saved https://www.intero.com/bio/sarahlutzrealtor
2025-09-22 13:36:18,320 [INFO] Saved https://www.intero.com/bio/ledy
2025-09-22 13:36:18,323 [INFO] Saved https://www.intero.com/bio/cgiang
2025-09-22 13:36:18,326 [INFO] Saved https://www.intero.com/bio/sgupta
2025-09-22 13:36:39,429 [INFO] Found 4 new agents
2025-09-22 13:36:39,431 [INFO] Saved https://www.intero.com/bio/aakana
2025-09-22 13:36:39,435 [INFO] Saved https://www.intero.com/bio/ssamiei
2025-09-22 13:36:39,437 [INFO] Saved https://www.intero.com/bio/khumpal
2025-09-22 13:36:39,440 [INFO] Saved https://www.intero.com/bio/nalmeida
2025-09-22 13:36:59,139 [INFO] Found 6 new agents
2025-09-22 13:36:59,142 [INFO] Saved https://www.intero.com/bio/carol
2025-09-22 13:36:59,145 [INFO] Saved https://www.intero.com/bio/smerchant
2025-09-22 13:36:59,148 [INFO] Saved https://www.intero.com/bio/mgoyal
2025-09-22 13:36:59,150 [INFO] Saved https://www.intero.com/bio/juanom
2025-09-22 13:36:59,153 [INFO] Saved https://www.intero.com/bio/mdo
2025-09-22 13:36:59,155 [INFO] Saved https://www.intero.com/bio/dazimi
2025-09-22 13:37:19,781 [INFO] Found 6 new agents
2025-09-22 13:37:19,789 [INFO] Saved https://www.intero.com/bio/pgurrung
2025-09-22 13:37:19,793 [INFO] Saved https://www.intero.com/bio/aoyenuga
2025-09-22 13:37:19,796 [INFO] Saved https://www.intero.com/bio/jcalderon
2025-09-22 13:37:19,799 [INFO] Saved https://www.intero.com/bio/etionloc2
2025-09-22 13:37:19,802 [INFO] Saved https://www.intero.com/bio/canderson
2025-09-22 13:37:19,804 [INFO] Saved https://www.intero.com/bio/crumconstantinoteam
2025-09-22 13:37:41,449 [INFO] Found 5 new agents
2025-09-22 13:37:41,452 [INFO] Saved https://www.intero.com/bio/loribyates
2025-09-22 13:37:41,455 [INFO] Saved https://www.intero.com/bio/kosi
2025-09-22 13:37:41,459 [INFO] Saved https://www.intero.com/bio/nakul
2025-09-22 13:37:41,462 [INFO] Saved https://www.intero.com/bio/ksenthil
2025-09-22 13:37:41,464 [INFO] Saved https://www.intero.com/bio/vioseliani
2025-09-22 13:38:00,841 [INFO] Found 4 new agents
2025-09-22 13:38:00,844 [INFO] Saved https://www.intero.com/bio/kris
2025-09-22 13:38:00,847 [INFO] Saved https://www.intero.com/bio/kstang
2025-09-22 13:38:00,850 [INFO] Saved https://www.intero.com/bio/jessieli
2025-09-22 13:38:00,855 [INFO] Saved https://www.intero.com/bio/wstudzinski
2025-09-22 13:38:21,820 [INFO] Found 4 new agents
2025-09-22 13:38:21,822 [INFO] Saved https://www.intero.com/bio/andyb
2025-09-22 13:38:21,825 [INFO] Saved https://www.intero.com/bio/ggluhaich
2025-09-22 13:38:21,828 [INFO] Saved https://www.intero.com/bio/aldogonzalez
2025-09-22 13:38:21,832 [INFO] Saved https://www.intero.com/bio/jponce
2025-09-22 13:38:42,697 [INFO] Found 4 new agents
2025-09-22 13:38:42,699 [INFO] Saved https://www.intero.com/bio/johnc
2025-09-22 13:38:42,702 [INFO] Saved https://www.intero.com/bio/mgutierrez
2025-09-22 13:38:42,705 [INFO] Saved https://www.intero.com/bio/aabadiachavez
2025-09-22 13:38:42,709 [INFO] Saved https://www.intero.com/bio/vrayanker
2025-09-22 13:39:04,956 [INFO] Found 5 new agents
2025-09-22 13:39:04,960 [INFO] Saved https://www.intero.com/bio/destineym
2025-09-22 13:39:04,962 [INFO] Saved https://www.intero.com/bio/omintz
2025-09-22 13:39:04,965 [INFO] Saved https://www.intero.com/bio/linda
2025-09-22 13:39:04,968 [INFO] Saved https://www.intero.com/bio/jsaldana
2025-09-22 13:39:04,970 [INFO] Saved https://www.intero.com/bio/jordanmottrealestategroup
2025-09-22 13:39:26,909 [INFO] Found 5 new agents
2025-09-22 13:39:26,912 [INFO] Saved https://www.intero.com/bio/tbongiorno
2025-09-22 13:39:26,914 [INFO] Saved https://www.intero.com/bio/sellison
2025-09-22 13:39:26,917 [INFO] Saved https://www.intero.com/bio/atjing
2025-09-22 13:39:26,920 [INFO] Saved https://www.intero.com/bio/zebasiddiqui
2025-09-22 13:39:26,923 [INFO] Saved https://www.intero.com/bio/ashi
2025-09-22 13:39:48,140 [INFO] Found 5 new agents
2025-09-22 13:39:48,143 [INFO] Saved https://www.intero.com/bio/lcortesi
2025-09-22 13:39:48,145 [INFO] Saved https://www.intero.com/bio/daniel
2025-09-22 13:39:48,148 [INFO] Saved https://www.intero.com/bio/cpineda
2025-09-22 13:39:48,152 [INFO] Saved https://www.intero.com/bio/jacquelineg
2025-09-22 13:39:48,153 [INFO] Saved https://www.intero.com/bio/kimberly
2025-09-22 13:40:10,342 [INFO] Found 4 new agents
2025-09-22 13:40:10,345 [INFO] Saved https://www.intero.com/bio/maggiew
2025-09-22 13:40:10,347 [INFO] Saved https://www.intero.com/bio/fhollingsworth
2025-09-22 13:40:10,349 [INFO] Saved https://www.intero.com/bio/mmaftoon
2025-09-22 13:40:10,352 [INFO] Saved https://www.intero.com/bio/hcastillo
2025-09-22 13:40:32,540 [INFO] Found 2 new agents
2025-09-22 13:40:32,543 [INFO] Saved https://www.intero.com/bio/hemajagtiani
2025-09-22 13:40:32,546 [INFO] Saved https://www.intero.com/bio/gagosti2
2025-09-22 13:40:53,920 [INFO] Found 5 new agents
2025-09-22 13:40:53,923 [INFO] Saved https://www.intero.com/bio/ssosebee
2025-09-22 13:40:53,925 [INFO] Saved https://www.intero.com/bio/smurray
2025-09-22 13:40:53,929 [INFO] Saved https://www.intero.com/bio/rsams
2025-09-22 13:40:53,932 [INFO] Saved https://www.intero.com/bio/jkyi
2025-09-22 13:40:53,935 [INFO] Saved https://www.intero.com/bio/mkozlova
2025-09-22 13:41:15,205 [INFO] Found 4 new agents
2025-09-22 13:41:15,208 [INFO] Saved https://www.intero.com/bio/caramilgate
2025-09-22 13:41:15,211 [INFO] Saved https://www.intero.com/bio/lregan
2025-09-22 13:41:15,214 [INFO] Saved https://www.intero.com/bio/jorozco
2025-09-22 13:41:15,218 [INFO] Saved https://www.intero.com/bio/bmiciano
2025-09-22 13:41:36,941 [INFO] Found 7 new agents
2025-09-22 13:41:36,944 [INFO] Saved https://www.intero.com/bio/mmedina
2025-09-22 13:41:36,946 [INFO] Saved https://www.intero.com/bio/ilana
2025-09-22 13:41:36,948 [INFO] Saved https://www.intero.com/bio/cwilliams
2025-09-22 13:41:36,950 [INFO] Saved https://www.intero.com/bio/smorales
2025-09-22 13:41:36,952 [INFO] Saved https://www.intero.com/bio/bzarate
2025-09-22 13:41:36,955 [INFO] Saved https://www.intero.com/bio/msunga
2025-09-22 13:41:36,956 [INFO] Saved https://www.intero.com/bio/thopkins
2025-09-22 13:42:01,312 [INFO] Found 5 new agents
2025-09-22 13:42:01,315 [INFO] Saved https://www.intero.com/bio/isolorio
2025-09-22 13:42:01,319 [INFO] Saved https://www.intero.com/bio/kristin
2025-09-22 13:42:01,322 [INFO] Saved https://www.intero.com/bio/ntroop
2025-09-22 13:42:01,326 [INFO] Saved https://www.intero.com/bio/julio
2025-09-22 13:42:01,329 [INFO] Saved https://www.intero.com/bio/imora
2025-09-22 13:42:24,239 [INFO] Found 3 new agents
2025-09-22 13:42:24,241 [INFO] Saved https://www.intero.com/bio/hjagtiani
2025-09-22 13:42:24,243 [INFO] Saved https://www.intero.com/bio/ecamarao
2025-09-22 13:42:24,245 [INFO] Saved https://www.intero.com/bio/msaitone
2025-09-22 13:42:46,793 [INFO] Found 5 new agents
2025-09-22 13:42:46,795 [INFO] Saved https://www.intero.com/bio/thuyh
2025-09-22 13:42:46,796 [INFO] Saved https://www.intero.com/bio/ccrisostomo
2025-09-22 13:42:46,799 [INFO] Saved https://www.intero.com/bio/dnguyen
2025-09-22 13:42:46,802 [INFO] Saved https://www.intero.com/bio/swoods
2025-09-22 13:42:46,804 [INFO] Saved https://www.intero.com/bio/kmorgan
2025-09-22 13:43:08,111 [INFO] Found 3 new agents
2025-09-22 13:43:08,115 [INFO] Saved https://www.intero.com/bio/sruth
2025-09-22 13:43:08,116 [INFO] Saved https://www.intero.com/bio/lienluhomes
2025-09-22 13:43:08,118 [INFO] Saved https://www.intero.com/bio/dperry
2025-09-22 13:43:29,921 [INFO] Found 3 new agents
2025-09-22 13:43:29,923 [INFO] Saved https://www.intero.com/bio/yzhang
2025-09-22 13:43:29,925 [INFO] Saved https://www.intero.com/bio/carina
2025-09-22 13:43:29,927 [INFO] Saved https://www.intero.com/bio/ascott
2025-09-22 13:43:53,971 [INFO] Found 2 new agents
2025-09-22 13:43:53,974 [INFO] Saved https://www.intero.com/bio/afranco2
2025-09-22 13:43:53,976 [INFO] Saved https://www.intero.com/bio/mukeshurrealtor
2025-09-22 13:44:23,786 [INFO] Found 4 new agents
2025-09-22 13:44:23,789 [INFO] Saved https://www.intero.com/bio/harryk
2025-09-22 13:44:23,791 [INFO] Saved https://www.intero.com/bio/lneilson
2025-09-22 13:44:23,794 [INFO] Saved https://www.intero.com/bio/dkang
2025-09-22 13:44:23,797 [INFO] Saved https://www.intero.com/bio/wqian
2025-09-22 13:44:46,534 [INFO] Found 6 new agents
2025-09-22 13:44:46,536 [INFO] Saved https://www.intero.com/bio/vlam
2025-09-22 13:44:46,539 [INFO] Saved https://www.intero.com/bio/jshea
2025-09-22 13:44:46,541 [INFO] Saved https://www.intero.com/bio/michellej
2025-09-22 13:44:46,544 [INFO] Saved https://www.intero.com/bio/mgrewal
2025-09-22 13:44:46,548 [INFO] Saved https://www.intero.com/bio/pmeador
2025-09-22 13:44:46,556 [INFO] Saved https://www.intero.com/bio/smitra
2025-09-22 13:45:09,349 [INFO] Found 6 new agents
2025-09-22 13:45:09,352 [INFO] Saved https://www.intero.com/bio/gkaur
2025-09-22 13:45:09,355 [INFO] Saved https://www.intero.com/bio/lsmith
2025-09-22 13:45:09,358 [INFO] Saved https://www.intero.com/bio/fwang
2025-09-22 13:45:09,361 [INFO] Saved https://www.intero.com/bio/bmaryon
2025-09-22 13:45:09,364 [INFO] Saved https://www.intero.com/bio/aledesma
2025-09-22 13:45:09,367 [INFO] Saved https://www.intero.com/bio/vbrodsky
2025-09-22 13:45:32,391 [INFO] Found 3 new agents
2025-09-22 13:45:32,394 [INFO] Saved https://www.intero.com/bio/lliu
2025-09-22 13:45:32,396 [INFO] Saved https://www.intero.com/bio/krohra
2025-09-22 13:45:32,399 [INFO] Saved https://www.intero.com/bio/baltmann
2025-09-22 13:45:57,567 [INFO] Found 6 new agents
2025-09-22 13:45:57,570 [INFO] Saved https://www.intero.com/bio/moxiworksdemo2
2025-09-22 13:45:57,573 [INFO] Saved https://www.intero.com/bio/bgaline
2025-09-22 13:45:57,576 [INFO] Saved https://www.intero.com/bio/tbarragan
2025-09-22 13:45:57,580 [INFO] Saved https://www.intero.com/bio/dtrieu
2025-09-22 13:45:57,583 [INFO] Saved https://www.intero.com/bio/michele
2025-09-22 13:45:57,586 [INFO] Saved https://www.intero.com/bio/yari
2025-09-22 13:46:22,226 [INFO] Found 4 new agents
2025-09-22 13:46:22,229 [INFO] Saved https://www.intero.com/bio/bryang
2025-09-22 13:46:22,232 [INFO] Saved https://www.intero.com/bio/mserassio
2025-09-22 13:46:22,235 [INFO] Saved https://www.intero.com/bio/rmendoza
2025-09-22 13:46:22,239 [INFO] Saved https://www.intero.com/bio/tashasellingtn
2025-09-22 13:46:45,521 [INFO] Found 4 new agents
2025-09-22 13:46:45,524 [INFO] Saved https://www.intero.com/bio/cshahar
2025-09-22 13:46:45,527 [INFO] Saved https://www.intero.com/bio/abhichals
2025-09-22 13:46:45,530 [INFO] Saved https://www.intero.com/bio/pjalali
2025-09-22 13:46:45,534 [INFO] Saved https://www.intero.com/bio/nmahan
2025-09-22 13:47:08,377 [INFO] Found 2 new agents
2025-09-22 13:47:08,380 [INFO] Saved https://www.intero.com/bio/scason
2025-09-22 13:47:08,383 [INFO] Saved https://www.intero.com/bio/hebrahimi
2025-09-22 13:47:31,718 [INFO] Found 4 new agents
2025-09-22 13:47:31,721 [INFO] Saved https://www.intero.com/bio/mlee
2025-09-22 13:47:31,723 [INFO] Saved https://www.intero.com/bio/bjang
2025-09-22 13:47:31,726 [INFO] Saved https://www.intero.com/bio/deborahp
2025-09-22 13:47:31,729 [INFO] Saved https://www.intero.com/bio/tpeterkin
2025-09-22 13:47:56,490 [INFO] Found 4 new agents
2025-09-22 13:47:56,494 [INFO] Saved https://www.intero.com/bio/sbasheeruddin
2025-09-22 13:47:56,497 [INFO] Saved https://www.intero.com/bio/tmiller
2025-09-22 13:47:56,500 [INFO] Saved https://www.intero.com/bio/samlee
2025-09-22 13:47:56,504 [INFO] Saved https://www.intero.com/bio/adesai
2025-09-22 13:48:20,856 [INFO] Found 4 new agents
2025-09-22 13:48:20,860 [INFO] Saved https://www.intero.com/bio/brysonsmith
2025-09-22 13:48:20,863 [INFO] Saved https://www.intero.com/bio/wkohn
2025-09-22 13:48:20,865 [INFO] Saved https://www.intero.com/bio/twang
2025-09-22 13:48:20,869 [INFO] Saved https://www.intero.com/bio/apruitt
2025-09-22 13:48:46,433 [INFO] Found 5 new agents
2025-09-22 13:48:46,436 [INFO] Saved https://www.intero.com/bio/kpruden
2025-09-22 13:48:46,438 [INFO] Saved https://www.intero.com/bio/jchen
2025-09-22 13:48:46,442 [INFO] Saved https://www.intero.com/bio/joe
2025-09-22 13:48:46,445 [INFO] Saved https://www.intero.com/bio/bmoody
2025-09-22 13:48:46,449 [INFO] Saved https://www.intero.com/bio/sornelaswise
2025-09-22 13:49:11,649 [INFO] Found 6 new agents
2025-09-22 13:49:11,651 [INFO] Saved https://www.intero.com/bio/fshariar
2025-09-22 13:49:11,653 [INFO] Saved https://www.intero.com/bio/msharif
2025-09-22 13:49:11,656 [INFO] Saved https://www.intero.com/bio/lwitkin
2025-09-22 13:49:11,658 [INFO] Saved https://www.intero.com/bio/ali
2025-09-22 13:49:11,662 [INFO] Saved https://www.intero.com/bio/tpesce2
2025-09-22 13:49:11,666 [INFO] Saved https://www.intero.com/bio/tmedeiros
2025-09-22 13:49:35,741 [INFO] Found 4 new agents
2025-09-22 13:49:35,745 [INFO] Saved https://www.intero.com/bio/hvictoria
2025-09-22 13:49:35,748 [INFO] Saved https://www.intero.com/bio/dmarquez
2025-09-22 13:49:35,751 [INFO] Saved https://www.intero.com/bio/aallen
2025-09-22 13:49:35,753 [INFO] Saved https://www.intero.com/bio/tinarsha
2025-09-22 13:50:01,229 [INFO] Found 6 new agents
2025-09-22 13:50:01,233 [INFO] Saved https://www.intero.com/bio/lrodgers
2025-09-22 13:50:01,236 [INFO] Saved https://www.intero.com/bio/rasai
2025-09-22 13:50:01,238 [INFO] Saved https://www.intero.com/bio/hbloom
2025-09-22 13:50:01,241 [INFO] Saved https://www.intero.com/bio/dalon
2025-09-22 13:50:01,243 [INFO] Saved https://www.intero.com/bio/stefanif
2025-09-22 13:50:01,244 [INFO] Saved https://www.intero.com/bio/rsobin
2025-09-22 13:50:25,993 [INFO] Found 2 new agents
2025-09-22 13:50:25,994 [INFO] Saved https://www.intero.com/bio/sfagin
2025-09-22 13:50:25,997 [INFO] Saved https://www.intero.com/bio/javila
2025-09-22 13:50:50,657 [INFO] Found 4 new agents
2025-09-22 13:50:50,660 [INFO] Saved https://www.intero.com/bio/janetguardino
2025-09-22 13:50:50,663 [INFO] Saved https://www.intero.com/bio/elijahaizenberg
2025-09-22 13:50:50,666 [INFO] Saved https://www.intero.com/bio/celeste
2025-09-22 13:50:50,670 [INFO] Saved https://www.intero.com/bio/klowe
2025-09-22 13:51:15,904 [INFO] Found 5 new agents
2025-09-22 13:51:15,907 [INFO] Saved https://www.intero.com/bio/luis
2025-09-22 13:51:15,910 [INFO] Saved https://www.intero.com/bio/abisen
2025-09-22 13:51:15,913 [INFO] Saved https://www.intero.com/bio/jmirt
2025-09-22 13:51:15,917 [INFO] Saved https://www.intero.com/bio/valtman
2025-09-22 13:51:15,920 [INFO] Saved https://www.intero.com/bio/kris10coleman
2025-09-22 13:51:40,286 [INFO] Found 5 new agents
2025-09-22 13:51:40,294 [INFO] Saved https://www.intero.com/bio/erahimi
2025-09-22 13:51:40,298 [INFO] Saved https://www.intero.com/bio/tamaral
2025-09-22 13:51:40,301 [INFO] Saved https://www.intero.com/bio/jalfaro
2025-09-22 13:51:40,304 [INFO] Saved https://www.intero.com/bio/rhellen
2025-09-22 13:51:40,307 [INFO] Saved https://www.intero.com/bio/pnguyenle
2025-09-22 13:52:04,899 [INFO] Found 6 new agents
2025-09-22 13:52:04,901 [INFO] Saved https://www.intero.com/bio/dhochgurtel
2025-09-22 13:52:04,903 [INFO] Saved https://www.intero.com/bio/kthompson
2025-09-22 13:52:04,905 [INFO] Saved https://www.intero.com/bio/rubi
2025-09-22 13:52:04,909 [INFO] Saved https://www.intero.com/bio/lpfreud
2025-09-22 13:52:04,911 [INFO] Saved https://www.intero.com/bio/ewu
2025-09-22 13:52:04,915 [INFO] Saved https://www.intero.com/bio/nlouie
2025-09-22 13:52:34,907 [INFO] Found 6 new agents
2025-09-22 13:52:34,915 [INFO] Saved https://www.intero.com/bio/jeffscott
2025-09-22 13:52:34,920 [INFO] Saved https://www.intero.com/bio/mmunoz
2025-09-22 13:52:34,922 [INFO] Saved https://www.intero.com/bio/dcoats
2025-09-22 13:52:34,923 [INFO] Saved https://www.intero.com/bio/vsundaram
2025-09-22 13:52:34,925 [INFO] Saved https://www.intero.com/bio/ayao
2025-09-22 13:52:34,927 [INFO] Saved https://www.intero.com/bio/adrian
2025-09-22 13:53:08,645 [INFO] Found 4 new agents
2025-09-22 13:53:08,653 [INFO] Saved https://www.intero.com/bio/anngupta
2025-09-22 13:53:08,657 [INFO] Saved https://www.intero.com/bio/cgriffith
2025-09-22 13:53:08,660 [INFO] Saved https://www.intero.com/bio/jsethi
2025-09-22 13:53:08,663 [INFO] Saved https://www.intero.com/bio/emun
2025-09-22 13:53:44,896 [INFO] Found 1 new agents
2025-09-22 13:53:44,904 [INFO] Saved https://www.intero.com/bio/adibiase
2025-09-22 13:54:22,634 [INFO] Found 7 new agents
2025-09-22 13:54:22,643 [INFO] Saved https://www.intero.com/bio/lgonzales
2025-09-22 13:54:22,647 [INFO] Saved https://www.intero.com/bio/lholloway
2025-09-22 13:54:22,651 [INFO] Saved https://www.intero.com/bio/lcontaldi
2025-09-22 13:54:22,654 [INFO] Saved https://www.intero.com/bio/ihan
2025-09-22 13:54:22,657 [INFO] Saved https://www.intero.com/bio/sunghoonkim
2025-09-22 13:54:22,660 [INFO] Saved https://www.intero.com/bio/nmacwilliamson
2025-09-22 13:54:22,662 [INFO] Saved https://www.intero.com/bio/ethapar
2025-09-22 13:55:20,831 [INFO] Found 34 new agents
2025-09-22 13:55:20,835 [INFO] Saved https://www.intero.com/bio/gkraft
2025-09-22 13:55:20,838 [INFO] Saved https://www.intero.com/bio/naveensharma
2025-09-22 13:55:20,842 [INFO] Saved https://www.intero.com/bio/kdeterman
2025-09-22 13:55:20,846 [INFO] Saved https://www.intero.com/bio/msamani
2025-09-22 13:55:20,848 [INFO] Saved https://www.intero.com/bio/pbalani
2025-09-22 13:55:20,851 [INFO] Saved https://www.intero.com/bio/akohler
2025-09-22 13:55:20,854 [INFO] Saved https://www.intero.com/bio/sschrup
2025-09-22 13:55:20,857 [INFO] Saved https://www.intero.com/bio/opaz
2025-09-22 13:55:20,860 [INFO] Saved https://www.intero.com/bio/eden
2025-09-22 13:55:20,862 [INFO] Saved https://www.intero.com/bio/mgurtiza
2025-09-22 13:55:20,865 [INFO] Saved https://www.intero.com/bio/scasey
2025-09-22 13:55:20,868 [INFO] Saved https://www.intero.com/bio/gagosti
2025-09-22 13:55:20,871 [INFO] Saved https://www.intero.com/bio/nmartinez
2025-09-22 13:55:20,874 [INFO] Saved https://www.intero.com/bio/schase
2025-09-22 13:55:20,877 [INFO] Saved https://www.intero.com/bio/rquijada
2025-09-22 13:55:20,880 [INFO] Saved https://www.intero.com/bio/mbialik
2025-09-22 13:55:20,882 [INFO] Saved https://www.intero.com/bio/mchen
2025-09-22 13:55:20,885 [INFO] Saved https://www.intero.com/bio/cmilgate
2025-09-22 13:55:20,887 [INFO] Saved https://www.intero.com/bio/vprevost
2025-09-22 13:55:20,890 [INFO] Saved https://www.intero.com/bio/rroberts
2025-09-22 13:55:20,893 [INFO] Saved https://www.intero.com/bio/cpompa
2025-09-22 13:55:20,896 [INFO] Saved https://www.intero.com/bio/nvuu
2025-09-22 13:55:20,900 [INFO] Saved https://www.intero.com/bio/adominguez
2025-09-22 13:55:20,904 [INFO] Saved https://www.intero.com/bio/aenow
2025-09-22 13:55:20,907 [INFO] Saved https://www.intero.com/bio/emodir
2025-09-22 13:55:20,910 [INFO] Saved https://www.intero.com/bio/tmcleod
2025-09-22 13:55:20,913 [INFO] Saved https://www.intero.com/bio/mdarling2
2025-09-22 13:55:20,915 [INFO] Saved https://www.intero.com/bio/bzets
2025-09-22 13:55:20,919 [INFO] Saved https://www.intero.com/bio/caleman
2025-09-22 13:55:20,922 [INFO] Saved https://www.intero.com/bio/kwilson
2025-09-22 13:55:20,925 [INFO] Saved https://www.intero.com/bio/ttornquist
2025-09-22 13:55:20,927 [INFO] Saved https://www.intero.com/bio/rsra
2025-09-22 13:55:20,930 [INFO] Saved https://www.intero.com/bio/dakbaryar
2025-09-22 13:55:20,932 [INFO] Saved https://www.intero.com/bio/pmorehead
2025-09-22 13:55:58,743 [INFO] Found 6 new agents
2025-09-22 13:55:58,753 [INFO] Saved https://www.intero.com/bio/rcairo
2025-09-22 13:55:58,757 [INFO] Saved https://www.intero.com/bio/bochoa
2025-09-22 13:55:58,761 [INFO] Saved https://www.intero.com/bio/dnelson
2025-09-22 13:55:58,765 [INFO] Saved https://www.intero.com/bio/kgates
2025-09-22 13:55:58,769 [INFO] Saved https://www.intero.com/bio/shabinaa
2025-09-22 13:55:58,773 [INFO] Saved https://www.intero.com/bio/jhooks
2025-09-22 13:56:36,876 [INFO] Found 2 new agents
2025-09-22 13:56:36,879 [INFO] Saved https://www.intero.com/bio/kmartinez
2025-09-22 13:56:36,883 [INFO] Saved https://www.intero.com/bio/aaron
2025-09-22 13:57:15,065 [INFO] Found 5 new agents
2025-09-22 13:57:15,068 [INFO] Saved https://www.intero.com/bio/jamie
2025-09-22 13:57:15,072 [INFO] Saved https://www.intero.com/bio/cespejo
2025-09-22 13:57:15,075 [INFO] Saved https://www.intero.com/bio/jessical
2025-09-22 13:57:15,078 [INFO] Saved https://www.intero.com/bio/sgaetano
2025-09-22 13:57:15,081 [INFO] Saved https://www.intero.com/bio/gmano
2025-09-22 13:57:55,907 [INFO] Found 2 new agents
2025-09-22 13:57:55,910 [INFO] Saved https://www.intero.com/bio/dramirez2
2025-09-22 13:57:55,913 [INFO] Saved https://www.intero.com/bio/mibarra
2025-09-22 13:58:34,624 [INFO] Found 4 new agents
2025-09-22 13:58:34,628 [INFO] Saved https://www.intero.com/bio/sparol
2025-09-22 13:58:34,632 [INFO] Saved https://www.intero.com/bio/obebleh
2025-09-22 13:58:34,635 [INFO] Saved https://www.intero.com/bio/svega
2025-09-22 13:58:34,638 [INFO] Saved https://www.intero.com/bio/dariusm
2025-09-22 13:59:15,008 [INFO] Found 5 new agents
2025-09-22 13:59:15,012 [INFO] Saved https://www.intero.com/bio/mtsoi
2025-09-22 13:59:15,016 [INFO] Saved https://www.intero.com/bio/daveblewett
2025-09-22 13:59:15,019 [INFO] Saved https://www.intero.com/bio/slaterthompsonteam
2025-09-22 13:59:15,023 [INFO] Saved https://www.intero.com/bio/awright
2025-09-22 13:59:15,028 [INFO] Saved https://www.intero.com/bio/jtuttle
2025-09-22 13:59:55,539 [INFO] Found 1 new agents
2025-09-22 13:59:55,543 [INFO] Saved https://www.intero.com/bio/bleung
2025-09-22 14:00:34,979 [INFO] Found 6 new agents
2025-09-22 14:00:34,982 [INFO] Saved https://www.intero.com/bio/donnaedward
2025-09-22 14:00:34,985 [INFO] Saved https://www.intero.com/bio/kgomez
2025-09-22 14:00:34,988 [INFO] Saved https://www.intero.com/bio/msen
2025-09-22 14:00:34,992 [INFO] Saved https://www.intero.com/bio/aamirbeigi
2025-09-22 14:00:34,995 [INFO] Saved https://www.intero.com/bio/tammyh
2025-09-22 14:00:34,999 [INFO] Saved https://www.intero.com/bio/gbarbaran
2025-09-22 14:01:13,381 [INFO] No new agents, idle_rounds=1/5
2025-09-22 14:01:52,537 [INFO] No new agents, idle_rounds=3/5
2025-09-22 14:02:31,255 [INFO] No new agents, idle_rounds=5/5
2025-09-22 14:02:31,255 [INFO] Finished. Total agents collected: 1233
