2025-09-22 18:10:42,752 [INFO] patching driver executable /home/vishnuvj/.local/share/undetected_chromedriver/undetected_chromedriver
2025-09-22 18:10:44,148 [INFO] [1/1233] Scraping https://www.intero.com/bio/jambriz
2025-09-22 18:10:51,493 [INFO] [1/1233] ✅ Saved details for https://www.intero.com/bio/jambriz
2025-09-22 18:10:51,498 [INFO] [2/1233] Scraping https://www.intero.com/bio/mam0737
2025-09-22 18:10:57,248 [INFO] [2/1233] ✅ Saved details for https://www.intero.com/bio/mam0737
2025-09-22 18:10:57,249 [INFO] [3/1233] Scraping https://www.intero.com/bio/efaravelli
2025-09-22 18:11:03,272 [INFO] [3/1233] ✅ Saved details for https://www.intero.com/bio/efaravelli
2025-09-22 18:11:03,274 [INFO] [4/1233] Scraping https://www.intero.com/bio/eumana
2025-09-22 18:11:07,978 [INFO] [4/1233] ✅ Saved details for https://www.intero.com/bio/eumana
2025-09-22 18:11:07,979 [INFO] [5/1233] Scraping https://www.intero.com/bio/lpirouzi
2025-09-22 18:11:12,984 [INFO] [5/1233] ✅ Saved details for https://www.intero.com/bio/lpirouzi
2025-09-22 18:11:12,985 [INFO] [6/1233] Scraping https://www.intero.com/bio/alicebidel
2025-09-22 18:11:18,141 [INFO] [6/1233] ✅ Saved details for https://www.intero.com/bio/alicebidel
2025-09-22 18:11:18,144 [INFO] [7/1233] Scraping https://www.intero.com/bio/mdoutt
2025-09-22 18:11:22,886 [INFO] [7/1233] ✅ Saved details for https://www.intero.com/bio/mdoutt
2025-09-22 18:11:22,889 [INFO] [8/1233] Scraping https://www.intero.com/bio/ayen
2025-09-22 18:11:27,833 [INFO] [8/1233] ✅ Saved details for https://www.intero.com/bio/ayen
2025-09-22 18:11:27,835 [INFO] [9/1233] Scraping https://www.intero.com/bio/reynam
2025-09-22 18:11:33,045 [INFO] [9/1233] ✅ Saved details for https://www.intero.com/bio/reynam
2025-09-22 18:11:33,047 [INFO] [10/1233] Scraping https://www.intero.com/bio/jdodds
2025-09-22 18:11:37,933 [INFO] [10/1233] ✅ Saved details for https://www.intero.com/bio/jdodds
2025-09-22 18:11:37,934 [INFO] [11/1233] Scraping https://www.intero.com/bio/madame
2025-09-22 18:11:42,889 [INFO] [11/1233] ✅ Saved details for https://www.intero.com/bio/madame
2025-09-22 18:11:42,891 [INFO] [12/1233] Scraping https://www.intero.com/bio/hemalakhani
2025-09-22 18:11:48,597 [INFO] [12/1233] ✅ Saved details for https://www.intero.com/bio/hemalakhani
2025-09-22 18:11:48,601 [INFO] [13/1233] Scraping https://www.intero.com/bio/chugo
2025-09-22 18:11:54,105 [INFO] [13/1233] ✅ Saved details for https://www.intero.com/bio/chugo
2025-09-22 18:11:54,109 [INFO] [14/1233] Scraping https://www.intero.com/bio/kmeyer
2025-09-22 18:12:03,337 [INFO] [14/1233] ✅ Saved details for https://www.intero.com/bio/kmeyer
2025-09-22 18:12:03,341 [INFO] [15/1233] Scraping https://www.intero.com/bio/grabe
2025-09-22 18:12:10,132 [INFO] [15/1233] ✅ Saved details for https://www.intero.com/bio/grabe
2025-09-22 18:12:10,134 [INFO] [16/1233] Scraping https://www.intero.com/bio/bmcdermott
2025-09-22 18:12:15,236 [INFO] [16/1233] ✅ Saved details for https://www.intero.com/bio/bmcdermott
2025-09-22 18:12:15,237 [INFO] [17/1233] Scraping https://www.intero.com/bio/jverma
2025-09-22 18:12:20,719 [INFO] [17/1233] ✅ Saved details for https://www.intero.com/bio/jverma
2025-09-22 18:12:20,721 [INFO] [18/1233] Scraping https://www.intero.com/bio/tomi
2025-09-22 18:12:29,488 [INFO] [18/1233] ✅ Saved details for https://www.intero.com/bio/tomi
2025-09-22 18:12:29,490 [INFO] [19/1233] Scraping https://www.intero.com/bio/rpaige
2025-09-22 18:12:34,336 [INFO] [19/1233] ✅ Saved details for https://www.intero.com/bio/rpaige
2025-09-22 18:12:34,338 [INFO] [20/1233] Scraping https://www.intero.com/bio/tsilvas
2025-09-22 18:12:39,183 [INFO] [20/1233] ✅ Saved details for https://www.intero.com/bio/tsilvas
2025-09-22 18:12:39,186 [INFO] [21/1233] Scraping https://www.intero.com/bio/spanahi
2025-09-22 18:12:45,871 [INFO] [21/1233] ✅ Saved details for https://www.intero.com/bio/spanahi
2025-09-22 18:12:45,874 [INFO] [22/1233] Scraping https://www.intero.com/bio/egarcia
2025-09-22 18:12:51,202 [INFO] [22/1233] ✅ Saved details for https://www.intero.com/bio/egarcia
2025-09-22 18:12:51,206 [INFO] [23/1233] Scraping https://www.intero.com/bio/stav
2025-09-22 18:12:56,219 [INFO] [23/1233] ✅ Saved details for https://www.intero.com/bio/stav
2025-09-22 18:12:56,221 [INFO] [24/1233] Scraping https://www.intero.com/bio/jengstrom
2025-09-22 18:13:01,248 [INFO] [24/1233] ✅ Saved details for https://www.intero.com/bio/jengstrom
2025-09-22 18:13:01,251 [INFO] [25/1233] Scraping https://www.intero.com/bio/dbrinkerhoff
2025-09-22 18:13:06,168 [INFO] [25/1233] ✅ Saved details for https://www.intero.com/bio/dbrinkerhoff
2025-09-22 18:13:06,171 [INFO] [26/1233] Scraping https://www.intero.com/bio/tuanlin
2025-09-22 18:13:11,189 [INFO] [26/1233] ✅ Saved details for https://www.intero.com/bio/tuanlin
2025-09-22 18:13:11,192 [INFO] [27/1233] Scraping https://www.intero.com/bio/bjoslyn
2025-09-22 18:13:16,746 [INFO] [27/1233] ✅ Saved details for https://www.intero.com/bio/bjoslyn
2025-09-22 18:13:16,845 [INFO] [28/1233] Scraping https://www.intero.com/bio/blai
2025-09-22 18:13:25,494 [INFO] [28/1233] ✅ Saved details for https://www.intero.com/bio/blai
2025-09-22 18:13:25,563 [INFO] [29/1233] Scraping https://www.intero.com/bio/roshank
2025-09-22 18:13:46,619 [INFO] [29/1233] ✅ Saved details for https://www.intero.com/bio/roshank
2025-09-22 18:13:46,627 [INFO] [30/1233] Scraping https://www.intero.com/bio/DeanG
2025-09-22 18:13:52,347 [INFO] [30/1233] ✅ Saved details for https://www.intero.com/bio/DeanG
2025-09-22 18:13:52,349 [INFO] [31/1233] Scraping https://www.intero.com/bio/teamcastrovalley
2025-09-22 18:13:57,485 [INFO] [31/1233] ✅ Saved details for https://www.intero.com/bio/teamcastrovalley
2025-09-22 18:13:57,487 [INFO] [32/1233] Scraping https://www.intero.com/bio/jhanson
2025-09-22 18:14:04,556 [INFO] [32/1233] ✅ Saved details for https://www.intero.com/bio/jhanson
2025-09-22 18:14:04,560 [INFO] [33/1233] Scraping https://www.intero.com/bio/claire
2025-09-22 18:14:11,326 [INFO] [33/1233] ✅ Saved details for https://www.intero.com/bio/claire
2025-09-22 18:14:11,328 [INFO] [34/1233] Scraping https://www.intero.com/bio/jdoak
2025-09-22 18:14:16,689 [INFO] [34/1233] ✅ Saved details for https://www.intero.com/bio/jdoak
2025-09-22 18:14:16,693 [INFO] [35/1233] Scraping https://www.intero.com/bio/surjit
2025-09-22 18:14:26,326 [INFO] [35/1233] ✅ Saved details for https://www.intero.com/bio/surjit
2025-09-22 18:14:26,329 [INFO] [36/1233] Scraping https://www.intero.com/bio/mborbet
2025-09-22 18:14:33,636 [INFO] [36/1233] ✅ Saved details for https://www.intero.com/bio/mborbet
2025-09-22 18:14:33,640 [INFO] [37/1233] Scraping https://www.intero.com/bio/yujiroeto
2025-09-22 18:14:41,956 [INFO] [37/1233] ✅ Saved details for https://www.intero.com/bio/yujiroeto
2025-09-22 18:14:41,960 [INFO] [38/1233] Scraping https://www.intero.com/bio/tjtognoli
2025-09-22 18:49:52,050 [INFO] patching driver executable /home/vishnuvj/.local/share/undetected_chromedriver/undetected_chromedriver
2025-09-22 18:49:53,864 [INFO] [1/1233] Scraping https://www.intero.com/bio/jambriz
2025-09-22 18:50:02,045 [INFO] [1/1233] ✅ Saved details for https://www.intero.com/bio/jambriz
2025-09-22 18:50:02,046 [INFO] [2/1233] Scraping https://www.intero.com/bio/mam0737
2025-09-22 18:50:07,347 [INFO] [2/1233] ✅ Saved details for https://www.intero.com/bio/mam0737
2025-09-22 18:50:07,349 [INFO] [3/1233] Scraping https://www.intero.com/bio/efaravelli
2025-09-22 18:50:12,416 [INFO] [3/1233] ✅ Saved details for https://www.intero.com/bio/efaravelli
2025-09-22 18:50:12,417 [INFO] [4/1233] Scraping https://www.intero.com/bio/eumana
2025-09-22 18:50:17,441 [INFO] [4/1233] ✅ Saved details for https://www.intero.com/bio/eumana
2025-09-22 18:50:17,443 [INFO] [5/1233] Scraping https://www.intero.com/bio/lpirouzi
2025-09-22 18:50:23,550 [INFO] [5/1233] ✅ Saved details for https://www.intero.com/bio/lpirouzi
2025-09-22 18:50:23,551 [INFO] [6/1233] Scraping https://www.intero.com/bio/alicebidel
2025-09-22 18:50:28,674 [INFO] [6/1233] ✅ Saved details for https://www.intero.com/bio/alicebidel
2025-09-22 18:50:28,676 [INFO] [7/1233] Scraping https://www.intero.com/bio/mdoutt
2025-09-22 18:50:33,508 [INFO] [7/1233] ✅ Saved details for https://www.intero.com/bio/mdoutt
2025-09-22 18:50:33,510 [INFO] [8/1233] Scraping https://www.intero.com/bio/ayen
2025-09-22 18:50:38,499 [INFO] [8/1233] ✅ Saved details for https://www.intero.com/bio/ayen
2025-09-22 18:50:38,500 [INFO] [9/1233] Scraping https://www.intero.com/bio/reynam
2025-09-22 18:50:43,548 [INFO] [9/1233] ✅ Saved details for https://www.intero.com/bio/reynam
2025-09-22 18:50:43,549 [INFO] [10/1233] Scraping https://www.intero.com/bio/jdodds
2025-09-22 18:50:48,551 [INFO] [10/1233] ✅ Saved details for https://www.intero.com/bio/jdodds
2025-09-22 18:50:48,553 [INFO] [11/1233] Scraping https://www.intero.com/bio/madame
2025-09-22 18:50:53,552 [INFO] [11/1233] ✅ Saved details for https://www.intero.com/bio/madame
2025-09-22 18:50:53,554 [INFO] [12/1233] Scraping https://www.intero.com/bio/hemalakhani
2025-09-22 18:50:58,626 [INFO] [12/1233] ✅ Saved details for https://www.intero.com/bio/hemalakhani
2025-09-22 18:50:58,628 [INFO] [13/1233] Scraping https://www.intero.com/bio/chugo
2025-09-22 18:51:03,587 [INFO] [13/1233] ✅ Saved details for https://www.intero.com/bio/chugo
2025-09-22 18:51:03,589 [INFO] [14/1233] Scraping https://www.intero.com/bio/kmeyer
2025-09-22 18:51:08,594 [INFO] [14/1233] ✅ Saved details for https://www.intero.com/bio/kmeyer
2025-09-22 18:51:08,595 [INFO] [15/1233] Scraping https://www.intero.com/bio/grabe
2025-09-22 18:51:13,782 [INFO] [15/1233] ✅ Saved details for https://www.intero.com/bio/grabe
2025-09-22 18:51:13,784 [INFO] [16/1233] Scraping https://www.intero.com/bio/bmcdermott
2025-09-22 18:51:18,618 [INFO] [16/1233] ✅ Saved details for https://www.intero.com/bio/bmcdermott
2025-09-22 18:51:18,620 [INFO] [17/1233] Scraping https://www.intero.com/bio/jverma
2025-09-22 18:51:23,906 [INFO] [17/1233] ✅ Saved details for https://www.intero.com/bio/jverma
2025-09-22 18:51:23,907 [INFO] [18/1233] Scraping https://www.intero.com/bio/tomi
2025-09-22 18:51:28,667 [INFO] [18/1233] ✅ Saved details for https://www.intero.com/bio/tomi
2025-09-22 18:51:28,668 [INFO] [19/1233] Scraping https://www.intero.com/bio/rpaige
2025-09-22 18:51:33,696 [INFO] [19/1233] ✅ Saved details for https://www.intero.com/bio/rpaige
2025-09-22 18:51:33,697 [INFO] [20/1233] Scraping https://www.intero.com/bio/tsilvas
2025-09-22 18:51:38,947 [INFO] [20/1233] ✅ Saved details for https://www.intero.com/bio/tsilvas
2025-09-22 18:51:38,949 [INFO] [21/1233] Scraping https://www.intero.com/bio/spanahi
2025-09-22 18:51:43,709 [INFO] [21/1233] ✅ Saved details for https://www.intero.com/bio/spanahi
2025-09-22 18:51:43,711 [INFO] [22/1233] Scraping https://www.intero.com/bio/egarcia
2025-09-22 18:51:48,988 [INFO] [22/1233] ✅ Saved details for https://www.intero.com/bio/egarcia
2025-09-22 18:51:48,990 [INFO] [23/1233] Scraping https://www.intero.com/bio/stav
2025-09-22 18:51:53,690 [INFO] [23/1233] ✅ Saved details for https://www.intero.com/bio/stav
2025-09-22 18:51:53,692 [INFO] [24/1233] Scraping https://www.intero.com/bio/jengstrom
2025-09-22 18:51:58,857 [INFO] [24/1233] ✅ Saved details for https://www.intero.com/bio/jengstrom
2025-09-22 18:51:58,859 [INFO] [25/1233] Scraping https://www.intero.com/bio/dbrinkerhoff
2025-09-22 18:52:03,757 [INFO] [25/1233] ✅ Saved details for https://www.intero.com/bio/dbrinkerhoff
2025-09-22 18:52:03,759 [INFO] [26/1233] Scraping https://www.intero.com/bio/tuanlin
2025-09-22 18:52:08,769 [INFO] [26/1233] ✅ Saved details for https://www.intero.com/bio/tuanlin
2025-09-22 18:52:08,771 [INFO] [27/1233] Scraping https://www.intero.com/bio/bjoslyn
2025-09-22 18:52:13,790 [INFO] [27/1233] ✅ Saved details for https://www.intero.com/bio/bjoslyn
2025-09-22 18:52:13,791 [INFO] [28/1233] Scraping https://www.intero.com/bio/blai
2025-09-22 18:52:19,763 [INFO] [28/1233] ✅ Saved details for https://www.intero.com/bio/blai
2025-09-22 18:52:19,765 [INFO] [29/1233] Scraping https://www.intero.com/bio/roshank
2025-09-22 18:52:24,782 [INFO] [29/1233] ✅ Saved details for https://www.intero.com/bio/roshank
2025-09-22 18:52:24,783 [INFO] [30/1233] Scraping https://www.intero.com/bio/DeanG
2025-09-22 18:52:29,809 [INFO] [30/1233] ✅ Saved details for https://www.intero.com/bio/DeanG
2025-09-22 18:52:29,811 [INFO] [31/1233] Scraping https://www.intero.com/bio/teamcastrovalley
2025-09-22 18:52:34,799 [INFO] [31/1233] ✅ Saved details for https://www.intero.com/bio/teamcastrovalley
2025-09-22 18:52:34,801 [INFO] [32/1233] Scraping https://www.intero.com/bio/jhanson
2025-09-22 18:52:40,000 [INFO] [32/1233] ✅ Saved details for https://www.intero.com/bio/jhanson
2025-09-22 18:52:40,002 [INFO] [33/1233] Scraping https://www.intero.com/bio/claire
2025-09-22 18:52:44,830 [INFO] [33/1233] ✅ Saved details for https://www.intero.com/bio/claire
2025-09-22 18:52:44,831 [INFO] [34/1233] Scraping https://www.intero.com/bio/jdoak
2025-09-22 18:52:50,089 [INFO] [34/1233] ✅ Saved details for https://www.intero.com/bio/jdoak
2025-09-22 18:52:50,091 [INFO] [35/1233] Scraping https://www.intero.com/bio/surjit
2025-09-22 18:52:55,300 [INFO] [35/1233] ✅ Saved details for https://www.intero.com/bio/surjit
2025-09-22 18:52:55,302 [INFO] [36/1233] Scraping https://www.intero.com/bio/mborbet
2025-09-22 18:53:00,207 [INFO] [36/1233] ✅ Saved details for https://www.intero.com/bio/mborbet
2025-09-22 18:53:00,209 [INFO] [37/1233] Scraping https://www.intero.com/bio/yujiroeto
2025-09-22 18:53:05,342 [INFO] [37/1233] ✅ Saved details for https://www.intero.com/bio/yujiroeto
2025-09-22 18:53:05,344 [INFO] [38/1233] Scraping https://www.intero.com/bio/tjtognoli
2025-09-22 18:53:09,938 [INFO] [38/1233] ✅ Saved details for https://www.intero.com/bio/tjtognoli
2025-09-22 18:53:09,940 [INFO] [39/1233] Scraping https://www.intero.com/bio/tcen
2025-09-22 18:53:14,956 [INFO] [39/1233] ✅ Saved details for https://www.intero.com/bio/tcen
2025-09-22 18:53:14,958 [INFO] [40/1233] Scraping https://www.intero.com/bio/aheerey
2025-09-22 18:53:19,931 [INFO] [40/1233] ✅ Saved details for https://www.intero.com/bio/aheerey
2025-09-22 18:53:19,932 [INFO] [41/1233] Scraping https://www.intero.com/bio/mabalos
2025-09-22 18:53:24,982 [INFO] [41/1233] ✅ Saved details for https://www.intero.com/bio/mabalos
2025-09-22 18:53:24,984 [INFO] [42/1233] Scraping https://www.intero.com/bio/jerryz
2025-09-22 18:53:30,201 [INFO] [42/1233] ✅ Saved details for https://www.intero.com/bio/jerryz
2025-09-22 18:53:30,203 [INFO] [43/1233] Scraping https://www.intero.com/bio/alacunza2
2025-09-22 18:53:35,221 [INFO] [43/1233] ✅ Saved details for https://www.intero.com/bio/alacunza2
2025-09-22 18:53:35,222 [INFO] [44/1233] Scraping https://www.intero.com/bio/vtalari
2025-09-22 18:53:41,465 [INFO] [44/1233] ✅ Saved details for https://www.intero.com/bio/vtalari
2025-09-22 18:53:41,467 [INFO] [45/1233] Scraping https://www.intero.com/bio/juanbarraganrealestate
2025-09-22 18:53:46,048 [INFO] [45/1233] ✅ Saved details for https://www.intero.com/bio/juanbarraganrealestate
2025-09-22 18:53:46,049 [INFO] [46/1233] Scraping https://www.intero.com/bio/tdikun
2025-09-22 18:53:51,279 [INFO] [46/1233] ✅ Saved details for https://www.intero.com/bio/tdikun
2025-09-22 18:53:51,280 [INFO] [47/1233] Scraping https://www.intero.com/bio/dbyrne2
2025-09-22 18:53:57,665 [INFO] [47/1233] ✅ Saved details for https://www.intero.com/bio/dbyrne2
2025-09-22 18:53:57,666 [INFO] [48/1233] Scraping https://www.intero.com/bio/lmantirraju
2025-09-22 18:54:03,096 [INFO] [48/1233] ✅ Saved details for https://www.intero.com/bio/lmantirraju
2025-09-22 18:54:03,098 [INFO] [49/1233] Scraping https://www.intero.com/bio/nsharma
2025-09-22 18:54:08,233 [INFO] [49/1233] ✅ Saved details for https://www.intero.com/bio/nsharma
2025-09-22 18:54:08,235 [INFO] [50/1233] Scraping https://www.intero.com/bio/asharma
2025-09-22 18:54:13,348 [INFO] [50/1233] ✅ Saved details for https://www.intero.com/bio/asharma
2025-09-22 18:54:13,350 [INFO] [51/1233] Scraping https://www.intero.com/bio/aandrade
2025-09-22 18:54:19,851 [INFO] [51/1233] ✅ Saved details for https://www.intero.com/bio/aandrade
2025-09-22 18:54:19,853 [INFO] [52/1233] Scraping https://www.intero.com/bio/jdarosa
2025-09-22 18:54:25,188 [INFO] [52/1233] ✅ Saved details for https://www.intero.com/bio/jdarosa
2025-09-22 18:54:25,190 [INFO] [53/1233] Scraping https://www.intero.com/bio/asouthivong
2025-09-22 18:54:30,163 [INFO] [53/1233] ✅ Saved details for https://www.intero.com/bio/asouthivong
2025-09-22 18:54:30,165 [INFO] [54/1233] Scraping https://www.intero.com/bio/tviscomi
2025-09-22 18:54:35,151 [INFO] [54/1233] ✅ Saved details for https://www.intero.com/bio/tviscomi
2025-09-22 18:54:35,153 [INFO] [55/1233] Scraping https://www.intero.com/bio/nickbadwal
2025-09-22 18:54:40,187 [INFO] [55/1233] ✅ Saved details for https://www.intero.com/bio/nickbadwal
2025-09-22 18:54:40,189 [INFO] [56/1233] Scraping https://www.intero.com/bio/ymeng
2025-09-22 18:54:45,162 [INFO] [56/1233] ✅ Saved details for https://www.intero.com/bio/ymeng
2025-09-22 18:54:45,167 [INFO] [57/1233] Scraping https://www.intero.com/bio/dneuhaus
2025-09-22 18:54:50,241 [INFO] [57/1233] ✅ Saved details for https://www.intero.com/bio/dneuhaus
2025-09-22 18:54:50,242 [INFO] [58/1233] Scraping https://www.intero.com/bio/brendanc
2025-09-22 18:54:55,444 [INFO] [58/1233] ✅ Saved details for https://www.intero.com/bio/brendanc
2025-09-22 18:54:55,445 [INFO] [59/1233] Scraping https://www.intero.com/bio/jbeltran
2025-09-22 18:55:00,208 [INFO] [59/1233] ✅ Saved details for https://www.intero.com/bio/jbeltran
2025-09-22 18:55:00,209 [INFO] [60/1233] Scraping https://www.intero.com/bio/kcapurso
2025-09-22 18:55:05,345 [INFO] [60/1233] ✅ Saved details for https://www.intero.com/bio/kcapurso
2025-09-22 18:55:05,346 [INFO] [61/1233] Scraping https://www.intero.com/bio/jalves
2025-09-22 18:55:11,708 [INFO] [61/1233] ✅ Saved details for https://www.intero.com/bio/jalves
2025-09-22 18:55:11,715 [INFO] [62/1233] Scraping https://www.intero.com/bio/gretchen
2025-09-22 18:55:18,167 [INFO] [62/1233] ✅ Saved details for https://www.intero.com/bio/gretchen
2025-09-22 18:55:18,168 [INFO] [63/1233] Scraping https://www.intero.com/bio/emeir
2025-09-22 18:55:23,255 [INFO] [63/1233] ✅ Saved details for https://www.intero.com/bio/emeir
2025-09-22 18:55:23,257 [INFO] [64/1233] Scraping https://www.intero.com/bio/andytse
2025-09-22 18:55:28,826 [INFO] [64/1233] ✅ Saved details for https://www.intero.com/bio/andytse
2025-09-22 18:55:28,828 [INFO] [65/1233] Scraping https://www.intero.com/bio/dcuevas
2025-09-22 18:55:34,365 [INFO] [65/1233] ✅ Saved details for https://www.intero.com/bio/dcuevas
2025-09-22 18:55:34,367 [INFO] [66/1233] Scraping https://www.intero.com/bio/traviscampbell
2025-09-22 18:55:40,555 [INFO] [66/1233] ✅ Saved details for https://www.intero.com/bio/traviscampbell
2025-09-22 18:55:40,557 [INFO] [67/1233] Scraping https://www.intero.com/bio/rmiller
2025-09-22 18:55:46,763 [INFO] [67/1233] ✅ Saved details for https://www.intero.com/bio/rmiller
2025-09-22 18:55:46,764 [INFO] [68/1233] Scraping https://www.intero.com/bio/bparks
2025-09-22 18:55:52,710 [INFO] [68/1233] ✅ Saved details for https://www.intero.com/bio/bparks
2025-09-22 18:55:52,712 [INFO] [69/1233] Scraping https://www.intero.com/bio/jgardner
2025-09-22 18:55:58,954 [INFO] [69/1233] ✅ Saved details for https://www.intero.com/bio/jgardner
2025-09-22 18:55:58,955 [INFO] [70/1233] Scraping https://www.intero.com/bio/tthach
2025-09-22 18:56:04,502 [INFO] [70/1233] ✅ Saved details for https://www.intero.com/bio/tthach
2025-09-22 18:56:04,503 [INFO] [71/1233] Scraping https://www.intero.com/bio/narunachalam
2025-09-22 18:56:10,347 [INFO] [71/1233] ✅ Saved details for https://www.intero.com/bio/narunachalam
2025-09-22 18:56:10,348 [INFO] [72/1233] Scraping https://www.intero.com/bio/pamela
2025-09-22 18:56:17,193 [INFO] [72/1233] ✅ Saved details for https://www.intero.com/bio/pamela
2025-09-22 18:56:17,195 [INFO] [73/1233] Scraping https://www.intero.com/bio/andrescott
2025-09-22 18:56:23,594 [INFO] [73/1233] ✅ Saved details for https://www.intero.com/bio/andrescott
2025-09-22 18:56:23,596 [INFO] [74/1233] Scraping https://www.intero.com/bio/mtahsini
2025-09-22 18:56:30,187 [INFO] [74/1233] ✅ Saved details for https://www.intero.com/bio/mtahsini
2025-09-22 18:56:30,189 [INFO] [75/1233] Scraping https://www.intero.com/bio/fventura
2025-09-22 18:56:37,303 [INFO] [75/1233] ✅ Saved details for https://www.intero.com/bio/fventura
2025-09-22 18:56:37,304 [INFO] [76/1233] Scraping https://www.intero.com/bio/mtse
2025-09-22 18:56:43,178 [INFO] [76/1233] ✅ Saved details for https://www.intero.com/bio/mtse
2025-09-22 18:56:43,180 [INFO] [77/1233] Scraping https://www.intero.com/bio/nanderson
2025-09-22 18:56:49,299 [INFO] [77/1233] ✅ Saved details for https://www.intero.com/bio/nanderson
2025-09-22 18:56:49,300 [INFO] [78/1233] Scraping https://www.intero.com/bio/aalejandro
2025-09-22 18:56:55,407 [INFO] [78/1233] ✅ Saved details for https://www.intero.com/bio/aalejandro
2025-09-22 18:56:55,409 [INFO] [79/1233] Scraping https://www.intero.com/bio/mbrasil
2025-09-22 18:57:01,988 [INFO] [79/1233] ✅ Saved details for https://www.intero.com/bio/mbrasil
2025-09-22 18:57:01,990 [INFO] [80/1233] Scraping https://www.intero.com/bio/gnasol
2025-09-22 18:57:06,734 [INFO] [80/1233] ✅ Saved details for https://www.intero.com/bio/gnasol
2025-09-22 18:57:06,736 [INFO] [81/1233] Scraping https://www.intero.com/bio/shicks
2025-09-22 18:57:12,936 [INFO] [81/1233] ✅ Saved details for https://www.intero.com/bio/shicks
2025-09-22 18:57:12,937 [INFO] [82/1233] Scraping https://www.intero.com/bio/skuo
2025-09-22 18:57:19,566 [INFO] [82/1233] ✅ Saved details for https://www.intero.com/bio/skuo
2025-09-22 18:57:19,568 [INFO] [83/1233] Scraping https://www.intero.com/bio/dcamp
2025-09-22 18:57:25,841 [INFO] [83/1233] ✅ Saved details for https://www.intero.com/bio/dcamp
2025-09-22 18:57:25,843 [INFO] [84/1233] Scraping https://www.intero.com/bio/tpaulino
2025-09-22 18:57:32,160 [INFO] [84/1233] ✅ Saved details for https://www.intero.com/bio/tpaulino
2025-09-22 18:57:32,162 [INFO] [85/1233] Scraping https://www.intero.com/bio/alpanasharma
2025-09-22 18:57:38,688 [INFO] [85/1233] ✅ Saved details for https://www.intero.com/bio/alpanasharma
2025-09-22 18:57:38,689 [INFO] [86/1233] Scraping https://www.intero.com/bio/arall
2025-09-22 18:57:44,768 [INFO] [86/1233] ✅ Saved details for https://www.intero.com/bio/arall
2025-09-22 18:57:44,770 [INFO] [87/1233] Scraping https://www.intero.com/bio/nadil
2025-09-22 18:57:50,791 [INFO] [87/1233] ✅ Saved details for https://www.intero.com/bio/nadil
2025-09-22 18:57:50,793 [INFO] [88/1233] Scraping https://www.intero.com/bio/yvonneandjeff
2025-09-22 18:57:56,862 [INFO] [88/1233] ✅ Saved details for https://www.intero.com/bio/yvonneandjeff
2025-09-22 18:57:56,864 [INFO] [89/1233] Scraping https://www.intero.com/bio/chudson2140
2025-09-22 18:58:02,936 [INFO] [89/1233] ✅ Saved details for https://www.intero.com/bio/chudson2140
2025-09-22 18:58:02,937 [INFO] [90/1233] Scraping https://www.intero.com/bio/aloveless
2025-09-22 18:58:08,821 [INFO] [90/1233] ✅ Saved details for https://www.intero.com/bio/aloveless
2025-09-22 18:58:08,823 [INFO] [91/1233] Scraping https://www.intero.com/bio/sjohl
2025-09-22 18:58:14,204 [INFO] [91/1233] ✅ Saved details for https://www.intero.com/bio/sjohl
2025-09-22 18:58:14,206 [INFO] [92/1233] Scraping https://www.intero.com/bio/jschrup
2025-09-22 18:58:20,223 [INFO] [92/1233] ✅ Saved details for https://www.intero.com/bio/jschrup
2025-09-22 18:58:20,225 [INFO] [93/1233] Scraping https://www.intero.com/bio/jantolin
2025-09-22 18:58:25,037 [INFO] [93/1233] ✅ Saved details for https://www.intero.com/bio/jantolin
2025-09-22 18:58:25,039 [INFO] [94/1233] Scraping https://www.intero.com/bio/arao
2025-09-22 18:58:30,383 [INFO] [94/1233] ✅ Saved details for https://www.intero.com/bio/arao
2025-09-22 18:58:30,385 [INFO] [95/1233] Scraping https://www.intero.com/bio/aortega2
2025-09-22 18:58:35,082 [INFO] [95/1233] ✅ Saved details for https://www.intero.com/bio/aortega2
2025-09-22 18:58:35,084 [INFO] [96/1233] Scraping https://www.intero.com/bio/ebeja
2025-09-22 18:58:40,838 [INFO] [96/1233] ✅ Saved details for https://www.intero.com/bio/ebeja
2025-09-22 18:58:40,839 [INFO] [97/1233] Scraping https://www.intero.com/bio/mbeach
2025-09-22 18:58:46,096 [INFO] [97/1233] ✅ Saved details for https://www.intero.com/bio/mbeach
2025-09-22 18:58:46,098 [INFO] [98/1233] Scraping https://www.intero.com/bio/teddy
2025-09-22 18:58:51,129 [INFO] [98/1233] ✅ Saved details for https://www.intero.com/bio/teddy
2025-09-22 18:58:51,131 [INFO] [99/1233] Scraping https://www.intero.com/bio/egutierrez
2025-09-22 18:58:56,145 [INFO] [99/1233] ✅ Saved details for https://www.intero.com/bio/egutierrez
2025-09-22 18:58:56,147 [INFO] [100/1233] Scraping https://www.intero.com/bio/geraldinea
2025-09-22 18:59:01,342 [INFO] [100/1233] ✅ Saved details for https://www.intero.com/bio/geraldinea
2025-09-22 18:59:01,344 [INFO] [101/1233] Scraping https://www.intero.com/bio/slopes
2025-09-22 18:59:06,410 [INFO] [101/1233] ✅ Saved details for https://www.intero.com/bio/slopes
2025-09-22 18:59:06,412 [INFO] [102/1233] Scraping https://www.intero.com/bio/bryan2
2025-09-22 18:59:13,065 [INFO] [102/1233] ✅ Saved details for https://www.intero.com/bio/bryan2
2025-09-22 18:59:13,067 [INFO] [103/1233] Scraping https://www.intero.com/bio/onwamuo
2025-09-22 18:59:18,195 [INFO] [103/1233] ✅ Saved details for https://www.intero.com/bio/onwamuo
2025-09-22 18:59:18,196 [INFO] [104/1233] Scraping https://www.intero.com/bio/dmarcucci
2025-09-22 18:59:23,198 [INFO] [104/1233] ✅ Saved details for https://www.intero.com/bio/dmarcucci
2025-09-22 18:59:23,199 [INFO] [105/1233] Scraping https://www.intero.com/bio/sukhirea
2025-09-22 18:59:28,215 [INFO] [105/1233] ✅ Saved details for https://www.intero.com/bio/sukhirea
2025-09-22 18:59:28,216 [INFO] [106/1233] Scraping https://www.intero.com/bio/mluan
2025-09-22 18:59:33,263 [INFO] [106/1233] ✅ Saved details for https://www.intero.com/bio/mluan
2025-09-22 18:59:33,264 [INFO] [107/1233] Scraping https://www.intero.com/bio/lolettawong
2025-09-22 18:59:38,260 [INFO] [107/1233] ✅ Saved details for https://www.intero.com/bio/lolettawong
2025-09-22 18:59:38,262 [INFO] [108/1233] Scraping https://www.intero.com/bio/davido
2025-09-22 18:59:44,597 [INFO] [108/1233] ✅ Saved details for https://www.intero.com/bio/davido
2025-09-22 18:59:44,599 [INFO] [109/1233] Scraping https://www.intero.com/bio/zsit
2025-09-22 18:59:50,782 [INFO] [109/1233] ✅ Saved details for https://www.intero.com/bio/zsit
2025-09-22 18:59:50,784 [INFO] [110/1233] Scraping https://www.intero.com/bio/rpaz
2025-09-22 18:59:56,921 [INFO] [110/1233] ✅ Saved details for https://www.intero.com/bio/rpaz
2025-09-22 18:59:56,923 [INFO] [111/1233] Scraping https://www.intero.com/bio/joepink
2025-09-22 19:00:02,325 [INFO] [111/1233] ✅ Saved details for https://www.intero.com/bio/joepink
2025-09-22 19:00:02,326 [INFO] [112/1233] Scraping https://www.intero.com/bio/aarekat
2025-09-22 19:00:07,671 [INFO] [112/1233] ✅ Saved details for https://www.intero.com/bio/aarekat
2025-09-22 19:00:07,673 [INFO] [113/1233] Scraping https://www.intero.com/bio/sesposito
2025-09-22 19:00:12,564 [INFO] [113/1233] ✅ Saved details for https://www.intero.com/bio/sesposito
2025-09-22 19:00:12,566 [INFO] [114/1233] Scraping https://www.intero.com/bio/larrys
2025-09-22 19:00:17,373 [INFO] [114/1233] ✅ Saved details for https://www.intero.com/bio/larrys
2025-09-22 19:00:17,375 [INFO] [115/1233] Scraping https://www.intero.com/bio/seanb
2025-09-22 19:00:22,407 [INFO] [115/1233] ✅ Saved details for https://www.intero.com/bio/seanb
2025-09-22 19:00:22,409 [INFO] [116/1233] Scraping https://www.intero.com/bio/hliu
2025-09-22 19:00:27,446 [INFO] [116/1233] ✅ Saved details for https://www.intero.com/bio/hliu
2025-09-22 19:00:27,448 [INFO] [117/1233] Scraping https://www.intero.com/bio/bmiller
2025-09-22 19:00:32,414 [INFO] [117/1233] ✅ Saved details for https://www.intero.com/bio/bmiller
2025-09-22 19:00:32,415 [INFO] [118/1233] Scraping https://www.intero.com/bio/sgolkar
2025-09-22 19:00:37,634 [INFO] [118/1233] ✅ Saved details for https://www.intero.com/bio/sgolkar
2025-09-22 19:00:37,636 [INFO] [119/1233] Scraping https://www.intero.com/bio/joshuar
2025-09-22 19:00:44,003 [INFO] [119/1233] ✅ Saved details for https://www.intero.com/bio/joshuar
2025-09-22 19:00:44,004 [INFO] [120/1233] Scraping https://www.intero.com/bio/etirado
2025-09-22 19:00:49,566 [INFO] [120/1233] ✅ Saved details for https://www.intero.com/bio/etirado
2025-09-22 19:00:49,568 [INFO] [121/1233] Scraping https://www.intero.com/bio/aceballos
2025-09-22 19:00:54,501 [INFO] [121/1233] ✅ Saved details for https://www.intero.com/bio/aceballos
2025-09-22 19:00:54,503 [INFO] [122/1233] Scraping https://www.intero.com/bio/dominicnicoli
2025-09-22 19:00:59,529 [INFO] [122/1233] ✅ Saved details for https://www.intero.com/bio/dominicnicoli
2025-09-22 19:00:59,531 [INFO] [123/1233] Scraping https://www.intero.com/bio/crisjackson
2025-09-22 19:01:04,554 [INFO] [123/1233] ✅ Saved details for https://www.intero.com/bio/crisjackson
2025-09-22 19:01:04,555 [INFO] [124/1233] Scraping https://www.intero.com/bio/lenak
2025-09-22 19:01:10,009 [INFO] [124/1233] ✅ Saved details for https://www.intero.com/bio/lenak
2025-09-22 19:01:10,011 [INFO] [125/1233] Scraping https://www.intero.com/bio/mgarcia
2025-09-22 19:01:15,036 [INFO] [125/1233] ✅ Saved details for https://www.intero.com/bio/mgarcia
2025-09-22 19:01:15,038 [INFO] [126/1233] Scraping https://www.intero.com/bio/evaandtina
2025-09-22 19:01:21,367 [INFO] [126/1233] ✅ Saved details for https://www.intero.com/bio/evaandtina
2025-09-22 19:01:21,368 [INFO] [127/1233] Scraping https://www.intero.com/bio/bpereira
2025-09-22 19:01:27,314 [INFO] [127/1233] ✅ Saved details for https://www.intero.com/bio/bpereira
2025-09-22 19:01:27,316 [INFO] [128/1233] Scraping https://www.intero.com/bio/atrembois
2025-09-22 19:01:32,704 [INFO] [128/1233] ✅ Saved details for https://www.intero.com/bio/atrembois
2025-09-22 19:01:32,705 [INFO] [129/1233] Scraping https://www.intero.com/bio/mdapolito
2025-09-22 19:01:37,731 [INFO] [129/1233] ✅ Saved details for https://www.intero.com/bio/mdapolito
2025-09-22 19:01:37,733 [INFO] [130/1233] Scraping https://www.intero.com/bio/khong
2025-09-22 19:01:42,669 [INFO] [130/1233] ✅ Saved details for https://www.intero.com/bio/khong
2025-09-22 19:01:42,670 [INFO] [131/1233] Scraping https://www.intero.com/bio/kennethn
2025-09-22 19:01:47,704 [INFO] [131/1233] ✅ Saved details for https://www.intero.com/bio/kennethn
2025-09-22 19:01:47,706 [INFO] [132/1233] Scraping https://www.intero.com/bio/akausar
2025-09-22 19:01:52,741 [INFO] [132/1233] ✅ Saved details for https://www.intero.com/bio/akausar
2025-09-22 19:01:52,743 [INFO] [133/1233] Scraping https://www.intero.com/bio/nliang
2025-09-22 19:01:58,108 [INFO] [133/1233] ✅ Saved details for https://www.intero.com/bio/nliang
2025-09-22 19:01:58,109 [INFO] [134/1233] Scraping https://www.intero.com/bio/bill
2025-09-22 19:02:02,858 [INFO] [134/1233] ✅ Saved details for https://www.intero.com/bio/bill
2025-09-22 19:02:02,860 [INFO] [135/1233] Scraping https://www.intero.com/bio/filipm
2025-09-22 19:02:07,964 [INFO] [135/1233] ✅ Saved details for https://www.intero.com/bio/filipm
2025-09-22 19:02:07,966 [INFO] [136/1233] Scraping https://www.intero.com/bio/jkevins
2025-09-22 19:02:13,355 [INFO] [136/1233] ✅ Saved details for https://www.intero.com/bio/jkevins
2025-09-22 19:02:13,357 [INFO] [137/1233] Scraping https://www.intero.com/bio/tli
2025-09-22 19:02:19,457 [INFO] [137/1233] ✅ Saved details for https://www.intero.com/bio/tli
2025-09-22 19:02:19,458 [INFO] [138/1233] Scraping https://www.intero.com/bio/jovanicastillo
2025-09-22 19:02:25,305 [INFO] [138/1233] ✅ Saved details for https://www.intero.com/bio/jovanicastillo
2025-09-22 19:02:25,307 [INFO] [139/1233] Scraping https://www.intero.com/bio/kpierce
2025-09-22 19:02:31,526 [INFO] [139/1233] ✅ Saved details for https://www.intero.com/bio/kpierce
2025-09-22 19:02:31,528 [INFO] [140/1233] Scraping https://www.intero.com/bio/kgrewal
2025-09-22 19:02:37,903 [INFO] [140/1233] ✅ Saved details for https://www.intero.com/bio/kgrewal
2025-09-22 19:02:37,904 [INFO] [141/1233] Scraping https://www.intero.com/bio/mfike
2025-09-22 19:02:42,863 [INFO] [141/1233] ✅ Saved details for https://www.intero.com/bio/mfike
2025-09-22 19:02:42,864 [INFO] [142/1233] Scraping https://www.intero.com/bio/gabbyr
2025-09-22 19:02:48,810 [INFO] [142/1233] ✅ Saved details for https://www.intero.com/bio/gabbyr
2025-09-22 19:02:48,812 [INFO] [143/1233] Scraping https://www.intero.com/bio/jkunz
2025-09-22 19:02:54,203 [INFO] [143/1233] ✅ Saved details for https://www.intero.com/bio/jkunz
2025-09-22 19:02:54,204 [INFO] [144/1233] Scraping https://www.intero.com/bio/moon
2025-09-22 19:02:59,896 [INFO] [144/1233] ✅ Saved details for https://www.intero.com/bio/moon
2025-09-22 19:02:59,897 [INFO] [145/1233] Scraping https://www.intero.com/bio/scottadcocktn
2025-09-22 19:03:05,821 [INFO] [145/1233] ✅ Saved details for https://www.intero.com/bio/scottadcocktn
2025-09-22 19:03:05,823 [INFO] [146/1233] Scraping https://www.intero.com/bio/jstege
2025-09-22 19:03:11,219 [INFO] [146/1233] ✅ Saved details for https://www.intero.com/bio/jstege
2025-09-22 19:03:11,220 [INFO] [147/1233] Scraping https://www.intero.com/bio/ttran
2025-09-22 19:03:16,227 [INFO] [147/1233] ✅ Saved details for https://www.intero.com/bio/ttran
2025-09-22 19:03:16,229 [INFO] [148/1233] Scraping https://www.intero.com/bio/nicoligroup
2025-09-22 19:03:21,220 [INFO] [148/1233] ✅ Saved details for https://www.intero.com/bio/nicoligroup
2025-09-22 19:03:21,221 [INFO] [149/1233] Scraping https://www.intero.com/bio/lcademas
2025-09-22 19:03:26,285 [INFO] [149/1233] ✅ Saved details for https://www.intero.com/bio/lcademas
2025-09-22 19:03:26,286 [INFO] [150/1233] Scraping https://www.intero.com/bio/smishra
2025-09-22 19:03:31,391 [INFO] [150/1233] ✅ Saved details for https://www.intero.com/bio/smishra
2025-09-22 19:03:31,393 [INFO] [151/1233] Scraping https://www.intero.com/bio/jwilson
2025-09-22 19:03:36,929 [INFO] [151/1233] ✅ Saved details for https://www.intero.com/bio/jwilson
2025-09-22 19:03:36,931 [INFO] [152/1233] Scraping https://www.intero.com/bio/psezer
2025-09-22 19:03:42,289 [INFO] [152/1233] ✅ Saved details for https://www.intero.com/bio/psezer
2025-09-22 19:03:42,291 [INFO] [153/1233] Scraping https://www.intero.com/bio/ddali
2025-09-22 19:03:47,405 [INFO] [153/1233] ✅ Saved details for https://www.intero.com/bio/ddali
2025-09-22 19:03:47,406 [INFO] [154/1233] Scraping https://www.intero.com/bio/jneves
2025-09-22 19:03:52,202 [INFO] [154/1233] ✅ Saved details for https://www.intero.com/bio/jneves
2025-09-22 19:03:52,209 [INFO] [155/1233] Scraping https://www.intero.com/bio/aorozco
2025-09-22 19:03:57,027 [INFO] [155/1233] ✅ Saved details for https://www.intero.com/bio/aorozco
2025-09-22 19:03:57,028 [INFO] [156/1233] Scraping https://www.intero.com/bio/wcrawford
