Overview
Today's session achieved remarkable progress on the Aldi UK project, completing multiple development phases including 126-field requirement analysis, crawler development, parser implementation, and comprehensive quality assurance. The project demonstrated exceptional efficiency and quality focus.


126-Field Requirement Analysis - Aldi UK:

    Conducted comprehensive analysis of all 126 required data fields
    Mapped available Aldi data against project specifications
    Identified field availability, extraction methods, and challenges
    Documented implementation strategies for each field category

Task Status & Clarification Meeting:

    Discussed current Aldi project progress and status
    Clarified technical doubts and implementation questions
    Addressed field mapping challenges and solutions
    Aligned on quality standards and delivery timelines

Aldi Crawler Development Completion:

    Successfully completed both category crawler and main crawler development
    Implemented robust navigation for supermarket product hierarchy
    Established comprehensive URL collection and pagination handling
    Verified all crawler functionality and error recovery

Parser Development & Data Mapping Completion:

    Completed full parser development for Aldi product data extraction
    Implemented comprehensive data mapping for all required fields
    Developed advanced extraction logic for supermarket products
    Established robust validation and cleaning procedures

Data Extraction & Testing:

    Conducted comprehensive data extraction from Aldi UK
    Performed thorough testing of extracted data quality and accuracy
    Verified field completeness, format consistency, and data integrity
    Ensured all 126-field requirements are properly addressed

Quality Assurance Checking:

    Conducted systematic QA checking across all project components
    Validated functionality, performance, and data quality
    Documented QA findings and verification results
    Confirmed production readiness and quality standards

Tasks Completion Status
1. 126-Field Requirement Analysis
Status: COMPLETED

2. Aldi Crawler Development
Status: COMPLETED

3. Parser Development & Data Mapping
Status: COMPLETED

4. Data Extraction & QA
Status: COMPLETED
