2025-09-11 17:00:29,914 [INFO] Starting crawler...
2025-09-11 17:00:31,225 [INFO] Found 16 main categories
2025-09-11 17:00:31,225 [INFO] Getting subcategories for: https://www.marksandspencer.com/c/kids#intid=funh_cms_dept_end_hp_16_4
2025-09-11 17:00:32,838 [INFO]   Getting products from: https://www.marksandspencer.com/l/kids/all-characters#intid=cms_circle-nav_dlp_kw_web_none_character-shop_pos-rx1_num-10_8
2025-09-11 17:00:34,368 [INFO]   Getting products from: https://www.marksandspencer.com/l/kids/girls/coats#intid=cms_circle-nav_dlp_kw_web_none_girls-outerwear_pos-rx1_num-10_9
2025-09-11 17:00:35,742 [INFO]   Getting products from: https://www.marksandspencer.com/l/kids/school-uniform#intid=cms_circle-nav_dlp_kw_web_none_school-uniform_pos-rx1_num-10_5
2025-09-11 17:00:37,034 [INFO]   Getting products from: https://www.marksandspencer.com/l/kids/new-in-kids-clothing/baby#intid=cms_circle-nav_dlp_kw_web_none_baby-new-in_pos-rx1_num-10_4
2025-09-11 17:00:38,230 [INFO]   Getting products from: https://www.marksandspencer.com/l/kids/kids-everyday-essentials#intid=cms_circle-nav_dlp_kw_web_none_everyday-essentials_pos-rx1_num-10_7
2025-09-11 17:00:39,493 [INFO]   Getting products from: https://www.marksandspencer.com/l/offers/sale/kids#intid=cms_circle-nav_dlp_kw_web_none_kids-sale_pos-rx1_num-10_1
2025-09-11 17:00:40,705 [INFO]   Getting products from: https://www.marksandspencer.com/l/kids/boys/coats#intid=cms_circle-nav_dlp_kw_web_none_boys-outerwear_pos-rx1_num-10_10
2025-09-11 17:00:42,036 [INFO]   Getting products from: https://www.marksandspencer.com/l/kids/school-uniform/shoes#intid=cms_circle-nav_dlp_kw_web_none_school-shoes_pos-rx1_num-10_6
2025-09-11 17:00:43,233 [INFO]   Getting products from: https://www.marksandspencer.com/l/kids/new-in-kids-clothing/girls#intid=cms_circle-nav_dlp_kw_web_none_girls-new-in_pos-rx1_num-10_2
2025-09-11 17:00:44,844 [INFO]   Getting products from: https://www.marksandspencer.com/l/kids/new-in-kids-clothing/boys#intid=cms_circle-nav_dlp_kw_web_none_boys-new-in_pos-rx1_num-10_3
2025-09-11 17:00:46,059 [INFO] Inserted category data for https://www.marksandspencer.com/c/kids#intid=funh_cms_dept_end_hp_16_4
2025-09-11 17:00:46,059 [INFO] Getting subcategories for: https://mandsopticians.com?target=external#intid=funh_cms_dept_end_hp_16_12
2025-09-11 17:00:47,915 [ERROR] Error getting subcategories from https://mandsopticians.com?target=external#intid=funh_cms_dept_end_hp_16_12: 403 Client Error: Forbidden for url: https://mandsopticians.com/?target=external#intid=funh_cms_dept_end_hp_16_12
2025-09-11 17:00:47,918 [INFO] Inserted category data for https://mandsopticians.com?target=external#intid=funh_cms_dept_end_hp_16_12
2025-09-11 17:00:47,918 [INFO] Getting subcategories for: https://www.marksandspencer.com/c/brands#intid=funh_cms_dept_end_hp_16_15
2025-09-11 17:00:49,097 [INFO]   Getting products from: https://www.marksandspencer.com/l/brands/charles-tyrwhitt#intid=cms_circle-nav_dlp_oth-brands_web_none_charles-tyrwhitt_pos-rx1_num-10_6
2025-09-11 17:00:50,274 [INFO]   Getting products from: https://www.marksandspencer.com/l/brands/tommy-hilfiger#intid=cms_circle-nav_dlp_oth-brands_web_none_tommy-hilfiger_pos-rx1_num-10_8
2025-09-11 17:00:51,476 [INFO]   Getting products from: https://www.marksandspencer.com/l/brands/gant#intid=cms_circle-nav_dlp_oth-brands_web_none_gant_pos-rx1_num-10_9
2025-09-11 17:00:52,653 [INFO]   Getting products from: https://www.marksandspencer.com/l/brands/calvin-klein#intid=cms_circle-nav_dlp_oth-brands_web_none_calvin-klein_pos-rx1_num-10_5
2025-09-11 17:00:53,845 [INFO]   Getting products from: https://www.marksandspencer.com/l/brands/hush#intid=cms_circle-nav_dlp_oth-brands_web_none_hush_pos-rx1_num-10_10
2025-09-11 17:00:55,015 [INFO]   Getting products from: https://www.marksandspencer.com/l/brands/pour-moi#intid=cms_circle-nav_dlp_oth-brands_web_none_pour-moi_pos-rx1_num-10_4
2025-09-11 17:00:56,192 [INFO]   Getting products from: https://www.marksandspencer.com/c/brands/az-of-brands#intid=cms_circle-nav_dlp_oth-brands_web_none_brands-a-z_pos-rx1_num-10_2
2025-09-11 17:00:57,368 [INFO]   Getting products from: https://www.marksandspencer.com/l/offers/sale/brands#intid=cms_circle-nav_dlp_oth-brands_web_none_brands-sale_pos-rx1_num-10_1
2025-09-11 17:00:58,675 [INFO]   Getting products from: https://www.marksandspencer.com/l/brands/4th-and-reckless#intid=cms_circle-nav_dlp_oth-brands_web_none_4th-and-reckless_pos-rx1_num-10_7
2025-09-11 17:00:59,848 [INFO]   Getting products from: https://www.marksandspencer.com/l/brands/whistles#intid=cms_circle-nav_dlp_oth-brands_web_none_whistles_pos-rx1_num-10_3
2025-09-11 17:01:01,095 [INFO] Inserted category data for https://www.marksandspencer.com/c/brands#intid=funh_cms_dept_end_hp_16_15
2025-09-11 17:01:01,095 [INFO] Getting subcategories for: https://www.marksandspencer.com/c/women#intid=funh_cms_dept_end_hp_16_1
2025-09-11 17:01:02,245 [INFO]   Getting products from: https://www.marksandspencer.com/content/love-that-at-mands-podcast-episode-b#intid=cms_circle-nav_dlp_ww_web_none_love-that:-the-show-you-shop_pos-rx1_num-10_9
2025-09-11 17:01:03,624 [INFO]   Getting products from: https://www.marksandspencer.com/l/women/workwear#intid=cms_circle-nav_dlp_ww_web_none_workwear_pos-rx1_num-10_7
2025-09-11 17:01:04,832 [INFO]   Getting products from: https://www.marksandspencer.com/l/women/all-new-in#intid=cms_circle-nav_dlp_ww_web_none_new-in_pos-rx1_num-10_2
2025-09-11 17:01:06,054 [INFO]   Getting products from: https://www.marksandspencer.com/l/offers/sale/womens#intid=cms_circle-nav_dlp_ww_web_none_womens-sale_pos-rx1_num-10_1
2025-09-11 17:01:07,252 [INFO]   Getting products from: https://www.marksandspencer.com/l/women/footwear/shoes#intid=cms_circle-nav_dlp_ww_web_none_shoes_pos-rx1_num-10_8
2025-09-11 17:01:08,478 [INFO]   Getting products from: https://www.marksandspencer.com/l/women/handbags#intid=cms_circle-nav_dlp_ww_web_none_bags_pos-rx1_num-10_6
2025-09-11 17:01:09,646 [INFO]   Getting products from: https://www.marksandspencer.com/content/as-seen-in-vogue#intid=cms_circle-nav_dlp_ww_web_none_as-seen-in-vogue_pos-rx1_num-10_10
2025-09-11 17:01:11,429 [INFO]   Getting products from: https://www.marksandspencer.com/l/women/coats-and-jackets/fs5/blazer#intid=cms_circle-nav_dlp_ww_web_none_blazers_pos-rx1_num-10_5
2025-09-11 17:01:12,689 [INFO]   Getting products from: https://www.marksandspencer.com/l/women/our-top-picks#intid=cms_circle-nav_dlp_ww_web_none_our-top-picks_pos-rx1_num-10_3
2025-09-11 17:01:13,891 [INFO]   Getting products from: https://www.marksandspencer.com/l/women/jeans#intid=cms_circle-nav_dlp_ww_web_none_jeans_pos-rx1_num-10_4
2025-09-11 17:01:15,094 [INFO] Inserted category data for https://www.marksandspencer.com/c/women#intid=funh_cms_dept_end_hp_16_1
2025-09-11 17:01:15,094 [INFO] Getting subcategories for: https://www.marksandspencer.com/c/food-and-wine#intid=funh_cms_dept_end_hp_16_9
2025-09-11 17:01:16,398 [INFO]   Getting products from: https://www.marksandspencer.com/l/gifts/food-and-drink-gifts/hampers#intid=cms_circle-nav_dlp_fd_web_none_hampers-_pos-rx1_num-8_4
2025-09-11 17:01:17,893 [INFO]   Getting products from: https://www.marksandspencer.com/l/food-to-order/sandwich-platters#intid=cms_circle-nav_dlp_fd_web_none_sandwich-platters_pos-rx1_num-8_2
2025-09-11 17:01:19,323 [INFO]   Getting products from: https://www.marksandspencer.com/food/content#intid=cms_circle-nav_dlp_fd_web_none_food-inspiration_pos-rx1_num-8_7
2025-09-11 17:01:20,949 [INFO]   Getting products from: https://www.marksandspencer.com/food#intid=cms_circle-nav_dlp_fd_web_none_food-catalogue_pos-rx1_num-8_6
2025-09-11 17:01:22,341 [INFO]   Getting products from: https://www.marksandspencer.com/l/food-to-order/party-food#intid=cms_circle-nav_dlp_fd_web_none_party-food_pos-rx1_num-8_1
2025-09-11 17:01:23,677 [INFO]   Getting products from: https://www.marksandspencer.com/c/food-and-wine/cooking#intid=cms_circle-nav_dlp_fd_web_none_mands-recipes_pos-rx1_num-8_8
2025-09-11 17:01:27,073 [INFO]   Getting products from: https://www.marksandspencer.com/l/food-to-order/cakes#intid=cms_circle-nav_dlp_fd_web_none_cakes-to-order_pos-rx1_num-8_3
2025-09-11 17:01:28,420 [INFO]   Getting products from: https://www.marksandspencer.com/l/gifts/food-and-drink-gifts#intid=cms_circle-nav_dlp_fd_web_none_food-and-drink-gifts_pos-rx1_num-8_5
2025-09-11 17:01:29,631 [INFO] Inserted category data for https://www.marksandspencer.com/c/food-and-wine#intid=funh_cms_dept_end_hp_16_9
2025-09-11 17:01:29,631 [INFO] Getting subcategories for: https://www.marksandspencer.com/c/beauty#intid=funh_cms_dept_end_hp_16_6
2025-09-11 17:01:30,787 [INFO]   Getting products from: https://www.marksandspencer.com/l/beauty/makeup#intid=cms_circle-nav_dlp_bt_web_none_make-up_pos-rx1_num-10_6
2025-09-11 17:01:31,999 [INFO]   Getting products from: https://www.marksandspencer.com/l/beauty/skincare#intid=cms_circle-nav_dlp_bt_web_none_skincare_pos-rx1_num-10_5
2025-09-11 17:01:33,273 [INFO]   Getting products from: https://www.marksandspencer.com/c/beauty/beauty-offers#intid=cms_circle-nav_dlp_bt_web_none_beauty-offers_pos-rx1_num-10_1
2025-09-11 17:01:34,449 [INFO]   Getting products from: https://www.marksandspencer.com/l/beauty/gifting#intid=cms_circle-nav_dlp_bt_web_none_beauty-gifts_pos-rx1_num-10_9
2025-09-11 17:01:35,718 [INFO]   Getting products from: https://www.marksandspencer.com/l/beauty/beauty-accessories#intid=cms_circle-nav_dlp_bt_web_none_beauty-accessories_pos-rx1_num-10_10
2025-09-11 17:01:36,937 [INFO]   Getting products from: https://www.marksandspencer.com/l/beauty/womens-perfume#intid=cms_circle-nav_dlp_bt_web_none_womens-perfume_pos-rx1_num-10_4
2025-09-11 17:01:38,142 [INFO]   Getting products from: https://www.marksandspencer.com/l/beauty/new-in-beauty#intid=cms_circle-nav_dlp_bt_web_none_new-in_pos-rx1_num-10_3
2025-09-11 17:01:39,325 [INFO]   Getting products from: https://www.marksandspencer.com/l/beauty/haircare#intid=cms_circle-nav_dlp_bt_web_none_haircare_pos-rx1_num-10_8
2025-09-11 17:01:40,542 [INFO]   Getting products from: https://www.marksandspencer.com/c/brands/az-of-brands?AtoZSelectedDept=beauty#intid=cms_circle-nav_dlp_bt_web_none_shop-by-brand_pos-rx1_num-10_2
2025-09-11 17:01:41,693 [INFO]   Getting products from: https://www.marksandspencer.com/l/beauty/bath-and-body#intid=cms_circle-nav_dlp_bt_web_none_bath-and-body_pos-rx1_num-10_7
2025-09-11 17:01:42,884 [INFO] Inserted category data for https://www.marksandspencer.com/c/beauty#intid=funh_cms_dept_end_hp_16_6
2025-09-11 17:01:42,884 [INFO] Getting subcategories for: https://www.marksandspencer.com/c/offers#intid=funh_cms_dept_end_hp_16_11
2025-09-11 17:01:44,023 [INFO] Inserted category data for https://www.marksandspencer.com/c/offers#intid=funh_cms_dept_end_hp_16_11
2025-09-11 17:01:44,024 [INFO] Getting subcategories for: https://www.marksandspencer.com/c/gifts#intid=funh_cms_dept_end_hp_16_8
2025-09-11 17:01:45,180 [INFO]   Getting products from: https://www.marksandspencer.com/l/gifts/food-and-drink-gifts#intid=cms_circle-nav_dlp_gifts_web_none_food-and-drink-gifts_pos-rx1_num-10_2
2025-09-11 17:01:46,614 [INFO]   Getting products from: https://www.marksandspencer.com/l/gifts/luxury-gifts#intid=cms_circle-nav_dlp_gifts_web_none_luxury-gifts_pos-rx1_num-10_9
2025-09-11 17:01:48,055 [INFO]   Getting products from: https://www.marksandspencer.com/l/gifts/gift-cards#intid=cms_circle-nav_dlp_gifts_web_none_gift-cards_pos-rx1_num-10_10
2025-09-11 17:01:49,292 [INFO]   Getting products from: https://www.marksandspencer.com/l/gifts/gifts-under-30#intid=cms_circle-nav_dlp_gifts_web_none_gifts-under-£30_pos-rx1_num-10_8
2025-09-11 17:01:50,679 [INFO]   Getting products from: https://www.marksandspencer.com/l/gifts/gifts-for-her#intid=cms_circle-nav_dlp_gifts_web_none_gifts-for-her_pos-rx1_num-10_5
2025-09-11 17:01:51,964 [INFO]   Getting products from: https://www.marksandspencer.com/l/flowers-and-plants/bouquets#intid=cms_circle-nav_dlp_gifts_web_none_bouquets_pos-rx1_num-10_1
2025-09-11 17:01:53,370 [INFO]   Getting products from: https://www.marksandspencer.com/l/gifts/e-gift-cards#intid=cms_circle-nav_dlp_gifts_web_none_e-gift-cards_pos-rx1_num-10_3
2025-09-11 17:01:54,769 [INFO]   Getting products from: https://www.marksandspencer.com/l/gifts/food-and-drink-gifts/hampers#intid=cms_circle-nav_dlp_gifts_web_none_hampers_pos-rx1_num-10_4
2025-09-11 17:01:56,082 [INFO]   Getting products from: https://www.marksandspencer.com/l/gifts/gifts-for-him#intid=cms_circle-nav_dlp_gifts_web_none_gifts-for-him_pos-rx1_num-10_6
2025-09-11 17:01:57,452 [INFO]   Getting products from: https://www.marksandspencer.com/l/gifts/gifts-under-20#intid=cms_circle-nav_dlp_gifts_web_none_gifts-under-£20_pos-rx1_num-10_7
2025-09-11 17:01:58,875 [INFO] Inserted category data for https://www.marksandspencer.com/c/gifts#intid=funh_cms_dept_end_hp_16_8
2025-09-11 17:01:58,875 [INFO] Getting subcategories for: https://www.marksandspencer.com/c/sports#intid=funh_cms_dept_end_hp_16_10
2025-09-11 17:02:00,196 [INFO]   Getting products from: https://www.marksandspencer.com/l/offers/sale/sportswear#intid=cms_circle-nav_dlp_oth-sports_web_none_sportswear-sale_pos-rx1_num-10_1
2025-09-11 17:02:01,439 [INFO]   Getting products from: https://www.marksandspencer.com/l/brands/puma#intid=cms_circle-nav_dlp_oth-sports_web_none_puma_pos-rx1_num-10_9
2025-09-11 17:02:02,672 [INFO]   Getting products from: https://www.marksandspencer.com/l/brands/asics#intid=cms_circle-nav_dlp_oth-sports_web_none_asics_pos-rx1_num-10_8
2025-09-11 17:02:03,987 [INFO]   Getting products from: https://www.marksandspencer.com/l/brands/reebok#intid=cms_circle-nav_dlp_oth-sports_web_none_reebok_pos-rx1_num-10_6
2025-09-11 17:02:05,207 [INFO]   Getting products from: https://www.marksandspencer.com/l/brands/adidas#intid=cms_circle-nav_dlp_oth-sports_web_none_adidas_pos-rx1_num-10_4
2025-09-11 17:02:06,429 [INFO]   Getting products from: https://www.marksandspencer.com/l/brands/beyond-yoga#intid=cms_circle-nav_dlp_oth-sports_web_none_beyond-yoga_pos-rx1_num-10_7
2025-09-11 17:02:07,652 [INFO]   Getting products from: https://www.marksandspencer.com/l/brands/girlfriend-collective#intid=cms_circle-nav_dlp_oth-sports_web_none_girlfriend-collective_pos-rx1_num-10_5
2025-09-11 17:02:08,878 [INFO]   Getting products from: https://www.marksandspencer.com/l/brands/under-armour#intid=cms_circle-nav_dlp_oth-sports_web_none_under-armour_pos-rx1_num-10_10
2025-09-11 17:02:10,088 [INFO]   Getting products from: https://www.marksandspencer.com/l/goodmove#intid=cms_circle-nav_dlp_oth-sports_web_none_goodmove_pos-rx1_num-10_2
2025-09-11 17:02:11,267 [INFO]   Getting products from: https://www.marksandspencer.com/l/brands/sweaty-betty#intid=cms_circle-nav_dlp_oth-sports_web_none_sweaty-betty_pos-rx1_num-10_3
2025-09-11 17:02:12,482 [INFO] Inserted category data for https://www.marksandspencer.com/c/sports#intid=funh_cms_dept_end_hp_16_10
2025-09-11 17:02:12,482 [INFO] Getting subcategories for: https://www.marksandspencer.com/c/home-and-furniture#intid=funh_cms_dept_end_hp_16_5
2025-09-11 17:02:13,644 [INFO]   Getting products from: https://www.marksandspencer.com/l/home-and-furniture/bedding/duvets#intid=cms_circle-nav_dlp_hw_web_none_duvets_pos-rx1_num-10_5
2025-09-11 17:02:14,867 [INFO]   Getting products from: https://www.marksandspencer.com/l/home-and-furniture/home-furnishings#intid=cms_circle-nav_dlp_hw_web_none_home-furnishings_pos-rx1_num-10_8
2025-09-11 17:02:16,184 [INFO]   Getting products from: https://www.marksandspencer.com/l/home-and-furniture/bathroom#intid=cms_circle-nav_dlp_hw_web_none_bathroom_pos-rx1_num-10_7
2025-09-11 17:02:17,439 [INFO]   Getting products from: https://www.marksandspencer.com/l/gifts/halloween#intid=cms_circle-nav_dlp_hw_web_none_halloween_pos-rx1_num-10_2
2025-09-11 17:02:18,679 [INFO]   Getting products from: https://www.marksandspencer.com/l/home-and-furniture/furniture#intid=cms_circle-nav_dlp_hw_web_none_furniture_pos-rx1_num-10_10
2025-09-11 17:02:19,862 [INFO]   Getting products from: https://www.marksandspencer.com/l/christmas/christmas-decorations#intid=cms_circle-nav_dlp_hw_web_none_christmas-decorations_pos-rx1_num-10_4
2025-09-11 17:02:21,112 [INFO]   Getting products from: https://www.marksandspencer.com/l/home-and-furniture/autumn-decor#intid=cms_circle-nav_dlp_hw_web_none_autumn-décor_pos-rx1_num-10_3
2025-09-11 17:02:22,283 [INFO]   Getting products from: https://www.marksandspencer.com/l/home-and-furniture/home-accessories#intid=cms_circle-nav_dlp_hw_web_none_home-accessories_pos-rx1_num-10_9
2025-09-11 17:02:23,557 [INFO]   Getting products from: https://www.marksandspencer.com/l/home-and-furniture/bedding/duvet-covers-and-bedding-sets#intid=cms_circle-nav_dlp_hw_web_none_duvet-covers_pos-rx1_num-10_6
2025-09-11 17:02:24,814 [INFO]   Getting products from: https://www.marksandspencer.com/l/home-and-furniture/new-in-home-and-furniture#intid=cms_circle-nav_dlp_hw_web_none_new-in_pos-rx1_num-10_1
2025-09-11 17:02:25,989 [INFO] Inserted category data for https://www.marksandspencer.com/c/home-and-furniture#intid=funh_cms_dept_end_hp_16_5
2025-09-11 17:02:25,989 [INFO] Getting subcategories for: https://www.marksandspencer.com/c/bank#intid=funh_cms_dept_end_hp_16_13
2025-09-11 17:02:27,118 [INFO] Inserted category data for https://www.marksandspencer.com/c/bank#intid=funh_cms_dept_end_hp_16_13
2025-09-11 17:02:27,118 [INFO] Getting subcategories for: https://www.ocado.com?target=external#intid=funh_cms_dept_end_hp_16_16
2025-09-11 17:02:30,377 [INFO] Inserted category data for https://www.ocado.com?target=external#intid=funh_cms_dept_end_hp_16_16
2025-09-11 17:02:30,377 [INFO] Getting subcategories for: https://www.marksandspencer.com/c/men#intid=funh_cms_dept_end_hp_16_3
2025-09-11 17:02:31,589 [INFO]   Getting products from: https://www.marksandspencer.com/l/men/mens-shirts#intid=cms_circle-nav_dlp_mw_web_none_shirts_pos-rx1_num-10_3
2025-09-11 17:02:32,856 [INFO]   Getting products from: https://www.marksandspencer.com/l/men/mens-coats-and-jackets#intid=cms_circle-nav_dlp_mw_web_none_coats-and-jackets_pos-rx1_num-10_7
2025-09-11 17:02:34,081 [INFO]   Getting products from: https://www.marksandspencer.com/l/offers/sale/mens#intid=cms_circle-nav_dlp_mw_web_none_mens-sale_pos-rx1_num-10_1
2025-09-11 17:02:35,298 [INFO]   Getting products from: https://www.marksandspencer.com/l/men/mens-office-wear#intid=cms_circle-nav_dlp_mw_web_none_office-wear_pos-rx1_num-10_6
2025-09-11 17:02:36,566 [INFO]   Getting products from: https://www.marksandspencer.com/l/men/mens-trousers#intid=cms_circle-nav_dlp_mw_web_none_trousers_pos-rx1_num-10_4
2025-09-11 17:02:37,815 [INFO]   Getting products from: https://www.marksandspencer.com/l/men/mens-jeans#intid=cms_circle-nav_dlp_mw_web_none_jeans_pos-rx1_num-10_9
2025-09-11 17:02:39,035 [INFO]   Getting products from: https://www.marksandspencer.com/l/men/mens-suits#intid=cms_circle-nav_dlp_mw_web_none_suits_pos-rx1_num-10_5
2025-09-11 17:02:40,191 [INFO]   Getting products from: https://www.marksandspencer.com/l/autograph/mens#intid=cms_circle-nav_dlp_mw_web_none_autograph_pos-rx1_num-10_10
2025-09-11 17:02:41,418 [INFO]   Getting products from: https://www.marksandspencer.com/l/men/mens-knitwear#intid=cms_circle-nav_dlp_mw_web_none_knitwear_pos-rx1_num-10_8
2025-09-11 17:02:42,719 [INFO]   Getting products from: https://www.marksandspencer.com/l/men/mens-new-in#intid=cms_circle-nav_dlp_mw_web_none_new-in_pos-rx1_num-10_2
2025-09-11 17:02:43,964 [INFO] Inserted category data for https://www.marksandspencer.com/c/men#intid=funh_cms_dept_end_hp_16_3
2025-09-11 17:02:43,964 [INFO] Getting subcategories for: https://www.marksandspencer.com/c/baby#intid=funh_cms_dept_end_hp_16_14
2025-09-11 17:02:45,088 [INFO] Inserted category data for https://www.marksandspencer.com/c/baby#intid=funh_cms_dept_end_hp_16_14
2025-09-11 17:02:45,089 [INFO] Getting subcategories for: https://www.marksandspencer.com/c/flowers-and-plants#intid=funh_cms_dept_end_hp_16_7
2025-09-11 17:02:46,253 [INFO] Inserted category data for https://www.marksandspencer.com/c/flowers-and-plants#intid=funh_cms_dept_end_hp_16_7
2025-09-11 17:02:46,253 [INFO] Getting subcategories for: https://www.marksandspencer.com/c/lingerie#intid=funh_cms_dept_end_hp_16_2
2025-09-11 17:02:47,425 [INFO]   Getting products from: https://www.marksandspencer.com/l/lingerie/new-in/new-in-lingerie-and-nightwear#intid=cms_circle-nav_dlp_lg_web_none_new-in_pos-rx1_num-10_2
2025-09-11 17:02:48,637 [INFO]   Getting products from: https://www.marksandspencer.com/l/lingerie/nightwear/pyjamas#intid=cms_circle-nav_dlp_lg_web_none_pyjamas_pos-rx1_num-10_6
2025-09-11 17:02:49,910 [INFO]   Getting products from: https://www.marksandspencer.com/l/lingerie/nightwear/nightdresses#intid=cms_circle-nav_dlp_lg_web_none_nightdresses_pos-rx1_num-10_8
2025-09-11 17:02:51,106 [INFO]   Getting products from: https://www.marksandspencer.com/l/lingerie/knickers#intid=cms_circle-nav_dlp_lg_web_none_knickers_pos-rx1_num-10_5
2025-09-11 17:02:52,334 [INFO]   Getting products from: https://www.marksandspencer.com/l/lingerie/bras#intid=cms_circle-nav_dlp_lg_web_none_bras_pos-rx1_num-10_3
2025-09-11 17:02:53,642 [INFO]   Getting products from: https://www.marksandspencer.com/l/lingerie/bras/fs5/non-wired#intid=cms_circle-nav_dlp_lg_web_none_non-wired-bras_pos-rx1_num-10_4
2025-09-11 17:02:54,855 [INFO]   Getting products from: https://www.marksandspencer.com/l/lingerie/shapewear#intid=cms_circle-nav_dlp_lg_web_none_shapewear_pos-rx1_num-10_9
2025-09-11 17:02:56,248 [INFO]   Getting products from: https://www.marksandspencer.com/l/lingerie/nightwear#intid=cms_circle-nav_dlp_lg_web_none_nightwear_pos-rx1_num-10_7
2025-09-11 17:02:57,425 [INFO]   Getting products from: https://www.marksandspencer.com/l/autograph/lingerie#intid=cms_circle-nav_dlp_lg_web_none_autograph_pos-rx1_num-10_10
2025-09-11 17:02:58,646 [INFO]   Getting products from: https://www.marksandspencer.com/l/offers/sale/lingerie-and-nightwear#intid=cms_circle-nav_dlp_lg_web_none_lingerie-and-nightwear-sale_pos-rx1_num-10_1
2025-09-11 17:02:59,845 [INFO] Inserted category data for https://www.marksandspencer.com/c/lingerie#intid=funh_cms_dept_end_hp_16_2
2025-09-11 17:02:59,845 [INFO] Crawling complete! Categories: 16, Subcategories: 98, Products: 4384
