Overview
Today's session involved refreshing previous development methodologies and efficiently completing feasibility analyses for two new sites (Jabar and L'OR Espresso).

Previous Code Development Review:

    Conducted comprehensive review of recent development code
    Refreshed understanding of architectural patterns and best practices
    Documented successful implementation strategies

Enhanced knowledge base for future projects

    New Task Assignment - Jabar Feasibility:
    Received new project for Jabar platform
    Started feasibility analysis with technical assessment
    Initiated site structure evaluation and complexity analysis

Jabar Feasibility Completion:

    Rapidly completed comprehensive feasibility analysis
    Finalized technical viability assessment
    Documented implementation recommendations
    Delivered complete feasibility package

New Feasibility Site - L'OR Espresso

    Started additional feasibility analysis for coffee products platform
    Conducted technical assessment and data accessibility evaluation
    Completed comprehensive feasibility analysis efficiently
    Delivered feasibility documentation

Jabar Feasibility Corrections:

    Identified areas for improvement in initial feasibility
    Implemented corrections and enhancements
    Updated feasibility documentation with refined analysis
    Delivered finalized and optimized feasibility package

Tasks Completion Status

1. Jabar Feasibility
Status: COMPLETED

2. L'OR Espresso Feasibility
Status: COMPLETED

