Overview
Today's session involved updating feasibility analyses for multiple corporate sites (3M, Portwest, Jabra, Targus) and initiating development for a major new project (BigBasket). 

Multi-Site Feasibility Updates:

    3M: Updated feasibility analysis for industrial/consumer goods
    Portwest: Enhanced assessment for workwear/safety equipment
    Jabra: Refined feasibility for audio/communication products
    Targus: Updated analysis for laptop accessories/cases
    Implemented improvements across all feasibility documents
    Enhanced technical assessments and implementation roadmaps

Current Task Progress Meeting:

    Discussed multi-site feasibility update progress
    Reviewed quality standards and documentation improvements
    Addressed implementation considerations for corporate sites
    Aligned on next steps and priorities

Jabra & Portwest Feasibility Focus:

    Conducted targeted updates for specific sites
    Enhanced technical depth and data accessibility analysis
    Improved implementation challenge documentation
    Delivered optimized feasibility packages

New Task Assignment - BigBasket:

    Received major new project for Indian online grocery platform
    Discussed project scope and technical requirements
    Started planning for large-scale e-commerce development
    Initiated requirements analysis and approach definition

BigBasket Development Initiation:

    Started active development for grocery platform
    Set up project architecture for large-scale operations
    Began implementation of core crawling infrastructure
    Established development workflow and standards


BigBasket Development Continuation:

    Continued comprehensive development implementation
    Advanced crawler architecture and functionality
    Worked on grocery-specific data extraction logic
    Enhanced performance optimization for large catalog

Tasks Completion Status

Multi-Site Feasibility Updates
Status: COMPLETED

BigBasket Development
Status: IN PROGRESS



