Overview:
Today's session involved comprehensive quality assurance for Aldi data, project status reviews, and initiation of a new feasibility analysis for El Corte Inglés (Spanish department store).


Aldi Data Quality Assurance Checking:

    Conducted systematic QA checking of Aldi project data
    Verified data accuracy, completeness, and quality standards
    Validated 126-field requirement compliance
    Documented QA findings and verification results

Current Task Status Meeting:

    Discussed Aldi project completion status and achievements
    Reviewed QA findings and data quality metrics
    Addressed project deliverables and next steps
    Aligned on completion criteria and acceptance standards

QA Checking Completion:

    Finalized comprehensive QA checking for Aldi project
    Documented all quality verification results
    Confirmed production readiness and quality standards
    Prepared project completion documentation

QA Corrections Meeting:

    Discussed QA findings requiring corrective actions
    Addressed data quality issues and improvement opportunities
    Planned correction implementation and verification approach
    Aligned on quality benchmarks and acceptance criteria

Aldi Data QA Corrections Implementation:

    Implemented required corrections based on QA findings
    Enhanced data quality and validation procedures
    Verified correction effectiveness and quality improvement
    Confirmed all QA issues are properly resolved

New Task Assignment - El Corte Inglés:

    Received new project for Spanish department store chain
    Started analysis for https://www.elcorteingles.es
    Initiated technical assessment and requirements gathering
    Began site structure and complexity evaluation


El Corte Inglés Feasibility Initiation:

    Started comprehensive feasibility analysis
    Assessed site structure, technical complexity, and data accessibility
    Evaluated Spanish market specifics and regional considerations
    Documented preliminary findings and implementation approach

Feasibility Requirements Meeting:

    Discussed new task requirements and expectations
    Clarified feasibility analysis scope and deliverables
    Addressed technical challenges and implementation considerations
    Aligned on quality standards and project approach

EAN Matching Analysis:
Initiated EAN (European Article Number) matching analysis



Tasks Completion Status
1. Aldi QA Process
Status: COMPLETED

2. El Corte Inglés Feasibility
Status: IN PROGRESS

3. EAN Matching Balance
Status: IN PROGRESS

