Overview:
Today's session involved completing BIPA parser updates, initiating Qatar Living development, and implementing additional mentor-requested changes to the BIPA project. 
BIPA Parser Update Completion:

 - Finalized all parser enhancements and optimizations
 - Completed comprehensive testing of updated parser functionality

Daily Meeting Update:

 - Presented BIPA code update completion status
 - Discussed parser performance improvements and data quality
 - Updated the Qatar Living project initiation

Qatar Living Crawler Development:

 - Started implementation of crawler architecture
 - Developed base crawler class with session management

Mentor Meeting - BIPA Refinements

 - Received additional feedback on BIPA implementation
 - Identified specific areas requiring further optimization
 - Discussed best practices for production deployment
 - Clarified performance and reliability requirements

BIPA Site Updates Implementation:

 - Started implementing requested changes to BIPA project

Tasks Completion Status:
Qatar Living Development
Status: IN PROGRESS

 - Base crawler implementation started

BIPA Additional Updates
Status: IN PROGRESS

 - Mentor feedback being implemented

