Overview
Today's session demonstrated exceptional development efficiency with simultaneous progress on Jabra parser development and rapid completion of a new NoraGardner project. 

Jabra Parser Development Continuation:

    Continued advanced parser implementation for audio products
    Enhanced data extraction logic and field mapping
    Improved validation and cleaning procedures
    Worked on complex product specification parsing

Current Task Update & New Assignment Meeting:

    Discussed Jabra project progress and status
    Received new project for https://noragardner.com
    Clarified development requirements and technical approach
    Aligned on quality standards and delivery timelines

NoraGardner Development Initiation:

    Started immediate development for fashion/accessories platform
    Set up rapid project architecture and implementation framework
    Began comprehensive development execution
    Established efficient development workflow

NoraGardner Development Continuation:

    Maintained rapid development progress
    Advanced crawler and parser implementation
    Worked on fashion-specific data extraction requirements
    Enhanced performance optimization and error handling

Technical Doubt Clarification Meeting:

    Addressed development questions and implementation challenges
    Clarified technical requirements and approach
    Resolved methodology uncertainties
    Enhanced quality focus and standards

NoraGardner Development & Data Extraction Completion:

    Successfully completed full development lifecycle
    Finalized crawler, parser, and export functionality
    Conducted comprehensive data extraction and validation
    Delivered production-ready solution

Tasks Completion Status
Jabra Parser Development
Status: ADVANCED PROGRESS

NoraGardner Development
Status: COMPLETED



