Overview
Today's session involved strategic task management with the initiation of Target feasibility, followed by rapid pivot to EWM sample data extraction. 

New Task Assignment - Target Feasibility:

    Received new project for major retail chain analysis
    Started comprehensive feasibility for Target platform
    Initiated technical assessment and site structure evaluation
    Began documentation of preliminary findings

Current Task Update Meeting:

    Discussed ongoing project priorities and status
    Reviewed resource allocation and timeline management
    Addressed technical challenges and solution approaches
    Aligned on quality standards and delivery commitments

Target Feasibility Continuation:

    Continued in-depth feasibility analysis
    Advanced technical complexity assessment
    Evaluated data accessibility and implementation challenges
    Documented findings and recommendations

New Task Assignment - EWM Sample Data Extraction

    Received urgent task for sample data extraction
    Started immediate development for EWM platform
    Implemented rapid crawler and parser architecture
    Began focused data extraction execution

Project Priority Adjustment

    Target Feasibility: Placed on hold for higher priority task:
    EWM Sample Extraction: Activated as immediate priority
    Adjusted resource allocation accordingly
    Maintained efficient task management

EWM Sample Data Extraction Development:

    Rapidly developed extraction solution
    Implemented efficient crawler and parser functionality
    Conducted targeted data extraction execution
    Ensured data quality and accuracy

EWM Sample Data Extraction & QA Completion:

    Successfully completed sample data extraction
    Conducted comprehensive quality assurance
    Verified data accuracy and completeness
    Delivered sample extraction package

Tasks Completion Status
Target Feasibility
Status: ON HOLD

EWM Sample Data Extraction
Status: COMPLETED

Task Management
Status: EFFECTIVE
