Overview:
Today's session involved navigating project challenges with the Coop.ch feasibility, quickly pivoting to a new assignment, and efficiently completing both feasibility analysis and development initiation for the Arfigyelo Hungarian platform.


Coop.ch Project Challenges:
 - Encountered technical complexities with the Site

New Task Assignment - Arfigyelo Hungary:

 - Received new project for Hungarian platform: https://arfigvelo.gvh.hu/
 - started feasibility analysis
 - Evaluated implementation complexity


Arfigyelo Feasibility Completion:

 - Completed comprehensive feasibility assessment
 - Confirmed technical viability and data accessibility
 - Documented implementation recommendations


Arfigyelo Development Initiation:

 - Development started after feasibility 
 - Set up project structure and implementation 


Tasks Completion Status:

1. Arfigyelo Feasibility
Status:  COMPLETED

2. Arfigyelo Development
Status:  IN PROGRESS
