Overview
Today's session involved quality assurance of Office Depot development, initiation and rapid completion of a new Hemmings project, and productive mentor guidance. successfully complete development within a single session.


Office Depot Development Verification:

 - Conducted comprehensive code review and testing
 - Verified data export quality and accuracy

New Task Assignment - Hemmings:

 - Received new project for https://www.hemmings.com
 - Started feasibility analysis for classic automotive marketplace
 - Assessed site structure and data accessibility
 - Quickly identified viable implementation approach

Hemmings Development Initiation & Completion:

 - Started development with clear requirements understanding
 - Implemented efficient crawler and parser architecture
 - Delivered production-ready solution

Mentor Meeting:

 - Clarified current development questions and challenges
 - Received guidance on optimal implementation approaches
 - Discussed quality standards and best practices

Tasks Completion Status
Hemmings Feasibility & Development
Status: COMPLETED

 - Feasibility assessment performed
 - Full developmentcompleted



