Overview
Today's session involved completing BigBasket feasibility analysis, initiating and advancing Jabra development, and conducting quality verification for completed projects. 

BigBasket Feasibility Completion:

    Finalized comprehensive retrospective feasibility analysis
    Documented development approach effectiveness and learnings
    Completed technical assessment of implemented solution
    Delivered final feasibility package with optimization recommendations

Jabra Development Initiation:

    Started active development for audio/communication products platform
    Set up project structure and development framework
    Implemented initial architecture and core components
    Established development workflow and standards

Jabra Development Continuation:

    Continued comprehensive development implementation
    Advanced crawler functionality and data extraction logic
    Worked on audio product-specific parsing requirements
    Enhanced error handling and performance optimization

BigBasket Feasibility Verification Meeting:

    Discussed feasibility analysis completeness and accuracy
    Verified technical assessment and implementation evaluation
    Addressed quality standards and documentation requirements
    Confirmed feasibility package meets all criteria

Jabra Development Progress:

    Crawler Development: Successfully completed
    Parser Development: Actively in progress
    Integration: Components being systematically integrated
    Quality Assurance: Standards being maintained throughout

Tasks Completion Status
BigBasket Feasibility
Status: COMPLETED & VERIFIED

Jabra Development
Status: ADVANCED PROGRESS


