Overview
Today's session achieved significant milestones across multiple projects: completing El Corte Inglés development, conducting rapid feasibility analysis for Office Depot, and initiating Office Depot development with crawler completion.


El Corte Inglés Development Completion:

    Successfully fixed identified crawler issues
    Finalized all development components and functionality
    Conducted comprehensive testing and validation

New Task Assignment - Office Depot:

    Received new project for office supplies retailer
    Started feasibility analysis for https://www.officedepot.com/
    Initiated technical assessment and requirements analysis

Office Depot Feasibility Initiation:

    Began comprehensive feasibility assessment
    Analyzed site structure, complexity, and data accessibility
    Evaluated implementation challenges and solutions
    Documented preliminary findings and approach

Task Doubt Clarification Meeting:

    Clarified technical questions about Office Depot project
    Addressed feasibility assessment criteria and methodology
    Resolved implementation approach questions
    Enhanced understanding of project requirements

Office Depot Feasibility Completion:

    completed comprehensive feasibility analysis
    Confirmed technical viability and implementation approach
    Prepared feasibility report and recommendations
    Delivered complete feasibility package

HR Monthly Meeting:

    Participated in monthly HR review and planning
    Discussed professional development and team coordination
    Addressed organizational priorities and resource planning
    Contributed to strategic planning and process improvement

Feasibility Sheet Update Meeting:

    Discussed and updated feasibility documentation standards
    Enhanced sheet structures and assessment criteria
    Improved documentation clarity and completeness
    Established best practices for future assessments

Office Depot Development Initiation:

    Started active development for Office Depot project
    Set up project structure and development framework
    Implemented initial components and architecture

Crawler Development Completion:

    Successfully developed and completed crawler functionality
    Implemented robust navigation and data collection
    Verified error handling and performance optimization
    Delivered production-ready crawler solution

Tasks Completion Status
1. El Corte Inglés Development
Status: COMPLETED

2. Office Depot Feasibility
Status: COMPLETED

3. Office Depot Development
Status: IN PROGRESS
