Overview:
Today's session involved parallel work on Shoepping AT feasibility analysis and implementing important revisions to the REWE data structure based on mentor feedback. The focus was on quality improvement and addressing specific enhancement requirements.


Shoeping AT Feasibility Continuation:

 - Continued comprehensive feasibility analysis
 - Assessed technical complexity and data accessibility
 - Evaluated site structure and extraction challenges

Mentor Meeting:

 - Updated mentor on Shoepping AT feasibility progress
 - Received feedback on REWE data structure improvements
 - Discussed specific changes needed for data field optimization

REWE Data Fields Re-work Initiation:

 - Started implementing mentor-requested changes to REWE data
 - Focused on data field optimization and enhancement
 - Addressed specific areas identified for improvement
 - Began restructuring data extraction logic

Continued REWE Data Re-work:

 - Enhanced data validation and cleaning procedures
 - Implemented additional quality assurance measures

Tasks Completion Status:

Shoepping AT Feasibility
Status:  IN PROGRESS

REWE Data Fields Re-work
Status:  IN PROGRESS

