 Overview:
Today's session involved comprehensive testing and data export for the Hemmings project, followed by initiation of a new feasibility analysis for Haraj Saudi Arabia. The day demonstrated efficient project completion and new challenge assessment.


Hemmings Project Testing & Export:

 - Conducted thorough testing of Hemmings development code
 - Verified data extraction accuracy and completeness
 - Implemented and tested data export functionality
 - Validated all components are production-ready

Mentor Meeting - New Task Assignment:

 - Received new project for https://naral.com.sa/ (Haraj platform)
 - Discussed site structure analysis requirements
 - Defined field analysis scope for classifieds platform
 - Clarified project objectives and deliverables

Haraj Feasibility Analysis Initiation:

 - Started comprehensive feasibility assessment
 - Analyzed site structure of Saudi Arabian classifieds platform
 - Began field mapping for advertisement data extraction
 - Assessed technical complexity and regional considerations

Tasks Completion Status:
1. Hemmings Project Completion
Status: COMPLETED

2. Haraj Feasibility Analysis
Status: IN PROGRESS

