Overview:
Today's session involved comprehensive crawler fixes for Office Depot, analysis of new Aldi client requirements, ASDA site analysis, client communication preparation, and ongoing parser development. 

Office Depot Crawler Fixes:

    Identified and addressed crawler technical issues
    Implemented systematic debugging and problem resolution
    Enhanced crawler reliability and performance
    Verified fix effectiveness through comprehensive testing

Task Status Meeting:

    Discussed current project progress and status
    Reviewed development achievements and challenges
    Addressed timeline management and delivery commitments
    Aligned on quality standards and next steps

Crawler Development Completion:

    Finalized all crawler fixes and enhancements
    Confirmed robust functionality and error handling
    Verified production readiness and performance standards

New Aldi Client Requirements Analysis:

    Analyzed new client requirements for Aldi project
    Assessed implementation complexity and impact
    Documented analysis findings and recommendations

ASDA Site Analysis:

    Conducted technical analysis of ASDA website
    Assessed site structure, complexity, and data accessibility

Task Status & Client Report Meeting:

    Discussed project status updates for client communication
    Reviewed client reporting requirements and expectations
    Addressed client feedback and enhancement requests

Client Reply Report Creation:

    Created comprehensive client response report
    Documented project progress, achievements, and next steps
    Addressed client questions and requirements
    Prepared professional communication and recommendations

Office Depot Parser Development:

    Continued active parser development
    Implemented data extraction logic for office products
    Developed field mapping and validation procedures
    Advanced parser functionality and performance optimization


Tasks Completion Status:
Aldi and ADSA Client Requirements Analysis
Status: COMPLETED

Client replay report
Status: COMPLETED

Office Depot Parser Development
Status: IN PROGRESS

