Overview
Today's session involved comprehensive feasibility analysis completion for the BIPA site, professional development through documentation review, team collaboration activities, and active code development for the assigned project.


Feasibility Analysis Finalization:

 - Completed detailed assessment of BIPA website data extraction capabilities
 - Determined exact volume of extractable data against requirements
 - Finalized technical implementation strategy
 - Documented comprehensive feasibility report

Daily Meeting Update:
 - Presented BIPA feasibility analysis completion

Development :

 - Continued development of BIPA project codebase
 - Implemented core functionalities based on feasibility findings
 - Focused on crawler and parser modules

Tasks Completion Status:

BIPA Feasibility Analysis:
Status:  COMPLETED

Code Development:
Status:  IN PROGRESS

 - Project structure implemented
 - crawler functionality developed

