Overview
Today's session involved comprehensive site analysis, data issue resolution, technical tool evaluation, and quality assurance testing. 

BigBasket Site Analysis:

    Conducted detailed technical analysis of e-commerce platform
    Assessed site structure, data patterns, and extraction complexity
    Documented technical characteristics and implementation considerations
    Enhanced understanding for future development optimization

New Task Assignment - Eurospin Data Issue Fixing:

    Received task to address data quality issues on Eurospin platform
    Started analysis of identified data problems and root causes
    Began implementation of systematic fixes and improvements
    Initiated data quality enhancement procedures

Task Update & Clarification Meeting:

    Discussed current project priorities and progress
    Clarified technical approaches for data issue resolution
    Addressed quality standards and verification requirements
    Aligned on timelines and delivery commitments

New Web Scraping Tools Evaluation:

    Started testing and evaluation of emerging web scraping tools
    Assessed functionality, performance, and suitability for projects
    Compared features against existing toolset and requirements
    Documented findings and recommendations

Tool Testing Continuation:

    Continued comprehensive evaluation of new scraping tools
    Conducted performance benchmarking and reliability testing
    Assessed integration capabilities with existing workflows
    Enhanced technical understanding of available options

QA Testing Methodology Meeting:

    Discussed quality assurance testing approaches and standards
    Addressed testing methodologies for data quality verification
    Clarified QA procedures for issue resolution validation
    Enhanced quality assurance framework and best practices

Eurospin Data Re-testing:

    Conducted systematic re-testing of fixed data issues
    Verified effectiveness of implemented corrections
    Validated data quality improvements and accuracy
    Confirmed issue resolution completeness

Tasks Completion Status
BigBasket Site Analysis
Status: COMPLETED

Eurospin Data Issue Resolution
Status: IN PROGRESS

Technical Tool Evaluation
Status: IN PROGRESS

QA Process Enhancement
Status: ENHANCED
