2025-09-16 13:47:32,986 [INFO] Visiting: https://carbon38.com/en-in/collections/tops?filter.p.m.custom.available_or_waitlist=1 | Status: 200
2025-09-16 13:47:34,826 [INFO] Inserted: https://carbon38.com/en-in/products/melt-mesh-ruched-top-fig?_pos=1&_fid=5ac2704f3&_ss=c
2025-09-16 13:47:34,828 [INFO] Inserted: https://carbon38.com/en-in/products/knot-front-sweater-fig?_pos=2&_fid=5ac2704f3&_ss=c
2025-09-16 13:47:34,830 [INFO] Inserted: https://carbon38.com/en-in/products/strappy-tank-fig?_pos=3&_fid=5ac2704f3&_ss=c
2025-09-16 13:47:34,831 [INFO] Inserted: https://carbon38.com/en-in/products/off-shoulder-sweatshirt-fig?_pos=4&_fid=5ac2704f3&_ss=c
2025-09-16 13:47:34,833 [INFO] Inserted: https://carbon38.com/en-in/products/toile-half-zip-fig-toile?_pos=5&_fid=5ac2704f3&_ss=c
2025-09-16 13:47:34,835 [INFO] Inserted: https://carbon38.com/en-in/products/alumni-jodhi-tee-white?_pos=6&_fid=5ac2704f3&_ss=c
2025-09-16 13:47:34,837 [INFO] Inserted: https://carbon38.com/en-in/products/knot-front-sweater-cocoa?_pos=7&_fid=5ac2704f3&_ss=c
2025-09-16 13:47:34,839 [INFO] Inserted: https://carbon38.com/en-in/products/striped-sweater-chocolate-torte-off-white?_pos=8&_fid=5ac2704f3&_ss=c
2025-09-16 13:47:34,842 [INFO] Inserted: https://carbon38.com/en-in/products/long-sleeve-off-shoulder-tee-chocolate-torte?_pos=9&_fid=5ac2704f3&_ss=c
2025-09-16 13:47:34,843 [INFO] Inserted: https://carbon38.com/en-in/products/fully-fashioned-peplum-tank-chocolate-torte?_pos=10&_fid=5ac2704f3&_ss=c
2025-09-16 13:47:34,845 [INFO] Inserted: https://carbon38.com/en-in/products/fully-fashioned-peplum-tank-black?_pos=11&_fid=5ac2704f3&_ss=c
2025-09-16 13:47:34,848 [INFO] Inserted: https://carbon38.com/en-in/products/laser-cut-tank-in-diamond-compression-black?_pos=12&_fid=5ac2704f3&_ss=c
2025-09-16 13:47:34,852 [INFO] Inserted: https://carbon38.com/en-in/products/soft-luxe-heather-mock-neck-long-sleeve-heather-black?_pos=13&_fid=5ac2704f3&_ss=c
2025-09-16 13:47:34,854 [INFO] Inserted: https://carbon38.com/en-in/products/soft-luxe-heather-mock-neck-long-sleeve-heather-navy-blazer?_pos=14&_fid=5ac2704f3&_ss=c
2025-09-16 13:47:34,857 [INFO] Inserted: https://carbon38.com/en-in/products/twist-pullover-ivory?_pos=15&_fid=5ac2704f3&_ss=c
2025-09-16 13:47:34,858 [INFO] Inserted: https://carbon38.com/en-in/products/oversized-raglan-sleeve-hooded-mini-dress-w-mesh-snow-white?_pos=16&_fid=5ac2704f3&_ss=c
2025-09-16 13:47:34,860 [INFO] Inserted: https://carbon38.com/en-in/products/super-os-sleeveless-bf-nk-shirt-bodysuit-snow-white?_pos=17&_fid=5ac2704f3&_ss=c
2025-09-16 13:47:34,862 [INFO] Inserted: https://carbon38.com/en-in/products/fleece-shrug-white?_pos=18&_fid=5ac2704f3&_ss=c
2025-09-16 13:47:34,863 [INFO] Inserted: https://carbon38.com/en-in/products/dolamin-maria-top-snow-white?_pos=19&_fid=5ac2704f3&_ss=c
2025-09-16 13:47:34,864 [INFO] Inserted: https://carbon38.com/en-in/products/drop-shoulder-top-black?_pos=20&_fid=5ac2704f3&_ss=c
2025-09-16 13:47:34,866 [INFO] Inserted: https://carbon38.com/en-in/products/slim-fit-long-sleeve-turtle-top-black?_pos=21&_fid=5ac2704f3&_ss=c
2025-09-16 13:47:34,868 [INFO] Inserted: https://carbon38.com/en-in/products/oversized-raglan-sleeve-hooded-top-w-mesh-black?_pos=22&_fid=5ac2704f3&_ss=c
2025-09-16 13:47:34,869 [INFO] Inserted: https://carbon38.com/en-in/products/off-shoulder-fold-over-sweater-black?_pos=23&_fid=5ac2704f3&_ss=c
2025-09-16 13:47:34,870 [INFO] Inserted: https://carbon38.com/en-in/products/super-os-sleeveless-bf-nk-shirt-flared-mini-dress-black?_pos=24&_fid=5ac2704f3&_ss=c
2025-09-16 13:47:34,871 [INFO] Inserted: https://carbon38.com/en-in/products/fleece-shrug-black?_pos=25&_fid=5ac2704f3&_ss=c
2025-09-16 13:47:34,873 [INFO] Inserted: https://carbon38.com/en-in/products/high-neck-cut-out-colorblock-tank-black-white?_pos=26&_fid=5ac2704f3&_ss=c
2025-09-16 13:47:34,874 [INFO] Inserted: https://carbon38.com/en-in/products/double-layered-melt-tank-black-white?_pos=27&_fid=5ac2704f3&_ss=c
2025-09-16 13:47:34,876 [INFO] Inserted: https://carbon38.com/en-in/products/half-zip-with-contrast-stripe-ivory?_pos=28&_fid=5ac2704f3&_ss=c
2025-09-16 13:47:34,877 [INFO] Inserted: https://carbon38.com/en-in/products/racer-high-neck-active-tank-in-diamond-compression-cloud-dancer?_pos=29&_fid=5ac2704f3&_ss=c
2025-09-16 13:47:34,879 [INFO] Inserted: https://carbon38.com/en-in/products/mia-shirt-love-chambray-blue?_pos=30&_fid=5ac2704f3&_ss=c
2025-09-16 13:47:34,881 [INFO] Inserted: https://carbon38.com/en-in/products/twist-pullover-future-dusk?_pos=31&_fid=5ac2704f3&_ss=c
2025-09-16 13:47:34,882 [INFO] Inserted: https://carbon38.com/en-in/products/strappy-tank-in-melt-future-dusk?_pos=32&_fid=5ac2704f3&_ss=c
2025-09-16 13:47:34,883 [INFO] Inserted: https://carbon38.com/en-in/products/high-neck-cut-out-colorblock-tank-future-dusk-matcha?_pos=33&_fid=5ac2704f3&_ss=c
2025-09-16 13:47:34,884 [INFO] Inserted: https://carbon38.com/en-in/products/whisper-featherweight-cardigan-army-green?_pos=34&_fid=5ac2704f3&_ss=c
2025-09-16 13:47:34,886 [INFO] Inserted: https://carbon38.com/en-in/products/super-oversized-boyfriend-nk-shirt-bodysuit-bark?_pos=35&_fid=5ac2704f3&_ss=c
2025-09-16 13:47:34,887 [INFO] Inserted: https://carbon38.com/en-in/products/super-oversized-boyfriend-nk-shirt-bodysuit-elm?_pos=36&_fid=5ac2704f3&_ss=c
2025-09-16 13:47:34,889 [INFO] Inserted: https://carbon38.com/en-in/products/long-sleeve-turtle-bodysuit-elm?_pos=37&_fid=5ac2704f3&_ss=c
2025-09-16 13:47:34,892 [INFO] Inserted: https://carbon38.com/en-in/products/asmc-crop-tee-desert-sand-smc?_pos=38&_fid=5ac2704f3&_ss=c
2025-09-16 13:47:34,894 [INFO] Inserted: https://carbon38.com/en-in/products/court-crop-top-white?_pos=39&_fid=5ac2704f3&_ss=c
2025-09-16 13:47:34,895 [INFO] Inserted: https://carbon38.com/en-in/products/crochet-log-sleeve-polo-top-ivory?_pos=40&_fid=5ac2704f3&_ss=c
2025-09-16 13:47:34,897 [INFO] Inserted: https://carbon38.com/en-in/products/crochet-top-white-black?_pos=41&_fid=5ac2704f3&_ss=c
2025-09-16 13:47:34,900 [INFO] Inserted: https://carbon38.com/en-in/products/marion-white?_pos=42&_fid=5ac2704f3&_ss=c
2025-09-16 13:47:34,901 [INFO] Inserted: https://carbon38.com/en-in/products/resort-shirt-white?_pos=43&_fid=5ac2704f3&_ss=c
2025-09-16 13:47:34,903 [INFO] Inserted: https://carbon38.com/en-in/products/linen-tie-puff-sleeve-top-white?_pos=44&_fid=5ac2704f3&_ss=c
2025-09-16 13:47:34,908 [INFO] Inserted: https://carbon38.com/en-in/products/callum-knit-top-creme?_pos=45&_fid=5ac2704f3&_ss=c
2025-09-16 13:47:34,910 [INFO] Inserted: https://carbon38.com/en-in/products/fitted-tank-white?_pos=46&_fid=5ac2704f3&_ss=c
2025-09-16 13:47:34,912 [INFO] Inserted: https://carbon38.com/en-in/products/herskind-tshirt-white-red-logo?_pos=47&_fid=5ac2704f3&_ss=c
2025-09-16 13:47:34,913 [INFO] Inserted: https://carbon38.com/en-in/products/sofia-peach?_pos=48&_fid=5ac2704f3&_ss=c
2025-09-16 13:47:34,914 [INFO] Inserted: https://carbon38.com/en-in/products/crew-sweatshirt-chinchilla?_pos=49&_fid=5ac2704f3&_ss=c
2025-09-16 13:47:34,917 [INFO] Inserted: https://carbon38.com/en-in/products/colorblock-scoop-tank-chinchilla-white?_pos=50&_fid=5ac2704f3&_ss=c
2025-09-16 13:47:34,919 [INFO] Inserted: https://carbon38.com/en-in/products/crochet-off-shoulder-sweater-chinhilla?_pos=51&_fid=5ac2704f3&_ss=c
2025-09-16 13:47:34,921 [INFO] Inserted: https://carbon38.com/en-in/products/wildwest-style-fringe-shirt-blue?_pos=52&_fid=5ac2704f3&_ss=c
2025-09-16 13:47:34,923 [INFO] Inserted: https://carbon38.com/en-in/products/chambray-vest-medium-wash?_pos=53&_fid=5ac2704f3&_ss=c
2025-09-16 13:47:34,925 [INFO] Inserted: https://carbon38.com/en-in/products/top-multi-blue?_pos=54&_fid=5ac2704f3&_ss=c
2025-09-16 13:47:34,927 [INFO] Inserted: https://carbon38.com/en-in/products/summer-imperfect-heart-sweater-indigo-blue-white?_pos=55&_fid=5ac2704f3&_ss=c
2025-09-16 13:47:34,929 [INFO] Inserted: https://carbon38.com/en-in/products/double-layered-melt-tank-sage-white?_pos=56&_fid=5ac2704f3&_ss=c
2025-09-16 13:47:34,932 [INFO] Inserted: https://carbon38.com/en-in/products/kristy-rib-tank-top-white?_pos=57&_fid=5ac2704f3&_ss=c
2025-09-16 13:47:34,934 [INFO] Inserted: https://carbon38.com/en-in/products/strappy-tank-in-melt-snow-leopard?_pos=58&_fid=5ac2704f3&_ss=c
2025-09-16 13:47:34,937 [INFO] Inserted: https://carbon38.com/en-in/products/short-sleeve-collared-tennis-top-white-pastel-yellow?_pos=59&_fid=5ac2704f3&_ss=c
2025-09-16 13:47:34,939 [INFO] Inserted: https://carbon38.com/en-in/products/studio-knit-long-t-crop-lilac-cosmos?_pos=60&_fid=5ac2704f3&_ss=c
2025-09-16 13:47:34,940 [INFO] Inserted: https://carbon38.com/en-in/products/crewneck-sweatshirt-lotus?_pos=61&_fid=5ac2704f3&_ss=c
2025-09-16 13:47:34,942 [INFO] Inserted: https://carbon38.com/en-in/products/jersey-tank-lotus?_pos=62&_fid=5ac2704f3&_ss=c
2025-09-16 13:47:34,943 [INFO] Inserted: https://carbon38.com/en-in/products/colorblock-scoop-tank-rose-of-sharon-white?_pos=63&_fid=5ac2704f3&_ss=c
2025-09-16 13:47:34,945 [INFO] Inserted: https://carbon38.com/en-in/products/long-racerback-tank-rose-of-sharon?_pos=64&_fid=5ac2704f3&_ss=c
2025-09-16 13:47:34,947 [INFO] Inserted: https://carbon38.com/en-in/products/suke-love-lines-tee-white?_pos=65&_fid=5ac2704f3&_ss=c
2025-09-16 13:47:34,948 [INFO] Inserted: https://carbon38.com/en-in/products/kr-long-sleeve-striped-tee-white-red?_pos=66&_fid=5ac2704f3&_ss=c
2025-09-16 13:47:34,950 [INFO] Inserted: https://carbon38.com/en-in/products/asmc-truecasuals-cropped-sportswear-sweatshirt-active-red?_pos=67&_fid=5ac2704f3&_ss=c
2025-09-16 13:47:34,951 [INFO] Inserted: https://carbon38.com/en-in/products/oversized-raglan-sleeve-hooded-cropped-top-w-mesh-tiger-red?_pos=68&_fid=5ac2704f3&_ss=c
2025-09-16 13:47:34,953 [INFO] Inserted: https://carbon38.com/en-in/products/asmc-two-tone-zipped-crop-black-carbon?_pos=69&_fid=5ac2704f3&_ss=c
2025-09-16 13:47:34,954 [INFO] Inserted: https://carbon38.com/en-in/products/asmc-mock-neck-sleeves-black?_pos=70&_fid=5ac2704f3&_ss=c
2025-09-16 13:47:34,955 [INFO] Inserted: https://carbon38.com/en-in/products/boxy-crop-tee-black?_pos=71&_fid=5ac2704f3&_ss=c
2025-09-16 13:47:34,957 [INFO] Inserted: https://carbon38.com/en-in/products/asmc-sportswear-cropped-hoodie-black?_pos=72&_fid=5ac2704f3&_ss=c
2025-09-16 13:47:34,959 [INFO] Inserted: https://carbon38.com/en-in/products/kr-tank-cocoa?_pos=73&_fid=5ac2704f3&_ss=c
2025-09-16 13:47:34,960 [INFO] Inserted: https://carbon38.com/en-in/products/mia-stripe-shirt-brown-white?_pos=74&_fid=5ac2704f3&_ss=c
2025-09-16 13:47:34,963 [INFO] Inserted: https://carbon38.com/en-in/products/strappy-tank-in-melt-caribou?_pos=75&_fid=5ac2704f3&_ss=c
2025-09-16 13:47:34,965 [INFO] Inserted: https://carbon38.com/en-in/products/gabrielle-knit-cape-creme?_pos=76&_fid=5ac2704f3&_ss=c
2025-09-16 13:47:34,966 [INFO] Inserted: https://carbon38.com/en-in/products/canyon-freida-knit-fringe-top-natural?_pos=77&_fid=5ac2704f3&_ss=c
2025-09-16 13:47:34,968 [INFO] Inserted: https://carbon38.com/en-in/products/sleeveless-slim-fit-cropped-top-asparagus?_pos=78&_fid=5ac2704f3&_ss=c
2025-09-16 13:47:34,969 [INFO] Inserted: https://carbon38.com/en-in/products/asmc-truenature-golf-polo-shirt-halo-gold?_pos=79&_fid=5ac2704f3&_ss=c
2025-09-16 13:47:34,971 [INFO] Inserted: https://carbon38.com/en-in/products/ribbed-vneck-tank-lotus?_pos=80&_fid=5ac2704f3&_ss=c
2025-09-16 13:47:34,973 [INFO] Inserted: https://carbon38.com/en-in/products/top-multicolor?_pos=81&_fid=5ac2704f3&_ss=c
2025-09-16 13:47:34,975 [INFO] Inserted: https://carbon38.com/en-in/products/jersey-polo-white-with-green-trim?_pos=82&_fid=5ac2704f3&_ss=c
2025-09-16 13:47:34,976 [INFO] Inserted: https://carbon38.com/en-in/products/zip-front-tank-white-with-navy-trim-and-green-zip?_pos=83&_fid=5ac2704f3&_ss=c
2025-09-16 13:47:34,978 [INFO] Inserted: https://carbon38.com/en-in/products/rib-melt-vneck-tank-white?_pos=84&_fid=5ac2704f3&_ss=c
2025-09-16 13:47:34,980 [INFO] Inserted: https://carbon38.com/en-in/products/strappy-tank-in-melt-white?_pos=85&_fid=5ac2704f3&_ss=c
2025-09-16 13:47:34,981 [INFO] Inserted: https://carbon38.com/en-in/products/bell-sleeve-off-shoulder-sweater-cloud-dancer?_pos=86&_fid=5ac2704f3&_ss=c
2025-09-16 13:47:34,983 [INFO] Inserted: https://carbon38.com/en-in/products/tennis-sleeveless-polo-white-bittersweet?_pos=87&_fid=5ac2704f3&_ss=c
2025-09-16 13:47:34,985 [INFO] Inserted: https://carbon38.com/en-in/products/i-love-la-tee-white?_pos=88&_fid=5ac2704f3&_ss=c
2025-09-16 13:47:34,989 [INFO] Inserted: https://carbon38.com/en-in/products/mesh-zip-performance-polo-white-with-red-trim?_pos=89&_fid=5ac2704f3&_ss=c
2025-09-16 13:47:34,992 [INFO] Inserted: https://carbon38.com/en-in/products/love-is-all-around-you-sweater-white?_pos=90&_fid=5ac2704f3&_ss=c
2025-09-16 13:47:34,993 [INFO] Inserted: https://carbon38.com/en-in/products/boxy-crop-tee-white?_pos=91&_fid=5ac2704f3&_ss=c
2025-09-16 13:47:34,994 [INFO] Inserted: https://carbon38.com/en-in/products/mia-stripe-positano-shirt-santorini-blue?_pos=92&_fid=5ac2704f3&_ss=c
2025-09-16 13:47:34,995 [INFO] Inserted: https://carbon38.com/en-in/products/open-knit-cardigan-white?_pos=93&_fid=5ac2704f3&_ss=c
2025-09-16 13:47:34,997 [INFO] Inserted: https://carbon38.com/en-in/products/open-knit-off-the-shoulder-sweater-white?_pos=94&_fid=5ac2704f3&_ss=c
2025-09-16 13:47:34,998 [INFO] Inserted: https://carbon38.com/en-in/products/virginie-champagne?_pos=95&_fid=5ac2704f3&_ss=c
2025-09-16 13:47:35,002 [INFO] Inserted: https://carbon38.com/en-in/products/summer-sweater-sand?_pos=96&_fid=5ac2704f3&_ss=c
2025-09-16 13:47:39,316 [INFO] Visiting: https://carbon38.com/en-in/collections/tops?filter.p.m.custom.available_or_waitlist=1&page=2&filter.p.m.custom.available_or_waitlist=1 | Status: 200
2025-09-16 13:47:41,106 [INFO] Inserted: https://carbon38.com/en-in/products/brushed-bardot-sweater-sand?_pos=97&_fid=5ac2704f3&_ss=c
2025-09-16 13:47:41,108 [INFO] Inserted: https://carbon38.com/en-in/products/mock-neck-coreset-zip-top-caribou?_pos=98&_fid=5ac2704f3&_ss=c
2025-09-16 13:47:41,110 [INFO] Inserted: https://carbon38.com/en-in/products/racer-high-neck-active-tank-in-diamond-compression-black?_pos=99&_fid=5ac2704f3&_ss=c
2025-09-16 13:47:41,111 [INFO] Inserted: https://carbon38.com/en-in/products/asmc-cr-hoodie-black?_pos=100&_fid=5ac2704f3&_ss=c
2025-09-16 13:47:41,112 [INFO] Inserted: https://carbon38.com/en-in/products/art-black?_pos=101&_fid=5ac2704f3&_ss=c
2025-09-16 13:47:41,114 [INFO] Inserted: https://carbon38.com/en-in/products/long-sleeve-deep-v-ruffle-bodysuit-black?_pos=102&_fid=5ac2704f3&_ss=c
2025-09-16 13:47:41,116 [INFO] Inserted: https://carbon38.com/en-in/products/toile-long-sleeve-top-toile-print?_pos=103&_fid=5ac2704f3&_ss=c
2025-09-16 13:47:41,117 [INFO] Inserted: https://carbon38.com/en-in/products/toile-half-zip-toile-print?_pos=104&_fid=5ac2704f3&_ss=c
2025-09-16 13:47:41,118 [INFO] Inserted: https://carbon38.com/en-in/products/u-cutline-hoodie-dark-blue?_pos=105&_fid=5ac2704f3&_ss=c
2025-09-16 13:47:41,120 [INFO] Inserted: https://carbon38.com/en-in/products/crew-sweatshirt-navy-blazer?_pos=106&_fid=5ac2704f3&_ss=c
2025-09-16 13:47:41,121 [INFO] Inserted: https://carbon38.com/en-in/products/asmc-track-top-desert-sand-smc-active-red?_pos=107&_fid=5ac2704f3&_ss=c
2025-09-16 13:47:41,122 [INFO] Inserted: https://carbon38.com/en-in/products/orion-tank-top-sand?_pos=108&_fid=5ac2704f3&_ss=c
2025-09-16 13:47:41,124 [INFO] Inserted: https://carbon38.com/en-in/products/oversized-raglan-sleeve-top-w-mesh-cappuccino?_pos=109&_fid=5ac2704f3&_ss=c
2025-09-16 13:47:41,125 [INFO] Inserted: https://carbon38.com/en-in/products/t-shirt-white?_pos=110&_fid=5ac2704f3&_ss=c
2025-09-16 13:47:41,127 [INFO] Inserted: https://carbon38.com/en-in/products/wide-scoop-bra-tank-white?_pos=111&_fid=5ac2704f3&_ss=c
2025-09-16 13:47:41,128 [INFO] Inserted: https://carbon38.com/en-in/products/crew-sweatshirt-white?_pos=112&_fid=5ac2704f3&_ss=c
2025-09-16 13:47:41,129 [INFO] Inserted: https://carbon38.com/en-in/products/open-knit-off-the-shoulder-sweater-navy?_pos=113&_fid=5ac2704f3&_ss=c
2025-09-16 13:47:41,131 [INFO] Inserted: https://carbon38.com/en-in/products/bell-sleeve-off-shoulder-sweater-navy?_pos=114&_fid=5ac2704f3&_ss=c
2025-09-16 13:47:41,132 [INFO] Inserted: https://carbon38.com/en-in/products/high-neck-fitted-tank-in-ribbed-jersey-navy?_pos=115&_fid=5ac2704f3&_ss=c
2025-09-16 13:47:41,133 [INFO] Inserted: https://carbon38.com/en-in/products/long-sleeve-ruched-top-in-ribbed-jersey-navy?_pos=116&_fid=5ac2704f3&_ss=c
2025-09-16 13:47:41,134 [INFO] Inserted: https://carbon38.com/en-in/products/cap-sleeve-ruched-top-in-ribbed-jersey-white?_pos=117&_fid=5ac2704f3&_ss=c
2025-09-16 13:47:41,136 [INFO] Inserted: https://carbon38.com/en-in/products/ss-ruched-front-tee-white?_pos=118&_fid=5ac2704f3&_ss=c
2025-09-16 13:47:41,138 [INFO] Inserted: https://carbon38.com/en-in/products/one-shoulder-tank-in-ribbed-jersey-white?_pos=119&_fid=5ac2704f3&_ss=c
2025-09-16 13:47:41,140 [INFO] Inserted: https://carbon38.com/en-in/products/ex-boyfriend-le-sunshine-sweatshirt-white?_pos=120&_fid=5ac2704f3&_ss=c
2025-09-16 13:47:41,141 [INFO] Inserted: https://carbon38.com/en-in/products/mock-neck-coreset-zip-top-white?_pos=121&_fid=5ac2704f3&_ss=c
2025-09-16 13:47:41,142 [INFO] Inserted: https://carbon38.com/en-in/products/long-sleeve-wrap-top-in-ribbed-jersey-white?_pos=122&_fid=5ac2704f3&_ss=c
2025-09-16 13:47:41,143 [INFO] Inserted: https://carbon38.com/en-in/products/high-neck-fitted-tank-in-ribbed-jersey-white?_pos=123&_fid=5ac2704f3&_ss=c
2025-09-16 13:47:41,144 [INFO] Inserted: https://carbon38.com/en-in/products/studio-cut-out-crop-white?_pos=124&_fid=5ac2704f3&_ss=c
2025-09-16 13:47:41,145 [INFO] Inserted: https://carbon38.com/en-in/products/venus-optic-white?_pos=125&_fid=5ac2704f3&_ss=c
2025-09-16 13:47:41,147 [INFO] Inserted: https://carbon38.com/en-in/products/oversized-raglan-sleeve-hooded-top-cream?_pos=126&_fid=5ac2704f3&_ss=c
2025-09-16 13:47:41,153 [INFO] Inserted: https://carbon38.com/en-in/products/long-cover-up-pink-white-chevron-tulle-w-space-dye?_pos=127&_fid=5ac2704f3&_ss=c
2025-09-16 13:47:41,154 [INFO] Inserted: https://carbon38.com/en-in/products/strappy-tank-in-melt-charcoal-leopard?_pos=128&_fid=5ac2704f3&_ss=c
2025-09-16 13:47:41,155 [INFO] Inserted: https://carbon38.com/en-in/products/soleil-full-zip-shepherd?_pos=129&_fid=5ac2704f3&_ss=c
2025-09-16 13:47:41,156 [INFO] Inserted: https://carbon38.com/en-in/products/tennis-sleeveless-polo-black-white?_pos=130&_fid=5ac2704f3&_ss=c
2025-09-16 13:47:41,157 [INFO] Inserted: https://carbon38.com/en-in/products/cropped-shoulder-pad-long-sleeve-crew-top-black?_pos=131&_fid=5ac2704f3&_ss=c
2025-09-16 13:47:41,158 [INFO] Inserted: https://carbon38.com/en-in/products/one-shoulder-tank-in-ribbed-jersey-black?_pos=132&_fid=5ac2704f3&_ss=c
2025-09-16 13:47:41,159 [INFO] Inserted: https://carbon38.com/en-in/products/high-neck-fitted-tank-in-ribbed-jersey-black?_pos=133&_fid=5ac2704f3&_ss=c
2025-09-16 13:47:41,161 [INFO] Inserted: https://carbon38.com/en-in/products/colorblock-scoop-tank-in-melt-black-cloud-dancer?_pos=134&_fid=5ac2704f3&_ss=c
2025-09-16 13:47:41,162 [INFO] Inserted: https://carbon38.com/en-in/products/olly-cropped-stripped-sweater-beige-melange?_pos=135&_fid=5ac2704f3&_ss=c
2025-09-16 13:47:41,163 [INFO] Inserted: https://carbon38.com/en-in/products/alberto-knit-polo-blouse-brown-sugar?_pos=136&_fid=5ac2704f3&_ss=c
2025-09-16 13:47:41,165 [INFO] Inserted: https://carbon38.com/en-in/products/one-shoulder-tank-leopard-print?_pos=137&_fid=5ac2704f3&_ss=c
2025-09-16 13:47:41,166 [INFO] Inserted: https://carbon38.com/en-in/products/melt-long-sleeve-top-white?_pos=138&_fid=5ac2704f3&_ss=c
2025-09-16 13:47:41,168 [INFO] Inserted: https://carbon38.com/en-in/products/long-sleeve-wrap-top-in-ribbed-jersey-navy?_pos=139&_fid=5ac2704f3&_ss=c
2025-09-16 13:47:41,170 [INFO] Inserted: https://carbon38.com/en-in/products/stripe-ringer-tee-cloud-navy-stripe?_pos=140&_fid=5ac2704f3&_ss=c
2025-09-16 13:47:41,171 [INFO] Inserted: https://carbon38.com/en-in/products/strappy-tank-in-melt-navy-blazer?_pos=141&_fid=5ac2704f3&_ss=c
2025-09-16 13:47:41,173 [INFO] Inserted: https://carbon38.com/en-in/products/wide-scoop-bra-tank-3-core-navy?_pos=142&_fid=5ac2704f3&_ss=c
2025-09-16 13:47:41,174 [INFO] Inserted: https://carbon38.com/en-in/products/long-racerback-tank-navy-blazer?_pos=143&_fid=5ac2704f3&_ss=c
2025-09-16 13:47:41,176 [INFO] Inserted: https://carbon38.com/en-in/products/off-shoulder-sweatshirt-navy-blazer?_pos=144&_fid=5ac2704f3&_ss=c
2025-09-16 13:47:41,177 [INFO] Inserted: https://carbon38.com/en-in/products/wren-1-4-zip-maltese-blue?_pos=145&_fid=5ac2704f3&_ss=c
2025-09-16 13:47:41,179 [INFO] Inserted: https://carbon38.com/en-in/products/crew-sweatshirt-black?_pos=146&_fid=5ac2704f3&_ss=c
2025-09-16 13:47:41,182 [INFO] Inserted: https://carbon38.com/en-in/products/rib-melt-bodysuit-black?_pos=147&_fid=5ac2704f3&_ss=c
2025-09-16 13:47:41,183 [INFO] Inserted: https://carbon38.com/en-in/products/rib-melt-vneck-tank-black?_pos=148&_fid=5ac2704f3&_ss=c
2025-09-16 13:47:41,184 [INFO] Inserted: https://carbon38.com/en-in/products/cap-sleeve-ruched-top-in-ribbed-jersey-black?_pos=149&_fid=5ac2704f3&_ss=c
2025-09-16 13:47:41,186 [INFO] Inserted: https://carbon38.com/en-in/products/long-sleeve-ruched-top-in-ribbed-jersey-black?_pos=150&_fid=5ac2704f3&_ss=c
2025-09-16 13:47:41,187 [INFO] Inserted: https://carbon38.com/en-in/products/long-sleeve-wrap-top-in-ribbed-jersey-black?_pos=151&_fid=5ac2704f3&_ss=c
2025-09-16 13:47:41,188 [INFO] Inserted: https://carbon38.com/en-in/products/melt-long-sleeve-top-black?_pos=152&_fid=5ac2704f3&_ss=c
2025-09-16 13:47:41,190 [INFO] Inserted: https://carbon38.com/en-in/products/venus-black?_pos=153&_fid=5ac2704f3&_ss=c
2025-09-16 13:47:41,191 [INFO] Inserted: https://carbon38.com/en-in/products/jacqui-corsage-dark-grey-pinstripe?_pos=154&_fid=5ac2704f3&_ss=c
2025-09-16 13:47:41,192 [INFO] Inserted: https://carbon38.com/en-in/products/off-shoulder-sweatshirt-black?_pos=155&_fid=5ac2704f3&_ss=c
2025-09-16 13:47:41,194 [INFO] Inserted: https://carbon38.com/en-in/products/long-sleeve-off-shoulder-tee-black?_pos=156&_fid=5ac2704f3&_ss=c
2025-09-16 13:47:41,195 [INFO] Inserted: https://carbon38.com/en-in/products/strappy-tank-in-melt-black?_pos=157&_fid=5ac2704f3&_ss=c
2025-09-16 13:47:41,197 [INFO] Inserted: https://carbon38.com/en-in/products/wide-scoop-bra-tank-black?_pos=158&_fid=5ac2704f3&_ss=c
2025-09-16 13:47:41,198 [INFO] Inserted: https://carbon38.com/en-in/products/mock-neck-coreset-zip-top-black?_pos=159&_fid=5ac2704f3&_ss=c
2025-09-16 13:47:41,200 [INFO] Inserted: https://carbon38.com/en-in/products/front-twist-tank-black?_pos=160&_fid=5ac2704f3&_ss=c
2025-09-16 13:47:41,201 [INFO] Inserted: https://carbon38.com/en-in/products/peplum-zip-up-cream?_pos=161&_fid=5ac2704f3&_ss=c
2025-09-16 13:47:41,202 [INFO] Inserted: https://carbon38.com/en-in/products/boo-knit-jumper-stripe?_pos=162&_fid=5ac2704f3&_ss=c
2025-09-16 13:47:41,203 [INFO] Inserted: https://carbon38.com/en-in/products/colorblock-scoop-tank-in-melt-sky-blue-bittersweet?_pos=163&_fid=5ac2704f3&_ss=c
2025-09-16 13:47:41,204 [INFO] Inserted: https://carbon38.com/en-in/products/melt-mesh-ruched-top-sky-blue?_pos=164&_fid=5ac2704f3&_ss=c
2025-09-16 13:47:41,205 [INFO] Inserted: https://carbon38.com/en-in/products/rib-melt-vneck-tank-hydrangea?_pos=165&_fid=5ac2704f3&_ss=c
2025-09-16 13:47:41,207 [INFO] Inserted: https://carbon38.com/en-in/products/rib-melt-bodysuit-hydrangea?_pos=166&_fid=5ac2704f3&_ss=c
2025-09-16 13:47:41,208 [INFO] Inserted: https://carbon38.com/en-in/products/colorblock-mock-neck-corset-zip-in-melt-black-cloud-dancer?_pos=167&_fid=5ac2704f3&_ss=c
2025-09-16 13:47:41,209 [INFO] Inserted: https://carbon38.com/en-in/products/cowl-neck-knit-sweatshirt-moonbeam-heather?_pos=168&_fid=5ac2704f3&_ss=c
2025-09-16 13:47:41,210 [INFO] Inserted: https://carbon38.com/en-in/products/nomai-plaid-pearly-vneck-sweater-grey-silver?_pos=169&_fid=5ac2704f3&_ss=c
2025-09-16 13:47:41,211 [INFO] Inserted: https://carbon38.com/en-in/products/melt-mesh-ruched-top-black?_pos=170&_fid=5ac2704f3&_ss=c
2025-09-16 13:47:41,213 [INFO] Inserted: https://carbon38.com/en-in/products/super-oversized-boyfriend-nk-shirt-bodysuit-black?_pos=171&_fid=5ac2704f3&_ss=c
2025-09-16 13:47:41,214 [INFO] Inserted: https://carbon38.com/en-in/products/sway-hoodie-black?_pos=172&_fid=5ac2704f3&_ss=c
2025-09-16 13:47:41,216 [INFO] Inserted: https://carbon38.com/en-in/products/jean-knit-top-black?_pos=173&_fid=5ac2704f3&_ss=c
2025-09-16 13:47:41,218 [INFO] Inserted: https://carbon38.com/en-in/products/strappy-tank-in-melt-bittersweet?_pos=174&_fid=5ac2704f3&_ss=c
2025-09-16 13:47:41,219 [INFO] Inserted: https://carbon38.com/en-in/products/train-2-in1-crop-white-raspberry?_pos=175&_fid=5ac2704f3&_ss=c
2025-09-16 13:47:41,220 [INFO] Inserted: https://carbon38.com/en-in/products/elle-top-chantilly?_pos=176&_fid=5ac2704f3&_ss=c
2025-09-16 13:47:41,222 [INFO] Inserted: https://carbon38.com/en-in/products/short-slv-pocket-tee-white?_pos=177&_fid=5ac2704f3&_ss=c
2025-09-16 13:47:41,223 [INFO] Inserted: https://carbon38.com/en-in/products/long-racerback-tank-white?_pos=178&_fid=5ac2704f3&_ss=c
2025-09-16 13:47:41,225 [INFO] Inserted: https://carbon38.com/en-in/products/off-shoulder-sweatshirt-7-heather-grey?_pos=179&_fid=5ac2704f3&_ss=c
2025-09-16 13:47:41,226 [INFO] Inserted: https://carbon38.com/en-in/products/off-shoulder-sweatshirt-white?_pos=180&_fid=5ac2704f3&_ss=c
2025-09-16 13:47:41,227 [INFO] Inserted: https://carbon38.com/en-in/products/long-sleeve-off-shoulder-tee-white?_pos=181&_fid=5ac2704f3&_ss=c
2025-09-16 13:47:41,228 [INFO] Inserted: https://carbon38.com/en-in/products/front-twist-tank-white?_pos=182&_fid=5ac2704f3&_ss=c
2025-09-16 13:47:41,229 [INFO] Inserted: https://carbon38.com/en-in/products/diane-ski-pully-cream?_pos=183&_fid=5ac2704f3&_ss=c
2025-09-16 13:47:41,231 [INFO] Inserted: https://carbon38.com/en-in/products/hunter-top-off-white?_pos=184&_fid=5ac2704f3&_ss=c
2025-09-16 13:47:41,232 [INFO] Inserted: https://carbon38.com/en-in/products/one-shoulder-peasant-top-black?_pos=185&_fid=5ac2704f3&_ss=c
2025-09-16 13:47:41,233 [INFO] Inserted: https://carbon38.com/en-in/products/long-racerback-tank-black?_pos=186&_fid=5ac2704f3&_ss=c
2025-09-16 13:47:41,234 [INFO] Inserted: https://carbon38.com/en-in/products/short-slv-pocket-tee-black?_pos=187&_fid=5ac2704f3&_ss=c
2025-09-16 13:47:41,235 [INFO] Inserted: https://carbon38.com/en-in/products/margot-pullover-black?_pos=188&_fid=5ac2704f3&_ss=c
2025-09-16 13:47:41,236 [INFO] Inserted: https://carbon38.com/en-in/products/bell-sleeve-off-shoulder-sweater-bittersweet?_pos=189&_fid=5ac2704f3&_ss=c
2025-09-16 13:47:41,238 [INFO] Inserted: https://carbon38.com/en-in/products/ss-ruched-front-tee-bittersweet?_pos=190&_fid=5ac2704f3&_ss=c
2025-09-16 13:47:41,239 [INFO] Inserted: https://carbon38.com/en-in/products/asmc-reg-sweatshirt-corpnk?_pos=191&_fid=5ac2704f3&_ss=c
2025-09-16 13:47:41,240 [INFO] Inserted: https://carbon38.com/en-in/products/asmc-truepace-running-crop-black?_pos=192&_fid=5ac2704f3&_ss=c
2025-09-16 13:47:45,108 [INFO] Visiting: https://carbon38.com/en-in/collections/tops?filter.p.m.custom.available_or_waitlist=1&page=3&filter.p.m.custom.available_or_waitlist=1 | Status: 200
2025-09-16 13:47:45,897 [INFO] Inserted: https://carbon38.com/en-in/products/sheer-spliced-tank-black?_pos=193&_fid=863617283&_ss=c
2025-09-16 13:47:45,898 [INFO] Inserted: https://carbon38.com/en-in/products/oversized-raglan-sleeve-top-w-tube-scarf-snow-white?_pos=194&_fid=863617283&_ss=c
2025-09-16 13:47:45,899 [INFO] Inserted: https://carbon38.com/en-in/products/vaill-boo-sweater-natural?_pos=195&_fid=863617283&_ss=c
2025-09-16 13:47:45,901 [INFO] Inserted: https://carbon38.com/en-in/products/nomai-ruched-zip-hoodie-heather-grey?_pos=196&_fid=863617283&_ss=c
2025-09-16 13:47:45,902 [INFO] Inserted: https://carbon38.com/en-in/products/peplum-zip-up-black?_pos=197&_fid=863617283&_ss=c
2025-09-16 13:47:45,903 [INFO] Inserted: https://carbon38.com/en-in/products/logo-sweatshirt-faded-black?_pos=198&_fid=863617283&_ss=c
2025-09-16 13:47:45,905 [INFO] Inserted: https://carbon38.com/en-in/products/long-sleeve-ballet-wrap-black?_pos=199&_fid=863617283&_ss=c
2025-09-16 13:47:45,906 [INFO] Inserted: https://carbon38.com/en-in/products/louise-ski-pully-black?_pos=200&_fid=863617283&_ss=c
2025-09-16 13:47:45,907 [INFO] Inserted: https://carbon38.com/en-in/products/benton-best-day-every-sweater-silver-fox-silver?_pos=201&_fid=863617283&_ss=c
2025-09-16 13:47:45,909 [INFO] Inserted: https://carbon38.com/en-in/products/mock-neck-coreset-zip-top-lavender-grey?_pos=202&_fid=863617283&_ss=c
2025-09-16 13:47:45,911 [INFO] Inserted: https://carbon38.com/en-in/products/crewneck-sweater-orange-mulitcolor-gradient-sm9en?_pos=203&_fid=863617283&_ss=c
2025-09-16 13:47:45,912 [INFO] Inserted: https://carbon38.com/en-in/products/crewneck-sweatshirt-rainbow-lilla-arancio-lime?_pos=204&_fid=863617283&_ss=c
2025-09-16 13:47:45,913 [INFO] Inserted: https://carbon38.com/en-in/products/racer-tailored-terry-tank-top-true-navy?_pos=205&_fid=863617283&_ss=c
2025-09-16 13:47:45,916 [INFO] Inserted: https://carbon38.com/en-in/products/lafayette-top-navy?_pos=206&_fid=863617283&_ss=c
2025-09-16 13:47:45,917 [INFO] Inserted: https://carbon38.com/en-in/products/olympia-top-alps-blue?_pos=207&_fid=863617283&_ss=c
2025-09-16 13:47:45,919 [INFO] Inserted: https://carbon38.com/en-in/products/half-zip-boucle-pullover-caribou?_pos=208&_fid=863617283&_ss=c
2025-09-16 13:47:45,920 [INFO] Inserted: https://carbon38.com/en-in/products/vivienne-ski-pully-cream?_pos=209&_fid=863617283&_ss=c
2025-09-16 13:47:45,922 [INFO] Inserted: https://carbon38.com/en-in/products/long-sleeve-top-in-melt-ponderosa-pine?_pos=210&_fid=863617283&_ss=c
2025-09-16 13:47:45,924 [INFO] Inserted: https://carbon38.com/en-in/products/mesh-tee-shirt-ponderosa-pine?_pos=211&_fid=863617283&_ss=c
2025-09-16 13:47:45,926 [INFO] Inserted: https://carbon38.com/en-in/products/holiday-roll-neck-red-white?_pos=212&_fid=863617283&_ss=c
2025-09-16 13:47:45,927 [INFO] Inserted: https://carbon38.com/en-in/products/monroe-cardigan-burgundy?_pos=213&_fid=863617283&_ss=c
2025-09-16 13:47:45,929 [INFO] Inserted: https://carbon38.com/en-in/products/club38-sweater-vest-ivory-navy-red?_pos=214&_fid=863617283&_ss=c
2025-09-16 13:47:45,930 [INFO] Inserted: https://carbon38.com/en-in/products/carving-air-sweater-black-snow-white?_pos=215&_fid=863617283&_ss=c
2025-09-16 13:47:45,931 [INFO] Inserted: https://carbon38.com/en-in/products/pearl-necklace-tank-black?_pos=216&_fid=863617283&_ss=c
2025-09-16 13:47:45,932 [INFO] Inserted: https://carbon38.com/en-in/products/wool-blend-slouchy-knit-sweater-black-white-stripe?_pos=217&_fid=863617283&_ss=c
2025-09-16 13:47:45,933 [INFO] Inserted: https://carbon38.com/en-in/products/cap-sleeve-top-black?_pos=218&_fid=863617283&_ss=c
2025-09-16 13:47:45,934 [INFO] Inserted: https://carbon38.com/en-in/products/half-zip-asymmetrical-pullover-moonbeam-heather?_pos=219&_fid=863617283&_ss=c
2025-09-16 13:47:45,936 [INFO] Inserted: https://carbon38.com/en-in/products/crop-blazer-cream?_pos=220&_fid=863617283&_ss=c
2025-09-16 13:47:45,937 [INFO] Inserted: https://carbon38.com/en-in/products/delilah-top-cream?_pos=221&_fid=863617283&_ss=c
2025-09-16 13:47:45,938 [INFO] Inserted: https://carbon38.com/en-in/products/timberley-half-zip-midlayer-cement-marl?_pos=222&_fid=863617283&_ss=c
2025-09-16 13:47:45,939 [INFO] Inserted: https://carbon38.com/en-in/products/alison-pullover-multi?_pos=223&_fid=863617283&_ss=c
2025-09-16 13:47:45,940 [INFO] Inserted: https://carbon38.com/en-in/products/long-sleeve-wrap-top-crimson-red?_pos=224&_fid=863617283&_ss=c
2025-09-16 13:47:45,942 [INFO] Inserted: https://carbon38.com/en-in/products/raglan-pullover-in-velour-blush?_pos=225&_fid=863617283&_ss=c
2025-09-16 13:47:45,944 [INFO] Inserted: https://carbon38.com/en-in/products/rosette-long-sleeve-top-in-melt-black-w-white-rosette?_pos=226&_fid=863617283&_ss=c
2025-09-16 13:47:45,945 [INFO] Inserted: https://carbon38.com/en-in/products/rosette-longline-sweater-black?_pos=227&_fid=863617283&_ss=c
2025-09-16 13:47:45,947 [INFO] Inserted: https://carbon38.com/en-in/products/mesh-tee-shirt-black?_pos=228&_fid=863617283&_ss=c
2025-09-16 13:47:45,948 [INFO] Inserted: https://carbon38.com/en-in/products/liquid-metallic-long-sleeve-top-silver?_pos=229&_fid=863617283&_ss=c
2025-09-16 13:47:45,950 [INFO] Inserted: https://carbon38.com/en-in/products/liquid-metallic-bodysuit-silver?_pos=230&_fid=863617283&_ss=c
2025-09-16 13:47:45,952 [INFO] Inserted: https://carbon38.com/en-in/products/raglan-pullover-in-velour-charcoal-grey?_pos=231&_fid=863617283&_ss=c
2025-09-16 13:47:45,955 [INFO] Inserted: https://carbon38.com/en-in/products/sheer-turtleneck-sweater-black?_pos=232&_fid=863617283&_ss=c
2025-09-16 13:47:45,957 [INFO] Inserted: https://carbon38.com/en-in/products/pearl-sweatshirt-black-1?_pos=233&_fid=863617283&_ss=c
2025-09-16 13:47:45,959 [INFO] Inserted: https://carbon38.com/en-in/products/off-shoulder-sweatshirt-6-olive?_pos=234&_fid=863617283&_ss=c
2025-09-16 13:47:45,961 [INFO] Inserted: https://carbon38.com/en-in/products/short-sleeve-pocket-tee-olive?_pos=235&_fid=863617283&_ss=c
2025-09-16 13:47:45,962 [INFO] Inserted: https://carbon38.com/en-in/products/half-zip-boucle-pullover-off-white-1?_pos=236&_fid=863617283&_ss=c
2025-09-16 13:47:45,964 [INFO] Inserted: https://carbon38.com/en-in/products/wool-blend-slouchy-knit-sweater-off-white?_pos=237&_fid=863617283&_ss=c
2025-09-16 13:47:45,965 [INFO] Inserted: https://carbon38.com/en-in/products/asymmetrical-sweater-top-ivory?_pos=238&_fid=863617283&_ss=c
2025-09-16 13:47:45,966 [INFO] Inserted: https://carbon38.com/en-in/products/cap-sleeve-top-white?_pos=239&_fid=863617283&_ss=c
2025-09-16 13:47:45,967 [INFO] Inserted: https://carbon38.com/en-in/products/long-sleeve-wrap-top-white?_pos=240&_fid=863617283&_ss=c
2025-09-16 13:47:45,969 [INFO] Inserted: https://carbon38.com/en-in/products/perfect-active-tee-dede-ski-print?_pos=241&_fid=863617283&_ss=c
2025-09-16 13:47:45,970 [INFO] Inserted: https://carbon38.com/en-in/products/pullover-sweatshirt-heather-grey?_pos=242&_fid=863617283&_ss=c
2025-09-16 13:47:45,972 [INFO] Inserted: https://carbon38.com/en-in/products/zip-long-sleeve-run-top?_pos=243&_fid=863617283&_ss=c
2025-09-16 13:47:45,973 [INFO] Inserted: https://carbon38.com/en-in/products/pearl-necklace-tank-lavender-grey?_pos=244&_fid=863617283&_ss=c
2025-09-16 13:47:45,975 [INFO] Inserted: https://carbon38.com/en-in/products/mesh-long-sleeve-top?_pos=245&_fid=863617283&_ss=c
2025-09-16 13:47:45,977 [INFO] Inserted: https://carbon38.com/en-in/products/long-sleeve-ballet-wrap-burnt-sienna-1?_pos=246&_fid=863617283&_ss=c
2025-09-16 13:47:45,979 [INFO] Inserted: https://carbon38.com/en-in/products/cross-over-sweater-burnt-sienna?_pos=247&_fid=863617283&_ss=c
2025-09-16 13:47:45,981 [INFO] Inserted: https://carbon38.com/en-in/products/short-sleeve-pocket-tee-merlot?_pos=248&_fid=863617283&_ss=c
2025-09-16 13:47:45,982 [INFO] Inserted: https://carbon38.com/en-in/products/slouchy-knit-sweater-black?_pos=249&_fid=863617283&_ss=c
2025-09-16 13:47:45,985 [INFO] Inserted: https://carbon38.com/en-in/products/tuxedo-mock-neck-top-black?_pos=250&_fid=863617283&_ss=c
2025-09-16 13:47:45,986 [INFO] Inserted: https://carbon38.com/en-in/products/stripe-puff-sleeve-sweater-stone-black?_pos=251&_fid=863617283&_ss=c
2025-09-16 13:47:45,988 [INFO] Inserted: https://carbon38.com/en-in/products/fringe-tank-black?_pos=252&_fid=863617283&_ss=c
2025-09-16 13:47:45,989 [INFO] Inserted: https://carbon38.com/en-in/products/crochet-off-shoulder-sweatshirt-black?_pos=253&_fid=863617283&_ss=c
2025-09-16 13:47:45,990 [INFO] Inserted: https://carbon38.com/en-in/products/stripe-puff-sleeve-sweater-cream-black?_pos=254&_fid=863617283&_ss=c
2025-09-16 13:47:45,991 [INFO] Inserted: https://carbon38.com/en-in/products/high-neck-laser-cut-tank-black?_pos=255&_fid=863617283&_ss=c
2025-09-16 13:47:45,993 [INFO] Inserted: https://carbon38.com/en-in/products/oversized-off-shoulder-sweater-off-white?_pos=256&_fid=863617283&_ss=c
2025-09-16 13:47:45,994 [INFO] Inserted: https://carbon38.com/en-in/products/long-sleeve-ballet-wrap-charlock?_pos=257&_fid=863617283&_ss=c
2025-09-16 13:47:45,995 [INFO] Inserted: https://carbon38.com/en-in/products/colorblock-high-neck-tank-cornet-blue-charlock?_pos=258&_fid=863617283&_ss=c
2025-09-16 13:47:45,997 [INFO] Inserted: https://carbon38.com/en-in/products/strappy-tank-charlock?_pos=259&_fid=863617283&_ss=c
2025-09-16 13:47:45,999 [INFO] Inserted: https://carbon38.com/en-in/products/one-shoulder-tank-quiet-harbor?_pos=260&_fid=863617283&_ss=c
2025-09-16 13:47:46,001 [INFO] Inserted: https://carbon38.com/en-in/products/short-sleeve-pocket-tee-quiet-harbor?_pos=261&_fid=863617283&_ss=c
2025-09-16 13:47:46,002 [INFO] Inserted: https://carbon38.com/en-in/products/long-sleeve-ballet-wrap-red-dahlia?_pos=262&_fid=863617283&_ss=c
2025-09-16 13:47:46,004 [INFO] Inserted: https://carbon38.com/en-in/products/colorblock-high-neck-tank-navy-red-dahlia?_pos=263&_fid=863617283&_ss=c
2025-09-16 13:47:46,006 [INFO] Inserted: https://carbon38.com/en-in/products/pullover-sweatshirt-navy-blazer?_pos=264&_fid=863617283&_ss=c
2025-09-16 13:47:46,006 [INFO] Inserted: https://carbon38.com/en-in/products/short-sleeve-ruched-tee-white?_pos=265&_fid=863617283&_ss=c
2025-09-16 13:47:46,007 [INFO] Inserted: https://carbon38.com/en-in/products/one-shoulder-convertible-bra-top-snow-leopard?_pos=266&_fid=863617283&_ss=c
2025-09-16 13:47:46,008 [INFO] Inserted: https://carbon38.com/en-in/products/puff-sleeve-tee-white?_pos=267&_fid=863617283&_ss=c
2025-09-16 13:47:46,009 [INFO] Inserted: https://carbon38.com/en-in/products/short-sleeve-collared-cardigan-white?_pos=268&_fid=863617283&_ss=c
2025-09-16 13:47:46,010 [INFO] Inserted: https://carbon38.com/en-in/products/short-sleeve-collared-cardigan-navy?_pos=269&_fid=863617283&_ss=c
2025-09-16 13:47:46,012 [INFO] Inserted: https://carbon38.com/en-in/products/colorblock-high-neck-tank-navy-digital-green?_pos=270&_fid=863617283&_ss=c
2025-09-16 13:47:46,013 [INFO] Inserted: https://carbon38.com/en-in/products/short-sleeve-off-shoulder-sweatshirt-granite-green?_pos=271&_fid=863617283&_ss=c
2025-09-16 13:47:46,014 [INFO] Inserted: https://carbon38.com/en-in/products/short-sleeve-off-shoulder-sweatshirt-malachite?_pos=272&_fid=863617283&_ss=c
2025-09-16 13:47:46,016 [INFO] Inserted: https://carbon38.com/en-in/products/strappy-tank-in-melt-tomato-puree?_pos=273&_fid=863617283&_ss=c
2025-09-16 13:47:46,017 [INFO] Inserted: https://carbon38.com/en-in/products/long-racerback-tank-honeysuckle?_pos=274&_fid=863617283&_ss=c
2025-09-16 13:47:46,018 [INFO] Inserted: https://carbon38.com/en-in/products/short-sleeve-pocket-tee-silversage?_pos=275&_fid=863617283&_ss=c
2025-09-16 13:47:46,019 [INFO] Inserted: https://carbon38.com/en-in/products/one-shoulder-tank-hawthorn-rose-heather?_pos=276&_fid=863617283&_ss=c
2025-09-16 13:47:46,020 [INFO] Inserted: https://carbon38.com/en-in/products/long-sleeve-t-shirt-red-blue-space?_pos=277&_fid=863617283&_ss=c
2025-09-16 13:47:46,022 [INFO] Inserted: https://carbon38.com/en-in/products/reversible-boucle-sweater-off-white?_pos=278&_fid=863617283&_ss=c
2025-09-16 13:47:46,023 [INFO] Inserted: https://carbon38.com/en-in/products/ribbed-tank-1-white?_pos=279&_fid=863617283&_ss=c
2025-09-16 13:47:46,024 [INFO] Inserted: https://carbon38.com/en-in/products/top-multicolor-blue-green-and-orange-tones?_pos=280&_fid=863617283&_ss=c
2025-09-16 13:47:46,026 [INFO] Inserted: https://carbon38.com/en-in/products/fringe-mock-neck-white?_pos=281&_fid=863617283&_ss=c
2025-09-16 13:47:46,027 [INFO] Inserted: https://carbon38.com/en-in/products/sleeveless-mock-neck-top-white?_pos=282&_fid=863617283&_ss=c
2025-09-16 13:47:46,028 [INFO] Inserted: https://carbon38.com/en-in/products/zip-long-sleeve-run-top-charcoal-grey?_pos=283&_fid=863617283&_ss=c
2025-09-16 13:47:46,029 [INFO] Inserted: https://carbon38.com/en-in/products/cassia-polo-papaya?_pos=284&_fid=863617283&_ss=c
2025-09-16 13:47:46,030 [INFO] Inserted: https://carbon38.com/en-in/products/ribbed-tank-1-black?_pos=285&_fid=863617283&_ss=c
2025-09-16 13:47:46,032 [INFO] Inserted: https://carbon38.com/en-in/products/puff-sleeve-tee-muted-clay?_pos=286&_fid=863617283&_ss=c
2025-09-16 13:47:46,033 [INFO] Inserted: https://carbon38.com/en-in/products/rhinestone-oversized-button-up-shirt-blue-with-silver-rhinestones?_pos=287&_fid=863617283&_ss=c
2025-09-16 13:47:46,034 [INFO] Inserted: https://carbon38.com/en-in/products/colorblock-high-neck-tank-silversage-acid-lime?_pos=288&_fid=863617283&_ss=c
2025-09-16 13:47:48,372 [INFO] Visiting: https://carbon38.com/en-in/collections/tops?filter.p.m.custom.available_or_waitlist=1&filter.p.m.custom.available_or_waitlist=1&page=4&filter.p.m.custom.available_or_waitlist=1 | Status: 200
2025-09-16 13:47:49,144 [INFO] Inserted: https://carbon38.com/en-in/products/colorblock-half-zip-top-silversage-acid-lime?_pos=289&_fid=1013f1063&_ss=c
2025-09-16 13:47:49,146 [INFO] Inserted: https://carbon38.com/en-in/products/tank-in-diamond-compression-black?_pos=290&_fid=1013f1063&_ss=c
2025-09-16 13:47:49,147 [INFO] Inserted: https://carbon38.com/en-in/products/pleated-back-tank-silver-sage-acid-lime?_pos=291&_fid=1013f1063&_ss=c
2025-09-16 13:47:49,148 [INFO] Inserted: https://carbon38.com/en-in/products/sleeveless-mock-neck-top-black?_pos=292&_fid=1013f1063&_ss=c
2025-09-16 13:47:49,150 [INFO] Inserted: https://carbon38.com/en-in/products/long-sleeve-wrap-top-acid-lime?_pos=293&_fid=1013f1063&_ss=c
2025-09-16 13:47:49,152 [INFO] Inserted: https://carbon38.com/en-in/products/ombre-french-terry-half-zip-cactus-caramel-cafe-to-rose-cloud?_pos=294&_fid=1013f1063&_ss=c
2025-09-16 13:47:49,153 [INFO] Inserted: https://carbon38.com/en-in/products/twisted-tunic-shirt-white-tan-stripe?_pos=295&_fid=1013f1063&_ss=c
2025-09-16 13:47:49,154 [INFO] Inserted: https://carbon38.com/en-in/products/mesh-off-shoulder-top-black?_pos=296&_fid=1013f1063&_ss=c
2025-09-16 13:47:49,155 [INFO] Inserted: https://carbon38.com/en-in/products/french-terry-half-zip-clearly-aqua?_pos=297&_fid=1013f1063&_ss=c
2025-09-16 13:47:49,157 [INFO] Inserted: https://carbon38.com/en-in/products/l-s-wrap-neck-shirt-white?_pos=298&_fid=1013f1063&_ss=c
2025-09-16 13:47:49,158 [INFO] Inserted: https://carbon38.com/en-in/products/mock-neck-s-top-black-white?_pos=299&_fid=1013f1063&_ss=c
2025-09-16 13:47:49,161 [INFO] Inserted: https://carbon38.com/en-in/products/fleece-back-half-zip-top-dark-olive-acid-lime?_pos=300&_fid=1013f1063&_ss=c
2025-09-16 13:47:49,162 [INFO] Inserted: https://carbon38.com/en-in/products/cut-out-halterneck-cami-dark-teal?_pos=301&_fid=1013f1063&_ss=c
2025-09-16 13:47:49,163 [INFO] Inserted: https://carbon38.com/en-in/products/rash-guard-run-top-acid-lime?_pos=302&_fid=1013f1063&_ss=c
2025-09-16 13:47:49,165 [INFO] Inserted: https://carbon38.com/en-in/products/sweater-cardigan-multi-color?_pos=303&_fid=1013f1063&_ss=c
2025-09-16 13:47:49,167 [INFO] Inserted: https://carbon38.com/en-in/products/wrap-neck-tank-white?_pos=304&_fid=1013f1063&_ss=c
2025-09-16 13:47:49,169 [INFO] Inserted: https://carbon38.com/en-in/products/woodstock-viva-crochet-top-multi?_pos=305&_fid=1013f1063&_ss=c
2025-09-16 13:47:49,170 [INFO] Inserted: https://carbon38.com/en-in/products/mimi-long-sleeve-knit-sweater-breton-stripe-cream-blue?_pos=306&_fid=1013f1063&_ss=c
2025-09-16 13:47:49,171 [INFO] Inserted: https://carbon38.com/en-in/products/classic-soleil-sport-crew-neck-sweatshirt-spectrum-blue-1?_pos=307&_fid=1013f1063&_ss=c
2025-09-16 13:47:49,173 [INFO] Inserted: https://carbon38.com/en-in/products/linette-t-shirt-black?_pos=309&_fid=1013f1063&_ss=c
2025-09-16 13:47:49,174 [INFO] Inserted: https://carbon38.com/en-in/products/lizette-blouse-black?_pos=310&_fid=1013f1063&_ss=c
2025-09-16 13:47:49,175 [INFO] Inserted: https://carbon38.com/en-in/products/drapey-knit-sweatshirt-taupe-heather?_pos=311&_fid=1013f1063&_ss=c
2025-09-16 13:47:49,176 [INFO] Inserted: https://carbon38.com/en-in/products/tennis-pearl-sweater-white?_pos=312&_fid=1013f1063&_ss=c
2025-09-16 13:47:49,178 [INFO] Inserted: https://carbon38.com/en-in/products/super-oversized-boyfriend-nk-shirt-bodysuit-snow-white?_pos=313&_fid=1013f1063&_ss=c
2025-09-16 13:47:49,180 [INFO] Inserted: https://carbon38.com/en-in/products/mod-tennis-top-deep-lagoon?_pos=314&_fid=1013f1063&_ss=c
2025-09-16 13:47:49,181 [INFO] Inserted: https://carbon38.com/en-in/products/off-shoulder-sweatshirt-lavender-grey?_pos=315&_fid=1013f1063&_ss=c
2025-09-16 13:47:51,186 [INFO] No more pages found. Stopping.
2025-09-16 13:47:51,354 [INFO] Execution time: 21.32 seconds
2025-09-16 13:47:51,354 [INFO] Memory usage: 55.00 MB
