2025-09-16 14:12:47,920 [INFO] Visiting: https://carbon38.com/en-in/products/off-shoulder-sweatshirt-fig?_pos=4&_fid=5ac2704f3&_ss=c | Status: 200
2025-09-16 14:12:48,006 [INFO] Visiting: https://carbon38.com/en-in/products/strappy-tank-fig?_pos=3&_fid=5ac2704f3&_ss=c | Status: 200
2025-09-16 14:12:48,203 [INFO] Visiting: https://carbon38.com/en-in/products/knot-front-sweater-fig?_pos=2&_fid=5ac2704f3&_ss=c | Status: 200
2025-09-16 14:12:48,258 [INFO] Visiting: https://carbon38.com/en-in/products/toile-half-zip-fig-toile?_pos=5&_fid=5ac2704f3&_ss=c | Status: 200
2025-09-16 14:12:49,014 [INFO] Visiting: https://carbon38.com/en-in/products/melt-mesh-ruched-top-fig?_pos=1&_fid=5ac2704f3&_ss=c | Status: 200
2025-09-16 14:12:52,111 [INFO] Saved: https://carbon38.com/en-in/products/off-shoulder-sweatshirt-fig?_pos=4&_fid=5ac2704f3&_ss=c
2025-09-16 14:12:52,120 [INFO] Saved: https://carbon38.com/en-in/products/toile-half-zip-fig-toile?_pos=5&_fid=5ac2704f3&_ss=c
2025-09-16 14:12:52,331 [INFO] Saved: https://carbon38.com/en-in/products/melt-mesh-ruched-top-fig?_pos=1&_fid=5ac2704f3&_ss=c
2025-09-16 14:12:52,501 [INFO] Saved: https://carbon38.com/en-in/products/knot-front-sweater-fig?_pos=2&_fid=5ac2704f3&_ss=c
2025-09-16 14:12:52,575 [INFO] Saved: https://carbon38.com/en-in/products/strappy-tank-fig?_pos=3&_fid=5ac2704f3&_ss=c
2025-09-16 14:12:57,058 [INFO] Visiting: https://carbon38.com/en-in/products/knot-front-sweater-cocoa?_pos=7&_fid=5ac2704f3&_ss=c | Status: 200
2025-09-16 14:12:57,181 [INFO] Visiting: https://carbon38.com/en-in/products/alumni-jodhi-tee-white?_pos=6&_fid=5ac2704f3&_ss=c | Status: 200
2025-09-16 14:12:57,507 [INFO] Visiting: https://carbon38.com/en-in/products/long-sleeve-off-shoulder-tee-chocolate-torte?_pos=9&_fid=5ac2704f3&_ss=c | Status: 200
2025-09-16 14:12:57,778 [INFO] Visiting: https://carbon38.com/en-in/products/striped-sweater-chocolate-torte-off-white?_pos=8&_fid=5ac2704f3&_ss=c | Status: 200
2025-09-16 14:12:58,027 [INFO] Visiting: https://carbon38.com/en-in/products/fully-fashioned-peplum-tank-chocolate-torte?_pos=10&_fid=5ac2704f3&_ss=c | Status: 200
2025-09-16 14:12:59,740 [INFO] Saved: https://carbon38.com/en-in/products/alumni-jodhi-tee-white?_pos=6&_fid=5ac2704f3&_ss=c
2025-09-16 14:13:00,016 [INFO] Saved: https://carbon38.com/en-in/products/knot-front-sweater-cocoa?_pos=7&_fid=5ac2704f3&_ss=c
2025-09-16 14:13:00,754 [INFO] Saved: https://carbon38.com/en-in/products/striped-sweater-chocolate-torte-off-white?_pos=8&_fid=5ac2704f3&_ss=c
2025-09-16 14:13:01,010 [INFO] Saved: https://carbon38.com/en-in/products/long-sleeve-off-shoulder-tee-chocolate-torte?_pos=9&_fid=5ac2704f3&_ss=c
2025-09-16 14:13:01,666 [INFO] Saved: https://carbon38.com/en-in/products/fully-fashioned-peplum-tank-chocolate-torte?_pos=10&_fid=5ac2704f3&_ss=c
2025-09-16 14:13:02,421 [INFO] Visiting: https://carbon38.com/en-in/products/fully-fashioned-peplum-tank-black?_pos=11&_fid=5ac2704f3&_ss=c | Status: 200
2025-09-16 14:13:02,790 [INFO] Visiting: https://carbon38.com/en-in/products/laser-cut-tank-in-diamond-compression-black?_pos=12&_fid=5ac2704f3&_ss=c | Status: 200
2025-09-16 14:13:04,724 [INFO] Visiting: https://carbon38.com/en-in/products/soft-luxe-heather-mock-neck-long-sleeve-heather-black?_pos=13&_fid=5ac2704f3&_ss=c | Status: 200
2025-09-16 14:13:05,123 [INFO] Saved: https://carbon38.com/en-in/products/fully-fashioned-peplum-tank-black?_pos=11&_fid=5ac2704f3&_ss=c
2025-09-16 14:13:05,557 [INFO] Saved: https://carbon38.com/en-in/products/laser-cut-tank-in-diamond-compression-black?_pos=12&_fid=5ac2704f3&_ss=c
2025-09-16 14:13:05,646 [INFO] Visiting: https://carbon38.com/en-in/products/soft-luxe-heather-mock-neck-long-sleeve-heather-navy-blazer?_pos=14&_fid=5ac2704f3&_ss=c | Status: 200
2025-09-16 14:13:06,468 [INFO] Visiting: https://carbon38.com/en-in/products/twist-pullover-ivory?_pos=15&_fid=5ac2704f3&_ss=c | Status: 200
2025-09-16 14:13:08,260 [INFO] Saved: https://carbon38.com/en-in/products/soft-luxe-heather-mock-neck-long-sleeve-heather-black?_pos=13&_fid=5ac2704f3&_ss=c
2025-09-16 14:13:08,579 [INFO] Saved: https://carbon38.com/en-in/products/soft-luxe-heather-mock-neck-long-sleeve-heather-navy-blazer?_pos=14&_fid=5ac2704f3&_ss=c
2025-09-16 14:13:09,463 [INFO] Visiting: https://carbon38.com/en-in/products/oversized-raglan-sleeve-hooded-mini-dress-w-mesh-snow-white?_pos=16&_fid=5ac2704f3&_ss=c | Status: 200
2025-09-16 14:13:09,466 [INFO] Visiting: https://carbon38.com/en-in/products/super-os-sleeveless-bf-nk-shirt-bodysuit-snow-white?_pos=17&_fid=5ac2704f3&_ss=c | Status: 200
2025-09-16 14:13:09,657 [INFO] Saved: https://carbon38.com/en-in/products/twist-pullover-ivory?_pos=15&_fid=5ac2704f3&_ss=c
2025-09-16 14:13:11,557 [INFO] Visiting: https://carbon38.com/en-in/products/fleece-shrug-white?_pos=18&_fid=5ac2704f3&_ss=c | Status: 200
2025-09-16 14:13:12,456 [INFO] Saved: https://carbon38.com/en-in/products/super-os-sleeveless-bf-nk-shirt-bodysuit-snow-white?_pos=17&_fid=5ac2704f3&_ss=c
2025-09-16 14:13:12,988 [INFO] Saved: https://carbon38.com/en-in/products/oversized-raglan-sleeve-hooded-mini-dress-w-mesh-snow-white?_pos=16&_fid=5ac2704f3&_ss=c
2025-09-16 14:13:13,161 [INFO] Visiting: https://carbon38.com/en-in/products/dolamin-maria-top-snow-white?_pos=19&_fid=5ac2704f3&_ss=c | Status: 200
2025-09-16 14:13:14,165 [INFO] Visiting: https://carbon38.com/en-in/products/drop-shoulder-top-black?_pos=20&_fid=5ac2704f3&_ss=c | Status: 200
2025-09-16 14:13:15,200 [INFO] Saved: https://carbon38.com/en-in/products/fleece-shrug-white?_pos=18&_fid=5ac2704f3&_ss=c
2025-09-16 14:13:15,813 [INFO] Visiting: https://carbon38.com/en-in/products/slim-fit-long-sleeve-turtle-top-black?_pos=21&_fid=5ac2704f3&_ss=c | Status: 200
2025-09-16 14:13:15,985 [INFO] Saved: https://carbon38.com/en-in/products/dolamin-maria-top-snow-white?_pos=19&_fid=5ac2704f3&_ss=c
2025-09-16 14:13:16,924 [INFO] Saved: https://carbon38.com/en-in/products/drop-shoulder-top-black?_pos=20&_fid=5ac2704f3&_ss=c
2025-09-16 14:13:17,123 [INFO] Visiting: https://carbon38.com/en-in/products/oversized-raglan-sleeve-hooded-top-w-mesh-black?_pos=22&_fid=5ac2704f3&_ss=c | Status: 200
2025-09-16 14:13:19,560 [INFO] Saved: https://carbon38.com/en-in/products/slim-fit-long-sleeve-turtle-top-black?_pos=21&_fid=5ac2704f3&_ss=c
2025-09-16 14:13:19,914 [INFO] Visiting: https://carbon38.com/en-in/products/off-shoulder-fold-over-sweater-black?_pos=23&_fid=5ac2704f3&_ss=c | Status: 200
2025-09-16 14:13:20,095 [INFO] Saved: https://carbon38.com/en-in/products/oversized-raglan-sleeve-hooded-top-w-mesh-black?_pos=22&_fid=5ac2704f3&_ss=c
2025-09-16 14:13:20,488 [INFO] Visiting: https://carbon38.com/en-in/products/super-os-sleeveless-bf-nk-shirt-flared-mini-dress-black?_pos=24&_fid=5ac2704f3&_ss=c | Status: 200
2025-09-16 14:13:21,356 [INFO] Visiting: https://carbon38.com/en-in/products/fleece-shrug-black?_pos=25&_fid=5ac2704f3&_ss=c | Status: 200
2025-09-16 14:13:23,374 [INFO] Saved: https://carbon38.com/en-in/products/off-shoulder-fold-over-sweater-black?_pos=23&_fid=5ac2704f3&_ss=c
2025-09-16 14:13:23,521 [INFO] Saved: https://carbon38.com/en-in/products/super-os-sleeveless-bf-nk-shirt-flared-mini-dress-black?_pos=24&_fid=5ac2704f3&_ss=c
2025-09-16 14:13:23,978 [INFO] Visiting: https://carbon38.com/en-in/products/high-neck-cut-out-colorblock-tank-black-white?_pos=26&_fid=5ac2704f3&_ss=c | Status: 200
2025-09-16 14:13:24,289 [INFO] Saved: https://carbon38.com/en-in/products/fleece-shrug-black?_pos=25&_fid=5ac2704f3&_ss=c
2025-09-16 14:13:24,680 [INFO] Visiting: https://carbon38.com/en-in/products/double-layered-melt-tank-black-white?_pos=27&_fid=5ac2704f3&_ss=c | Status: 200
2025-09-16 14:13:27,353 [INFO] Saved: https://carbon38.com/en-in/products/high-neck-cut-out-colorblock-tank-black-white?_pos=26&_fid=5ac2704f3&_ss=c
2025-09-16 14:13:27,614 [INFO] Visiting: https://carbon38.com/en-in/products/half-zip-with-contrast-stripe-ivory?_pos=28&_fid=5ac2704f3&_ss=c | Status: 200
2025-09-16 14:13:27,824 [INFO] Saved: https://carbon38.com/en-in/products/double-layered-melt-tank-black-white?_pos=27&_fid=5ac2704f3&_ss=c
2025-09-16 14:13:28,194 [INFO] Visiting: https://carbon38.com/en-in/products/mia-shirt-love-chambray-blue?_pos=30&_fid=5ac2704f3&_ss=c | Status: 200
2025-09-16 14:13:28,778 [INFO] Visiting: https://carbon38.com/en-in/products/racer-high-neck-active-tank-in-diamond-compression-cloud-dancer?_pos=29&_fid=5ac2704f3&_ss=c | Status: 200
2025-09-16 14:13:31,160 [INFO] Saved: https://carbon38.com/en-in/products/half-zip-with-contrast-stripe-ivory?_pos=28&_fid=5ac2704f3&_ss=c
2025-09-16 14:13:31,231 [INFO] Saved: https://carbon38.com/en-in/products/mia-shirt-love-chambray-blue?_pos=30&_fid=5ac2704f3&_ss=c
2025-09-16 14:13:31,235 [INFO] Saved: https://carbon38.com/en-in/products/racer-high-neck-active-tank-in-diamond-compression-cloud-dancer?_pos=29&_fid=5ac2704f3&_ss=c
2025-09-16 14:13:31,801 [INFO] Visiting: https://carbon38.com/en-in/products/twist-pullover-future-dusk?_pos=31&_fid=5ac2704f3&_ss=c | Status: 200
2025-09-16 14:13:32,465 [INFO] Visiting: https://carbon38.com/en-in/products/strappy-tank-in-melt-future-dusk?_pos=32&_fid=5ac2704f3&_ss=c | Status: 200
2025-09-16 14:13:34,794 [INFO] Saved: https://carbon38.com/en-in/products/twist-pullover-future-dusk?_pos=31&_fid=5ac2704f3&_ss=c
2025-09-16 14:13:35,483 [INFO] Saved: https://carbon38.com/en-in/products/strappy-tank-in-melt-future-dusk?_pos=32&_fid=5ac2704f3&_ss=c
2025-09-16 14:13:35,601 [INFO] Visiting: https://carbon38.com/en-in/products/high-neck-cut-out-colorblock-tank-future-dusk-matcha?_pos=33&_fid=5ac2704f3&_ss=c | Status: 200
2025-09-16 14:13:35,731 [INFO] Visiting: https://carbon38.com/en-in/products/whisper-featherweight-cardigan-army-green?_pos=34&_fid=5ac2704f3&_ss=c | Status: 200
2025-09-16 14:13:36,124 [INFO] Visiting: https://carbon38.com/en-in/products/super-oversized-boyfriend-nk-shirt-bodysuit-bark?_pos=35&_fid=5ac2704f3&_ss=c | Status: 200
2025-09-16 14:13:38,771 [INFO] Saved: https://carbon38.com/en-in/products/high-neck-cut-out-colorblock-tank-future-dusk-matcha?_pos=33&_fid=5ac2704f3&_ss=c
2025-09-16 14:13:38,899 [INFO] Saved: https://carbon38.com/en-in/products/super-oversized-boyfriend-nk-shirt-bodysuit-bark?_pos=35&_fid=5ac2704f3&_ss=c
2025-09-16 14:13:38,919 [INFO] Saved: https://carbon38.com/en-in/products/whisper-featherweight-cardigan-army-green?_pos=34&_fid=5ac2704f3&_ss=c
2025-09-16 14:13:39,243 [INFO] Visiting: https://carbon38.com/en-in/products/long-sleeve-turtle-bodysuit-elm?_pos=37&_fid=5ac2704f3&_ss=c | Status: 200
2025-09-16 14:13:39,629 [INFO] Visiting: https://carbon38.com/en-in/products/super-oversized-boyfriend-nk-shirt-bodysuit-elm?_pos=36&_fid=5ac2704f3&_ss=c | Status: 200
2025-09-16 14:13:41,642 [INFO] Saved: https://carbon38.com/en-in/products/super-oversized-boyfriend-nk-shirt-bodysuit-elm?_pos=36&_fid=5ac2704f3&_ss=c
2025-09-16 14:13:42,000 [INFO] Saved: https://carbon38.com/en-in/products/long-sleeve-turtle-bodysuit-elm?_pos=37&_fid=5ac2704f3&_ss=c
2025-09-16 14:13:42,590 [INFO] Visiting: https://carbon38.com/en-in/products/asmc-crop-tee-desert-sand-smc?_pos=38&_fid=5ac2704f3&_ss=c | Status: 200
2025-09-16 14:13:45,114 [INFO] Visiting: https://carbon38.com/en-in/products/crochet-log-sleeve-polo-top-ivory?_pos=40&_fid=5ac2704f3&_ss=c | Status: 200
2025-09-16 14:13:45,263 [INFO] Visiting: https://carbon38.com/en-in/products/court-crop-top-white?_pos=39&_fid=5ac2704f3&_ss=c | Status: 200
2025-09-16 14:13:46,991 [INFO] Saved: https://carbon38.com/en-in/products/asmc-crop-tee-desert-sand-smc?_pos=38&_fid=5ac2704f3&_ss=c
2025-09-16 14:13:47,429 [INFO] Saved: https://carbon38.com/en-in/products/court-crop-top-white?_pos=39&_fid=5ac2704f3&_ss=c
2025-09-16 14:13:47,748 [INFO] Saved: https://carbon38.com/en-in/products/crochet-log-sleeve-polo-top-ivory?_pos=40&_fid=5ac2704f3&_ss=c
2025-09-16 14:13:48,001 [INFO] Visiting: https://carbon38.com/en-in/products/crochet-top-white-black?_pos=41&_fid=5ac2704f3&_ss=c | Status: 200
2025-09-16 14:13:48,558 [INFO] Visiting: https://carbon38.com/en-in/products/marion-white?_pos=42&_fid=5ac2704f3&_ss=c | Status: 200
2025-09-16 14:13:50,990 [INFO] Saved: https://carbon38.com/en-in/products/crochet-top-white-black?_pos=41&_fid=5ac2704f3&_ss=c
2025-09-16 14:13:51,435 [INFO] Visiting: https://carbon38.com/en-in/products/resort-shirt-white?_pos=43&_fid=5ac2704f3&_ss=c | Status: 200
2025-09-16 14:13:52,073 [INFO] Visiting: https://carbon38.com/en-in/products/linen-tie-puff-sleeve-top-white?_pos=44&_fid=5ac2704f3&_ss=c | Status: 200
2025-09-16 14:13:52,498 [INFO] Visiting: https://carbon38.com/en-in/products/callum-knit-top-creme?_pos=45&_fid=5ac2704f3&_ss=c | Status: 200
2025-09-16 14:13:54,634 [INFO] Saved: https://carbon38.com/en-in/products/resort-shirt-white?_pos=43&_fid=5ac2704f3&_ss=c
2025-09-16 14:13:54,762 [INFO] Saved: https://carbon38.com/en-in/products/marion-white?_pos=42&_fid=5ac2704f3&_ss=c
2025-09-16 14:13:55,574 [INFO] Saved: https://carbon38.com/en-in/products/callum-knit-top-creme?_pos=45&_fid=5ac2704f3&_ss=c
2025-09-16 14:13:55,595 [INFO] Saved: https://carbon38.com/en-in/products/linen-tie-puff-sleeve-top-white?_pos=44&_fid=5ac2704f3&_ss=c
2025-09-16 14:13:56,143 [INFO] Visiting: https://carbon38.com/en-in/products/fitted-tank-white?_pos=46&_fid=5ac2704f3&_ss=c | Status: 200
2025-09-16 14:13:58,441 [INFO] Visiting: https://carbon38.com/en-in/products/herskind-tshirt-white-red-logo?_pos=47&_fid=5ac2704f3&_ss=c | Status: 200
2025-09-16 14:13:58,498 [INFO] Visiting: https://carbon38.com/en-in/products/sofia-peach?_pos=48&_fid=5ac2704f3&_ss=c | Status: 200
2025-09-16 14:13:59,699 [INFO] Saved: https://carbon38.com/en-in/products/fitted-tank-white?_pos=46&_fid=5ac2704f3&_ss=c
2025-09-16 14:14:00,273 [INFO] Visiting: https://carbon38.com/en-in/products/colorblock-scoop-tank-chinchilla-white?_pos=50&_fid=5ac2704f3&_ss=c | Status: 200
2025-09-16 14:14:00,455 [INFO] Visiting: https://carbon38.com/en-in/products/crew-sweatshirt-chinchilla?_pos=49&_fid=5ac2704f3&_ss=c | Status: 200
2025-09-16 14:14:01,822 [INFO] Saved: https://carbon38.com/en-in/products/sofia-peach?_pos=48&_fid=5ac2704f3&_ss=c
2025-09-16 14:14:03,724 [INFO] Saved: https://carbon38.com/en-in/products/crew-sweatshirt-chinchilla?_pos=49&_fid=5ac2704f3&_ss=c
2025-09-16 14:14:03,978 [INFO] Saved: https://carbon38.com/en-in/products/colorblock-scoop-tank-chinchilla-white?_pos=50&_fid=5ac2704f3&_ss=c
2025-09-16 14:14:04,759 [INFO] Visiting: https://carbon38.com/en-in/products/crochet-off-shoulder-sweater-chinhilla?_pos=51&_fid=5ac2704f3&_ss=c | Status: 200
2025-09-16 14:14:04,915 [INFO] Saved: https://carbon38.com/en-in/products/herskind-tshirt-white-red-logo?_pos=47&_fid=5ac2704f3&_ss=c
2025-09-16 14:14:05,343 [INFO] Visiting: https://carbon38.com/en-in/products/wildwest-style-fringe-shirt-blue?_pos=52&_fid=5ac2704f3&_ss=c | Status: 200
2025-09-16 14:14:07,848 [INFO] Visiting: https://carbon38.com/en-in/products/top-multi-blue?_pos=54&_fid=5ac2704f3&_ss=c | Status: 200
2025-09-16 14:14:07,873 [INFO] Saved: https://carbon38.com/en-in/products/wildwest-style-fringe-shirt-blue?_pos=52&_fid=5ac2704f3&_ss=c
2025-09-16 14:14:08,294 [INFO] Saved: https://carbon38.com/en-in/products/crochet-off-shoulder-sweater-chinhilla?_pos=51&_fid=5ac2704f3&_ss=c
2025-09-16 14:14:08,323 [INFO] Visiting: https://carbon38.com/en-in/products/chambray-vest-medium-wash?_pos=53&_fid=5ac2704f3&_ss=c | Status: 200
2025-09-16 14:14:09,643 [INFO] Visiting: https://carbon38.com/en-in/products/summer-imperfect-heart-sweater-indigo-blue-white?_pos=55&_fid=5ac2704f3&_ss=c | Status: 200
2025-09-16 14:14:10,095 [ERROR] Failed to load https://carbon38.com/en-in/products/double-layered-melt-tank-sage-white?_pos=56&_fid=5ac2704f3&_ss=c: Page.goto: net::ERR_QUIC_PROTOCOL_ERROR at https://carbon38.com/en-in/products/double-layered-melt-tank-sage-white?_pos=56&_fid=5ac2704f3&_ss=c
Call log:
  - navigating to "https://carbon38.com/en-in/products/double-layered-melt-tank-sage-white?_pos=56&_fid=5ac2704f3&_ss=c", waiting until "domcontentloaded"

2025-09-16 14:14:10,096 [WARNING] Retrying https://carbon38.com/en-in/products/double-layered-melt-tank-sage-white?_pos=56&_fid=5ac2704f3&_ss=c (attempt 1/3)...
2025-09-16 14:14:11,420 [INFO] Saved: https://carbon38.com/en-in/products/top-multi-blue?_pos=54&_fid=5ac2704f3&_ss=c
2025-09-16 14:14:11,601 [INFO] Saved: https://carbon38.com/en-in/products/chambray-vest-medium-wash?_pos=53&_fid=5ac2704f3&_ss=c
2025-09-16 14:14:12,331 [INFO] Visiting: https://carbon38.com/en-in/products/kristy-rib-tank-top-white?_pos=57&_fid=5ac2704f3&_ss=c | Status: 200
2025-09-16 14:14:14,400 [INFO] Visiting: https://carbon38.com/en-in/products/strappy-tank-in-melt-snow-leopard?_pos=58&_fid=5ac2704f3&_ss=c | Status: 200
2025-09-16 14:14:14,483 [INFO] Visiting: https://carbon38.com/en-in/products/short-sleeve-collared-tennis-top-white-pastel-yellow?_pos=59&_fid=5ac2704f3&_ss=c | Status: 200
2025-09-16 14:14:15,726 [INFO] Saved: https://carbon38.com/en-in/products/kristy-rib-tank-top-white?_pos=57&_fid=5ac2704f3&_ss=c
2025-09-16 14:14:16,599 [INFO] Saved: https://carbon38.com/en-in/products/summer-imperfect-heart-sweater-indigo-blue-white?_pos=55&_fid=5ac2704f3&_ss=c
2025-09-16 14:14:17,063 [INFO] Visiting: https://carbon38.com/en-in/products/double-layered-melt-tank-sage-white?_pos=56&_fid=5ac2704f3&_ss=c | Status: 200
2025-09-16 14:14:17,626 [INFO] Saved: https://carbon38.com/en-in/products/strappy-tank-in-melt-snow-leopard?_pos=58&_fid=5ac2704f3&_ss=c
2025-09-16 14:14:17,905 [INFO] Visiting: https://carbon38.com/en-in/products/studio-knit-long-t-crop-lilac-cosmos?_pos=60&_fid=5ac2704f3&_ss=c | Status: 200
2025-09-16 14:14:19,128 [INFO] Saved: https://carbon38.com/en-in/products/short-sleeve-collared-tennis-top-white-pastel-yellow?_pos=59&_fid=5ac2704f3&_ss=c
2025-09-16 14:14:19,856 [INFO] Visiting: https://carbon38.com/en-in/products/crewneck-sweatshirt-lotus?_pos=61&_fid=5ac2704f3&_ss=c | Status: 200
2025-09-16 14:14:20,627 [INFO] Saved: https://carbon38.com/en-in/products/double-layered-melt-tank-sage-white?_pos=56&_fid=5ac2704f3&_ss=c
2025-09-16 14:14:21,785 [INFO] Saved: https://carbon38.com/en-in/products/studio-knit-long-t-crop-lilac-cosmos?_pos=60&_fid=5ac2704f3&_ss=c
2025-09-16 14:14:22,968 [INFO] Saved: https://carbon38.com/en-in/products/crewneck-sweatshirt-lotus?_pos=61&_fid=5ac2704f3&_ss=c
2025-09-16 14:14:23,737 [INFO] Visiting: https://carbon38.com/en-in/products/colorblock-scoop-tank-rose-of-sharon-white?_pos=63&_fid=5ac2704f3&_ss=c | Status: 200
2025-09-16 14:14:24,071 [INFO] Visiting: https://carbon38.com/en-in/products/jersey-tank-lotus?_pos=62&_fid=5ac2704f3&_ss=c | Status: 200
2025-09-16 14:14:24,927 [INFO] Visiting: https://carbon38.com/en-in/products/long-racerback-tank-rose-of-sharon?_pos=64&_fid=5ac2704f3&_ss=c | Status: 200
2025-09-16 14:14:25,781 [INFO] Saved: https://carbon38.com/en-in/products/jersey-tank-lotus?_pos=62&_fid=5ac2704f3&_ss=c
2025-09-16 14:14:26,655 [INFO] Saved: https://carbon38.com/en-in/products/colorblock-scoop-tank-rose-of-sharon-white?_pos=63&_fid=5ac2704f3&_ss=c
2025-09-16 14:14:27,086 [INFO] Visiting: https://carbon38.com/en-in/products/kr-long-sleeve-striped-tee-white-red?_pos=66&_fid=5ac2704f3&_ss=c | Status: 200
2025-09-16 14:14:27,206 [INFO] Visiting: https://carbon38.com/en-in/products/suke-love-lines-tee-white?_pos=65&_fid=5ac2704f3&_ss=c | Status: 200
2025-09-16 14:14:28,680 [INFO] Saved: https://carbon38.com/en-in/products/long-racerback-tank-rose-of-sharon?_pos=64&_fid=5ac2704f3&_ss=c
2025-09-16 14:14:30,051 [INFO] Visiting: https://carbon38.com/en-in/products/asmc-truecasuals-cropped-sportswear-sweatshirt-active-red?_pos=67&_fid=5ac2704f3&_ss=c | Status: 200
2025-09-16 14:14:30,197 [INFO] Saved: https://carbon38.com/en-in/products/suke-love-lines-tee-white?_pos=65&_fid=5ac2704f3&_ss=c
2025-09-16 14:14:30,555 [INFO] Saved: https://carbon38.com/en-in/products/kr-long-sleeve-striped-tee-white-red?_pos=66&_fid=5ac2704f3&_ss=c
2025-09-16 14:14:31,355 [INFO] Visiting: https://carbon38.com/en-in/products/oversized-raglan-sleeve-hooded-cropped-top-w-mesh-tiger-red?_pos=68&_fid=5ac2704f3&_ss=c | Status: 200
2025-09-16 14:14:32,631 [INFO] Visiting: https://carbon38.com/en-in/products/asmc-two-tone-zipped-crop-black-carbon?_pos=69&_fid=5ac2704f3&_ss=c | Status: 200
2025-09-16 14:14:33,325 [INFO] Saved: https://carbon38.com/en-in/products/asmc-truecasuals-cropped-sportswear-sweatshirt-active-red?_pos=67&_fid=5ac2704f3&_ss=c
2025-09-16 14:14:34,231 [INFO] Saved: https://carbon38.com/en-in/products/oversized-raglan-sleeve-hooded-cropped-top-w-mesh-tiger-red?_pos=68&_fid=5ac2704f3&_ss=c
2025-09-16 14:14:35,486 [INFO] Saved: https://carbon38.com/en-in/products/asmc-two-tone-zipped-crop-black-carbon?_pos=69&_fid=5ac2704f3&_ss=c
2025-09-16 14:14:39,229 [INFO] Visiting: https://carbon38.com/en-in/products/kr-tank-cocoa?_pos=73&_fid=5ac2704f3&_ss=c | Status: 200
2025-09-16 14:14:39,338 [INFO] Visiting: https://carbon38.com/en-in/products/asmc-sportswear-cropped-hoodie-black?_pos=72&_fid=5ac2704f3&_ss=c | Status: 200
2025-09-16 14:14:39,558 [INFO] Visiting: https://carbon38.com/en-in/products/boxy-crop-tee-black?_pos=71&_fid=5ac2704f3&_ss=c | Status: 200
2025-09-16 14:14:39,924 [INFO] Visiting: https://carbon38.com/en-in/products/mia-stripe-shirt-brown-white?_pos=74&_fid=5ac2704f3&_ss=c | Status: 200
2025-09-16 14:14:39,960 [INFO] Visiting: https://carbon38.com/en-in/products/asmc-mock-neck-sleeves-black?_pos=70&_fid=5ac2704f3&_ss=c | Status: 200
2025-09-16 14:14:41,889 [INFO] Saved: https://carbon38.com/en-in/products/kr-tank-cocoa?_pos=73&_fid=5ac2704f3&_ss=c
2025-09-16 14:14:41,938 [INFO] Saved: https://carbon38.com/en-in/products/asmc-sportswear-cropped-hoodie-black?_pos=72&_fid=5ac2704f3&_ss=c
2025-09-16 14:14:42,061 [INFO] Saved: https://carbon38.com/en-in/products/boxy-crop-tee-black?_pos=71&_fid=5ac2704f3&_ss=c
2025-09-16 14:14:42,091 [INFO] Saved: https://carbon38.com/en-in/products/asmc-mock-neck-sleeves-black?_pos=70&_fid=5ac2704f3&_ss=c
2025-09-16 14:14:42,488 [INFO] Saved: https://carbon38.com/en-in/products/mia-stripe-shirt-brown-white?_pos=74&_fid=5ac2704f3&_ss=c
2025-09-16 14:14:44,241 [INFO] Visiting: https://carbon38.com/en-in/products/gabrielle-knit-cape-creme?_pos=76&_fid=5ac2704f3&_ss=c | Status: 200
2025-09-16 14:14:46,018 [INFO] Visiting: https://carbon38.com/en-in/products/strappy-tank-in-melt-caribou?_pos=75&_fid=5ac2704f3&_ss=c | Status: 200
2025-09-16 14:14:47,519 [INFO] Saved: https://carbon38.com/en-in/products/gabrielle-knit-cape-creme?_pos=76&_fid=5ac2704f3&_ss=c
2025-09-16 14:14:49,207 [INFO] Visiting: https://carbon38.com/en-in/products/canyon-freida-knit-fringe-top-natural?_pos=77&_fid=5ac2704f3&_ss=c | Status: 200
2025-09-16 14:14:49,553 [INFO] Visiting: https://carbon38.com/en-in/products/asmc-truenature-golf-polo-shirt-halo-gold?_pos=79&_fid=5ac2704f3&_ss=c | Status: 200
2025-09-16 14:14:49,712 [INFO] Visiting: https://carbon38.com/en-in/products/sleeveless-slim-fit-cropped-top-asparagus?_pos=78&_fid=5ac2704f3&_ss=c | Status: 200
2025-09-16 14:14:50,712 [INFO] Saved: https://carbon38.com/en-in/products/strappy-tank-in-melt-caribou?_pos=75&_fid=5ac2704f3&_ss=c
2025-09-16 14:14:51,159 [INFO] Saved: https://carbon38.com/en-in/products/canyon-freida-knit-fringe-top-natural?_pos=77&_fid=5ac2704f3&_ss=c
2025-09-16 14:14:51,950 [INFO] Visiting: https://carbon38.com/en-in/products/ribbed-vneck-tank-lotus?_pos=80&_fid=5ac2704f3&_ss=c | Status: 200
2025-09-16 14:14:52,665 [INFO] Saved: https://carbon38.com/en-in/products/asmc-truenature-golf-polo-shirt-halo-gold?_pos=79&_fid=5ac2704f3&_ss=c
2025-09-16 14:14:52,668 [INFO] Saved: https://carbon38.com/en-in/products/sleeveless-slim-fit-cropped-top-asparagus?_pos=78&_fid=5ac2704f3&_ss=c
2025-09-16 14:14:53,517 [INFO] Visiting: https://carbon38.com/en-in/products/top-multicolor?_pos=81&_fid=5ac2704f3&_ss=c | Status: 200
2025-09-16 14:14:55,632 [INFO] Saved: https://carbon38.com/en-in/products/ribbed-vneck-tank-lotus?_pos=80&_fid=5ac2704f3&_ss=c
2025-09-16 14:14:56,993 [INFO] Saved: https://carbon38.com/en-in/products/top-multicolor?_pos=81&_fid=5ac2704f3&_ss=c
2025-09-16 14:14:58,325 [INFO] Visiting: https://carbon38.com/en-in/products/jersey-polo-white-with-green-trim?_pos=82&_fid=5ac2704f3&_ss=c | Status: 200
2025-09-16 14:14:58,760 [INFO] Visiting: https://carbon38.com/en-in/products/rib-melt-vneck-tank-white?_pos=84&_fid=5ac2704f3&_ss=c | Status: 200
2025-09-16 14:14:58,824 [INFO] Visiting: https://carbon38.com/en-in/products/zip-front-tank-white-with-navy-trim-and-green-zip?_pos=83&_fid=5ac2704f3&_ss=c | Status: 200
2025-09-16 14:14:59,398 [INFO] Visiting: https://carbon38.com/en-in/products/strappy-tank-in-melt-white?_pos=85&_fid=5ac2704f3&_ss=c | Status: 200
2025-09-16 14:15:00,195 [INFO] Saved: https://carbon38.com/en-in/products/jersey-polo-white-with-green-trim?_pos=82&_fid=5ac2704f3&_ss=c
2025-09-16 14:15:01,444 [INFO] Saved: https://carbon38.com/en-in/products/rib-melt-vneck-tank-white?_pos=84&_fid=5ac2704f3&_ss=c
2025-09-16 14:15:01,539 [INFO] Saved: https://carbon38.com/en-in/products/zip-front-tank-white-with-navy-trim-and-green-zip?_pos=83&_fid=5ac2704f3&_ss=c
2025-09-16 14:15:01,776 [INFO] Visiting: https://carbon38.com/en-in/products/bell-sleeve-off-shoulder-sweater-cloud-dancer?_pos=86&_fid=5ac2704f3&_ss=c | Status: 200
2025-09-16 14:15:02,945 [INFO] Visiting: https://carbon38.com/en-in/products/tennis-sleeveless-polo-white-bittersweet?_pos=87&_fid=5ac2704f3&_ss=c | Status: 200
2025-09-16 14:15:04,483 [INFO] Saved: https://carbon38.com/en-in/products/strappy-tank-in-melt-white?_pos=85&_fid=5ac2704f3&_ss=c
2025-09-16 14:15:05,467 [INFO] Saved: https://carbon38.com/en-in/products/bell-sleeve-off-shoulder-sweater-cloud-dancer?_pos=86&_fid=5ac2704f3&_ss=c
2025-09-16 14:15:07,184 [INFO] Saved: https://carbon38.com/en-in/products/tennis-sleeveless-polo-white-bittersweet?_pos=87&_fid=5ac2704f3&_ss=c
2025-09-16 14:15:08,383 [INFO] Visiting: https://carbon38.com/en-in/products/i-love-la-tee-white?_pos=88&_fid=5ac2704f3&_ss=c | Status: 200
2025-09-16 14:15:08,556 [INFO] Visiting: https://carbon38.com/en-in/products/mesh-zip-performance-polo-white-with-red-trim?_pos=89&_fid=5ac2704f3&_ss=c | Status: 200
2025-09-16 14:15:10,011 [INFO] Visiting: https://carbon38.com/en-in/products/love-is-all-around-you-sweater-white?_pos=90&_fid=5ac2704f3&_ss=c | Status: 200
2025-09-16 14:15:10,629 [INFO] Visiting: https://carbon38.com/en-in/products/boxy-crop-tee-white?_pos=91&_fid=5ac2704f3&_ss=c | Status: 200
2025-09-16 14:15:11,113 [INFO] Saved: https://carbon38.com/en-in/products/mesh-zip-performance-polo-white-with-red-trim?_pos=89&_fid=5ac2704f3&_ss=c
2025-09-16 14:15:11,368 [INFO] Saved: https://carbon38.com/en-in/products/i-love-la-tee-white?_pos=88&_fid=5ac2704f3&_ss=c
2025-09-16 14:15:11,547 [INFO] Visiting: https://carbon38.com/en-in/products/mia-stripe-positano-shirt-santorini-blue?_pos=92&_fid=5ac2704f3&_ss=c | Status: 200
2025-09-16 14:15:14,175 [INFO] Saved: https://carbon38.com/en-in/products/love-is-all-around-you-sweater-white?_pos=90&_fid=5ac2704f3&_ss=c
2025-09-16 14:15:14,737 [INFO] Visiting: https://carbon38.com/en-in/products/open-knit-cardigan-white?_pos=93&_fid=5ac2704f3&_ss=c | Status: 200
2025-09-16 14:15:14,842 [INFO] Saved: https://carbon38.com/en-in/products/boxy-crop-tee-white?_pos=91&_fid=5ac2704f3&_ss=c
2025-09-16 14:15:15,099 [INFO] Visiting: https://carbon38.com/en-in/products/open-knit-off-the-shoulder-sweater-white?_pos=94&_fid=5ac2704f3&_ss=c | Status: 200
2025-09-16 14:15:15,247 [INFO] Saved: https://carbon38.com/en-in/products/mia-stripe-positano-shirt-santorini-blue?_pos=92&_fid=5ac2704f3&_ss=c
2025-09-16 14:15:18,075 [INFO] Visiting: https://carbon38.com/en-in/products/virginie-champagne?_pos=95&_fid=5ac2704f3&_ss=c | Status: 200
2025-09-16 14:15:18,582 [INFO] Saved: https://carbon38.com/en-in/products/open-knit-off-the-shoulder-sweater-white?_pos=94&_fid=5ac2704f3&_ss=c
2025-09-16 14:15:19,076 [INFO] Saved: https://carbon38.com/en-in/products/open-knit-cardigan-white?_pos=93&_fid=5ac2704f3&_ss=c
2025-09-16 14:15:21,193 [INFO] Visiting: https://carbon38.com/en-in/products/brushed-bardot-sweater-sand?_pos=97&_fid=5ac2704f3&_ss=c | Status: 200
2025-09-16 14:15:21,268 [INFO] Visiting: https://carbon38.com/en-in/products/summer-sweater-sand?_pos=96&_fid=5ac2704f3&_ss=c | Status: 200
2025-09-16 14:15:23,286 [INFO] Visiting: https://carbon38.com/en-in/products/racer-high-neck-active-tank-in-diamond-compression-black?_pos=99&_fid=5ac2704f3&_ss=c | Status: 200
2025-09-16 14:15:23,518 [INFO] Saved: https://carbon38.com/en-in/products/virginie-champagne?_pos=95&_fid=5ac2704f3&_ss=c
2025-09-16 14:15:23,793 [INFO] Saved: https://carbon38.com/en-in/products/brushed-bardot-sweater-sand?_pos=97&_fid=5ac2704f3&_ss=c
2025-09-16 14:15:23,953 [INFO] Visiting: https://carbon38.com/en-in/products/mock-neck-coreset-zip-top-caribou?_pos=98&_fid=5ac2704f3&_ss=c | Status: 200
2025-09-16 14:15:24,095 [INFO] Saved: https://carbon38.com/en-in/products/summer-sweater-sand?_pos=96&_fid=5ac2704f3&_ss=c
2025-09-16 14:15:27,691 [INFO] Visiting: https://carbon38.com/en-in/products/asmc-cr-hoodie-black?_pos=100&_fid=5ac2704f3&_ss=c | Status: 200
2025-09-16 14:15:27,935 [INFO] Saved: https://carbon38.com/en-in/products/racer-high-neck-active-tank-in-diamond-compression-black?_pos=99&_fid=5ac2704f3&_ss=c
2025-09-16 14:15:28,001 [INFO] Saved: https://carbon38.com/en-in/products/mock-neck-coreset-zip-top-caribou?_pos=98&_fid=5ac2704f3&_ss=c
2025-09-16 14:15:28,116 [INFO] Visiting: https://carbon38.com/en-in/products/art-black?_pos=101&_fid=5ac2704f3&_ss=c | Status: 200
2025-09-16 14:15:30,947 [INFO] Saved: https://carbon38.com/en-in/products/asmc-cr-hoodie-black?_pos=100&_fid=5ac2704f3&_ss=c
2025-09-16 14:15:32,963 [INFO] Visiting: https://carbon38.com/en-in/products/toile-half-zip-toile-print?_pos=104&_fid=5ac2704f3&_ss=c | Status: 200
2025-09-16 14:15:33,178 [INFO] Visiting: https://carbon38.com/en-in/products/long-sleeve-deep-v-ruffle-bodysuit-black?_pos=102&_fid=5ac2704f3&_ss=c | Status: 200
2025-09-16 14:15:33,214 [INFO] Visiting: https://carbon38.com/en-in/products/toile-long-sleeve-top-toile-print?_pos=103&_fid=5ac2704f3&_ss=c | Status: 200
2025-09-16 14:15:34,941 [INFO] Saved: https://carbon38.com/en-in/products/art-black?_pos=101&_fid=5ac2704f3&_ss=c
2025-09-16 14:15:35,014 [INFO] Visiting: https://carbon38.com/en-in/products/u-cutline-hoodie-dark-blue?_pos=105&_fid=5ac2704f3&_ss=c | Status: 200
2025-09-16 14:15:35,825 [INFO] Saved: https://carbon38.com/en-in/products/toile-half-zip-toile-print?_pos=104&_fid=5ac2704f3&_ss=c
2025-09-16 14:15:36,726 [INFO] Saved: https://carbon38.com/en-in/products/long-sleeve-deep-v-ruffle-bodysuit-black?_pos=102&_fid=5ac2704f3&_ss=c
2025-09-16 14:15:36,959 [INFO] Saved: https://carbon38.com/en-in/products/toile-long-sleeve-top-toile-print?_pos=103&_fid=5ac2704f3&_ss=c
2025-09-16 14:15:37,286 [INFO] Visiting: https://carbon38.com/en-in/products/crew-sweatshirt-navy-blazer?_pos=106&_fid=5ac2704f3&_ss=c | Status: 200
2025-09-16 14:15:40,099 [INFO] Visiting: https://carbon38.com/en-in/products/asmc-track-top-desert-sand-smc-active-red?_pos=107&_fid=5ac2704f3&_ss=c | Status: 200
2025-09-16 14:15:40,131 [INFO] Saved: https://carbon38.com/en-in/products/u-cutline-hoodie-dark-blue?_pos=105&_fid=5ac2704f3&_ss=c
2025-09-16 14:15:41,791 [INFO] Saved: https://carbon38.com/en-in/products/crew-sweatshirt-navy-blazer?_pos=106&_fid=5ac2704f3&_ss=c
2025-09-16 14:15:43,967 [INFO] Saved: https://carbon38.com/en-in/products/asmc-track-top-desert-sand-smc-active-red?_pos=107&_fid=5ac2704f3&_ss=c
2025-09-16 14:15:45,789 [INFO] Visiting: https://carbon38.com/en-in/products/wide-scoop-bra-tank-white?_pos=111&_fid=5ac2704f3&_ss=c | Status: 200
2025-09-16 14:15:45,910 [INFO] Visiting: https://carbon38.com/en-in/products/oversized-raglan-sleeve-top-w-mesh-cappuccino?_pos=109&_fid=5ac2704f3&_ss=c | Status: 200
2025-09-16 14:15:46,037 [INFO] Visiting: https://carbon38.com/en-in/products/t-shirt-white?_pos=110&_fid=5ac2704f3&_ss=c | Status: 200
2025-09-16 14:15:46,049 [INFO] Visiting: https://carbon38.com/en-in/products/orion-tank-top-sand?_pos=108&_fid=5ac2704f3&_ss=c | Status: 200
2025-09-16 14:15:48,506 [INFO] Saved: https://carbon38.com/en-in/products/t-shirt-white?_pos=110&_fid=5ac2704f3&_ss=c
2025-09-16 14:15:48,705 [INFO] Saved: https://carbon38.com/en-in/products/orion-tank-top-sand?_pos=108&_fid=5ac2704f3&_ss=c
2025-09-16 14:15:48,881 [INFO] Saved: https://carbon38.com/en-in/products/wide-scoop-bra-tank-white?_pos=111&_fid=5ac2704f3&_ss=c
2025-09-16 14:15:49,051 [INFO] Saved: https://carbon38.com/en-in/products/oversized-raglan-sleeve-top-w-mesh-cappuccino?_pos=109&_fid=5ac2704f3&_ss=c
2025-09-16 14:15:49,173 [INFO] Visiting: https://carbon38.com/en-in/products/crew-sweatshirt-white?_pos=112&_fid=5ac2704f3&_ss=c | Status: 200
2025-09-16 14:15:53,098 [INFO] Visiting: https://carbon38.com/en-in/products/open-knit-off-the-shoulder-sweater-navy?_pos=113&_fid=5ac2704f3&_ss=c | Status: 200
2025-09-16 14:15:53,708 [INFO] Visiting: https://carbon38.com/en-in/products/bell-sleeve-off-shoulder-sweater-navy?_pos=114&_fid=5ac2704f3&_ss=c | Status: 200
2025-09-16 14:15:53,866 [INFO] Saved: https://carbon38.com/en-in/products/crew-sweatshirt-white?_pos=112&_fid=5ac2704f3&_ss=c
2025-09-16 14:15:56,838 [INFO] Saved: https://carbon38.com/en-in/products/open-knit-off-the-shoulder-sweater-navy?_pos=113&_fid=5ac2704f3&_ss=c
2025-09-16 14:15:57,055 [INFO] Saved: https://carbon38.com/en-in/products/bell-sleeve-off-shoulder-sweater-navy?_pos=114&_fid=5ac2704f3&_ss=c
2025-09-16 14:15:58,199 [INFO] Visiting: https://carbon38.com/en-in/products/long-sleeve-ruched-top-in-ribbed-jersey-navy?_pos=116&_fid=5ac2704f3&_ss=c | Status: 200
2025-09-16 14:15:58,222 [INFO] Visiting: https://carbon38.com/en-in/products/high-neck-fitted-tank-in-ribbed-jersey-navy?_pos=115&_fid=5ac2704f3&_ss=c | Status: 200
2025-09-16 14:15:58,299 [INFO] Visiting: https://carbon38.com/en-in/products/cap-sleeve-ruched-top-in-ribbed-jersey-white?_pos=117&_fid=5ac2704f3&_ss=c | Status: 200
2025-09-16 14:16:01,081 [INFO] Saved: https://carbon38.com/en-in/products/long-sleeve-ruched-top-in-ribbed-jersey-navy?_pos=116&_fid=5ac2704f3&_ss=c
2025-09-16 14:16:01,333 [INFO] Saved: https://carbon38.com/en-in/products/high-neck-fitted-tank-in-ribbed-jersey-navy?_pos=115&_fid=5ac2704f3&_ss=c
2025-09-16 14:16:01,589 [INFO] Visiting: https://carbon38.com/en-in/products/ss-ruched-front-tee-white?_pos=118&_fid=5ac2704f3&_ss=c | Status: 200
2025-09-16 14:16:02,004 [INFO] Saved: https://carbon38.com/en-in/products/cap-sleeve-ruched-top-in-ribbed-jersey-white?_pos=117&_fid=5ac2704f3&_ss=c
2025-09-16 14:16:02,913 [INFO] Visiting: https://carbon38.com/en-in/products/one-shoulder-tank-in-ribbed-jersey-white?_pos=119&_fid=5ac2704f3&_ss=c | Status: 200
2025-09-16 14:16:05,076 [INFO] Visiting: https://carbon38.com/en-in/products/ex-boyfriend-le-sunshine-sweatshirt-white?_pos=120&_fid=5ac2704f3&_ss=c | Status: 200
2025-09-16 14:16:06,095 [INFO] Visiting: https://carbon38.com/en-in/products/mock-neck-coreset-zip-top-white?_pos=121&_fid=5ac2704f3&_ss=c | Status: 200
2025-09-16 14:16:06,404 [INFO] Saved: https://carbon38.com/en-in/products/ss-ruched-front-tee-white?_pos=118&_fid=5ac2704f3&_ss=c
2025-09-16 14:16:06,470 [INFO] Saved: https://carbon38.com/en-in/products/one-shoulder-tank-in-ribbed-jersey-white?_pos=119&_fid=5ac2704f3&_ss=c
2025-09-16 14:16:07,486 [INFO] Saved: https://carbon38.com/en-in/products/ex-boyfriend-le-sunshine-sweatshirt-white?_pos=120&_fid=5ac2704f3&_ss=c
2025-09-16 14:16:08,488 [INFO] Visiting: https://carbon38.com/en-in/products/long-sleeve-wrap-top-in-ribbed-jersey-white?_pos=122&_fid=5ac2704f3&_ss=c | Status: 200
2025-09-16 14:16:10,725 [INFO] Saved: https://carbon38.com/en-in/products/mock-neck-coreset-zip-top-white?_pos=121&_fid=5ac2704f3&_ss=c
2025-09-16 14:16:11,644 [INFO] Visiting: https://carbon38.com/en-in/products/high-neck-fitted-tank-in-ribbed-jersey-white?_pos=123&_fid=5ac2704f3&_ss=c | Status: 200
2025-09-16 14:16:11,646 [INFO] Visiting: https://carbon38.com/en-in/products/studio-cut-out-crop-white?_pos=124&_fid=5ac2704f3&_ss=c | Status: 200
2025-09-16 14:16:12,025 [INFO] Saved: https://carbon38.com/en-in/products/long-sleeve-wrap-top-in-ribbed-jersey-white?_pos=122&_fid=5ac2704f3&_ss=c
2025-09-16 14:16:14,561 [INFO] Saved: https://carbon38.com/en-in/products/studio-cut-out-crop-white?_pos=124&_fid=5ac2704f3&_ss=c
2025-09-16 14:16:14,851 [INFO] Saved: https://carbon38.com/en-in/products/high-neck-fitted-tank-in-ribbed-jersey-white?_pos=123&_fid=5ac2704f3&_ss=c
2025-09-16 14:16:15,910 [INFO] Visiting: https://carbon38.com/en-in/products/venus-optic-white?_pos=125&_fid=5ac2704f3&_ss=c | Status: 200
2025-09-16 14:16:18,475 [INFO] Saved: https://carbon38.com/en-in/products/venus-optic-white?_pos=125&_fid=5ac2704f3&_ss=c
2025-09-16 14:16:19,970 [INFO] Visiting: https://carbon38.com/en-in/products/long-cover-up-pink-white-chevron-tulle-w-space-dye?_pos=127&_fid=5ac2704f3&_ss=c | Status: 200
2025-09-16 14:16:20,524 [INFO] Visiting: https://carbon38.com/en-in/products/oversized-raglan-sleeve-hooded-top-cream?_pos=126&_fid=5ac2704f3&_ss=c | Status: 200
2025-09-16 14:16:21,476 [INFO] Visiting: https://carbon38.com/en-in/products/soleil-full-zip-shepherd?_pos=129&_fid=5ac2704f3&_ss=c | Status: 200
2025-09-16 14:16:21,728 [INFO] Saved: https://carbon38.com/en-in/products/oversized-raglan-sleeve-hooded-top-cream?_pos=126&_fid=5ac2704f3&_ss=c
2025-09-16 14:16:22,286 [INFO] Saved: https://carbon38.com/en-in/products/long-cover-up-pink-white-chevron-tulle-w-space-dye?_pos=127&_fid=5ac2704f3&_ss=c
2025-09-16 14:16:23,149 [INFO] Visiting: https://carbon38.com/en-in/products/strappy-tank-in-melt-charcoal-leopard?_pos=128&_fid=5ac2704f3&_ss=c | Status: 200
2025-09-16 14:16:23,194 [INFO] Visiting: https://carbon38.com/en-in/products/tennis-sleeveless-polo-black-white?_pos=130&_fid=5ac2704f3&_ss=c | Status: 200
2025-09-16 14:16:23,919 [INFO] Saved: https://carbon38.com/en-in/products/soleil-full-zip-shepherd?_pos=129&_fid=5ac2704f3&_ss=c
2025-09-16 14:16:25,029 [INFO] Visiting: https://carbon38.com/en-in/products/cropped-shoulder-pad-long-sleeve-crew-top-black?_pos=131&_fid=5ac2704f3&_ss=c | Status: 200
2025-09-16 14:16:26,102 [INFO] Saved: https://carbon38.com/en-in/products/strappy-tank-in-melt-charcoal-leopard?_pos=128&_fid=5ac2704f3&_ss=c
2025-09-16 14:16:26,898 [INFO] Saved: https://carbon38.com/en-in/products/tennis-sleeveless-polo-black-white?_pos=130&_fid=5ac2704f3&_ss=c
2025-09-16 14:16:28,571 [INFO] Saved: https://carbon38.com/en-in/products/cropped-shoulder-pad-long-sleeve-crew-top-black?_pos=131&_fid=5ac2704f3&_ss=c
2025-09-16 14:16:29,803 [INFO] Visiting: https://carbon38.com/en-in/products/high-neck-fitted-tank-in-ribbed-jersey-black?_pos=133&_fid=5ac2704f3&_ss=c | Status: 200
2025-09-16 14:16:31,842 [INFO] Saved: https://carbon38.com/en-in/products/high-neck-fitted-tank-in-ribbed-jersey-black?_pos=133&_fid=5ac2704f3&_ss=c
2025-09-16 14:16:32,456 [INFO] Visiting: https://carbon38.com/en-in/products/one-shoulder-tank-in-ribbed-jersey-black?_pos=132&_fid=5ac2704f3&_ss=c | Status: 200
2025-09-16 14:16:33,508 [INFO] Visiting: https://carbon38.com/en-in/products/colorblock-scoop-tank-in-melt-black-cloud-dancer?_pos=134&_fid=5ac2704f3&_ss=c | Status: 200
2025-09-16 14:16:34,254 [INFO] Visiting: https://carbon38.com/en-in/products/olly-cropped-stripped-sweater-beige-melange?_pos=135&_fid=5ac2704f3&_ss=c | Status: 200
2025-09-16 14:16:34,518 [INFO] Visiting: https://carbon38.com/en-in/products/alberto-knit-polo-blouse-brown-sugar?_pos=136&_fid=5ac2704f3&_ss=c | Status: 200
2025-09-16 14:16:34,980 [INFO] Saved: https://carbon38.com/en-in/products/one-shoulder-tank-in-ribbed-jersey-black?_pos=132&_fid=5ac2704f3&_ss=c
2025-09-16 14:16:36,257 [INFO] Saved: https://carbon38.com/en-in/products/colorblock-scoop-tank-in-melt-black-cloud-dancer?_pos=134&_fid=5ac2704f3&_ss=c
2025-09-16 14:16:36,628 [INFO] Visiting: https://carbon38.com/en-in/products/one-shoulder-tank-leopard-print?_pos=137&_fid=5ac2704f3&_ss=c | Status: 200
2025-09-16 14:16:36,929 [INFO] Saved: https://carbon38.com/en-in/products/olly-cropped-stripped-sweater-beige-melange?_pos=135&_fid=5ac2704f3&_ss=c
2025-09-16 14:16:37,080 [INFO] Saved: https://carbon38.com/en-in/products/alberto-knit-polo-blouse-brown-sugar?_pos=136&_fid=5ac2704f3&_ss=c
2025-09-16 14:16:39,622 [INFO] Visiting: https://carbon38.com/en-in/products/melt-long-sleeve-top-white?_pos=138&_fid=5ac2704f3&_ss=c | Status: 200
2025-09-16 14:16:41,005 [INFO] Saved: https://carbon38.com/en-in/products/one-shoulder-tank-leopard-print?_pos=137&_fid=5ac2704f3&_ss=c
2025-09-16 14:16:42,347 [INFO] Saved: https://carbon38.com/en-in/products/melt-long-sleeve-top-white?_pos=138&_fid=5ac2704f3&_ss=c
2025-09-16 14:16:46,702 [INFO] Visiting: https://carbon38.com/en-in/products/long-sleeve-wrap-top-in-ribbed-jersey-navy?_pos=139&_fid=5ac2704f3&_ss=c | Status: 200
2025-09-16 14:16:47,054 [INFO] Visiting: https://carbon38.com/en-in/products/wide-scoop-bra-tank-3-core-navy?_pos=142&_fid=5ac2704f3&_ss=c | Status: 200
2025-09-16 14:16:47,072 [INFO] Visiting: https://carbon38.com/en-in/products/long-racerback-tank-navy-blazer?_pos=143&_fid=5ac2704f3&_ss=c | Status: 200
2025-09-16 14:16:47,087 [INFO] Visiting: https://carbon38.com/en-in/products/strappy-tank-in-melt-navy-blazer?_pos=141&_fid=5ac2704f3&_ss=c | Status: 200
2025-09-16 14:16:47,123 [INFO] Visiting: https://carbon38.com/en-in/products/stripe-ringer-tee-cloud-navy-stripe?_pos=140&_fid=5ac2704f3&_ss=c | Status: 200
2025-09-16 14:16:48,975 [INFO] Saved: https://carbon38.com/en-in/products/long-sleeve-wrap-top-in-ribbed-jersey-navy?_pos=139&_fid=5ac2704f3&_ss=c
2025-09-16 14:16:49,527 [INFO] Saved: https://carbon38.com/en-in/products/long-racerback-tank-navy-blazer?_pos=143&_fid=5ac2704f3&_ss=c
2025-09-16 14:16:49,579 [INFO] Saved: https://carbon38.com/en-in/products/stripe-ringer-tee-cloud-navy-stripe?_pos=140&_fid=5ac2704f3&_ss=c
2025-09-16 14:16:49,731 [INFO] Saved: https://carbon38.com/en-in/products/wide-scoop-bra-tank-3-core-navy?_pos=142&_fid=5ac2704f3&_ss=c
2025-09-16 14:16:52,474 [INFO] Saved: https://carbon38.com/en-in/products/strappy-tank-in-melt-navy-blazer?_pos=141&_fid=5ac2704f3&_ss=c
2025-09-16 14:16:54,009 [INFO] Visiting: https://carbon38.com/en-in/products/off-shoulder-sweatshirt-navy-blazer?_pos=144&_fid=5ac2704f3&_ss=c | Status: 200
2025-09-16 14:16:57,781 [INFO] Saved: https://carbon38.com/en-in/products/off-shoulder-sweatshirt-navy-blazer?_pos=144&_fid=5ac2704f3&_ss=c
2025-09-16 14:16:58,472 [INFO] Visiting: https://carbon38.com/en-in/products/crew-sweatshirt-black?_pos=146&_fid=5ac2704f3&_ss=c | Status: 200
2025-09-16 14:16:58,821 [INFO] Visiting: https://carbon38.com/en-in/products/wren-1-4-zip-maltese-blue?_pos=145&_fid=5ac2704f3&_ss=c | Status: 200
2025-09-16 14:16:59,103 [INFO] Visiting: https://carbon38.com/en-in/products/rib-melt-bodysuit-black?_pos=147&_fid=5ac2704f3&_ss=c | Status: 200
2025-09-16 14:16:59,192 [INFO] Visiting: https://carbon38.com/en-in/products/rib-melt-vneck-tank-black?_pos=148&_fid=5ac2704f3&_ss=c | Status: 200
2025-09-16 14:17:01,496 [INFO] Visiting: https://carbon38.com/en-in/products/cap-sleeve-ruched-top-in-ribbed-jersey-black?_pos=149&_fid=5ac2704f3&_ss=c | Status: 200
2025-09-16 14:17:01,671 [INFO] Saved: https://carbon38.com/en-in/products/wren-1-4-zip-maltese-blue?_pos=145&_fid=5ac2704f3&_ss=c
2025-09-16 14:17:01,726 [INFO] Saved: https://carbon38.com/en-in/products/crew-sweatshirt-black?_pos=146&_fid=5ac2704f3&_ss=c
2025-09-16 14:17:01,984 [INFO] Saved: https://carbon38.com/en-in/products/rib-melt-bodysuit-black?_pos=147&_fid=5ac2704f3&_ss=c
2025-09-16 14:17:02,211 [INFO] Saved: https://carbon38.com/en-in/products/rib-melt-vneck-tank-black?_pos=148&_fid=5ac2704f3&_ss=c
2025-09-16 14:17:07,073 [INFO] Visiting: https://carbon38.com/en-in/products/long-sleeve-wrap-top-in-ribbed-jersey-black?_pos=151&_fid=5ac2704f3&_ss=c | Status: 200
2025-09-16 14:17:07,083 [INFO] Visiting: https://carbon38.com/en-in/products/long-sleeve-ruched-top-in-ribbed-jersey-black?_pos=150&_fid=5ac2704f3&_ss=c | Status: 200
2025-09-16 14:17:07,418 [INFO] Saved: https://carbon38.com/en-in/products/cap-sleeve-ruched-top-in-ribbed-jersey-black?_pos=149&_fid=5ac2704f3&_ss=c
2025-09-16 14:17:07,852 [INFO] Visiting: https://carbon38.com/en-in/products/melt-long-sleeve-top-black?_pos=152&_fid=5ac2704f3&_ss=c | Status: 200
2025-09-16 14:17:09,251 [INFO] Visiting: https://carbon38.com/en-in/products/venus-black?_pos=153&_fid=5ac2704f3&_ss=c | Status: 200
2025-09-16 14:17:11,004 [INFO] Saved: https://carbon38.com/en-in/products/long-sleeve-wrap-top-in-ribbed-jersey-black?_pos=151&_fid=5ac2704f3&_ss=c
2025-09-16 14:17:11,152 [INFO] Saved: https://carbon38.com/en-in/products/venus-black?_pos=153&_fid=5ac2704f3&_ss=c
2025-09-16 14:17:11,292 [INFO] Saved: https://carbon38.com/en-in/products/long-sleeve-ruched-top-in-ribbed-jersey-black?_pos=150&_fid=5ac2704f3&_ss=c
2025-09-16 14:17:11,486 [INFO] Saved: https://carbon38.com/en-in/products/melt-long-sleeve-top-black?_pos=152&_fid=5ac2704f3&_ss=c
2025-09-16 14:17:11,932 [INFO] Visiting: https://carbon38.com/en-in/products/jacqui-corsage-dark-grey-pinstripe?_pos=154&_fid=5ac2704f3&_ss=c | Status: 200
2025-09-16 14:17:16,106 [INFO] Visiting: https://carbon38.com/en-in/products/off-shoulder-sweatshirt-black?_pos=155&_fid=5ac2704f3&_ss=c | Status: 200
2025-09-16 14:17:16,593 [INFO] Saved: https://carbon38.com/en-in/products/jacqui-corsage-dark-grey-pinstripe?_pos=154&_fid=5ac2704f3&_ss=c
2025-09-16 14:17:16,986 [INFO] Visiting: https://carbon38.com/en-in/products/long-sleeve-off-shoulder-tee-black?_pos=156&_fid=5ac2704f3&_ss=c | Status: 200
2025-09-16 14:17:19,405 [INFO] Visiting: https://carbon38.com/en-in/products/strappy-tank-in-melt-black?_pos=157&_fid=5ac2704f3&_ss=c | Status: 200
2025-09-16 14:17:20,343 [INFO] Saved: https://carbon38.com/en-in/products/off-shoulder-sweatshirt-black?_pos=155&_fid=5ac2704f3&_ss=c
2025-09-16 14:17:20,745 [INFO] Saved: https://carbon38.com/en-in/products/long-sleeve-off-shoulder-tee-black?_pos=156&_fid=5ac2704f3&_ss=c
2025-09-16 14:17:21,202 [INFO] Visiting: https://carbon38.com/en-in/products/mock-neck-coreset-zip-top-black?_pos=159&_fid=5ac2704f3&_ss=c | Status: 200
2025-09-16 14:17:21,282 [INFO] Visiting: https://carbon38.com/en-in/products/wide-scoop-bra-tank-black?_pos=158&_fid=5ac2704f3&_ss=c | Status: 200
2025-09-16 14:17:23,501 [INFO] Saved: https://carbon38.com/en-in/products/strappy-tank-in-melt-black?_pos=157&_fid=5ac2704f3&_ss=c
2025-09-16 14:17:24,244 [INFO] Visiting: https://carbon38.com/en-in/products/front-twist-tank-black?_pos=160&_fid=5ac2704f3&_ss=c | Status: 200
2025-09-16 14:17:24,815 [INFO] Saved: https://carbon38.com/en-in/products/wide-scoop-bra-tank-black?_pos=158&_fid=5ac2704f3&_ss=c
2025-09-16 14:17:25,061 [INFO] Saved: https://carbon38.com/en-in/products/mock-neck-coreset-zip-top-black?_pos=159&_fid=5ac2704f3&_ss=c
2025-09-16 14:17:27,545 [INFO] Visiting: https://carbon38.com/en-in/products/peplum-zip-up-cream?_pos=161&_fid=5ac2704f3&_ss=c | Status: 200
2025-09-16 14:17:28,213 [INFO] Visiting: https://carbon38.com/en-in/products/boo-knit-jumper-stripe?_pos=162&_fid=5ac2704f3&_ss=c | Status: 200
2025-09-16 14:17:30,032 [INFO] Saved: https://carbon38.com/en-in/products/front-twist-tank-black?_pos=160&_fid=5ac2704f3&_ss=c
2025-09-16 14:17:30,235 [INFO] Saved: https://carbon38.com/en-in/products/peplum-zip-up-cream?_pos=161&_fid=5ac2704f3&_ss=c
2025-09-16 14:17:30,988 [INFO] Saved: https://carbon38.com/en-in/products/boo-knit-jumper-stripe?_pos=162&_fid=5ac2704f3&_ss=c
2025-09-16 14:17:32,042 [INFO] Visiting: https://carbon38.com/en-in/products/melt-mesh-ruched-top-sky-blue?_pos=164&_fid=5ac2704f3&_ss=c | Status: 200
2025-09-16 14:17:32,402 [INFO] Visiting: https://carbon38.com/en-in/products/colorblock-scoop-tank-in-melt-sky-blue-bittersweet?_pos=163&_fid=5ac2704f3&_ss=c | Status: 200
2025-09-16 14:17:34,633 [INFO] Saved: https://carbon38.com/en-in/products/melt-mesh-ruched-top-sky-blue?_pos=164&_fid=5ac2704f3&_ss=c
2025-09-16 14:17:34,639 [INFO] Saved: https://carbon38.com/en-in/products/colorblock-scoop-tank-in-melt-sky-blue-bittersweet?_pos=163&_fid=5ac2704f3&_ss=c
2025-09-16 14:17:35,070 [INFO] Visiting: https://carbon38.com/en-in/products/rib-melt-vneck-tank-hydrangea?_pos=165&_fid=5ac2704f3&_ss=c | Status: 200
2025-09-16 14:17:38,989 [INFO] Visiting: https://carbon38.com/en-in/products/nomai-plaid-pearly-vneck-sweater-grey-silver?_pos=169&_fid=5ac2704f3&_ss=c | Status: 200
2025-09-16 14:17:39,134 [INFO] Saved: https://carbon38.com/en-in/products/rib-melt-vneck-tank-hydrangea?_pos=165&_fid=5ac2704f3&_ss=c
2025-09-16 14:17:40,676 [INFO] Visiting: https://carbon38.com/en-in/products/colorblock-mock-neck-corset-zip-in-melt-black-cloud-dancer?_pos=167&_fid=5ac2704f3&_ss=c | Status: 200
2025-09-16 14:17:41,004 [INFO] Visiting: https://carbon38.com/en-in/products/rib-melt-bodysuit-hydrangea?_pos=166&_fid=5ac2704f3&_ss=c | Status: 200
2025-09-16 14:17:41,187 [INFO] Visiting: https://carbon38.com/en-in/products/cowl-neck-knit-sweatshirt-moonbeam-heather?_pos=168&_fid=5ac2704f3&_ss=c | Status: 200
2025-09-16 14:17:42,561 [INFO] Visiting: https://carbon38.com/en-in/products/melt-mesh-ruched-top-black?_pos=170&_fid=5ac2704f3&_ss=c | Status: 200
2025-09-16 14:17:42,865 [INFO] Saved: https://carbon38.com/en-in/products/rib-melt-bodysuit-hydrangea?_pos=166&_fid=5ac2704f3&_ss=c
2025-09-16 14:17:43,438 [INFO] Saved: https://carbon38.com/en-in/products/colorblock-mock-neck-corset-zip-in-melt-black-cloud-dancer?_pos=167&_fid=5ac2704f3&_ss=c
2025-09-16 14:17:43,689 [INFO] Saved: https://carbon38.com/en-in/products/cowl-neck-knit-sweatshirt-moonbeam-heather?_pos=168&_fid=5ac2704f3&_ss=c
2025-09-16 14:17:44,421 [INFO] Saved: https://carbon38.com/en-in/products/nomai-plaid-pearly-vneck-sweater-grey-silver?_pos=169&_fid=5ac2704f3&_ss=c
2025-09-16 14:17:45,272 [INFO] Visiting: https://carbon38.com/en-in/products/super-oversized-boyfriend-nk-shirt-bodysuit-black?_pos=171&_fid=5ac2704f3&_ss=c | Status: 200
2025-09-16 14:17:48,176 [INFO] Saved: https://carbon38.com/en-in/products/melt-mesh-ruched-top-black?_pos=170&_fid=5ac2704f3&_ss=c
2025-09-16 14:17:48,377 [INFO] Saved: https://carbon38.com/en-in/products/super-oversized-boyfriend-nk-shirt-bodysuit-black?_pos=171&_fid=5ac2704f3&_ss=c
2025-09-16 14:17:53,076 [INFO] Visiting: https://carbon38.com/en-in/products/jean-knit-top-black?_pos=173&_fid=5ac2704f3&_ss=c | Status: 200
2025-09-16 14:17:53,097 [INFO] Visiting: https://carbon38.com/en-in/products/strappy-tank-in-melt-bittersweet?_pos=174&_fid=5ac2704f3&_ss=c | Status: 200
2025-09-16 14:17:53,504 [INFO] Visiting: https://carbon38.com/en-in/products/train-2-in1-crop-white-raspberry?_pos=175&_fid=5ac2704f3&_ss=c | Status: 200
2025-09-16 14:17:53,887 [INFO] Visiting: https://carbon38.com/en-in/products/elle-top-chantilly?_pos=176&_fid=5ac2704f3&_ss=c | Status: 200
2025-09-16 14:17:53,942 [INFO] Visiting: https://carbon38.com/en-in/products/sway-hoodie-black?_pos=172&_fid=5ac2704f3&_ss=c | Status: 200
2025-09-16 14:17:55,363 [INFO] Saved: https://carbon38.com/en-in/products/jean-knit-top-black?_pos=173&_fid=5ac2704f3&_ss=c
2025-09-16 14:17:56,077 [INFO] Saved: https://carbon38.com/en-in/products/sway-hoodie-black?_pos=172&_fid=5ac2704f3&_ss=c
2025-09-16 14:17:56,248 [INFO] Saved: https://carbon38.com/en-in/products/train-2-in1-crop-white-raspberry?_pos=175&_fid=5ac2704f3&_ss=c
2025-09-16 14:17:56,279 [INFO] Saved: https://carbon38.com/en-in/products/elle-top-chantilly?_pos=176&_fid=5ac2704f3&_ss=c
2025-09-16 14:17:56,595 [INFO] Saved: https://carbon38.com/en-in/products/strappy-tank-in-melt-bittersweet?_pos=174&_fid=5ac2704f3&_ss=c
2025-09-16 14:17:57,465 [INFO] Visiting: https://carbon38.com/en-in/products/short-slv-pocket-tee-white?_pos=177&_fid=5ac2704f3&_ss=c | Status: 200
2025-09-16 14:18:01,601 [INFO] Visiting: https://carbon38.com/en-in/products/long-racerback-tank-white?_pos=178&_fid=5ac2704f3&_ss=c | Status: 200
2025-09-16 14:18:02,106 [INFO] Saved: https://carbon38.com/en-in/products/short-slv-pocket-tee-white?_pos=177&_fid=5ac2704f3&_ss=c
2025-09-16 14:18:04,337 [INFO] Saved: https://carbon38.com/en-in/products/long-racerback-tank-white?_pos=178&_fid=5ac2704f3&_ss=c
2025-09-16 14:18:05,858 [INFO] Visiting: https://carbon38.com/en-in/products/front-twist-tank-white?_pos=182&_fid=5ac2704f3&_ss=c | Status: 200
2025-09-16 14:18:05,860 [INFO] Visiting: https://carbon38.com/en-in/products/off-shoulder-sweatshirt-white?_pos=180&_fid=5ac2704f3&_ss=c | Status: 200
2025-09-16 14:18:05,865 [INFO] Visiting: https://carbon38.com/en-in/products/off-shoulder-sweatshirt-7-heather-grey?_pos=179&_fid=5ac2704f3&_ss=c | Status: 200
2025-09-16 14:18:06,035 [INFO] Visiting: https://carbon38.com/en-in/products/long-sleeve-off-shoulder-tee-white?_pos=181&_fid=5ac2704f3&_ss=c | Status: 200
2025-09-16 14:18:07,851 [INFO] Visiting: https://carbon38.com/en-in/products/diane-ski-pully-cream?_pos=183&_fid=5ac2704f3&_ss=c | Status: 200
2025-09-16 14:18:08,508 [INFO] Saved: https://carbon38.com/en-in/products/off-shoulder-sweatshirt-7-heather-grey?_pos=179&_fid=5ac2704f3&_ss=c
2025-09-16 14:18:09,237 [INFO] Saved: https://carbon38.com/en-in/products/front-twist-tank-white?_pos=182&_fid=5ac2704f3&_ss=c
2025-09-16 14:18:09,609 [INFO] Saved: https://carbon38.com/en-in/products/long-sleeve-off-shoulder-tee-white?_pos=181&_fid=5ac2704f3&_ss=c
2025-09-16 14:18:10,446 [INFO] Saved: https://carbon38.com/en-in/products/off-shoulder-sweatshirt-white?_pos=180&_fid=5ac2704f3&_ss=c
2025-09-16 14:18:12,102 [INFO] Visiting: https://carbon38.com/en-in/products/one-shoulder-peasant-top-black?_pos=185&_fid=5ac2704f3&_ss=c | Status: 200
2025-09-16 14:18:12,790 [INFO] Visiting: https://carbon38.com/en-in/products/hunter-top-off-white?_pos=184&_fid=5ac2704f3&_ss=c | Status: 200
2025-09-16 14:18:15,325 [INFO] Saved: https://carbon38.com/en-in/products/diane-ski-pully-cream?_pos=183&_fid=5ac2704f3&_ss=c
2025-09-16 14:18:16,230 [INFO] Saved: https://carbon38.com/en-in/products/hunter-top-off-white?_pos=184&_fid=5ac2704f3&_ss=c
2025-09-16 14:18:16,817 [INFO] Saved: https://carbon38.com/en-in/products/one-shoulder-peasant-top-black?_pos=185&_fid=5ac2704f3&_ss=c
2025-09-16 14:18:18,021 [INFO] Visiting: https://carbon38.com/en-in/products/short-slv-pocket-tee-black?_pos=187&_fid=5ac2704f3&_ss=c | Status: 200
2025-09-16 14:18:18,210 [INFO] Visiting: https://carbon38.com/en-in/products/long-racerback-tank-black?_pos=186&_fid=5ac2704f3&_ss=c | Status: 200
2025-09-16 14:18:21,392 [INFO] Saved: https://carbon38.com/en-in/products/long-racerback-tank-black?_pos=186&_fid=5ac2704f3&_ss=c
2025-09-16 14:18:21,396 [INFO] Saved: https://carbon38.com/en-in/products/short-slv-pocket-tee-black?_pos=187&_fid=5ac2704f3&_ss=c
2025-09-16 14:18:22,945 [INFO] Visiting: https://carbon38.com/en-in/products/ss-ruched-front-tee-bittersweet?_pos=190&_fid=5ac2704f3&_ss=c | Status: 200
2025-09-16 14:18:22,956 [INFO] Visiting: https://carbon38.com/en-in/products/bell-sleeve-off-shoulder-sweater-bittersweet?_pos=189&_fid=5ac2704f3&_ss=c | Status: 200
2025-09-16 14:18:24,086 [INFO] Visiting: https://carbon38.com/en-in/products/margot-pullover-black?_pos=188&_fid=5ac2704f3&_ss=c | Status: 200
2025-09-16 14:18:25,426 [INFO] Saved: https://carbon38.com/en-in/products/margot-pullover-black?_pos=188&_fid=5ac2704f3&_ss=c
2025-09-16 14:18:26,488 [INFO] Saved: https://carbon38.com/en-in/products/ss-ruched-front-tee-bittersweet?_pos=190&_fid=5ac2704f3&_ss=c
2025-09-16 14:18:26,489 [INFO] Visiting: https://carbon38.com/en-in/products/asmc-truepace-running-crop-black?_pos=192&_fid=5ac2704f3&_ss=c | Status: 200
2025-09-16 14:18:26,726 [INFO] Saved: https://carbon38.com/en-in/products/bell-sleeve-off-shoulder-sweater-bittersweet?_pos=189&_fid=5ac2704f3&_ss=c
2025-09-16 14:18:29,119 [INFO] Visiting: https://carbon38.com/en-in/products/sheer-spliced-tank-black?_pos=193&_fid=863617283&_ss=c | Status: 200
2025-09-16 14:18:29,234 [INFO] Visiting: https://carbon38.com/en-in/products/asmc-reg-sweatshirt-corpnk?_pos=191&_fid=5ac2704f3&_ss=c | Status: 200
2025-09-16 14:18:30,301 [INFO] Saved: https://carbon38.com/en-in/products/asmc-truepace-running-crop-black?_pos=192&_fid=5ac2704f3&_ss=c
2025-09-16 14:18:31,806 [INFO] Saved: https://carbon38.com/en-in/products/sheer-spliced-tank-black?_pos=193&_fid=863617283&_ss=c
2025-09-16 14:18:32,938 [INFO] Saved: https://carbon38.com/en-in/products/asmc-reg-sweatshirt-corpnk?_pos=191&_fid=5ac2704f3&_ss=c
2025-09-16 14:18:37,734 [INFO] Visiting: https://carbon38.com/en-in/products/vaill-boo-sweater-natural?_pos=195&_fid=863617283&_ss=c | Status: 200
2025-09-16 14:18:37,798 [INFO] Visiting: https://carbon38.com/en-in/products/logo-sweatshirt-faded-black?_pos=198&_fid=863617283&_ss=c | Status: 200
2025-09-16 14:18:38,223 [INFO] Visiting: https://carbon38.com/en-in/products/nomai-ruched-zip-hoodie-heather-grey?_pos=196&_fid=863617283&_ss=c | Status: 200
2025-09-16 14:18:38,382 [INFO] Visiting: https://carbon38.com/en-in/products/oversized-raglan-sleeve-top-w-tube-scarf-snow-white?_pos=194&_fid=863617283&_ss=c | Status: 200
2025-09-16 14:18:38,573 [INFO] Visiting: https://carbon38.com/en-in/products/peplum-zip-up-black?_pos=197&_fid=863617283&_ss=c | Status: 200
2025-09-16 14:18:40,278 [INFO] Saved: https://carbon38.com/en-in/products/vaill-boo-sweater-natural?_pos=195&_fid=863617283&_ss=c
2025-09-16 14:18:40,550 [INFO] Saved: https://carbon38.com/en-in/products/oversized-raglan-sleeve-top-w-tube-scarf-snow-white?_pos=194&_fid=863617283&_ss=c
2025-09-16 14:18:40,922 [INFO] Saved: https://carbon38.com/en-in/products/logo-sweatshirt-faded-black?_pos=198&_fid=863617283&_ss=c
2025-09-16 14:18:41,014 [INFO] Saved: https://carbon38.com/en-in/products/peplum-zip-up-black?_pos=197&_fid=863617283&_ss=c
2025-09-16 14:18:42,587 [INFO] Visiting: https://carbon38.com/en-in/products/long-sleeve-ballet-wrap-black?_pos=199&_fid=863617283&_ss=c | Status: 200
2025-09-16 14:18:44,508 [INFO] Saved: https://carbon38.com/en-in/products/nomai-ruched-zip-hoodie-heather-grey?_pos=196&_fid=863617283&_ss=c
2025-09-16 14:18:44,792 [INFO] Visiting: https://carbon38.com/en-in/products/louise-ski-pully-black?_pos=200&_fid=863617283&_ss=c | Status: 200
2025-09-16 14:18:46,832 [INFO] Saved: https://carbon38.com/en-in/products/long-sleeve-ballet-wrap-black?_pos=199&_fid=863617283&_ss=c
2025-09-16 14:18:50,995 [INFO] Visiting: https://carbon38.com/en-in/products/benton-best-day-every-sweater-silver-fox-silver?_pos=201&_fid=863617283&_ss=c | Status: 200
2025-09-16 14:18:51,172 [INFO] Visiting: https://carbon38.com/en-in/products/mock-neck-coreset-zip-top-lavender-grey?_pos=202&_fid=863617283&_ss=c | Status: 200
2025-09-16 14:18:51,434 [INFO] Visiting: https://carbon38.com/en-in/products/crewneck-sweatshirt-rainbow-lilla-arancio-lime?_pos=204&_fid=863617283&_ss=c | Status: 200
2025-09-16 14:18:51,645 [INFO] Visiting: https://carbon38.com/en-in/products/crewneck-sweater-orange-mulitcolor-gradient-sm9en?_pos=203&_fid=863617283&_ss=c | Status: 200
2025-09-16 14:18:52,333 [INFO] Saved: https://carbon38.com/en-in/products/louise-ski-pully-black?_pos=200&_fid=863617283&_ss=c
2025-09-16 14:18:52,935 [INFO] Saved: https://carbon38.com/en-in/products/benton-best-day-every-sweater-silver-fox-silver?_pos=201&_fid=863617283&_ss=c
2025-09-16 14:18:53,449 [INFO] Saved: https://carbon38.com/en-in/products/mock-neck-coreset-zip-top-lavender-grey?_pos=202&_fid=863617283&_ss=c
2025-09-16 14:18:54,972 [INFO] Saved: https://carbon38.com/en-in/products/crewneck-sweater-orange-mulitcolor-gradient-sm9en?_pos=203&_fid=863617283&_ss=c
2025-09-16 14:18:55,020 [INFO] Visiting: https://carbon38.com/en-in/products/racer-tailored-terry-tank-top-true-navy?_pos=205&_fid=863617283&_ss=c | Status: 200
2025-09-16 14:18:56,044 [INFO] Saved: https://carbon38.com/en-in/products/crewneck-sweatshirt-rainbow-lilla-arancio-lime?_pos=204&_fid=863617283&_ss=c
2025-09-16 14:18:56,474 [INFO] Visiting: https://carbon38.com/en-in/products/lafayette-top-navy?_pos=206&_fid=863617283&_ss=c | Status: 200
2025-09-16 14:18:58,658 [INFO] Saved: https://carbon38.com/en-in/products/racer-tailored-terry-tank-top-true-navy?_pos=205&_fid=863617283&_ss=c
2025-09-16 14:19:02,104 [INFO] Saved: https://carbon38.com/en-in/products/lafayette-top-navy?_pos=206&_fid=863617283&_ss=c
2025-09-16 14:19:03,581 [INFO] Visiting: https://carbon38.com/en-in/products/long-sleeve-top-in-melt-ponderosa-pine?_pos=210&_fid=863617283&_ss=c | Status: 200
2025-09-16 14:19:03,780 [INFO] Visiting: https://carbon38.com/en-in/products/olympia-top-alps-blue?_pos=207&_fid=863617283&_ss=c | Status: 200
2025-09-16 14:19:04,678 [INFO] Visiting: https://carbon38.com/en-in/products/vivienne-ski-pully-cream?_pos=209&_fid=863617283&_ss=c | Status: 200
2025-09-16 14:19:04,723 [INFO] Visiting: https://carbon38.com/en-in/products/half-zip-boucle-pullover-caribou?_pos=208&_fid=863617283&_ss=c | Status: 200
2025-09-16 14:19:06,364 [INFO] Saved: https://carbon38.com/en-in/products/olympia-top-alps-blue?_pos=207&_fid=863617283&_ss=c
2025-09-16 14:19:06,821 [INFO] Saved: https://carbon38.com/en-in/products/long-sleeve-top-in-melt-ponderosa-pine?_pos=210&_fid=863617283&_ss=c
2025-09-16 14:19:06,887 [INFO] Visiting: https://carbon38.com/en-in/products/mesh-tee-shirt-ponderosa-pine?_pos=211&_fid=863617283&_ss=c | Status: 200
2025-09-16 14:19:08,197 [INFO] Saved: https://carbon38.com/en-in/products/half-zip-boucle-pullover-caribou?_pos=208&_fid=863617283&_ss=c
2025-09-16 14:19:09,964 [INFO] Visiting: https://carbon38.com/en-in/products/holiday-roll-neck-red-white?_pos=212&_fid=863617283&_ss=c | Status: 200
2025-09-16 14:19:10,524 [INFO] Visiting: https://carbon38.com/en-in/products/monroe-cardigan-burgundy?_pos=213&_fid=863617283&_ss=c | Status: 200
2025-09-16 14:19:10,888 [INFO] Saved: https://carbon38.com/en-in/products/vivienne-ski-pully-cream?_pos=209&_fid=863617283&_ss=c
2025-09-16 14:19:10,975 [INFO] Saved: https://carbon38.com/en-in/products/mesh-tee-shirt-ponderosa-pine?_pos=211&_fid=863617283&_ss=c
2025-09-16 14:19:12,948 [INFO] Visiting: https://carbon38.com/en-in/products/club38-sweater-vest-ivory-navy-red?_pos=214&_fid=863617283&_ss=c | Status: 200
2025-09-16 14:19:14,348 [INFO] Saved: https://carbon38.com/en-in/products/holiday-roll-neck-red-white?_pos=212&_fid=863617283&_ss=c
2025-09-16 14:19:15,765 [INFO] Visiting: https://carbon38.com/en-in/products/carving-air-sweater-black-snow-white?_pos=215&_fid=863617283&_ss=c | Status: 200
2025-09-16 14:19:16,205 [INFO] Saved: https://carbon38.com/en-in/products/club38-sweater-vest-ivory-navy-red?_pos=214&_fid=863617283&_ss=c
2025-09-16 14:19:16,207 [INFO] Visiting: https://carbon38.com/en-in/products/pearl-necklace-tank-black?_pos=216&_fid=863617283&_ss=c | Status: 200
2025-09-16 14:19:16,389 [INFO] Saved: https://carbon38.com/en-in/products/monroe-cardigan-burgundy?_pos=213&_fid=863617283&_ss=c
2025-09-16 14:19:19,616 [INFO] Saved: https://carbon38.com/en-in/products/carving-air-sweater-black-snow-white?_pos=215&_fid=863617283&_ss=c
2025-09-16 14:19:19,790 [INFO] Saved: https://carbon38.com/en-in/products/pearl-necklace-tank-black?_pos=216&_fid=863617283&_ss=c
2025-09-16 14:19:21,467 [INFO] Visiting: https://carbon38.com/en-in/products/wool-blend-slouchy-knit-sweater-black-white-stripe?_pos=217&_fid=863617283&_ss=c | Status: 200
2025-09-16 14:19:21,581 [INFO] Visiting: https://carbon38.com/en-in/products/half-zip-asymmetrical-pullover-moonbeam-heather?_pos=219&_fid=863617283&_ss=c | Status: 200
2025-09-16 14:19:21,602 [INFO] Visiting: https://carbon38.com/en-in/products/cap-sleeve-top-black?_pos=218&_fid=863617283&_ss=c | Status: 200
2025-09-16 14:19:24,697 [INFO] Saved: https://carbon38.com/en-in/products/cap-sleeve-top-black?_pos=218&_fid=863617283&_ss=c
2025-09-16 14:19:24,896 [INFO] Visiting: https://carbon38.com/en-in/products/crop-blazer-cream?_pos=220&_fid=863617283&_ss=c | Status: 200
2025-09-16 14:19:25,078 [INFO] Saved: https://carbon38.com/en-in/products/wool-blend-slouchy-knit-sweater-black-white-stripe?_pos=217&_fid=863617283&_ss=c
2025-09-16 14:19:25,193 [INFO] Saved: https://carbon38.com/en-in/products/half-zip-asymmetrical-pullover-moonbeam-heather?_pos=219&_fid=863617283&_ss=c
2025-09-16 14:19:27,022 [INFO] Visiting: https://carbon38.com/en-in/products/delilah-top-cream?_pos=221&_fid=863617283&_ss=c | Status: 200
2025-09-16 14:19:28,333 [INFO] Saved: https://carbon38.com/en-in/products/crop-blazer-cream?_pos=220&_fid=863617283&_ss=c
2025-09-16 14:19:30,445 [INFO] Visiting: https://carbon38.com/en-in/products/timberley-half-zip-midlayer-cement-marl?_pos=222&_fid=863617283&_ss=c | Status: 200
2025-09-16 14:19:30,873 [INFO] Visiting: https://carbon38.com/en-in/products/alison-pullover-multi?_pos=223&_fid=863617283&_ss=c | Status: 200
2025-09-16 14:19:31,047 [INFO] Visiting: https://carbon38.com/en-in/products/long-sleeve-wrap-top-crimson-red?_pos=224&_fid=863617283&_ss=c | Status: 200
2025-09-16 14:19:33,186 [INFO] Saved: https://carbon38.com/en-in/products/delilah-top-cream?_pos=221&_fid=863617283&_ss=c
2025-09-16 14:19:34,178 [INFO] Saved: https://carbon38.com/en-in/products/timberley-half-zip-midlayer-cement-marl?_pos=222&_fid=863617283&_ss=c
2025-09-16 14:19:34,507 [INFO] Saved: https://carbon38.com/en-in/products/long-sleeve-wrap-top-crimson-red?_pos=224&_fid=863617283&_ss=c
2025-09-16 14:19:34,678 [INFO] Visiting: https://carbon38.com/en-in/products/raglan-pullover-in-velour-blush?_pos=225&_fid=863617283&_ss=c | Status: 200
2025-09-16 14:19:38,792 [INFO] Visiting: https://carbon38.com/en-in/products/rosette-long-sleeve-top-in-melt-black-w-white-rosette?_pos=226&_fid=863617283&_ss=c | Status: 200
2025-09-16 14:19:39,047 [INFO] Saved: https://carbon38.com/en-in/products/raglan-pullover-in-velour-blush?_pos=225&_fid=863617283&_ss=c
2025-09-16 14:19:39,429 [INFO] Visiting: https://carbon38.com/en-in/products/rosette-longline-sweater-black?_pos=227&_fid=863617283&_ss=c | Status: 200
2025-09-16 14:19:39,450 [INFO] Visiting: https://carbon38.com/en-in/products/mesh-tee-shirt-black?_pos=228&_fid=863617283&_ss=c | Status: 200
2025-09-16 14:19:41,396 [INFO] Saved: https://carbon38.com/en-in/products/alison-pullover-multi?_pos=223&_fid=863617283&_ss=c
2025-09-16 14:19:44,064 [INFO] Saved: https://carbon38.com/en-in/products/mesh-tee-shirt-black?_pos=228&_fid=863617283&_ss=c
2025-09-16 14:19:44,705 [INFO] Saved: https://carbon38.com/en-in/products/rosette-longline-sweater-black?_pos=227&_fid=863617283&_ss=c
2025-09-16 14:19:46,071 [INFO] Visiting: https://carbon38.com/en-in/products/liquid-metallic-bodysuit-silver?_pos=230&_fid=863617283&_ss=c | Status: 200
2025-09-16 14:19:46,159 [INFO] Visiting: https://carbon38.com/en-in/products/liquid-metallic-long-sleeve-top-silver?_pos=229&_fid=863617283&_ss=c | Status: 200
2025-09-16 14:19:46,446 [INFO] Saved: https://carbon38.com/en-in/products/rosette-long-sleeve-top-in-melt-black-w-white-rosette?_pos=226&_fid=863617283&_ss=c
2025-09-16 14:19:49,005 [INFO] Visiting: https://carbon38.com/en-in/products/raglan-pullover-in-velour-charcoal-grey?_pos=231&_fid=863617283&_ss=c | Status: 200
2025-09-16 14:19:49,288 [INFO] Saved: https://carbon38.com/en-in/products/liquid-metallic-long-sleeve-top-silver?_pos=229&_fid=863617283&_ss=c
2025-09-16 14:19:49,423 [INFO] Saved: https://carbon38.com/en-in/products/liquid-metallic-bodysuit-silver?_pos=230&_fid=863617283&_ss=c
2025-09-16 14:19:51,419 [INFO] Visiting: https://carbon38.com/en-in/products/sheer-turtleneck-sweater-black?_pos=232&_fid=863617283&_ss=c | Status: 200
2025-09-16 14:19:51,751 [INFO] Saved: https://carbon38.com/en-in/products/raglan-pullover-in-velour-charcoal-grey?_pos=231&_fid=863617283&_ss=c
2025-09-16 14:19:53,532 [INFO] Visiting: https://carbon38.com/en-in/products/pearl-sweatshirt-black-1?_pos=233&_fid=863617283&_ss=c | Status: 200
2025-09-16 14:19:55,100 [INFO] Saved: https://carbon38.com/en-in/products/sheer-turtleneck-sweater-black?_pos=232&_fid=863617283&_ss=c
2025-09-16 14:19:55,287 [INFO] Visiting: https://carbon38.com/en-in/products/off-shoulder-sweatshirt-6-olive?_pos=234&_fid=863617283&_ss=c | Status: 200
2025-09-16 14:19:57,008 [INFO] Visiting: https://carbon38.com/en-in/products/short-sleeve-pocket-tee-olive?_pos=235&_fid=863617283&_ss=c | Status: 200
2025-09-16 14:19:57,252 [INFO] Saved: https://carbon38.com/en-in/products/pearl-sweatshirt-black-1?_pos=233&_fid=863617283&_ss=c
2025-09-16 14:19:59,289 [INFO] Visiting: https://carbon38.com/en-in/products/half-zip-boucle-pullover-off-white-1?_pos=236&_fid=863617283&_ss=c | Status: 200
2025-09-16 14:19:59,455 [INFO] Saved: https://carbon38.com/en-in/products/off-shoulder-sweatshirt-6-olive?_pos=234&_fid=863617283&_ss=c
2025-09-16 14:19:59,506 [INFO] Saved: https://carbon38.com/en-in/products/short-sleeve-pocket-tee-olive?_pos=235&_fid=863617283&_ss=c
2025-09-16 14:20:01,552 [INFO] Visiting: https://carbon38.com/en-in/products/wool-blend-slouchy-knit-sweater-off-white?_pos=237&_fid=863617283&_ss=c | Status: 200
2025-09-16 14:20:02,239 [INFO] Saved: https://carbon38.com/en-in/products/half-zip-boucle-pullover-off-white-1?_pos=236&_fid=863617283&_ss=c
2025-09-16 14:20:04,303 [INFO] Visiting: https://carbon38.com/en-in/products/asymmetrical-sweater-top-ivory?_pos=238&_fid=863617283&_ss=c | Status: 200
2025-09-16 14:20:05,037 [INFO] Saved: https://carbon38.com/en-in/products/wool-blend-slouchy-knit-sweater-off-white?_pos=237&_fid=863617283&_ss=c
2025-09-16 14:20:05,555 [INFO] Visiting: https://carbon38.com/en-in/products/cap-sleeve-top-white?_pos=239&_fid=863617283&_ss=c | Status: 200
2025-09-16 14:20:06,779 [INFO] Visiting: https://carbon38.com/en-in/products/long-sleeve-wrap-top-white?_pos=240&_fid=863617283&_ss=c | Status: 200
2025-09-16 14:20:08,494 [ERROR] Failed to load https://carbon38.com/en-in/products/pullover-sweatshirt-heather-grey?_pos=242&_fid=863617283&_ss=c: Page.goto: net::ERR_QUIC_PROTOCOL_ERROR at https://carbon38.com/en-in/products/pullover-sweatshirt-heather-grey?_pos=242&_fid=863617283&_ss=c
Call log:
  - navigating to "https://carbon38.com/en-in/products/pullover-sweatshirt-heather-grey?_pos=242&_fid=863617283&_ss=c", waiting until "domcontentloaded"

2025-09-16 14:20:08,494 [WARNING] Retrying https://carbon38.com/en-in/products/pullover-sweatshirt-heather-grey?_pos=242&_fid=863617283&_ss=c (attempt 1/3)...
2025-09-16 14:20:09,255 [INFO] Saved: https://carbon38.com/en-in/products/cap-sleeve-top-white?_pos=239&_fid=863617283&_ss=c
2025-09-16 14:20:09,329 [INFO] Visiting: https://carbon38.com/en-in/products/perfect-active-tee-dede-ski-print?_pos=241&_fid=863617283&_ss=c | Status: 200
2025-09-16 14:20:09,434 [INFO] Saved: https://carbon38.com/en-in/products/asymmetrical-sweater-top-ivory?_pos=238&_fid=863617283&_ss=c
2025-09-16 14:20:11,402 [INFO] Saved: https://carbon38.com/en-in/products/perfect-active-tee-dede-ski-print?_pos=241&_fid=863617283&_ss=c
2025-09-16 14:20:11,691 [INFO] Visiting: https://carbon38.com/en-in/products/zip-long-sleeve-run-top?_pos=243&_fid=863617283&_ss=c | Status: 200
2025-09-16 14:20:11,932 [INFO] Visiting: https://carbon38.com/en-in/products/pearl-necklace-tank-lavender-grey?_pos=244&_fid=863617283&_ss=c | Status: 200
2025-09-16 14:20:14,094 [INFO] Visiting: https://carbon38.com/en-in/products/mesh-long-sleeve-top?_pos=245&_fid=863617283&_ss=c | Status: 200
2025-09-16 14:20:14,698 [INFO] Saved: https://carbon38.com/en-in/products/long-sleeve-wrap-top-white?_pos=240&_fid=863617283&_ss=c
2025-09-16 14:20:15,004 [INFO] Visiting: https://carbon38.com/en-in/products/pullover-sweatshirt-heather-grey?_pos=242&_fid=863617283&_ss=c | Status: 200
2025-09-16 14:20:15,237 [INFO] Saved: https://carbon38.com/en-in/products/zip-long-sleeve-run-top?_pos=243&_fid=863617283&_ss=c
2025-09-16 14:20:15,717 [INFO] Saved: https://carbon38.com/en-in/products/pearl-necklace-tank-lavender-grey?_pos=244&_fid=863617283&_ss=c
2025-09-16 14:20:17,296 [INFO] Visiting: https://carbon38.com/en-in/products/long-sleeve-ballet-wrap-burnt-sienna-1?_pos=246&_fid=863617283&_ss=c | Status: 200
2025-09-16 14:20:18,111 [INFO] Saved: https://carbon38.com/en-in/products/mesh-long-sleeve-top?_pos=245&_fid=863617283&_ss=c
2025-09-16 14:20:18,919 [INFO] Visiting: https://carbon38.com/en-in/products/cross-over-sweater-burnt-sienna?_pos=247&_fid=863617283&_ss=c | Status: 200
2025-09-16 14:20:19,122 [INFO] Saved: https://carbon38.com/en-in/products/pullover-sweatshirt-heather-grey?_pos=242&_fid=863617283&_ss=c
2025-09-16 14:20:19,731 [INFO] Visiting: https://carbon38.com/en-in/products/short-sleeve-pocket-tee-merlot?_pos=248&_fid=863617283&_ss=c | Status: 200
2025-09-16 14:20:21,556 [INFO] Saved: https://carbon38.com/en-in/products/long-sleeve-ballet-wrap-burnt-sienna-1?_pos=246&_fid=863617283&_ss=c
2025-09-16 14:20:22,039 [INFO] Saved: https://carbon38.com/en-in/products/cross-over-sweater-burnt-sienna?_pos=247&_fid=863617283&_ss=c
2025-09-16 14:20:22,207 [INFO] Visiting: https://carbon38.com/en-in/products/slouchy-knit-sweater-black?_pos=249&_fid=863617283&_ss=c | Status: 200
2025-09-16 14:20:22,762 [INFO] Visiting: https://carbon38.com/en-in/products/tuxedo-mock-neck-top-black?_pos=250&_fid=863617283&_ss=c | Status: 200
2025-09-16 14:20:23,010 [INFO] Saved: https://carbon38.com/en-in/products/short-sleeve-pocket-tee-merlot?_pos=248&_fid=863617283&_ss=c
2025-09-16 14:20:24,571 [INFO] Visiting: https://carbon38.com/en-in/products/stripe-puff-sleeve-sweater-stone-black?_pos=251&_fid=863617283&_ss=c | Status: 200
2025-09-16 14:20:25,385 [INFO] Saved: https://carbon38.com/en-in/products/slouchy-knit-sweater-black?_pos=249&_fid=863617283&_ss=c
2025-09-16 14:20:25,554 [INFO] Saved: https://carbon38.com/en-in/products/tuxedo-mock-neck-top-black?_pos=250&_fid=863617283&_ss=c
2025-09-16 14:20:26,026 [INFO] Visiting: https://carbon38.com/en-in/products/fringe-tank-black?_pos=252&_fid=863617283&_ss=c | Status: 200
2025-09-16 14:20:27,218 [INFO] Visiting: https://carbon38.com/en-in/products/crochet-off-shoulder-sweatshirt-black?_pos=253&_fid=863617283&_ss=c | Status: 200
2025-09-16 14:20:28,400 [INFO] Saved: https://carbon38.com/en-in/products/stripe-puff-sleeve-sweater-stone-black?_pos=251&_fid=863617283&_ss=c
2025-09-16 14:20:29,363 [INFO] Saved: https://carbon38.com/en-in/products/fringe-tank-black?_pos=252&_fid=863617283&_ss=c
2025-09-16 14:20:30,162 [INFO] Visiting: https://carbon38.com/en-in/products/stripe-puff-sleeve-sweater-cream-black?_pos=254&_fid=863617283&_ss=c | Status: 200
2025-09-16 14:20:30,222 [INFO] Visiting: https://carbon38.com/en-in/products/high-neck-laser-cut-tank-black?_pos=255&_fid=863617283&_ss=c | Status: 200
2025-09-16 14:20:31,119 [INFO] Saved: https://carbon38.com/en-in/products/crochet-off-shoulder-sweatshirt-black?_pos=253&_fid=863617283&_ss=c
2025-09-16 14:20:33,482 [INFO] Saved: https://carbon38.com/en-in/products/high-neck-laser-cut-tank-black?_pos=255&_fid=863617283&_ss=c
2025-09-16 14:20:33,669 [INFO] Saved: https://carbon38.com/en-in/products/stripe-puff-sleeve-sweater-cream-black?_pos=254&_fid=863617283&_ss=c
2025-09-16 14:20:33,949 [INFO] Visiting: https://carbon38.com/en-in/products/oversized-off-shoulder-sweater-off-white?_pos=256&_fid=863617283&_ss=c | Status: 200
2025-09-16 14:20:34,914 [INFO] Visiting: https://carbon38.com/en-in/products/long-sleeve-ballet-wrap-charlock?_pos=257&_fid=863617283&_ss=c | Status: 200
2025-09-16 14:20:35,061 [INFO] Visiting: https://carbon38.com/en-in/products/colorblock-high-neck-tank-cornet-blue-charlock?_pos=258&_fid=863617283&_ss=c | Status: 200
2025-09-16 14:20:36,929 [INFO] Saved: https://carbon38.com/en-in/products/oversized-off-shoulder-sweater-off-white?_pos=256&_fid=863617283&_ss=c
2025-09-16 14:20:37,471 [INFO] Saved: https://carbon38.com/en-in/products/long-sleeve-ballet-wrap-charlock?_pos=257&_fid=863617283&_ss=c
2025-09-16 14:20:38,320 [INFO] Visiting: https://carbon38.com/en-in/products/strappy-tank-charlock?_pos=259&_fid=863617283&_ss=c | Status: 200
2025-09-16 14:20:38,537 [INFO] Visiting: https://carbon38.com/en-in/products/one-shoulder-tank-quiet-harbor?_pos=260&_fid=863617283&_ss=c | Status: 200
2025-09-16 14:20:39,793 [INFO] Saved: https://carbon38.com/en-in/products/colorblock-high-neck-tank-cornet-blue-charlock?_pos=258&_fid=863617283&_ss=c
2025-09-16 14:20:40,429 [INFO] Visiting: https://carbon38.com/en-in/products/short-sleeve-pocket-tee-quiet-harbor?_pos=261&_fid=863617283&_ss=c | Status: 200
2025-09-16 14:20:41,832 [INFO] Saved: https://carbon38.com/en-in/products/strappy-tank-charlock?_pos=259&_fid=863617283&_ss=c
2025-09-16 14:20:42,154 [INFO] Saved: https://carbon38.com/en-in/products/one-shoulder-tank-quiet-harbor?_pos=260&_fid=863617283&_ss=c
2025-09-16 14:20:42,312 [INFO] Visiting: https://carbon38.com/en-in/products/long-sleeve-ballet-wrap-red-dahlia?_pos=262&_fid=863617283&_ss=c | Status: 200
2025-09-16 14:20:42,884 [INFO] Visiting: https://carbon38.com/en-in/products/colorblock-high-neck-tank-navy-red-dahlia?_pos=263&_fid=863617283&_ss=c | Status: 200
2025-09-16 14:20:44,323 [INFO] Saved: https://carbon38.com/en-in/products/short-sleeve-pocket-tee-quiet-harbor?_pos=261&_fid=863617283&_ss=c
2025-09-16 14:20:44,579 [INFO] Visiting: https://carbon38.com/en-in/products/pullover-sweatshirt-navy-blazer?_pos=264&_fid=863617283&_ss=c | Status: 200
2025-09-16 14:20:45,786 [INFO] Saved: https://carbon38.com/en-in/products/long-sleeve-ballet-wrap-red-dahlia?_pos=262&_fid=863617283&_ss=c
2025-09-16 14:20:46,466 [INFO] Visiting: https://carbon38.com/en-in/products/short-sleeve-ruched-tee-white?_pos=265&_fid=863617283&_ss=c | Status: 200
2025-09-16 14:20:46,591 [INFO] Saved: https://carbon38.com/en-in/products/colorblock-high-neck-tank-navy-red-dahlia?_pos=263&_fid=863617283&_ss=c
2025-09-16 14:20:47,836 [INFO] Saved: https://carbon38.com/en-in/products/pullover-sweatshirt-navy-blazer?_pos=264&_fid=863617283&_ss=c
2025-09-16 14:20:48,190 [INFO] Visiting: https://carbon38.com/en-in/products/one-shoulder-convertible-bra-top-snow-leopard?_pos=266&_fid=863617283&_ss=c | Status: 200
2025-09-16 14:20:49,943 [INFO] Visiting: https://carbon38.com/en-in/products/puff-sleeve-tee-white?_pos=267&_fid=863617283&_ss=c | Status: 200
2025-09-16 14:20:50,405 [INFO] Saved: https://carbon38.com/en-in/products/short-sleeve-ruched-tee-white?_pos=265&_fid=863617283&_ss=c
2025-09-16 14:20:50,795 [INFO] Visiting: https://carbon38.com/en-in/products/short-sleeve-collared-cardigan-white?_pos=268&_fid=863617283&_ss=c | Status: 200
2025-09-16 14:20:51,555 [INFO] Visiting: https://carbon38.com/en-in/products/short-sleeve-collared-cardigan-navy?_pos=269&_fid=863617283&_ss=c | Status: 200
2025-09-16 14:20:52,326 [INFO] Saved: https://carbon38.com/en-in/products/one-shoulder-convertible-bra-top-snow-leopard?_pos=266&_fid=863617283&_ss=c
2025-09-16 14:20:53,418 [INFO] Saved: https://carbon38.com/en-in/products/puff-sleeve-tee-white?_pos=267&_fid=863617283&_ss=c
2025-09-16 14:20:53,777 [INFO] Visiting: https://carbon38.com/en-in/products/colorblock-high-neck-tank-navy-digital-green?_pos=270&_fid=863617283&_ss=c | Status: 200
2025-09-16 14:20:54,811 [INFO] Saved: https://carbon38.com/en-in/products/short-sleeve-collared-cardigan-white?_pos=268&_fid=863617283&_ss=c
2025-09-16 14:20:55,600 [INFO] Saved: https://carbon38.com/en-in/products/short-sleeve-collared-cardigan-navy?_pos=269&_fid=863617283&_ss=c
2025-09-16 14:20:56,199 [INFO] Visiting: https://carbon38.com/en-in/products/short-sleeve-off-shoulder-sweatshirt-granite-green?_pos=271&_fid=863617283&_ss=c | Status: 200
2025-09-16 14:20:57,001 [INFO] Visiting: https://carbon38.com/en-in/products/short-sleeve-off-shoulder-sweatshirt-malachite?_pos=272&_fid=863617283&_ss=c | Status: 200
2025-09-16 14:20:57,519 [INFO] Saved: https://carbon38.com/en-in/products/colorblock-high-neck-tank-navy-digital-green?_pos=270&_fid=863617283&_ss=c
2025-09-16 14:20:59,660 [INFO] Saved: https://carbon38.com/en-in/products/short-sleeve-off-shoulder-sweatshirt-granite-green?_pos=271&_fid=863617283&_ss=c
2025-09-16 14:21:00,507 [INFO] Saved: https://carbon38.com/en-in/products/short-sleeve-off-shoulder-sweatshirt-malachite?_pos=272&_fid=863617283&_ss=c
2025-09-16 14:21:00,917 [INFO] Visiting: https://carbon38.com/en-in/products/strappy-tank-in-melt-tomato-puree?_pos=273&_fid=863617283&_ss=c | Status: 200
2025-09-16 14:21:01,583 [INFO] Visiting: https://carbon38.com/en-in/products/long-racerback-tank-honeysuckle?_pos=274&_fid=863617283&_ss=c | Status: 200
2025-09-16 14:21:01,894 [INFO] Visiting: https://carbon38.com/en-in/products/short-sleeve-pocket-tee-silversage?_pos=275&_fid=863617283&_ss=c | Status: 200
2025-09-16 14:21:03,299 [INFO] Visiting: https://carbon38.com/en-in/products/one-shoulder-tank-hawthorn-rose-heather?_pos=276&_fid=863617283&_ss=c | Status: 200
2025-09-16 14:21:04,251 [INFO] Saved: https://carbon38.com/en-in/products/long-racerback-tank-honeysuckle?_pos=274&_fid=863617283&_ss=c
2025-09-16 14:21:04,258 [INFO] Saved: https://carbon38.com/en-in/products/strappy-tank-in-melt-tomato-puree?_pos=273&_fid=863617283&_ss=c
2025-09-16 14:21:04,933 [INFO] Saved: https://carbon38.com/en-in/products/short-sleeve-pocket-tee-silversage?_pos=275&_fid=863617283&_ss=c
2025-09-16 14:21:05,889 [INFO] Visiting: https://carbon38.com/en-in/products/long-sleeve-t-shirt-red-blue-space?_pos=277&_fid=863617283&_ss=c | Status: 200
2025-09-16 14:21:06,629 [INFO] Saved: https://carbon38.com/en-in/products/one-shoulder-tank-hawthorn-rose-heather?_pos=276&_fid=863617283&_ss=c
2025-09-16 14:21:08,341 [INFO] Saved: https://carbon38.com/en-in/products/long-sleeve-t-shirt-red-blue-space?_pos=277&_fid=863617283&_ss=c
2025-09-16 14:21:08,982 [INFO] Visiting: https://carbon38.com/en-in/products/reversible-boucle-sweater-off-white?_pos=278&_fid=863617283&_ss=c | Status: 200
2025-09-16 14:21:09,479 [INFO] Visiting: https://carbon38.com/en-in/products/ribbed-tank-1-white?_pos=279&_fid=863617283&_ss=c | Status: 200
2025-09-16 14:21:09,596 [INFO] Visiting: https://carbon38.com/en-in/products/top-multicolor-blue-green-and-orange-tones?_pos=280&_fid=863617283&_ss=c | Status: 200
2025-09-16 14:21:11,534 [INFO] Saved: https://carbon38.com/en-in/products/reversible-boucle-sweater-off-white?_pos=278&_fid=863617283&_ss=c
2025-09-16 14:21:11,865 [INFO] Saved: https://carbon38.com/en-in/products/top-multicolor-blue-green-and-orange-tones?_pos=280&_fid=863617283&_ss=c
2025-09-16 14:21:12,201 [INFO] Visiting: https://carbon38.com/en-in/products/fringe-mock-neck-white?_pos=281&_fid=863617283&_ss=c | Status: 200
2025-09-16 14:21:12,561 [INFO] Saved: https://carbon38.com/en-in/products/ribbed-tank-1-white?_pos=279&_fid=863617283&_ss=c
2025-09-16 14:21:12,618 [INFO] Visiting: https://carbon38.com/en-in/products/sleeveless-mock-neck-top-white?_pos=282&_fid=863617283&_ss=c | Status: 200
2025-09-16 14:21:15,113 [INFO] Visiting: https://carbon38.com/en-in/products/zip-long-sleeve-run-top-charcoal-grey?_pos=283&_fid=863617283&_ss=c | Status: 200
2025-09-16 14:21:15,620 [INFO] Saved: https://carbon38.com/en-in/products/fringe-mock-neck-white?_pos=281&_fid=863617283&_ss=c
2025-09-16 14:21:15,663 [INFO] Saved: https://carbon38.com/en-in/products/sleeveless-mock-neck-top-white?_pos=282&_fid=863617283&_ss=c
2025-09-16 14:21:17,038 [INFO] Visiting: https://carbon38.com/en-in/products/cassia-polo-papaya?_pos=284&_fid=863617283&_ss=c | Status: 200
2025-09-16 14:21:17,075 [INFO] Visiting: https://carbon38.com/en-in/products/ribbed-tank-1-black?_pos=285&_fid=863617283&_ss=c | Status: 200
2025-09-16 14:21:18,714 [INFO] Saved: https://carbon38.com/en-in/products/zip-long-sleeve-run-top-charcoal-grey?_pos=283&_fid=863617283&_ss=c
2025-09-16 14:21:21,492 [INFO] Saved: https://carbon38.com/en-in/products/ribbed-tank-1-black?_pos=285&_fid=863617283&_ss=c
2025-09-16 14:21:22,282 [INFO] Visiting: https://carbon38.com/en-in/products/rhinestone-oversized-button-up-shirt-blue-with-silver-rhinestones?_pos=287&_fid=863617283&_ss=c | Status: 200
2025-09-16 14:21:22,576 [INFO] Visiting: https://carbon38.com/en-in/products/puff-sleeve-tee-muted-clay?_pos=286&_fid=863617283&_ss=c | Status: 200
2025-09-16 14:21:22,579 [INFO] Visiting: https://carbon38.com/en-in/products/colorblock-high-neck-tank-silversage-acid-lime?_pos=288&_fid=863617283&_ss=c | Status: 200
2025-09-16 14:21:23,924 [INFO] Saved: https://carbon38.com/en-in/products/cassia-polo-papaya?_pos=284&_fid=863617283&_ss=c
2025-09-16 14:21:24,428 [INFO] Visiting: https://carbon38.com/en-in/products/colorblock-half-zip-top-silversage-acid-lime?_pos=289&_fid=1013f1063&_ss=c | Status: 200
2025-09-16 14:21:24,711 [INFO] Saved: https://carbon38.com/en-in/products/rhinestone-oversized-button-up-shirt-blue-with-silver-rhinestones?_pos=287&_fid=863617283&_ss=c
2025-09-16 14:21:25,800 [INFO] Saved: https://carbon38.com/en-in/products/puff-sleeve-tee-muted-clay?_pos=286&_fid=863617283&_ss=c
2025-09-16 14:21:26,861 [INFO] Saved: https://carbon38.com/en-in/products/colorblock-high-neck-tank-silversage-acid-lime?_pos=288&_fid=863617283&_ss=c
2025-09-16 14:21:28,019 [INFO] Visiting: https://carbon38.com/en-in/products/tank-in-diamond-compression-black?_pos=290&_fid=1013f1063&_ss=c | Status: 200
2025-09-16 14:21:29,162 [INFO] Visiting: https://carbon38.com/en-in/products/pleated-back-tank-silver-sage-acid-lime?_pos=291&_fid=1013f1063&_ss=c | Status: 200
2025-09-16 14:21:30,713 [INFO] Saved: https://carbon38.com/en-in/products/colorblock-half-zip-top-silversage-acid-lime?_pos=289&_fid=1013f1063&_ss=c
2025-09-16 14:21:32,603 [INFO] Visiting: https://carbon38.com/en-in/products/sleeveless-mock-neck-top-black?_pos=292&_fid=1013f1063&_ss=c | Status: 200
2025-09-16 14:21:32,819 [INFO] Saved: https://carbon38.com/en-in/products/tank-in-diamond-compression-black?_pos=290&_fid=1013f1063&_ss=c
2025-09-16 14:21:33,644 [INFO] Visiting: https://carbon38.com/en-in/products/long-sleeve-wrap-top-acid-lime?_pos=293&_fid=1013f1063&_ss=c | Status: 200
2025-09-16 14:21:34,219 [INFO] Saved: https://carbon38.com/en-in/products/pleated-back-tank-silver-sage-acid-lime?_pos=291&_fid=1013f1063&_ss=c
2025-09-16 14:21:35,423 [INFO] Visiting: https://carbon38.com/en-in/products/ombre-french-terry-half-zip-cactus-caramel-cafe-to-rose-cloud?_pos=294&_fid=1013f1063&_ss=c | Status: 200
2025-09-16 14:21:37,178 [INFO] Saved: https://carbon38.com/en-in/products/long-sleeve-wrap-top-acid-lime?_pos=293&_fid=1013f1063&_ss=c
2025-09-16 14:21:37,232 [INFO] Saved: https://carbon38.com/en-in/products/sleeveless-mock-neck-top-black?_pos=292&_fid=1013f1063&_ss=c
2025-09-16 14:21:38,546 [INFO] Visiting: https://carbon38.com/en-in/products/twisted-tunic-shirt-white-tan-stripe?_pos=295&_fid=1013f1063&_ss=c | Status: 200
2025-09-16 14:21:39,259 [INFO] Saved: https://carbon38.com/en-in/products/ombre-french-terry-half-zip-cactus-caramel-cafe-to-rose-cloud?_pos=294&_fid=1013f1063&_ss=c
2025-09-16 14:21:39,480 [INFO] Visiting: https://carbon38.com/en-in/products/mesh-off-shoulder-top-black?_pos=296&_fid=1013f1063&_ss=c | Status: 200
2025-09-16 14:21:41,562 [INFO] Saved: https://carbon38.com/en-in/products/twisted-tunic-shirt-white-tan-stripe?_pos=295&_fid=1013f1063&_ss=c
2025-09-16 14:21:43,530 [INFO] Saved: https://carbon38.com/en-in/products/mesh-off-shoulder-top-black?_pos=296&_fid=1013f1063&_ss=c
2025-09-16 14:21:44,987 [INFO] Visiting: https://carbon38.com/en-in/products/mock-neck-s-top-black-white?_pos=299&_fid=1013f1063&_ss=c | Status: 200
2025-09-16 14:21:45,184 [INFO] Visiting: https://carbon38.com/en-in/products/l-s-wrap-neck-shirt-white?_pos=298&_fid=1013f1063&_ss=c | Status: 200
2025-09-16 14:21:45,608 [INFO] Visiting: https://carbon38.com/en-in/products/french-terry-half-zip-clearly-aqua?_pos=297&_fid=1013f1063&_ss=c | Status: 200
2025-09-16 14:21:45,773 [INFO] Visiting: https://carbon38.com/en-in/products/fleece-back-half-zip-top-dark-olive-acid-lime?_pos=300&_fid=1013f1063&_ss=c | Status: 200
2025-09-16 14:21:47,432 [INFO] Visiting: https://carbon38.com/en-in/products/cut-out-halterneck-cami-dark-teal?_pos=301&_fid=1013f1063&_ss=c | Status: 200
2025-09-16 14:21:47,671 [INFO] Saved: https://carbon38.com/en-in/products/l-s-wrap-neck-shirt-white?_pos=298&_fid=1013f1063&_ss=c
2025-09-16 14:21:48,788 [INFO] Saved: https://carbon38.com/en-in/products/mock-neck-s-top-black-white?_pos=299&_fid=1013f1063&_ss=c
2025-09-16 14:21:49,130 [INFO] Saved: https://carbon38.com/en-in/products/french-terry-half-zip-clearly-aqua?_pos=297&_fid=1013f1063&_ss=c
2025-09-16 14:21:50,302 [INFO] Saved: https://carbon38.com/en-in/products/fleece-back-half-zip-top-dark-olive-acid-lime?_pos=300&_fid=1013f1063&_ss=c
2025-09-16 14:21:51,125 [INFO] Visiting: https://carbon38.com/en-in/products/rash-guard-run-top-acid-lime?_pos=302&_fid=1013f1063&_ss=c | Status: 200
2025-09-16 14:21:52,613 [INFO] Saved: https://carbon38.com/en-in/products/cut-out-halterneck-cami-dark-teal?_pos=301&_fid=1013f1063&_ss=c
2025-09-16 14:21:55,292 [INFO] Saved: https://carbon38.com/en-in/products/rash-guard-run-top-acid-lime?_pos=302&_fid=1013f1063&_ss=c
2025-09-16 14:21:57,439 [INFO] Visiting: https://carbon38.com/en-in/products/mimi-long-sleeve-knit-sweater-breton-stripe-cream-blue?_pos=306&_fid=1013f1063&_ss=c | Status: 200
2025-09-16 14:21:57,631 [INFO] Visiting: https://carbon38.com/en-in/products/sweater-cardigan-multi-color?_pos=303&_fid=1013f1063&_ss=c | Status: 200
2025-09-16 14:21:57,739 [INFO] Visiting: https://carbon38.com/en-in/products/woodstock-viva-crochet-top-multi?_pos=305&_fid=1013f1063&_ss=c | Status: 200
2025-09-16 14:21:58,846 [INFO] Visiting: https://carbon38.com/en-in/products/wrap-neck-tank-white?_pos=304&_fid=1013f1063&_ss=c | Status: 200
2025-09-16 14:21:59,131 [INFO] Visiting: https://carbon38.com/en-in/products/classic-soleil-sport-crew-neck-sweatshirt-spectrum-blue-1?_pos=307&_fid=1013f1063&_ss=c | Status: 200
2025-09-16 14:22:01,471 [INFO] Saved: https://carbon38.com/en-in/products/wrap-neck-tank-white?_pos=304&_fid=1013f1063&_ss=c
2025-09-16 14:22:01,669 [INFO] Saved: https://carbon38.com/en-in/products/woodstock-viva-crochet-top-multi?_pos=305&_fid=1013f1063&_ss=c
2025-09-16 14:22:03,921 [INFO] Saved: https://carbon38.com/en-in/products/classic-soleil-sport-crew-neck-sweatshirt-spectrum-blue-1?_pos=307&_fid=1013f1063&_ss=c
2025-09-16 14:22:04,219 [INFO] Saved: https://carbon38.com/en-in/products/sweater-cardigan-multi-color?_pos=303&_fid=1013f1063&_ss=c
2025-09-16 14:22:04,862 [INFO] Visiting: https://carbon38.com/en-in/products/lizette-blouse-black?_pos=310&_fid=1013f1063&_ss=c | Status: 200
2025-09-16 14:22:05,225 [INFO] Visiting: https://carbon38.com/en-in/products/linette-t-shirt-black?_pos=309&_fid=1013f1063&_ss=c | Status: 200
2025-09-16 14:22:08,518 [INFO] Saved: https://carbon38.com/en-in/products/lizette-blouse-black?_pos=310&_fid=1013f1063&_ss=c
2025-09-16 14:22:08,823 [INFO] Saved: https://carbon38.com/en-in/products/mimi-long-sleeve-knit-sweater-breton-stripe-cream-blue?_pos=306&_fid=1013f1063&_ss=c
2025-09-16 14:22:09,268 [INFO] Saved: https://carbon38.com/en-in/products/linette-t-shirt-black?_pos=309&_fid=1013f1063&_ss=c
2025-09-16 14:22:09,990 [INFO] Visiting: https://carbon38.com/en-in/products/drapey-knit-sweatshirt-taupe-heather?_pos=311&_fid=1013f1063&_ss=c | Status: 200
2025-09-16 14:22:10,683 [INFO] Visiting: https://carbon38.com/en-in/products/tennis-pearl-sweater-white?_pos=312&_fid=1013f1063&_ss=c | Status: 200
2025-09-16 14:22:13,405 [INFO] Visiting: https://carbon38.com/en-in/products/super-oversized-boyfriend-nk-shirt-bodysuit-snow-white?_pos=313&_fid=1013f1063&_ss=c | Status: 200
2025-09-16 14:22:13,804 [INFO] Saved: https://carbon38.com/en-in/products/drapey-knit-sweatshirt-taupe-heather?_pos=311&_fid=1013f1063&_ss=c
2025-09-16 14:22:14,059 [INFO] Saved: https://carbon38.com/en-in/products/tennis-pearl-sweater-white?_pos=312&_fid=1013f1063&_ss=c
2025-09-16 14:22:15,930 [INFO] Visiting: https://carbon38.com/en-in/products/off-shoulder-sweatshirt-lavender-grey?_pos=315&_fid=1013f1063&_ss=c | Status: 200
2025-09-16 14:22:16,014 [INFO] Saved: https://carbon38.com/en-in/products/super-oversized-boyfriend-nk-shirt-bodysuit-snow-white?_pos=313&_fid=1013f1063&_ss=c
2025-09-16 14:22:16,118 [INFO] Visiting: https://carbon38.com/en-in/products/mod-tennis-top-deep-lagoon?_pos=314&_fid=1013f1063&_ss=c | Status: 200
2025-09-16 14:22:17,763 [INFO] Saved: https://carbon38.com/en-in/products/mod-tennis-top-deep-lagoon?_pos=314&_fid=1013f1063&_ss=c
2025-09-16 14:22:17,932 [INFO] Saved: https://carbon38.com/en-in/products/off-shoulder-sweatshirt-lavender-grey?_pos=315&_fid=1013f1063&_ss=c
2025-09-16 14:22:18,312 [INFO] Finished scraping 314 products.
2025-09-16 14:22:18,315 [INFO] Execution time: 575.21 seconds
2025-09-16 14:22:18,315 [INFO] Memory usage: 137.43 MB
