Overview:
Today's session focused on advancing El Corte Inglés development with targeted progress on crawler implementation and parser development, while addressing technical challenges through systematic problem-solving. 


El CorteInglés Development Continuation:

    Continued active development of Spanish department store project
    Advanced crawler implementation with enhanced functionality
    Worked on site-specific navigation and data collection logic
    Maintained steady development progress

Task Update & Clarification Meeting:

    Discussed current development progress and status
    Clarified technical doubts and implementation questions
    Addressed development challenges and solution approaches
    Aligned on quality standards and delivery timelines

Crawler Development Advancement:

    Made significant progress on crawler implementation
    Enhanced category navigation and product discovery
    Improved session management and error handling
    Advanced URL collection and pagination logic


Parser Development Implementation:

    Started comprehensive parser development
    Implemented data extraction logic for Spanish market products
    Developed field mapping and validation procedures
    Worked on localization and regional data formatting

Crawler Issue Identification & Fixing:

    Identified and analyzed crawler technical issues
    Implemented systematic debugging and problem-solving
    Applied fixes to resolve identified issues
    Verified issue resolution effectiveness


Tasks Completion Status:
El Corte Inglés Development

Status: DEVELOPMENT IN PROGRESS


