Overview:
Today's session involved comprehensive quality assurance, data optimization, and initiation of a new Aldi UK feasibility analysis. 

Matalan ME Data Export & Testing:

    Executed final data export procedures
    Conducted thorough testing of exported data quality
    Verified data formats, completeness, and accuracy
    Ensured all export functionality meets standards

Task Update & Clarification Meeting:

    Discussed current project status and progress
    Clarified technical doubts and implementation questions
    Addressed data quality concerns and improvement opportunities
    Aligned on delivery timelines and quality expectations

Matalan ME Data Updates:

    Implemented data improvements and optimizations
    Enhanced data validation and cleaning procedures
    Addressed identified data quality issues
    Updated data structures for better consistency
    Updated Data Testing


Current Task Update Meeting:

    Reviewed updated project status and achievements
    Discussed next steps and remaining deliverables
    Addressed any outstanding issues or concerns
    Confirmed project completion readiness

QA Checklist Creation - Data Testing:

    Developed specialized QA checklist for data testing
    Documented data validation criteria and procedures
    Established data quality benchmarks and metrics
    Created comprehensive testing framework

QA Checking Completion:

    Completed systematic QA checking using developed checklist
    Performed final validation of all project components
    Documented QA findings and verification results
    Confirmed all quality standards are met

Matalan ME Project Analysis:

    Conducted comprehensive project analysis and review
    Documented achievements, challenges, and learnings
    Prepared project completion documentation
    Analyzed performance metrics and outcomes

New Task Planning Meeting:

    Discussed upcoming project requirements and priorities
    Planned resource allocation and timeline management
    Addressed quality standards and technical expectations
    Aligned on project approach and methodology

Site Count Check Task:

    Performed systematic site count verification
    Validated data completeness across all processed sites
    Ensured accurate project documentation
    Confirmed all deliverables are accounted for

New Task Assignment - Aldi UK:

    Received new project for UK supermarket chain
    Started feasibility analysis for https://www.aldi.co.uk/
    Initiated technical assessment and requirements analysis
    Began site structure evaluation and complexity assessment

Tasks Completion Status:
1. Matalan ME Quality Assurance
Status: COMPLETED

2. QA Process Enhancement
Status: COMPLETED

3. Aldi UK Feasibility
Status: INITIATED

