Overview :
Today's session focused on completing the Snitch.com site parser development, MongoDB integration, and comprehensive verification. 


Parser Development Initiation:

- Analyzed Snitch.com product page structure and data fields
- Implemented robust parsing logic with multiple fallback strategies
- Developed  field extraction for product variants, images, and metadata


Project Completion & Verification:

- Finalized parser implementation with all required data fields
- Integrated MongoDB database for structured data storage
- Developed separate exporter module with multiple output formats


Project Completion Status: Development Successfully Completed

Snitch Parser Development
Status: COMPLETED

- Product detail extraction fully implemented
- Comprehensive field mapping 
- error handling and data validation
- Support for product variants, sizes, and metadata


Exporter Module
Status: COMPLETED

- Multiple format support 
- Separate export functionality from main pipeline

