 Overview
Today's session involved creating a comprehensive feasibility workflow document, completing FatFace crawler development, parser development and initialized testing. 

Feasibility Workflow Documentation:

 - Created comprehensive feasibility workflow file for FatFace
 - Documented assessment methodology and decision criteria

Crawler Development Completion:

 - Finalized all crawler components and functionality
 - Conducted comprehensive testing of website navigation
 - Verified robust category and product URL collection

Parser Development Initiation:

 - Started implementation of FatFace product parser
 - Set up  parser architecture and data models
 - Implemented initial data extraction logic
 - Established field mapping structure

Parser Development & Testing Continuation:

 - Completed parser code development
 - Conducted code testing of extraction logic
 - Verified data accuracy and field mapping
 - Enhanced error handling and validation procedures

Tasks Completion Status:
1. Feasibility Workflow Documentation
Status: COMPLETED

2. FatFace Crawler Development
Status: COMPLETED

3. FatFace Parser Development
Status: COMPLETED
