Overview
Today's session involved updating BigBasket feasibility, initiating Nykaa development, and successfully completing sample data extraction with additional field enhancements. 

BigBasket Feasibility Updates:

    Implemented updates and refinements to existing feasibility analysis
    Enhanced technical assessment with additional findings
    Updated documentation with improved recommendations
    Ensured feasibility package reflects latest requirements and insights

Nykaa Development Initiation:

    Started active development for beauty/cosmetics e-commerce platform
    Set up project architecture and development framework
    Implemented initial crawler and parser components
    Established development workflow and quality standards

Nykaa Sample Data Extraction:

    Conducted targeted sample data extraction for verification
    Implemented efficient extraction procedures for beauty products
    Verified data quality and extraction accuracy
    Validated development approach effectiveness
    Additional Field Implementation & Sample Extraction
    Added extra data fields based on requirements analysis
    Enhanced data extraction coverage and completeness
    Conducted sample extraction with expanded field set
    Verified additional field integration and data quality

Tasks Completion Status
BigBasket Feasibility Updates
Status: COMPLETED

Nykaa Development & Sample Extraction
Status: COMPLETED
