Overview
Today's session involved analyzing previous Arfigyelo development code, updating Aqar FM feasibility based on mentor feedback, and initiating full development of the Aqar real estate project with both crawler and parser implementation.


Previous Task Analysis 

 - Conducted comprehensive code analysis of Arfigyelo development
 -  Reviewed architectural decisions and implementation approaches

Mentor Meeting - Aqar Project

 - Discussed Aqar FM feasibility updates and refinements
 - Received guidance on real estate platform specific considerations
 - Clarified development requirements and technical approach

Aqar Crawler Development:

 - Started implementation of crawler for Aqar real estate platform
 - Developed specialized navigation for property listings
 - Built category based discovery mechanisms

Aqar Parser Development:

 - Initiated parser implementation for property data extraction
 - Designed data models for real estate listings
 - Implemented field mapping for property specifications


Tasks Completion Status:

Aqar Development
Status: IN PROGRESS

