Overview
Today's session focused on researching data cleaning tools and practical application using OpenRefine. 

Data Cleaning Tools Research;

    Conducted comprehensive research on data cleaning and transformation tools
    Evaluated OpenRefine, Trifacta, Talend, and other data quality platforms
    Assessed features, usability, and integration capabilities
    Documented comparative analysis and suitability for different use cases

Research Continuation:

    Continued in-depth evaluation of data cleaning tools
    Focused on OpenRefine capabilities and advanced features
    Assessed automation and scripting capabilities
    Documented implementation best practices and workflows

Practical Data Cleaning with OpenRefine:

    Implemented hands-on data cleaning using OpenRefine
    Applied transformation and normalization procedures
    Tested clustering, faceting, and reconciliation features
    Cleaned sample datasets from previous scraping projects

Tasks Completion Status
1. Data Cleaning Tools Research
Status: COMPLETED

2. Data clean using OpenRefine 
Status: COMPLETED


