Overview:
Today's session involved completing the REWE feasibility analysis, initiating Qatarliving development, and implementing requested changes to the BIPA project based on mentor feedback. Significant progress was made across multiple projects.


REWE Feasibility Completion:

 - Finalized comprehensive feasibility assessment for REWE
 - Updated feasibility report

Daily Meeting Update:

 - Presented REWE feasibility completion status
 - Discussed site-specific challenges and implemented solutions

Qatarliving Development Initiation:

 - Started development for QP QatarLiving site
 - Set up project structure and initial components

Mentor Meeting - BIPA Project Review:

 - Received feedback on BIPA development
 - Identified areas requiring improvements and changes
 - Discussed optimization strategies and best practices
 - Clarified implementation requirements

BIPA Code Updates:

 - Started implementing requested changes to BIPA project
 - Updated crawler and parser components


Tasks Completion Status:
1. REWE Feasibility Analysis
Status: COMPLETED

2. Qatarliving Development
Status: INITIATED

3. BIPA Project Updates
Status: IN PROGRESS

