2025-09-19 17:24:08,616 [INFO] Starting crawl from https://www2.hm.com/en_in/index.html
2025-09-19 17:24:12,317 [INFO] Response meta: {'url': 'https://www2.hm.com/en_in/index.html', 'timestamp': 1758282852.316447, 'system': {'timestamp': 1758282852.317154, 'rss_bytes': 55214080, 'system_total_mem': 7658299392, 'system_used_percent': 85.4, 'cpu_percent': 16.5}, 'status': 200, 'ok': True, 'url_final': 'https://www2.hm.com/en_in/index.html', 'elapsed_s': 3.699509924997983}
2025-09-19 17:24:12,317 [INFO] Visited https://www2.hm.com/en_in/index.html (status=200, time=3.70s)
2025-09-19 17:24:12,553 [INFO] Found 21 categories
2025-09-19 17:24:13,590 [INFO] Response meta: {'url': 'https://www2.hm.com/en_in/women.html', 'timestamp': 1758282853.5896955, 'system': {'timestamp': 1758282853.590073, 'rss_bytes': 55476224, 'system_total_mem': 7658299392, 'system_used_percent': 84.9, 'cpu_percent': 25.8}, 'status': 200, 'ok': True, 'url_final': 'https://www2.hm.com/en_in/women.html', 'elapsed_s': 1.0360060530001647}
2025-09-19 17:24:13,590 [INFO] Visited https://www2.hm.com/en_in/women.html (status=200, time=1.04s)
2025-09-19 17:24:13,733 [INFO] Found 4 subcategories on https://www2.hm.com/en_in/women.html
2025-09-19 17:24:18,410 [INFO] Response meta: {'url': 'https://www2.hm.com/en_in/women/shop-by-product/dresses.html', 'timestamp': 1758282858.409825, 'system': {'timestamp': 1758282858.4102342, 'rss_bytes': 55476224, 'system_total_mem': 7658299392, 'system_used_percent': 85.6, 'cpu_percent': 17.3}, 'status': 200, 'ok': True, 'url_final': 'https://www2.hm.com/en_in/women/shop-by-product/dresses.html', 'elapsed_s': 4.675749377998727}
2025-09-19 17:24:18,410 [INFO] Visited https://www2.hm.com/en_in/women/shop-by-product/dresses.html (status=200, time=4.68s)
2025-09-19 17:24:20,849 [INFO] Found 100 product listing urls on https://www2.hm.com/en_in/women/shop-by-product/dresses.html
2025-09-19 17:24:22,710 [INFO] Response meta: {'url': 'https://www2.hm.com/en_in/women/shop-by-product/dresses.html?page=1', 'timestamp': 1758282862.709715, 'system': {'timestamp': 1758282862.7101433, 'rss_bytes': 56524800, 'system_total_mem': 7658299392, 'system_used_percent': 85.6, 'cpu_percent': 23.7}, 'status': 200, 'ok': True, 'url_final': 'https://www2.hm.com/en_in/women/shop-by-product/dresses.html?page=1', 'elapsed_s': 1.8596890279986837}
2025-09-19 17:24:22,710 [INFO] Visited https://www2.hm.com/en_in/women/shop-by-product/dresses.html?page=1 (status=200, time=1.86s)
2025-09-19 17:24:23,720 [INFO] Page 1 -> 36 products
2025-09-19 17:24:24,790 [INFO] Response meta: {'url': 'https://www2.hm.com/en_in/women/shop-by-product/dresses.html?page=2', 'timestamp': 1758282864.7896585, 'system': {'timestamp': 1758282864.7900674, 'rss_bytes': 56786944, 'system_total_mem': 7658299392, 'system_used_percent': 85.5, 'cpu_percent': 26.4}, 'status': 200, 'ok': True, 'url_final': 'https://www2.hm.com/en_in/women/shop-by-product/dresses.html?page=2', 'elapsed_s': 1.0685154050006531}
2025-09-19 17:24:24,790 [INFO] Visited https://www2.hm.com/en_in/women/shop-by-product/dresses.html?page=2 (status=200, time=1.07s)
2025-09-19 17:24:25,808 [INFO] Page 2 -> 36 products
2025-09-19 17:24:30,223 [INFO] Response meta: {'url': 'https://www2.hm.com/en_in/women/shop-by-product/dresses.html?page=3', 'timestamp': 1758282870.2227252, 'system': {'timestamp': 1758282870.2230818, 'rss_bytes': 57180160, 'system_total_mem': 7658299392, 'system_used_percent': 84.3, 'cpu_percent': 18.7}, 'status': 200, 'ok': True, 'url_final': 'https://www2.hm.com/en_in/women/shop-by-product/dresses.html?page=3', 'elapsed_s': 4.413647844001389}
2025-09-19 17:24:30,223 [INFO] Visited https://www2.hm.com/en_in/women/shop-by-product/dresses.html?page=3 (status=200, time=4.41s)
2025-09-19 17:24:30,963 [INFO] Page 3 -> 36 products
2025-09-19 17:24:33,176 [INFO] Response meta: {'url': 'https://www2.hm.com/en_in/women/shop-by-product/dresses.html?page=4', 'timestamp': 1758282873.1759706, 'system': {'timestamp': 1758282873.176232, 'rss_bytes': 57442304, 'system_total_mem': 7658299392, 'system_used_percent': 85.2, 'cpu_percent': 28.1}, 'status': 200, 'ok': True, 'url_final': 'https://www2.hm.com/en_in/women/shop-by-product/dresses.html?page=4', 'elapsed_s': 2.2118099660001462}
2025-09-19 17:24:33,176 [INFO] Visited https://www2.hm.com/en_in/women/shop-by-product/dresses.html?page=4 (status=200, time=2.21s)
2025-09-19 17:24:34,198 [INFO] Page 4 -> 36 products
2025-09-19 17:24:35,350 [INFO] Response meta: {'url': 'https://www2.hm.com/en_in/women/shop-by-product/dresses.html?page=5', 'timestamp': 1758282875.3492491, 'system': {'timestamp': 1758282875.3497047, 'rss_bytes': 57704448, 'system_total_mem': 7658299392, 'system_used_percent': 85.2, 'cpu_percent': 29.4}, 'status': 200, 'ok': True, 'url_final': 'https://www2.hm.com/en_in/women/shop-by-product/dresses.html?page=5', 'elapsed_s': 1.1504192069987766}
2025-09-19 17:24:35,350 [INFO] Visited https://www2.hm.com/en_in/women/shop-by-product/dresses.html?page=5 (status=200, time=1.15s)
2025-09-19 17:24:36,347 [INFO] Page 5 -> 36 products
2025-09-19 17:24:37,548 [INFO] Response meta: {'url': 'https://www2.hm.com/en_in/women/shop-by-product/dresses.html?page=6', 'timestamp': 1758282877.5473096, 'system': {'timestamp': 1758282877.5476737, 'rss_bytes': 57966592, 'system_total_mem': 7658299392, 'system_used_percent': 84.9, 'cpu_percent': 25.1}, 'status': 200, 'ok': True, 'url_final': 'https://www2.hm.com/en_in/women/shop-by-product/dresses.html?page=6', 'elapsed_s': 1.1994743100003689}
2025-09-19 17:24:37,548 [INFO] Visited https://www2.hm.com/en_in/women/shop-by-product/dresses.html?page=6 (status=200, time=1.20s)
2025-09-19 17:24:38,527 [INFO] Page 6 -> 36 products
2025-09-19 17:24:39,898 [INFO] Response meta: {'url': 'https://www2.hm.com/en_in/women/shop-by-product/dresses.html?page=7', 'timestamp': 1758282879.8976521, 'system': {'timestamp': 1758282879.8980846, 'rss_bytes': 58228736, 'system_total_mem': 7658299392, 'system_used_percent': 84.8, 'cpu_percent': 25.1}, 'status': 200, 'ok': True, 'url_final': 'https://www2.hm.com/en_in/women/shop-by-product/dresses.html?page=7', 'elapsed_s': 1.3696227399996133}
2025-09-19 17:24:39,898 [INFO] Visited https://www2.hm.com/en_in/women/shop-by-product/dresses.html?page=7 (status=200, time=1.37s)
2025-09-19 17:24:40,867 [INFO] Page 7 -> 36 products
2025-09-19 17:24:42,843 [INFO] Response meta: {'url': 'https://www2.hm.com/en_in/women/shop-by-product/dresses.html?page=8', 'timestamp': 1758282882.8423495, 'system': {'timestamp': 1758282882.8427727, 'rss_bytes': 58621952, 'system_total_mem': 7658299392, 'system_used_percent': 85.4, 'cpu_percent': 27.6}, 'status': 200, 'ok': True, 'url_final': 'https://www2.hm.com/en_in/women/shop-by-product/dresses.html?page=8', 'elapsed_s': 1.9746429639999405}
2025-09-19 17:24:42,843 [INFO] Visited https://www2.hm.com/en_in/women/shop-by-product/dresses.html?page=8 (status=200, time=1.97s)
2025-09-19 17:24:43,866 [INFO] Page 8 -> 36 products
2025-09-19 17:24:45,316 [INFO] Response meta: {'url': 'https://www2.hm.com/en_in/women/shop-by-product/dresses.html?page=9', 'timestamp': 1758282885.3151722, 'system': {'timestamp': 1758282885.3154597, 'rss_bytes': 59277312, 'system_total_mem': 7658299392, 'system_used_percent': 85.2, 'cpu_percent': 37.3}, 'status': 200, 'ok': True, 'url_final': 'https://www2.hm.com/en_in/women/shop-by-product/dresses.html?page=9', 'elapsed_s': 1.448917273999541}
2025-09-19 17:24:45,316 [INFO] Visited https://www2.hm.com/en_in/women/shop-by-product/dresses.html?page=9 (status=200, time=1.45s)
2025-09-19 17:24:46,359 [INFO] Page 9 -> 36 products
2025-09-19 17:24:47,671 [INFO] Response meta: {'url': 'https://www2.hm.com/en_in/women/shop-by-product/dresses.html?page=10', 'timestamp': 1758282887.670611, 'system': {'timestamp': 1758282887.6710572, 'rss_bytes': 59408384, 'system_total_mem': 7658299392, 'system_used_percent': 85.7, 'cpu_percent': 35.9}, 'status': 200, 'ok': True, 'url_final': 'https://www2.hm.com/en_in/women/shop-by-product/dresses.html?page=10', 'elapsed_s': 1.3110561709981994}
2025-09-19 17:24:47,671 [INFO] Visited https://www2.hm.com/en_in/women/shop-by-product/dresses.html?page=10 (status=200, time=1.31s)
2025-09-19 17:24:48,838 [INFO] Page 10 -> 36 products
2025-09-19 17:24:50,150 [INFO] Response meta: {'url': 'https://www2.hm.com/en_in/women/shop-by-product/dresses.html?page=11', 'timestamp': 1758282890.1494045, 'system': {'timestamp': 1758282890.149735, 'rss_bytes': 59801600, 'system_total_mem': 7658299392, 'system_used_percent': 84.6, 'cpu_percent': 39.2}, 'status': 200, 'ok': True, 'url_final': 'https://www2.hm.com/en_in/women/shop-by-product/dresses.html?page=11', 'elapsed_s': 1.3111021980002988}
2025-09-19 17:24:50,150 [INFO] Visited https://www2.hm.com/en_in/women/shop-by-product/dresses.html?page=11 (status=200, time=1.31s)
2025-09-19 17:24:51,177 [INFO] Page 11 -> 36 products
2025-09-19 17:24:52,421 [INFO] Response meta: {'url': 'https://www2.hm.com/en_in/women/shop-by-product/dresses.html?page=12', 'timestamp': 1758282892.4213943, 'system': {'timestamp': 1758282892.42163, 'rss_bytes': 60194816, 'system_total_mem': 7658299392, 'system_used_percent': 84.5, 'cpu_percent': 30.8}, 'status': 200, 'ok': True, 'url_final': 'https://www2.hm.com/en_in/women/shop-by-product/dresses.html?page=12', 'elapsed_s': 1.243401970998093}
2025-09-19 17:24:52,422 [INFO] Visited https://www2.hm.com/en_in/women/shop-by-product/dresses.html?page=12 (status=200, time=1.24s)
2025-09-19 17:24:53,452 [INFO] Page 12 -> 36 products
2025-09-19 17:24:55,017 [INFO] Response meta: {'url': 'https://www2.hm.com/en_in/women/shop-by-product/dresses.html?page=13', 'timestamp': 1758282895.016968, 'system': {'timestamp': 1758282895.0173407, 'rss_bytes': 60456960, 'system_total_mem': 7658299392, 'system_used_percent': 85.1, 'cpu_percent': 27.0}, 'status': 200, 'ok': True, 'url_final': 'https://www2.hm.com/en_in/women/shop-by-product/dresses.html?page=13', 'elapsed_s': 1.563744218001375}
2025-09-19 17:24:55,018 [INFO] Visited https://www2.hm.com/en_in/women/shop-by-product/dresses.html?page=13 (status=200, time=1.56s)
2025-09-19 17:24:56,040 [INFO] Page 13 -> 36 products
2025-09-19 17:24:57,057 [INFO] Response meta: {'url': 'https://www2.hm.com/en_in/women/shop-by-product/dresses.html?page=14', 'timestamp': 1758282897.0563476, 'system': {'timestamp': 1758282897.0566483, 'rss_bytes': 60850176, 'system_total_mem': 7658299392, 'system_used_percent': 85.5, 'cpu_percent': 30.4}, 'status': 200, 'ok': True, 'url_final': 'https://www2.hm.com/en_in/women/shop-by-product/dresses.html?page=14', 'elapsed_s': 1.0155165870019118}
2025-09-19 17:24:57,057 [INFO] Visited https://www2.hm.com/en_in/women/shop-by-product/dresses.html?page=14 (status=200, time=1.02s)
2025-09-19 17:24:58,020 [INFO] Page 14 -> 36 products
2025-09-19 17:24:59,129 [INFO] Response meta: {'url': 'https://www2.hm.com/en_in/women/shop-by-product/dresses.html?page=15', 'timestamp': 1758282899.1291497, 'system': {'timestamp': 1758282899.1294112, 'rss_bytes': 60981248, 'system_total_mem': 7658299392, 'system_used_percent': 84.9, 'cpu_percent': 36.2}, 'status': 200, 'ok': True, 'url_final': 'https://www2.hm.com/en_in/women/shop-by-product/dresses.html?page=15', 'elapsed_s': 1.108322849002434}
2025-09-19 17:24:59,129 [INFO] Visited https://www2.hm.com/en_in/women/shop-by-product/dresses.html?page=15 (status=200, time=1.11s)
2025-09-19 17:25:00,126 [INFO] Page 15 -> 36 products
2025-09-19 17:25:01,435 [INFO] Response meta: {'url': 'https://www2.hm.com/en_in/women/shop-by-product/dresses.html?page=16', 'timestamp': 1758282901.4346051, 'system': {'timestamp': 1758282901.4351194, 'rss_bytes': 61112320, 'system_total_mem': 7658299392, 'system_used_percent': 84.5, 'cpu_percent': 29.6}, 'status': 200, 'ok': True, 'url_final': 'https://www2.hm.com/en_in/women/shop-by-product/dresses.html?page=16', 'elapsed_s': 1.3082513749977807}
2025-09-19 17:25:01,435 [INFO] Visited https://www2.hm.com/en_in/women/shop-by-product/dresses.html?page=16 (status=200, time=1.31s)
2025-09-19 17:25:02,454 [INFO] Page 16 -> 36 products
2025-09-19 17:25:04,043 [INFO] Response meta: {'url': 'https://www2.hm.com/en_in/women/shop-by-product/dresses.html?page=17', 'timestamp': 1758282904.0433109, 'system': {'timestamp': 1758282904.0435703, 'rss_bytes': 61243392, 'system_total_mem': 7658299392, 'system_used_percent': 85.3, 'cpu_percent': 31.9}, 'status': 200, 'ok': True, 'url_final': 'https://www2.hm.com/en_in/women/shop-by-product/dresses.html?page=17', 'elapsed_s': 1.5889434270029597}
2025-09-19 17:25:04,044 [INFO] Visited https://www2.hm.com/en_in/women/shop-by-product/dresses.html?page=17 (status=200, time=1.59s)
2025-09-19 17:25:05,039 [INFO] Page 17 -> 36 products
2025-09-19 17:25:06,632 [INFO] Response meta: {'url': 'https://www2.hm.com/en_in/women/shop-by-product/dresses.html?page=18', 'timestamp': 1758282906.631864, 'system': {'timestamp': 1758282906.632122, 'rss_bytes': 62029824, 'system_total_mem': 7658299392, 'system_used_percent': 85.6, 'cpu_percent': 30.5}, 'status': 200, 'ok': True, 'url_final': 'https://www2.hm.com/en_in/women/shop-by-product/dresses.html?page=18', 'elapsed_s': 1.592044992998126}
2025-09-19 17:25:06,632 [INFO] Visited https://www2.hm.com/en_in/women/shop-by-product/dresses.html?page=18 (status=200, time=1.59s)
2025-09-19 17:25:07,628 [INFO] Page 18 -> 36 products
2025-09-19 17:25:09,144 [INFO] Response meta: {'url': 'https://www2.hm.com/en_in/women/shop-by-product/dresses.html?page=19', 'timestamp': 1758282909.1432276, 'system': {'timestamp': 1758282909.1436827, 'rss_bytes': 62291968, 'system_total_mem': 7658299392, 'system_used_percent': 84.9, 'cpu_percent': 37.8}, 'status': 200, 'ok': True, 'url_final': 'https://www2.hm.com/en_in/women/shop-by-product/dresses.html?page=19', 'elapsed_s': 1.5146762869990198}
2025-09-19 17:25:09,144 [INFO] Visited https://www2.hm.com/en_in/women/shop-by-product/dresses.html?page=19 (status=200, time=1.51s)
2025-09-19 17:25:10,173 [INFO] Page 19 -> 36 products
2025-09-19 17:25:11,251 [INFO] Response meta: {'url': 'https://www2.hm.com/en_in/women/shop-by-product/dresses.html?page=20', 'timestamp': 1758282911.2507432, 'system': {'timestamp': 1758282911.2510662, 'rss_bytes': 62554112, 'system_total_mem': 7658299392, 'system_used_percent': 85.4, 'cpu_percent': 52.1}, 'status': 200, 'ok': True, 'url_final': 'https://www2.hm.com/en_in/women/shop-by-product/dresses.html?page=20', 'elapsed_s': 1.0775412049988518}
2025-09-19 17:25:11,251 [INFO] Visited https://www2.hm.com/en_in/women/shop-by-product/dresses.html?page=20 (status=200, time=1.08s)
2025-09-19 17:25:12,334 [INFO] Page 20 -> 36 products
2025-09-19 17:25:13,337 [INFO] Response meta: {'url': 'https://www2.hm.com/en_in/women/shop-by-product/dresses.html?page=21', 'timestamp': 1758282913.3368857, 'system': {'timestamp': 1758282913.3371582, 'rss_bytes': 63078400, 'system_total_mem': 7658299392, 'system_used_percent': 85.5, 'cpu_percent': 46.3}, 'status': 200, 'ok': True, 'url_final': 'https://www2.hm.com/en_in/women/shop-by-product/dresses.html?page=21', 'elapsed_s': 1.0018814630020643}
2025-09-19 17:25:13,337 [INFO] Visited https://www2.hm.com/en_in/women/shop-by-product/dresses.html?page=21 (status=200, time=1.00s)
2025-09-19 17:25:14,292 [INFO] Page 21 -> 36 products
2025-09-19 17:25:15,917 [INFO] Response meta: {'url': 'https://www2.hm.com/en_in/women/shop-by-product/dresses.html?page=22', 'timestamp': 1758282915.9165611, 'system': {'timestamp': 1758282915.9168217, 'rss_bytes': 63340544, 'system_total_mem': 7658299392, 'system_used_percent': 85.3, 'cpu_percent': 34.5}, 'status': 200, 'ok': True, 'url_final': 'https://www2.hm.com/en_in/women/shop-by-product/dresses.html?page=22', 'elapsed_s': 1.6238204080000287}
2025-09-19 17:25:15,917 [INFO] Visited https://www2.hm.com/en_in/women/shop-by-product/dresses.html?page=22 (status=200, time=1.62s)
2025-09-19 17:25:16,736 [INFO] Page 22 -> 36 products
2025-09-19 17:25:18,078 [INFO] Response meta: {'url': 'https://www2.hm.com/en_in/women/shop-by-product/dresses.html?page=23', 'timestamp': 1758282918.077326, 'system': {'timestamp': 1758282918.0778036, 'rss_bytes': 63733760, 'system_total_mem': 7658299392, 'system_used_percent': 85.0, 'cpu_percent': 36.6}, 'status': 200, 'ok': True, 'url_final': 'https://www2.hm.com/en_in/women/shop-by-product/dresses.html?page=23', 'elapsed_s': 1.3406165890010016}
2025-09-19 17:25:18,078 [INFO] Visited https://www2.hm.com/en_in/women/shop-by-product/dresses.html?page=23 (status=200, time=1.34s)
2025-09-19 17:25:19,519 [INFO] Page 23 -> 36 products
2025-09-19 17:25:20,847 [INFO] Response meta: {'url': 'https://www2.hm.com/en_in/women/shop-by-product/dresses.html?page=24', 'timestamp': 1758282920.84729, 'system': {'timestamp': 1758282920.8476112, 'rss_bytes': 63864832, 'system_total_mem': 7658299392, 'system_used_percent': 84.6, 'cpu_percent': 32.1}, 'status': 200, 'ok': True, 'url_final': 'https://www2.hm.com/en_in/women/shop-by-product/dresses.html?page=24', 'elapsed_s': 1.328131565998774}
2025-09-19 17:25:20,848 [INFO] Visited https://www2.hm.com/en_in/women/shop-by-product/dresses.html?page=24 (status=200, time=1.33s)
2025-09-19 17:25:22,145 [INFO] Page 24 -> 36 products
2025-09-19 17:25:23,161 [INFO] Response meta: {'url': 'https://www2.hm.com/en_in/women/shop-by-product/dresses.html?page=25', 'timestamp': 1758282923.160124, 'system': {'timestamp': 1758282923.1605465, 'rss_bytes': 64258048, 'system_total_mem': 7658299392, 'system_used_percent': 84.2, 'cpu_percent': 33.3}, 'status': 200, 'ok': True, 'url_final': 'https://www2.hm.com/en_in/women/shop-by-product/dresses.html?page=25', 'elapsed_s': 1.0140615810014424}
2025-09-19 17:25:23,161 [INFO] Visited https://www2.hm.com/en_in/women/shop-by-product/dresses.html?page=25 (status=200, time=1.01s)
2025-09-19 17:25:24,105 [INFO] Page 25 -> 36 products
2025-09-19 17:25:25,464 [INFO] Response meta: {'url': 'https://www2.hm.com/en_in/women/shop-by-product/dresses.html?page=26', 'timestamp': 1758282925.464035, 'system': {'timestamp': 1758282925.4643605, 'rss_bytes': 64520192, 'system_total_mem': 7658299392, 'system_used_percent': 84.7, 'cpu_percent': 35.9}, 'status': 200, 'ok': True, 'url_final': 'https://www2.hm.com/en_in/women/shop-by-product/dresses.html?page=26', 'elapsed_s': 1.3582802069977333}
2025-09-19 17:25:25,464 [INFO] Visited https://www2.hm.com/en_in/women/shop-by-product/dresses.html?page=26 (status=200, time=1.36s)
2025-09-19 17:25:26,481 [INFO] Page 26 -> 36 products
2025-09-19 17:25:27,517 [INFO] Response meta: {'url': 'https://www2.hm.com/en_in/women/shop-by-product/dresses.html?page=27', 'timestamp': 1758282927.5170434, 'system': {'timestamp': 1758282927.5174372, 'rss_bytes': 64782336, 'system_total_mem': 7658299392, 'system_used_percent': 84.2, 'cpu_percent': 34.8}, 'status': 200, 'ok': True, 'url_final': 'https://www2.hm.com/en_in/women/shop-by-product/dresses.html?page=27', 'elapsed_s': 1.0349348670024483}
2025-09-19 17:25:27,518 [INFO] Visited https://www2.hm.com/en_in/women/shop-by-product/dresses.html?page=27 (status=200, time=1.03s)
2025-09-19 17:25:28,508 [INFO] Page 27 -> 36 products
2025-09-19 17:25:29,569 [INFO] Response meta: {'url': 'https://www2.hm.com/en_in/women/shop-by-product/dresses.html?page=28', 'timestamp': 1758282929.5683637, 'system': {'timestamp': 1758282929.5688324, 'rss_bytes': 65175552, 'system_total_mem': 7658299392, 'system_used_percent': 84.3, 'cpu_percent': 32.4}, 'status': 200, 'ok': True, 'url_final': 'https://www2.hm.com/en_in/women/shop-by-product/dresses.html?page=28', 'elapsed_s': 1.059719220000261}
2025-09-19 17:25:29,569 [INFO] Visited https://www2.hm.com/en_in/women/shop-by-product/dresses.html?page=28 (status=200, time=1.06s)
2025-09-19 17:25:30,558 [INFO] Page 28 -> 36 products
2025-09-19 17:25:31,632 [INFO] Response meta: {'url': 'https://www2.hm.com/en_in/women/shop-by-product/dresses.html?page=29', 'timestamp': 1758282931.6317177, 'system': {'timestamp': 1758282931.6320171, 'rss_bytes': 65437696, 'system_total_mem': 7658299392, 'system_used_percent': 84.3, 'cpu_percent': 30.7}, 'status': 200, 'ok': True, 'url_final': 'https://www2.hm.com/en_in/women/shop-by-product/dresses.html?page=29', 'elapsed_s': 1.0727404040007968}
2025-09-19 17:25:31,632 [INFO] Visited https://www2.hm.com/en_in/women/shop-by-product/dresses.html?page=29 (status=200, time=1.07s)
2025-09-19 17:25:32,604 [INFO] Page 29 -> 36 products
2025-09-19 17:25:33,609 [INFO] Response meta: {'url': 'https://www2.hm.com/en_in/women/shop-by-product/dresses.html?page=30', 'timestamp': 1758282933.6094384, 'system': {'timestamp': 1758282933.6096835, 'rss_bytes': 65830912, 'system_total_mem': 7658299392, 'system_used_percent': 83.9, 'cpu_percent': 35.1}, 'status': 200, 'ok': True, 'url_final': 'https://www2.hm.com/en_in/women/shop-by-product/dresses.html?page=30', 'elapsed_s': 1.004638039998099}
2025-09-19 17:25:33,610 [INFO] Visited https://www2.hm.com/en_in/women/shop-by-product/dresses.html?page=30 (status=200, time=1.00s)
2025-09-19 17:25:34,586 [INFO] Page 30 -> 36 products
2025-09-19 17:25:35,572 [INFO] Response meta: {'url': 'https://www2.hm.com/en_in/women/shop-by-product/dresses.html?page=31', 'timestamp': 1758282935.5716662, 'system': {'timestamp': 1758282935.5720966, 'rss_bytes': 66224128, 'system_total_mem': 7658299392, 'system_used_percent': 84.5, 'cpu_percent': 31.1}, 'status': 200, 'ok': True, 'url_final': 'https://www2.hm.com/en_in/women/shop-by-product/dresses.html?page=31', 'elapsed_s': 0.9850939399984782}
2025-09-19 17:25:35,572 [INFO] Visited https://www2.hm.com/en_in/women/shop-by-product/dresses.html?page=31 (status=200, time=0.99s)
2025-09-19 17:25:36,585 [INFO] Page 31 -> 36 products
2025-09-19 17:25:37,649 [INFO] Response meta: {'url': 'https://www2.hm.com/en_in/women/shop-by-product/dresses.html?page=32', 'timestamp': 1758282937.6486826, 'system': {'timestamp': 1758282937.649192, 'rss_bytes': 66748416, 'system_total_mem': 7658299392, 'system_used_percent': 84.0, 'cpu_percent': 34.0}, 'status': 200, 'ok': True, 'url_final': 'https://www2.hm.com/en_in/women/shop-by-product/dresses.html?page=32', 'elapsed_s': 1.0631924039989826}
2025-09-19 17:25:37,650 [INFO] Visited https://www2.hm.com/en_in/women/shop-by-product/dresses.html?page=32 (status=200, time=1.06s)
2025-09-19 17:25:38,614 [INFO] Page 32 -> 36 products
2025-09-19 17:25:39,725 [INFO] Response meta: {'url': 'https://www2.hm.com/en_in/women/shop-by-product/dresses.html?page=33', 'timestamp': 1758282939.7243223, 'system': {'timestamp': 1758282939.7247114, 'rss_bytes': 67141632, 'system_total_mem': 7658299392, 'system_used_percent': 84.2, 'cpu_percent': 30.6}, 'status': 200, 'ok': True, 'url_final': 'https://www2.hm.com/en_in/women/shop-by-product/dresses.html?page=33', 'elapsed_s': 1.1094880910022766}
2025-09-19 17:25:39,725 [INFO] Visited https://www2.hm.com/en_in/women/shop-by-product/dresses.html?page=33 (status=200, time=1.11s)
2025-09-19 17:25:40,732 [INFO] Page 33 -> 36 products
2025-09-19 17:25:42,154 [INFO] Response meta: {'url': 'https://www2.hm.com/en_in/women/shop-by-product/dresses.html?page=34', 'timestamp': 1758282942.1537497, 'system': {'timestamp': 1758282942.1540775, 'rss_bytes': 67403776, 'system_total_mem': 7658299392, 'system_used_percent': 82.7, 'cpu_percent': 33.1}, 'status': 200, 'ok': True, 'url_final': 'https://www2.hm.com/en_in/women/shop-by-product/dresses.html?page=34', 'elapsed_s': 1.4210190099984175}
2025-09-19 17:25:42,154 [INFO] Visited https://www2.hm.com/en_in/women/shop-by-product/dresses.html?page=34 (status=200, time=1.42s)
2025-09-19 17:25:43,130 [INFO] Page 34 -> 36 products
2025-09-19 17:25:44,529 [INFO] Response meta: {'url': 'https://www2.hm.com/en_in/women/shop-by-product/dresses.html?page=35', 'timestamp': 1758282944.5286007, 'system': {'timestamp': 1758282944.5288877, 'rss_bytes': 67534848, 'system_total_mem': 7658299392, 'system_used_percent': 83.2, 'cpu_percent': 29.4}, 'status': 200, 'ok': True, 'url_final': 'https://www2.hm.com/en_in/women/shop-by-product/dresses.html?page=35', 'elapsed_s': 1.3980303689968423}
2025-09-19 17:25:44,529 [INFO] Visited https://www2.hm.com/en_in/women/shop-by-product/dresses.html?page=35 (status=200, time=1.40s)
2025-09-19 17:25:45,511 [INFO] Page 35 -> 36 products
2025-09-19 17:25:46,663 [INFO] Response meta: {'url': 'https://www2.hm.com/en_in/women/shop-by-product/dresses.html?page=36', 'timestamp': 1758282946.6627307, 'system': {'timestamp': 1758282946.6632588, 'rss_bytes': 67928064, 'system_total_mem': 7658299392, 'system_used_percent': 82.6, 'cpu_percent': 29.6}, 'status': 200, 'ok': True, 'url_final': 'https://www2.hm.com/en_in/women/shop-by-product/dresses.html?page=36', 'elapsed_s': 1.1505124540017277}
2025-09-19 17:25:46,664 [INFO] Visited https://www2.hm.com/en_in/women/shop-by-product/dresses.html?page=36 (status=200, time=1.15s)
2025-09-19 17:25:47,639 [INFO] Page 36 -> 36 products
2025-09-19 17:25:48,727 [INFO] Response meta: {'url': 'https://www2.hm.com/en_in/women/shop-by-product/dresses.html?page=37', 'timestamp': 1758282948.7267234, 'system': {'timestamp': 1758282948.7272668, 'rss_bytes': 68452352, 'system_total_mem': 7658299392, 'system_used_percent': 82.3, 'cpu_percent': 35.7}, 'status': 200, 'ok': True, 'url_final': 'https://www2.hm.com/en_in/women/shop-by-product/dresses.html?page=37', 'elapsed_s': 1.0871476350002922}
2025-09-19 17:25:48,728 [INFO] Visited https://www2.hm.com/en_in/women/shop-by-product/dresses.html?page=37 (status=200, time=1.09s)
2025-09-19 17:25:49,859 [INFO] Page 37 -> 36 products
2025-09-19 17:46:09,914 [INFO] Starting crawl from https://www2.hm.com/en_in/index.html
2025-09-19 17:46:14,254 [INFO] Response meta: {'url': 'https://www2.hm.com/en_in/index.html', 'timestamp': 1758284174.2538207, 'system': {'timestamp': 1758284174.254286, 'rss_bytes': 56008704, 'system_total_mem': 7658299392, 'system_used_percent': 82.9, 'cpu_percent': 15.8}, 'status': 200, 'ok': True, 'url_final': 'https://www2.hm.com/en_in/index.html', 'elapsed_s': 4.3385418739999295}
2025-09-19 17:46:14,254 [INFO] Visited https://www2.hm.com/en_in/index.html (status=200, time=4.34s)
2025-09-19 17:46:14,382 [INFO] Found 22 categories
2025-09-19 17:46:15,176 [INFO] Response meta: {'url': 'https://www2.hm.com/en_in/women.html', 'timestamp': 1758284175.1758373, 'system': {'timestamp': 1758284175.17636, 'rss_bytes': 56139776, 'system_total_mem': 7658299392, 'system_used_percent': 83.0, 'cpu_percent': 26.3}, 'status': 200, 'ok': True, 'url_final': 'https://www2.hm.com/en_in/women.html', 'elapsed_s': 0.7932920660023228}
2025-09-19 17:46:15,177 [INFO] Visited https://www2.hm.com/en_in/women.html (status=200, time=0.79s)
2025-09-19 17:46:15,325 [INFO] Found 4 subcategories on https://www2.hm.com/en_in/women.html
2025-09-19 17:46:18,283 [INFO] Response meta: {'url': 'https://www2.hm.com/en_in/women/shop-by-product/dresses.html?page=1', 'timestamp': 1758284178.282531, 'system': {'timestamp': 1758284178.2827954, 'rss_bytes': 56139776, 'system_total_mem': 7658299392, 'system_used_percent': 83.8, 'cpu_percent': 26.1}, 'status': 200, 'ok': True, 'url_final': 'https://www2.hm.com/en_in/women/shop-by-product/dresses.html?page=1', 'elapsed_s': 2.9565654500001983}
2025-09-19 17:46:18,283 [INFO] Visited https://www2.hm.com/en_in/women/shop-by-product/dresses.html?page=1 (status=200, time=2.96s)
2025-09-19 17:46:19,381 [INFO] Page 1 -> 36 products
2025-09-19 17:46:20,593 [INFO] Response meta: {'url': 'https://www2.hm.com/en_in/women/shop-by-product/dresses.html?page=2', 'timestamp': 1758284180.5924442, 'system': {'timestamp': 1758284180.5927374, 'rss_bytes': 56532992, 'system_total_mem': 7658299392, 'system_used_percent': 84.4, 'cpu_percent': 30.9}, 'status': 200, 'ok': True, 'url_final': 'https://www2.hm.com/en_in/women/shop-by-product/dresses.html?page=2', 'elapsed_s': 1.2104720810020808}
2025-09-19 17:46:20,593 [INFO] Visited https://www2.hm.com/en_in/women/shop-by-product/dresses.html?page=2 (status=200, time=1.21s)
2025-09-19 17:46:21,547 [INFO] Page 2 -> 36 products
2025-09-19 17:46:23,566 [INFO] Response meta: {'url': 'https://www2.hm.com/en_in/women/shop-by-product/dresses.html?page=3', 'timestamp': 1758284183.565464, 'system': {'timestamp': 1758284183.5659735, 'rss_bytes': 56532992, 'system_total_mem': 7658299392, 'system_used_percent': 85.7, 'cpu_percent': 30.6}, 'status': 200, 'ok': True, 'url_final': 'https://www2.hm.com/en_in/women/shop-by-product/dresses.html?page=3', 'elapsed_s': 2.018211185000837}
2025-09-19 17:46:23,566 [INFO] Visited https://www2.hm.com/en_in/women/shop-by-product/dresses.html?page=3 (status=200, time=2.02s)
2025-09-19 17:46:24,545 [INFO] Page 3 -> 36 products
2025-09-19 17:46:27,032 [INFO] Response meta: {'url': 'https://www2.hm.com/en_in/women/shop-by-product/dresses.html?page=4', 'timestamp': 1758284187.0313587, 'system': {'timestamp': 1758284187.0317361, 'rss_bytes': 56795136, 'system_total_mem': 7658299392, 'system_used_percent': 86.3, 'cpu_percent': 31.6}, 'status': 200, 'ok': True, 'url_final': 'https://www2.hm.com/en_in/women/shop-by-product/dresses.html?page=4', 'elapsed_s': 2.4857740530023875}
2025-09-19 17:46:27,032 [INFO] Visited https://www2.hm.com/en_in/women/shop-by-product/dresses.html?page=4 (status=200, time=2.49s)
2025-09-19 17:46:28,031 [INFO] Page 4 -> 36 products
2025-09-19 17:46:29,531 [INFO] Response meta: {'url': 'https://www2.hm.com/en_in/women/shop-by-product/dresses.html?page=5', 'timestamp': 1758284189.530443, 'system': {'timestamp': 1758284189.5307682, 'rss_bytes': 57319424, 'system_total_mem': 7658299392, 'system_used_percent': 85.7, 'cpu_percent': 28.7}, 'status': 200, 'ok': True, 'url_final': 'https://www2.hm.com/en_in/women/shop-by-product/dresses.html?page=5', 'elapsed_s': 1.4990450799996324}
2025-09-19 17:46:29,531 [INFO] Visited https://www2.hm.com/en_in/women/shop-by-product/dresses.html?page=5 (status=200, time=1.50s)
2025-09-19 17:46:30,483 [INFO] Page 5 -> 36 products
2025-09-19 17:46:31,434 [INFO] Response meta: {'url': 'https://www2.hm.com/en_in/women/shop-by-product/dresses.html?page=6', 'timestamp': 1758284191.4336548, 'system': {'timestamp': 1758284191.4340866, 'rss_bytes': 57712640, 'system_total_mem': 7658299392, 'system_used_percent': 86.0, 'cpu_percent': 33.1}, 'status': 200, 'ok': True, 'url_final': 'https://www2.hm.com/en_in/women/shop-by-product/dresses.html?page=6', 'elapsed_s': 0.9495775370014599}
2025-09-19 17:46:31,434 [INFO] Visited https://www2.hm.com/en_in/women/shop-by-product/dresses.html?page=6 (status=200, time=0.95s)
2025-09-19 17:46:32,385 [INFO] Page 6 -> 36 products
2025-09-19 17:46:33,505 [INFO] Response meta: {'url': 'https://www2.hm.com/en_in/women/shop-by-product/dresses.html?page=7', 'timestamp': 1758284193.5048242, 'system': {'timestamp': 1758284193.5050387, 'rss_bytes': 57843712, 'system_total_mem': 7658299392, 'system_used_percent': 86.4, 'cpu_percent': 30.4}, 'status': 200, 'ok': True, 'url_final': 'https://www2.hm.com/en_in/women/shop-by-product/dresses.html?page=7', 'elapsed_s': 1.1191813929981436}
2025-09-19 17:46:33,505 [INFO] Visited https://www2.hm.com/en_in/women/shop-by-product/dresses.html?page=7 (status=200, time=1.12s)
2025-09-19 17:46:34,284 [INFO] Page 7 -> 36 products
2025-09-19 17:46:35,115 [INFO] Response meta: {'url': 'https://www2.hm.com/en_in/women/shop-by-product/dresses.html?page=8', 'timestamp': 1758284195.1145134, 'system': {'timestamp': 1758284195.1149583, 'rss_bytes': 58368000, 'system_total_mem': 7658299392, 'system_used_percent': 87.2, 'cpu_percent': 29.5}, 'status': 200, 'ok': True, 'url_final': 'https://www2.hm.com/en_in/women/shop-by-product/dresses.html?page=8', 'elapsed_s': 0.8299079859971243}
2025-09-19 17:46:35,115 [INFO] Visited https://www2.hm.com/en_in/women/shop-by-product/dresses.html?page=8 (status=200, time=0.83s)
2025-09-19 17:46:35,884 [INFO] Page 8 -> 36 products
2025-09-19 17:46:37,310 [INFO] Response meta: {'url': 'https://www2.hm.com/en_in/women/shop-by-product/dresses.html?page=9', 'timestamp': 1758284197.309693, 'system': {'timestamp': 1758284197.3100169, 'rss_bytes': 58630144, 'system_total_mem': 7658299392, 'system_used_percent': 86.6, 'cpu_percent': 27.0}, 'status': 200, 'ok': True, 'url_final': 'https://www2.hm.com/en_in/women/shop-by-product/dresses.html?page=9', 'elapsed_s': 1.4254697939977632}
2025-09-19 17:46:37,310 [INFO] Visited https://www2.hm.com/en_in/women/shop-by-product/dresses.html?page=9 (status=200, time=1.43s)
2025-09-19 17:46:38,221 [INFO] Page 9 -> 36 products
2025-09-19 17:46:39,319 [INFO] Response meta: {'url': 'https://www2.hm.com/en_in/women/shop-by-product/dresses.html?page=10', 'timestamp': 1758284199.3187513, 'system': {'timestamp': 1758284199.3192103, 'rss_bytes': 59154432, 'system_total_mem': 7658299392, 'system_used_percent': 86.6, 'cpu_percent': 39.3}, 'status': 200, 'ok': True, 'url_final': 'https://www2.hm.com/en_in/women/shop-by-product/dresses.html?page=10', 'elapsed_s': 1.0974827150021156}
2025-09-19 17:46:39,319 [INFO] Visited https://www2.hm.com/en_in/women/shop-by-product/dresses.html?page=10 (status=200, time=1.10s)
2025-09-19 17:46:40,301 [INFO] Page 10 -> 36 products
2025-09-19 17:46:41,437 [INFO] Response meta: {'url': 'https://www2.hm.com/en_in/women/shop-by-product/dresses.html?page=11', 'timestamp': 1758284201.4369748, 'system': {'timestamp': 1758284201.4373326, 'rss_bytes': 59416576, 'system_total_mem': 7658299392, 'system_used_percent': 86.5, 'cpu_percent': 34.2}, 'status': 200, 'ok': True, 'url_final': 'https://www2.hm.com/en_in/women/shop-by-product/dresses.html?page=11', 'elapsed_s': 1.1348663219978334}
2025-09-19 17:46:41,438 [INFO] Visited https://www2.hm.com/en_in/women/shop-by-product/dresses.html?page=11 (status=200, time=1.13s)
2025-09-19 17:46:42,196 [INFO] Page 11 -> 36 products
2025-09-19 17:46:43,200 [INFO] Response meta: {'url': 'https://www2.hm.com/en_in/women/shop-by-product/dresses.html?page=12', 'timestamp': 1758284203.1994524, 'system': {'timestamp': 1758284203.19989, 'rss_bytes': 59809792, 'system_total_mem': 7658299392, 'system_used_percent': 86.8, 'cpu_percent': 28.4}, 'status': 200, 'ok': True, 'url_final': 'https://www2.hm.com/en_in/women/shop-by-product/dresses.html?page=12', 'elapsed_s': 1.0023800279996067}
2025-09-19 17:46:43,200 [INFO] Visited https://www2.hm.com/en_in/women/shop-by-product/dresses.html?page=12 (status=200, time=1.00s)
2025-09-19 17:46:44,279 [INFO] Page 12 -> 36 products
2025-09-19 17:46:45,392 [INFO] Response meta: {'url': 'https://www2.hm.com/en_in/women/shop-by-product/dresses.html?page=13', 'timestamp': 1758284205.3910537, 'system': {'timestamp': 1758284205.3919013, 'rss_bytes': 60071936, 'system_total_mem': 7658299392, 'system_used_percent': 87.1, 'cpu_percent': 35.7}, 'status': 200, 'ok': True, 'url_final': 'https://www2.hm.com/en_in/women/shop-by-product/dresses.html?page=13', 'elapsed_s': 1.1111515289994713}
2025-09-19 17:46:45,392 [INFO] Visited https://www2.hm.com/en_in/women/shop-by-product/dresses.html?page=13 (status=200, time=1.11s)
2025-09-19 17:46:46,296 [INFO] Page 13 -> 36 products
2025-09-19 17:46:47,369 [INFO] Response meta: {'url': 'https://www2.hm.com/en_in/women/shop-by-product/dresses.html?page=14', 'timestamp': 1758284207.3693037, 'system': {'timestamp': 1758284207.36959, 'rss_bytes': 60465152, 'system_total_mem': 7658299392, 'system_used_percent': 87.0, 'cpu_percent': 37.2}, 'status': 200, 'ok': True, 'url_final': 'https://www2.hm.com/en_in/women/shop-by-product/dresses.html?page=14', 'elapsed_s': 1.0726259700022638}
2025-09-19 17:46:47,370 [INFO] Visited https://www2.hm.com/en_in/women/shop-by-product/dresses.html?page=14 (status=200, time=1.07s)
2025-09-19 17:46:48,169 [INFO] Page 14 -> 36 products
2025-09-19 17:46:49,189 [INFO] Response meta: {'url': 'https://www2.hm.com/en_in/women/shop-by-product/dresses.html?page=15', 'timestamp': 1758284209.1889105, 'system': {'timestamp': 1758284209.1892025, 'rss_bytes': 60596224, 'system_total_mem': 7658299392, 'system_used_percent': 87.1, 'cpu_percent': 33.9}, 'status': 200, 'ok': True, 'url_final': 'https://www2.hm.com/en_in/women/shop-by-product/dresses.html?page=15', 'elapsed_s': 1.0192068569995172}
2025-09-19 17:46:49,189 [INFO] Visited https://www2.hm.com/en_in/women/shop-by-product/dresses.html?page=15 (status=200, time=1.02s)
2025-09-19 17:46:49,941 [INFO] Page 15 -> 36 products
2025-09-19 17:46:50,899 [INFO] Response meta: {'url': 'https://www2.hm.com/en_in/women/shop-by-product/dresses.html?page=16', 'timestamp': 1758284210.8989553, 'system': {'timestamp': 1758284210.8993552, 'rss_bytes': 60989440, 'system_total_mem': 7658299392, 'system_used_percent': 87.0, 'cpu_percent': 36.2}, 'status': 200, 'ok': True, 'url_final': 'https://www2.hm.com/en_in/women/shop-by-product/dresses.html?page=16', 'elapsed_s': 0.9572835800026951}
2025-09-19 17:46:50,899 [INFO] Visited https://www2.hm.com/en_in/women/shop-by-product/dresses.html?page=16 (status=200, time=0.96s)
2025-09-19 17:46:51,661 [INFO] Page 16 -> 36 products
2025-09-19 17:46:52,597 [INFO] Response meta: {'url': 'https://www2.hm.com/en_in/women/shop-by-product/dresses.html?page=17', 'timestamp': 1758284212.5964165, 'system': {'timestamp': 1758284212.5967433, 'rss_bytes': 61251584, 'system_total_mem': 7658299392, 'system_used_percent': 86.7, 'cpu_percent': 34.8}, 'status': 200, 'ok': True, 'url_final': 'https://www2.hm.com/en_in/women/shop-by-product/dresses.html?page=17', 'elapsed_s': 0.9349067980001564}
2025-09-19 17:46:52,597 [INFO] Visited https://www2.hm.com/en_in/women/shop-by-product/dresses.html?page=17 (status=200, time=0.93s)
2025-09-19 17:46:53,299 [INFO] Page 17 -> 36 products
2025-09-19 17:46:54,200 [INFO] Response meta: {'url': 'https://www2.hm.com/en_in/women/shop-by-product/dresses.html?page=18', 'timestamp': 1758284214.2002556, 'system': {'timestamp': 1758284214.2004344, 'rss_bytes': 61382656, 'system_total_mem': 7658299392, 'system_used_percent': 87.5, 'cpu_percent': 38.1}, 'status': 200, 'ok': True, 'url_final': 'https://www2.hm.com/en_in/women/shop-by-product/dresses.html?page=18', 'elapsed_s': 0.9006610670003283}
2025-09-19 17:46:54,200 [INFO] Visited https://www2.hm.com/en_in/women/shop-by-product/dresses.html?page=18 (status=200, time=0.90s)
2025-09-19 17:46:54,967 [INFO] Page 18 -> 36 products
2025-09-19 17:46:57,339 [INFO] Response meta: {'url': 'https://www2.hm.com/en_in/women/shop-by-product/dresses.html?page=19', 'timestamp': 1758284217.338267, 'system': {'timestamp': 1758284217.338752, 'rss_bytes': 61644800, 'system_total_mem': 7658299392, 'system_used_percent': 87.0, 'cpu_percent': 21.1}, 'status': 200, 'ok': True, 'url_final': 'https://www2.hm.com/en_in/women/shop-by-product/dresses.html?page=19', 'elapsed_s': 2.3707454150026024}
2025-09-19 17:46:57,339 [INFO] Visited https://www2.hm.com/en_in/women/shop-by-product/dresses.html?page=19 (status=200, time=2.37s)
2025-09-19 17:46:58,341 [INFO] Page 19 -> 36 products
2025-09-19 17:46:59,351 [INFO] Response meta: {'url': 'https://www2.hm.com/en_in/women/shop-by-product/dresses.html?page=20', 'timestamp': 1758284219.3505132, 'system': {'timestamp': 1758284219.3510463, 'rss_bytes': 62038016, 'system_total_mem': 7658299392, 'system_used_percent': 87.5, 'cpu_percent': 41.4}, 'status': 200, 'ok': True, 'url_final': 'https://www2.hm.com/en_in/women/shop-by-product/dresses.html?page=20', 'elapsed_s': 1.0085017749988765}
2025-09-19 17:46:59,351 [INFO] Visited https://www2.hm.com/en_in/women/shop-by-product/dresses.html?page=20 (status=200, time=1.01s)
2025-09-19 17:47:00,323 [INFO] Page 20 -> 36 products
2025-09-19 17:47:02,105 [INFO] Response meta: {'url': 'https://www2.hm.com/en_in/women/shop-by-product/dresses.html?page=21', 'timestamp': 1758284222.1047444, 'system': {'timestamp': 1758284222.1051009, 'rss_bytes': 62431232, 'system_total_mem': 7658299392, 'system_used_percent': 87.3, 'cpu_percent': 30.9}, 'status': 200, 'ok': True, 'url_final': 'https://www2.hm.com/en_in/women/shop-by-product/dresses.html?page=21', 'elapsed_s': 1.7814047819992993}
2025-09-19 17:47:02,105 [INFO] Visited https://www2.hm.com/en_in/women/shop-by-product/dresses.html?page=21 (status=200, time=1.78s)
2025-09-19 17:47:03,085 [INFO] Page 21 -> 36 products
2025-09-19 17:47:05,335 [INFO] Response meta: {'url': 'https://www2.hm.com/en_in/women/shop-by-product/dresses.html?page=22', 'timestamp': 1758284225.3350143, 'system': {'timestamp': 1758284225.335244, 'rss_bytes': 62824448, 'system_total_mem': 7658299392, 'system_used_percent': 87.2, 'cpu_percent': 26.1}, 'status': 200, 'ok': True, 'url_final': 'https://www2.hm.com/en_in/women/shop-by-product/dresses.html?page=22', 'elapsed_s': 2.2496843510016333}
2025-09-19 17:47:05,335 [INFO] Visited https://www2.hm.com/en_in/women/shop-by-product/dresses.html?page=22 (status=200, time=2.25s)
2025-09-19 17:47:06,315 [INFO] Page 22 -> 36 products
2025-09-19 17:47:07,474 [INFO] Response meta: {'url': 'https://www2.hm.com/en_in/women/shop-by-product/dresses.html?page=23', 'timestamp': 1758284227.4734385, 'system': {'timestamp': 1758284227.4738297, 'rss_bytes': 63217664, 'system_total_mem': 7658299392, 'system_used_percent': 87.7, 'cpu_percent': 41.3}, 'status': 200, 'ok': True, 'url_final': 'https://www2.hm.com/en_in/women/shop-by-product/dresses.html?page=23', 'elapsed_s': 1.157285793000483}
2025-09-19 17:47:07,474 [INFO] Visited https://www2.hm.com/en_in/women/shop-by-product/dresses.html?page=23 (status=200, time=1.16s)
2025-09-19 17:47:08,426 [INFO] Page 23 -> 36 products
2025-09-19 17:47:09,464 [INFO] Response meta: {'url': 'https://www2.hm.com/en_in/women/shop-by-product/dresses.html?page=24', 'timestamp': 1758284229.4638221, 'system': {'timestamp': 1758284229.464095, 'rss_bytes': 63610880, 'system_total_mem': 7658299392, 'system_used_percent': 87.3, 'cpu_percent': 33.7}, 'status': 200, 'ok': True, 'url_final': 'https://www2.hm.com/en_in/women/shop-by-product/dresses.html?page=24', 'elapsed_s': 1.0367361999997229}
2025-09-19 17:47:09,464 [INFO] Visited https://www2.hm.com/en_in/women/shop-by-product/dresses.html?page=24 (status=200, time=1.04s)
2025-09-19 17:47:10,414 [INFO] Page 24 -> 36 products
2025-09-19 17:47:11,523 [INFO] Response meta: {'url': 'https://www2.hm.com/en_in/women/shop-by-product/dresses.html?page=25', 'timestamp': 1758284231.5228949, 'system': {'timestamp': 1758284231.5232596, 'rss_bytes': 63873024, 'system_total_mem': 7658299392, 'system_used_percent': 87.5, 'cpu_percent': 29.8}, 'status': 200, 'ok': True, 'url_final': 'https://www2.hm.com/en_in/women/shop-by-product/dresses.html?page=25', 'elapsed_s': 1.1082491439992737}
2025-09-19 17:47:11,523 [INFO] Visited https://www2.hm.com/en_in/women/shop-by-product/dresses.html?page=25 (status=200, time=1.11s)
2025-09-19 17:47:12,327 [INFO] Page 25 -> 36 products
2025-09-19 17:47:14,176 [INFO] Response meta: {'url': 'https://www2.hm.com/en_in/women/shop-by-product/dresses.html?page=26', 'timestamp': 1758284234.1751394, 'system': {'timestamp': 1758284234.1755893, 'rss_bytes': 64397312, 'system_total_mem': 7658299392, 'system_used_percent': 87.7, 'cpu_percent': 22.2}, 'status': 200, 'ok': True, 'url_final': 'https://www2.hm.com/en_in/women/shop-by-product/dresses.html?page=26', 'elapsed_s': 1.8472458949981956}
2025-09-19 17:47:14,176 [INFO] Visited https://www2.hm.com/en_in/women/shop-by-product/dresses.html?page=26 (status=200, time=1.85s)
2025-09-19 17:47:15,162 [INFO] Page 26 -> 36 products
2025-09-19 17:47:16,324 [INFO] Response meta: {'url': 'https://www2.hm.com/en_in/women/shop-by-product/dresses.html?page=27', 'timestamp': 1758284236.3239532, 'system': {'timestamp': 1758284236.3243163, 'rss_bytes': 64397312, 'system_total_mem': 7658299392, 'system_used_percent': 88.0, 'cpu_percent': 36.5}, 'status': 200, 'ok': True, 'url_final': 'https://www2.hm.com/en_in/women/shop-by-product/dresses.html?page=27', 'elapsed_s': 1.1612758150004083}
2025-09-19 17:47:16,324 [INFO] Visited https://www2.hm.com/en_in/women/shop-by-product/dresses.html?page=27 (status=200, time=1.16s)
2025-09-19 17:47:17,295 [INFO] Page 27 -> 36 products
2025-09-19 17:47:18,403 [INFO] Response meta: {'url': 'https://www2.hm.com/en_in/women/shop-by-product/dresses.html?page=28', 'timestamp': 1758284238.4021795, 'system': {'timestamp': 1758284238.4025488, 'rss_bytes': 64921600, 'system_total_mem': 7658299392, 'system_used_percent': 87.6, 'cpu_percent': 41.0}, 'status': 200, 'ok': True, 'url_final': 'https://www2.hm.com/en_in/women/shop-by-product/dresses.html?page=28', 'elapsed_s': 1.1062183110007027}
2025-09-19 17:47:18,403 [INFO] Visited https://www2.hm.com/en_in/women/shop-by-product/dresses.html?page=28 (status=200, time=1.11s)
2025-09-19 17:47:19,368 [INFO] Page 28 -> 36 products
2025-09-19 17:47:20,302 [INFO] Response meta: {'url': 'https://www2.hm.com/en_in/women/shop-by-product/dresses.html?page=29', 'timestamp': 1758284240.301776, 'system': {'timestamp': 1758284240.3021228, 'rss_bytes': 65183744, 'system_total_mem': 7658299392, 'system_used_percent': 88.7, 'cpu_percent': 39.6}, 'status': 200, 'ok': True, 'url_final': 'https://www2.hm.com/en_in/women/shop-by-product/dresses.html?page=29', 'elapsed_s': 0.9335300879974966}
2025-09-19 17:47:20,302 [INFO] Visited https://www2.hm.com/en_in/women/shop-by-product/dresses.html?page=29 (status=200, time=0.93s)
2025-09-19 17:47:21,154 [INFO] Page 29 -> 36 products
2025-09-19 17:47:22,240 [INFO] Response meta: {'url': 'https://www2.hm.com/en_in/women/shop-by-product/dresses.html?page=30', 'timestamp': 1758284242.2392986, 'system': {'timestamp': 1758284242.2397182, 'rss_bytes': 65445888, 'system_total_mem': 7658299392, 'system_used_percent': 87.9, 'cpu_percent': 35.3}, 'status': 200, 'ok': True, 'url_final': 'https://www2.hm.com/en_in/women/shop-by-product/dresses.html?page=30', 'elapsed_s': 1.08477809499891}
2025-09-19 17:47:22,240 [INFO] Visited https://www2.hm.com/en_in/women/shop-by-product/dresses.html?page=30 (status=200, time=1.08s)
2025-09-19 17:47:22,964 [INFO] Page 30 -> 36 products
2025-09-19 17:47:24,475 [INFO] Response meta: {'url': 'https://www2.hm.com/en_in/women/shop-by-product/dresses.html?page=31', 'timestamp': 1758284244.4752238, 'system': {'timestamp': 1758284244.4754763, 'rss_bytes': 65839104, 'system_total_mem': 7658299392, 'system_used_percent': 87.6, 'cpu_percent': 28.2}, 'status': 200, 'ok': True, 'url_final': 'https://www2.hm.com/en_in/women/shop-by-product/dresses.html?page=31', 'elapsed_s': 1.510551518000284}
2025-09-19 17:47:24,475 [INFO] Visited https://www2.hm.com/en_in/women/shop-by-product/dresses.html?page=31 (status=200, time=1.51s)
2025-09-19 17:47:25,367 [INFO] Page 31 -> 36 products
2025-09-19 17:47:26,710 [INFO] Response meta: {'url': 'https://www2.hm.com/en_in/women/shop-by-product/dresses.html?page=32', 'timestamp': 1758284246.7101166, 'system': {'timestamp': 1758284246.7104776, 'rss_bytes': 66101248, 'system_total_mem': 7658299392, 'system_used_percent': 88.4, 'cpu_percent': 38.5}, 'status': 200, 'ok': True, 'url_final': 'https://www2.hm.com/en_in/women/shop-by-product/dresses.html?page=32', 'elapsed_s': 1.3421550259990909}
2025-09-19 17:47:26,711 [INFO] Visited https://www2.hm.com/en_in/women/shop-by-product/dresses.html?page=32 (status=200, time=1.34s)
2025-09-19 17:47:27,650 [INFO] Page 32 -> 36 products
2025-09-19 17:47:28,670 [INFO] Response meta: {'url': 'https://www2.hm.com/en_in/women/shop-by-product/dresses.html?page=33', 'timestamp': 1758284248.670097, 'system': {'timestamp': 1758284248.670285, 'rss_bytes': 66232320, 'system_total_mem': 7658299392, 'system_used_percent': 90.0, 'cpu_percent': 47.5}, 'status': 200, 'ok': True, 'url_final': 'https://www2.hm.com/en_in/women/shop-by-product/dresses.html?page=33', 'elapsed_s': 1.0190135160009959}
2025-09-19 17:47:28,670 [INFO] Visited https://www2.hm.com/en_in/women/shop-by-product/dresses.html?page=33 (status=200, time=1.02s)
2025-09-19 17:47:29,533 [INFO] Page 33 -> 36 products
2025-09-19 17:47:30,478 [INFO] Response meta: {'url': 'https://www2.hm.com/en_in/women/shop-by-product/dresses.html?page=34', 'timestamp': 1758284250.4780078, 'system': {'timestamp': 1758284250.478384, 'rss_bytes': 65183744, 'system_total_mem': 7658299392, 'system_used_percent': 91.1, 'cpu_percent': 52.9}, 'status': 200, 'ok': True, 'url_final': 'https://www2.hm.com/en_in/women/shop-by-product/dresses.html?page=34', 'elapsed_s': 0.9439733010003692}
2025-09-19 17:47:30,479 [INFO] Visited https://www2.hm.com/en_in/women/shop-by-product/dresses.html?page=34 (status=200, time=0.94s)
2025-09-19 17:47:31,225 [INFO] Page 34 -> 36 products
2025-09-19 17:47:32,174 [INFO] Response meta: {'url': 'https://www2.hm.com/en_in/women/shop-by-product/dresses.html?page=35', 'timestamp': 1758284252.173483, 'system': {'timestamp': 1758284252.1737714, 'rss_bytes': 56532992, 'system_total_mem': 7658299392, 'system_used_percent': 93.1, 'cpu_percent': 51.2}, 'status': 200, 'ok': True, 'url_final': 'https://www2.hm.com/en_in/women/shop-by-product/dresses.html?page=35', 'elapsed_s': 0.9476547049998771}
2025-09-19 17:47:32,174 [INFO] Visited https://www2.hm.com/en_in/women/shop-by-product/dresses.html?page=35 (status=200, time=0.95s)
2025-09-19 17:47:32,906 [INFO] Page 35 -> 36 products
2025-09-19 17:47:34,042 [INFO] Response meta: {'url': 'https://www2.hm.com/en_in/women/shop-by-product/dresses.html?page=36', 'timestamp': 1758284254.0420916, 'system': {'timestamp': 1758284254.0422986, 'rss_bytes': 56664064, 'system_total_mem': 7658299392, 'system_used_percent': 92.7, 'cpu_percent': 36.3}, 'status': 200, 'ok': True, 'url_final': 'https://www2.hm.com/en_in/women/shop-by-product/dresses.html?page=36', 'elapsed_s': 1.135091874999489}
2025-09-19 17:47:34,042 [INFO] Visited https://www2.hm.com/en_in/women/shop-by-product/dresses.html?page=36 (status=200, time=1.14s)
2025-09-19 17:47:34,804 [INFO] Page 36 -> 36 products
2025-09-19 17:47:36,397 [INFO] Response meta: {'url': 'https://www2.hm.com/en_in/women/shop-by-product/dresses.html?page=37', 'timestamp': 1758284256.396346, 'system': {'timestamp': 1758284256.3969176, 'rss_bytes': 57188352, 'system_total_mem': 7658299392, 'system_used_percent': 92.5, 'cpu_percent': 30.3}, 'status': 200, 'ok': True, 'url_final': 'https://www2.hm.com/en_in/women/shop-by-product/dresses.html?page=37', 'elapsed_s': 1.5918615480004519}
2025-09-19 17:47:36,397 [INFO] Visited https://www2.hm.com/en_in/women/shop-by-product/dresses.html?page=37 (status=200, time=1.59s)
2025-09-19 17:47:37,132 [INFO] Page 37 -> 36 products
2025-09-19 17:47:38,006 [INFO] Response meta: {'url': 'https://www2.hm.com/en_in/women/shop-by-product/dresses.html?page=38', 'timestamp': 1758284258.0056124, 'system': {'timestamp': 1758284258.0058331, 'rss_bytes': 57450496, 'system_total_mem': 7658299392, 'system_used_percent': 92.4, 'cpu_percent': 38.0}, 'status': 200, 'ok': True, 'url_final': 'https://www2.hm.com/en_in/women/shop-by-product/dresses.html?page=38', 'elapsed_s': 0.8733344530010072}
2025-09-19 17:47:38,006 [INFO] Visited https://www2.hm.com/en_in/women/shop-by-product/dresses.html?page=38 (status=200, time=0.87s)
2025-09-19 17:47:38,706 [INFO] Page 38 -> 36 products
2025-09-19 17:47:39,580 [INFO] Response meta: {'url': 'https://www2.hm.com/en_in/women/shop-by-product/dresses.html?page=39', 'timestamp': 1758284259.5795443, 'system': {'timestamp': 1758284259.5801322, 'rss_bytes': 57843712, 'system_total_mem': 7658299392, 'system_used_percent': 91.8, 'cpu_percent': 34.7}, 'status': 200, 'ok': True, 'url_final': 'https://www2.hm.com/en_in/women/shop-by-product/dresses.html?page=39', 'elapsed_s': 0.8731430959996942}
2025-09-19 17:47:39,580 [INFO] Visited https://www2.hm.com/en_in/women/shop-by-product/dresses.html?page=39 (status=200, time=0.87s)
2025-09-19 17:47:40,319 [INFO] Page 39 -> 36 products
2025-09-19 17:47:41,213 [INFO] Response meta: {'url': 'https://www2.hm.com/en_in/women/shop-by-product/dresses.html?page=40', 'timestamp': 1758284261.2076204, 'system': {'timestamp': 1758284261.2101657, 'rss_bytes': 55615488, 'system_total_mem': 7658299392, 'system_used_percent': 91.7, 'cpu_percent': 32.2}, 'status': 200, 'ok': True, 'url_final': 'https://www2.hm.com/en_in/women/shop-by-product/dresses.html?page=40', 'elapsed_s': 0.8872732970012294}
2025-09-19 17:47:41,215 [INFO] Visited https://www2.hm.com/en_in/women/shop-by-product/dresses.html?page=40 (status=200, time=0.89s)
2025-09-19 17:47:42,060 [INFO] Page 40 -> 36 products
2025-09-19 17:47:43,012 [INFO] Response meta: {'url': 'https://www2.hm.com/en_in/women/shop-by-product/dresses.html?page=41', 'timestamp': 1758284263.0113204, 'system': {'timestamp': 1758284263.011695, 'rss_bytes': 58163200, 'system_total_mem': 7658299392, 'system_used_percent': 91.7, 'cpu_percent': 29.2}, 'status': 200, 'ok': True, 'url_final': 'https://www2.hm.com/en_in/women/shop-by-product/dresses.html?page=41', 'elapsed_s': 0.9510181939986069}
2025-09-19 17:47:43,012 [INFO] Visited https://www2.hm.com/en_in/women/shop-by-product/dresses.html?page=41 (status=200, time=0.95s)
2025-09-19 17:47:43,796 [INFO] Page 41 -> 36 products
2025-09-19 17:47:44,725 [INFO] Response meta: {'url': 'https://www2.hm.com/en_in/women/shop-by-product/dresses.html?page=42', 'timestamp': 1758284264.725372, 'system': {'timestamp': 1758284264.7256079, 'rss_bytes': 58425344, 'system_total_mem': 7658299392, 'system_used_percent': 91.7, 'cpu_percent': 33.3}, 'status': 200, 'ok': True, 'url_final': 'https://www2.hm.com/en_in/women/shop-by-product/dresses.html?page=42', 'elapsed_s': 0.9291249269990658}
2025-09-19 17:47:44,726 [INFO] Visited https://www2.hm.com/en_in/women/shop-by-product/dresses.html?page=42 (status=200, time=0.93s)
2025-09-19 17:47:45,454 [INFO] Page 42 -> 36 products
2025-09-19 17:47:46,389 [INFO] Response meta: {'url': 'https://www2.hm.com/en_in/women/shop-by-product/dresses.html?page=43', 'timestamp': 1758284266.3887887, 'system': {'timestamp': 1758284266.3891375, 'rss_bytes': 58556416, 'system_total_mem': 7658299392, 'system_used_percent': 91.5, 'cpu_percent': 30.2}, 'status': 200, 'ok': True, 'url_final': 'https://www2.hm.com/en_in/women/shop-by-product/dresses.html?page=43', 'elapsed_s': 0.9344763349981804}
2025-09-19 17:47:46,389 [INFO] Visited https://www2.hm.com/en_in/women/shop-by-product/dresses.html?page=43 (status=200, time=0.93s)
2025-09-19 17:47:47,135 [INFO] Page 43 -> 36 products
2025-09-19 17:47:48,464 [INFO] Response meta: {'url': 'https://www2.hm.com/en_in/women/shop-by-product/dresses.html?page=44', 'timestamp': 1758284268.4630558, 'system': {'timestamp': 1758284268.4635284, 'rss_bytes': 59080704, 'system_total_mem': 7658299392, 'system_used_percent': 91.3, 'cpu_percent': 27.5}, 'status': 200, 'ok': True, 'url_final': 'https://www2.hm.com/en_in/women/shop-by-product/dresses.html?page=44', 'elapsed_s': 1.3270948780009348}
2025-09-19 17:47:48,464 [INFO] Visited https://www2.hm.com/en_in/women/shop-by-product/dresses.html?page=44 (status=200, time=1.33s)
2025-09-19 17:47:49,264 [INFO] Page 44 -> 36 products
2025-09-19 17:47:50,401 [INFO] Response meta: {'url': 'https://www2.hm.com/en_in/women/shop-by-product/dresses.html?page=45', 'timestamp': 1758284270.4014935, 'system': {'timestamp': 1758284270.4017222, 'rss_bytes': 59342848, 'system_total_mem': 7658299392, 'system_used_percent': 91.4, 'cpu_percent': 38.0}, 'status': 200, 'ok': True, 'url_final': 'https://www2.hm.com/en_in/women/shop-by-product/dresses.html?page=45', 'elapsed_s': 1.1371449229991413}
2025-09-19 17:47:50,402 [INFO] Visited https://www2.hm.com/en_in/women/shop-by-product/dresses.html?page=45 (status=200, time=1.14s)
2025-09-19 17:47:51,198 [INFO] Page 45 -> 36 products
2025-09-19 17:47:52,770 [INFO] Response meta: {'url': 'https://www2.hm.com/en_in/women/shop-by-product/dresses.html?page=46', 'timestamp': 1758284272.7695096, 'system': {'timestamp': 1758284272.7700315, 'rss_bytes': 51871744, 'system_total_mem': 7658299392, 'system_used_percent': 91.5, 'cpu_percent': 30.3}, 'status': 200, 'ok': True, 'url_final': 'https://www2.hm.com/en_in/women/shop-by-product/dresses.html?page=46', 'elapsed_s': 1.570426618000056}
2025-09-19 17:47:52,771 [INFO] Visited https://www2.hm.com/en_in/women/shop-by-product/dresses.html?page=46 (status=200, time=1.57s)
2025-09-19 17:47:53,526 [INFO] Page 46 -> 36 products
2025-09-19 17:47:54,448 [INFO] Response meta: {'url': 'https://www2.hm.com/en_in/women/shop-by-product/dresses.html?page=47', 'timestamp': 1758284274.4476001, 'system': {'timestamp': 1758284274.4479496, 'rss_bytes': 51740672, 'system_total_mem': 7658299392, 'system_used_percent': 91.5, 'cpu_percent': 35.5}, 'status': 200, 'ok': True, 'url_final': 'https://www2.hm.com/en_in/women/shop-by-product/dresses.html?page=47', 'elapsed_s': 0.9211506860010559}
2025-09-19 17:47:54,448 [INFO] Visited https://www2.hm.com/en_in/women/shop-by-product/dresses.html?page=47 (status=200, time=0.92s)
2025-09-19 17:47:55,233 [INFO] Page 47 -> 36 products
2025-09-19 17:47:56,242 [INFO] Response meta: {'url': 'https://www2.hm.com/en_in/women/shop-by-product/dresses.html?page=48', 'timestamp': 1758284276.242167, 'system': {'timestamp': 1758284276.2423441, 'rss_bytes': 52133888, 'system_total_mem': 7658299392, 'system_used_percent': 91.1, 'cpu_percent': 42.6}, 'status': 200, 'ok': True, 'url_final': 'https://www2.hm.com/en_in/women/shop-by-product/dresses.html?page=48', 'elapsed_s': 1.008195053000236}
2025-09-19 17:47:56,242 [INFO] Visited https://www2.hm.com/en_in/women/shop-by-product/dresses.html?page=48 (status=200, time=1.01s)
2025-09-19 17:47:56,980 [INFO] Page 48 -> 36 products
2025-09-19 17:47:57,934 [INFO] Response meta: {'url': 'https://www2.hm.com/en_in/women/shop-by-product/dresses.html?page=49', 'timestamp': 1758284277.9336953, 'system': {'timestamp': 1758284277.9341035, 'rss_bytes': 52396032, 'system_total_mem': 7658299392, 'system_used_percent': 90.7, 'cpu_percent': 40.3}, 'status': 200, 'ok': True, 'url_final': 'https://www2.hm.com/en_in/women/shop-by-product/dresses.html?page=49', 'elapsed_s': 0.9527663160006341}
2025-09-19 17:47:57,934 [INFO] Visited https://www2.hm.com/en_in/women/shop-by-product/dresses.html?page=49 (status=200, time=0.95s)
2025-09-19 17:47:58,350 [INFO] Page 49 -> 16 products
2025-09-19 17:47:59,195 [INFO] Response meta: {'url': 'https://www2.hm.com/en_in/women/shop-by-product/dresses.html?page=50', 'timestamp': 1758284279.1954541, 'system': {'timestamp': 1758284279.1956568, 'rss_bytes': 52527104, 'system_total_mem': 7658299392, 'system_used_percent': 91.0, 'cpu_percent': 41.3}, 'status': 200, 'ok': True, 'url_final': 'https://www2.hm.com/en_in/women/shop-by-product/dresses.html?page=50', 'elapsed_s': 0.8446597590009333}
2025-09-19 17:47:59,196 [INFO] Visited https://www2.hm.com/en_in/women/shop-by-product/dresses.html?page=50 (status=200, time=0.84s)
2025-09-19 17:48:00,424 [INFO] Response meta: {'url': 'https://www2.hm.com/en_in/women/shop-by-product/cardigans-jumpers.html?page=1', 'timestamp': 1758284280.4235048, 'system': {'timestamp': 1758284280.4237497, 'rss_bytes': 52527104, 'system_total_mem': 7658299392, 'system_used_percent': 91.7, 'cpu_percent': 35.0}, 'status': 200, 'ok': True, 'url_final': 'https://www2.hm.com/en_in/women/shop-by-product/cardigans-jumpers.html?page=1', 'elapsed_s': 1.0937858619981853}
2025-09-19 17:48:00,424 [INFO] Visited https://www2.hm.com/en_in/women/shop-by-product/cardigans-jumpers.html?page=1 (status=200, time=1.09s)
2025-09-19 17:48:01,142 [INFO] Page 1 -> 36 products
2025-09-19 17:48:02,634 [INFO] Response meta: {'url': 'https://www2.hm.com/en_in/women/shop-by-product/cardigans-jumpers.html?page=2', 'timestamp': 1758284282.6337113, 'system': {'timestamp': 1758284282.6341693, 'rss_bytes': 52920320, 'system_total_mem': 7658299392, 'system_used_percent': 91.8, 'cpu_percent': 29.8}, 'status': 200, 'ok': True, 'url_final': 'https://www2.hm.com/en_in/women/shop-by-product/cardigans-jumpers.html?page=2', 'elapsed_s': 1.4912822190017323}
2025-09-19 17:48:02,634 [INFO] Visited https://www2.hm.com/en_in/women/shop-by-product/cardigans-jumpers.html?page=2 (status=200, time=1.49s)
2025-09-19 17:48:03,375 [INFO] Page 2 -> 36 products
2025-09-19 17:48:06,444 [INFO] Response meta: {'url': 'https://www2.hm.com/en_in/women/shop-by-product/cardigans-jumpers.html?page=3', 'timestamp': 1758284286.4438999, 'system': {'timestamp': 1758284286.4442232, 'rss_bytes': 53313536, 'system_total_mem': 7658299392, 'system_used_percent': 90.9, 'cpu_percent': 28.8}, 'status': 200, 'ok': True, 'url_final': 'https://www2.hm.com/en_in/women/shop-by-product/cardigans-jumpers.html?page=3', 'elapsed_s': 3.068004277}
2025-09-19 17:48:06,444 [INFO] Visited https://www2.hm.com/en_in/women/shop-by-product/cardigans-jumpers.html?page=3 (status=200, time=3.07s)
2025-09-19 17:48:07,395 [INFO] Page 3 -> 36 products
2025-09-19 17:48:08,955 [INFO] Response meta: {'url': 'https://www2.hm.com/en_in/women/shop-by-product/cardigans-jumpers.html?page=4', 'timestamp': 1758284288.9548075, 'system': {'timestamp': 1758284288.9552877, 'rss_bytes': 53706752, 'system_total_mem': 7658299392, 'system_used_percent': 91.7, 'cpu_percent': 32.9}, 'status': 200, 'ok': True, 'url_final': 'https://www2.hm.com/en_in/women/shop-by-product/cardigans-jumpers.html?page=4', 'elapsed_s': 1.5588266939994355}
2025-09-19 17:48:08,956 [INFO] Visited https://www2.hm.com/en_in/women/shop-by-product/cardigans-jumpers.html?page=4 (status=200, time=1.56s)
2025-09-19 17:48:09,895 [INFO] Page 4 -> 36 products
2025-09-19 17:48:11,368 [INFO] Response meta: {'url': 'https://www2.hm.com/en_in/women/shop-by-product/cardigans-jumpers.html?page=5', 'timestamp': 1758284291.3675659, 'system': {'timestamp': 1758284291.3679972, 'rss_bytes': 53968896, 'system_total_mem': 7658299392, 'system_used_percent': 90.9, 'cpu_percent': 37.7}, 'status': 200, 'ok': True, 'url_final': 'https://www2.hm.com/en_in/women/shop-by-product/cardigans-jumpers.html?page=5', 'elapsed_s': 1.4722005300027377}
2025-09-19 17:48:11,368 [INFO] Visited https://www2.hm.com/en_in/women/shop-by-product/cardigans-jumpers.html?page=5 (status=200, time=1.47s)
2025-09-19 17:48:12,329 [INFO] Page 5 -> 36 products
2025-09-19 17:48:13,192 [INFO] Response meta: {'url': 'https://www2.hm.com/en_in/women/shop-by-product/cardigans-jumpers.html?page=6', 'timestamp': 1758284293.192054, 'system': {'timestamp': 1758284293.1923804, 'rss_bytes': 54362112, 'system_total_mem': 7658299392, 'system_used_percent': 90.6, 'cpu_percent': 45.5}, 'status': 200, 'ok': True, 'url_final': 'https://www2.hm.com/en_in/women/shop-by-product/cardigans-jumpers.html?page=6', 'elapsed_s': 0.8626017069982481}
2025-09-19 17:48:13,192 [INFO] Visited https://www2.hm.com/en_in/women/shop-by-product/cardigans-jumpers.html?page=6 (status=200, time=0.86s)
2025-09-19 17:48:13,875 [INFO] Page 6 -> 36 products
2025-09-19 17:48:14,879 [INFO] Response meta: {'url': 'https://www2.hm.com/en_in/women/shop-by-product/cardigans-jumpers.html?page=7', 'timestamp': 1758284294.8792427, 'system': {'timestamp': 1758284294.8795717, 'rss_bytes': 54624256, 'system_total_mem': 7658299392, 'system_used_percent': 90.7, 'cpu_percent': 32.1}, 'status': 200, 'ok': True, 'url_final': 'https://www2.hm.com/en_in/women/shop-by-product/cardigans-jumpers.html?page=7', 'elapsed_s': 1.0033277969996561}
2025-09-19 17:48:14,880 [INFO] Visited https://www2.hm.com/en_in/women/shop-by-product/cardigans-jumpers.html?page=7 (status=200, time=1.00s)
2025-09-19 17:48:15,680 [INFO] Page 7 -> 36 products
2025-09-19 17:48:16,607 [INFO] Response meta: {'url': 'https://www2.hm.com/en_in/women/shop-by-product/cardigans-jumpers.html?page=8', 'timestamp': 1758284296.606337, 'system': {'timestamp': 1758284296.6068332, 'rss_bytes': 54886400, 'system_total_mem': 7658299392, 'system_used_percent': 90.7, 'cpu_percent': 39.5}, 'status': 200, 'ok': True, 'url_final': 'https://www2.hm.com/en_in/women/shop-by-product/cardigans-jumpers.html?page=8', 'elapsed_s': 0.925291773997742}
2025-09-19 17:48:16,607 [INFO] Visited https://www2.hm.com/en_in/women/shop-by-product/cardigans-jumpers.html?page=8 (status=200, time=0.93s)
2025-09-19 17:48:17,366 [INFO] Page 8 -> 36 products
2025-09-19 17:48:19,159 [INFO] Response meta: {'url': 'https://www2.hm.com/en_in/women/shop-by-product/cardigans-jumpers.html?page=9', 'timestamp': 1758284299.1584108, 'system': {'timestamp': 1758284299.1587644, 'rss_bytes': 55410688, 'system_total_mem': 7658299392, 'system_used_percent': 91.2, 'cpu_percent': 23.7}, 'status': 200, 'ok': True, 'url_final': 'https://www2.hm.com/en_in/women/shop-by-product/cardigans-jumpers.html?page=9', 'elapsed_s': 1.7916904900012014}
2025-09-19 17:48:19,159 [INFO] Visited https://www2.hm.com/en_in/women/shop-by-product/cardigans-jumpers.html?page=9 (status=200, time=1.79s)
2025-09-19 17:48:20,170 [INFO] Page 9 -> 36 products
