Overview
Today's session involved addressing technical challenges with Shoepping AT feasibility due to heavy bot protection, continuing REWE data rework, and initiating a new feasibility analysis for FatFace website.


REWE Data Re-work Continuation:

 - Continued implementing improvements to REWE data structure
   and adding extra available  fields
 - Enhanced data validation and quality assurance measures
 - Optimized field extraction accuracy based on mentor feedback
 - Addressed specific data quality issues identified

Shoeping AT Feasibility Challenges:

 - Encountered heavy bot detection mechanisms on Shoepping AT
 - Site accessibility issues prevented comprehensive analysis

New Task Assignment - FatFace:

 - Received new feasibility analysis project for FatFace website
 - Started initial technical assessment and requirements analysis
 - Began site structure evaluation and data accessibility check


Tasks Completion Status
1. REWE Data Re-work
Status:  completed

2. Shoepping AT Feasibility
Status: BLOCKED - in completed

3. FatFace Feasibility
Status: INITIATED



