Overview
Today's session involved updating Office Depot feasibility analysis, implementing mentor-requested changes to FatFace development, and reworking the category and product crawler architecture.

Office Depot Feasibility Update:

 - Updated feasibility analysis with new findings
 - Refined technical assessment based on deeper analysis
 - Documented implementation considerations and challenges

Mentor Meeting:

 - Presented Office Depot feasibility progress
 - Received specific feedback on FatFace development improvements
 - Discussed architectural changes needed for crawler optimization

Feasibility Sheet Completion:

 - Finalized comprehensive feasibility documentation
 - Completed all assessment sections and recommendations
 - Delivered complete feasibility package

FatFace Crawler Re-Work:

 - Started reworking category crawler with improved logic
 - Enhanced product crawler for better performance and reliability
 - Implemented mentor-requested architectural changes

Tasks Completion Status:
1. Office Depot Feasibility
Status: COMPLETED

 - Comprehensive analysis finalized
 - Technical assessment completed
 - Feasibility sheet update completed

2. FatFace Development re-work
Status: IN PROGRESS

 - Category crawler re-architecture underway
 - Product crawler enhancements in progress
 - Mentor feedback being implemented


