Overview:
Today's session involved rapid feasibility analysis across multiple projects, demonstrating exceptional efficiency in project assessment and technical evaluation. 

New Task: Staple Advantage Feasibility:

    Initiated feasibility analysis for Staple Advantage platform
    Conducted technical assessment of B2B e-commerce structure
    Evaluated data accessibility and implementation complexity
    Documented preliminary findings and approach

Current Task Update Meeting:

    Discussed ongoing project status and priorities
    Reviewed progress across multiple feasibility assessments
    Addressed technical challenges and resource allocation
    Aligned on quality standards and delivery timelines

Staple Advantage Feasibility Completion:

    completed comprehensive feasibility analysis
    Finalized technical viability assessment
    Documented implementation recommendations
    Delivered complete feasibility package


New Task: NAPA Online Feasibility:

    Started feasibility for automotive parts platform
    Encountered technical request errors during assessment
    Documented accessibility challenges and technical barriers
    Placed project on hold pending technical resolution

Task Doubt Clarification Meeting:

    Discussed technical challenges with NAPA Online assessment
    Clarified feasibility methodology for problematic sites
    Addressed approach for sites with accessibility issues
    Planned next steps for challenging assessments

New Task: JCPenney Feasibility:

    Received new project for department store chain
    Started comprehensive feasibility analysis
    Assessed site structure, complexity, and data accessibility
    Evaluated implementation challenges and solutions

JCPenney Feasibility Completion:

    Successfully completed comprehensive feasibility analysis
    Finalized technical viability assessment
    Documented implementation roadmap and recommendations
    Delivered complete feasibility package


Tasks Completion Status:
1. Staple Advantage Feasibility
Status: COMPLETED

2. NAPA Online Feasibility
Status: ON HOLD

3. JCPenney Feasibility
Status: COMPLETED

