Overview
Today's session achieved rapid completion of BigBasket development with successful data extraction and issue resolution, followed by initiation of retrospective feasibility analysis. 

BigBasket Development Completion:

    Finalized all development components and functionality
    Completed integration of crawler, parser, and export systems
    Verified all components are production-ready
    Delivered comprehensive development solution

BigBasket Sample Data Extraction:

    Conducted successful sample data extraction
    Verified data accuracy and completeness
    Tested extraction performance and reliability
    Validated data quality against requirements

Data Issue Identification & Fixing:

    Identified and analyzed data quality issues
    Implemented systematic fixes and optimizations
    Enhanced data validation and cleaning procedures
    Verified issue resolution effectiveness


BigBasket Retrospective Feasibility Analysis:

    Initiated comprehensive feasibility analysis post-development
    Conducted technical assessment of implemented solution
    Evaluated development approach effectiveness
    Documented learnings and optimization opportunities


BigBasket Development
Status: COMPLETED

Data Extraction & Issue Resolution
Status: COMPLETED

Retrospective Feasibility Analysis
Status: IN PROGRESS
