2025-10-03 13:49:17,457 [ERROR] Error loading https://www.snitch.com/men-shirts/luxe-100-cotton-slim-fit-stripes-shirt-4mlx1008-02/8751126904994/buy: Timeout 4000ms exceeded.
=========================== logs ===========================
"load" event fired
============================================================
2025-10-03 13:49:21,053 [INFO] Inserted: https://www.snitch.com/men-shirts/slim-fit-linen-blend-shirt-4mss3976-17/8768340689058/buy
2025-10-03 13:49:23,867 [INFO] Inserted: https://www.snitch.com/men-shirts/blue-floral-oversized-fit-shirt-4mss3551-01/8588062752930/buy
2025-10-03 13:49:26,271 [INFO] Inserted: https://www.snitch.com/men-shirts/luxe-stretch-slim-fit-stripes-shirt-4mlx1098-01/8763518156962/buy
2025-10-03 13:49:28,479 [INFO] Inserted: https://www.snitch.com/men-shirts/100-cotton-regular-fit-mandarin-collar-shirt-4mss4379-01/8767618121890/buy
2025-10-03 13:49:31,155 [INFO] Inserted: https://www.snitch.com/men-shirts/green-textured-slim-fit-shirt-4mss3898-02/8601821610146/buy
2025-10-03 13:49:35,384 [ERROR] Error loading https://www.snitch.com/men-shirts/textured-100-cotton-regular-fit-shirt-4mss4287-04/8752612245666/buy: Timeout 4000ms exceeded.
=========================== logs ===========================
"load" event fired
============================================================
2025-10-03 13:49:39,647 [INFO] Inserted: https://www.snitch.com/men-shirts/grey-abstract-box-fit-shirt-4mss3786-01/8573594140834/buy
2025-10-03 13:49:42,762 [INFO] Inserted: https://www.snitch.com/men-shirts/charcoal-grey-abstract-box-fit-shirt-4mss3791-02/8555939791010/buy
2025-10-03 13:49:45,054 [INFO] Inserted: https://www.snitch.com/men-shirts/100-cotton-box-fit-textured-shirt-4mss4390-02/8781259112610/buy
2025-10-03 13:49:47,559 [INFO] Inserted: https://www.snitch.com/men-shirts/double-cuff-ash-grey-shirt/7902788649122/buy
2025-10-03 13:49:49,888 [INFO] Inserted: https://www.snitch.com/men-shirts/mandarin-collar-linen-blend-regular-fit-shirt-4mss4233-09/8758242050210/buy
2025-10-03 13:49:53,685 [INFO] Inserted: https://www.snitch.com/men-shirts/box-fit-textured-shirt-4mss4327-04/8763518451874/buy
2025-10-03 13:49:57,822 [ERROR] Error loading https://www.snitch.com/men-shirts/slim-fit-mandarin-collar-textured-shirt-4mss4286-07/8752612802722/buy: Timeout 4000ms exceeded.
=========================== logs ===========================
"load" event fired
============================================================
2025-10-03 13:50:03,115 [ERROR] Error loading https://www.snitch.com/men-shirts/100-cotton-regular-fit-stripes-shirt-4mss4354-04/8758242246818/buy: Timeout 4000ms exceeded.
=========================== logs ===========================
"load" event fired
============================================================
2025-10-03 13:50:06,614 [INFO] Inserted: https://www.snitch.com/men-shirts/beige-solid-twill-shirt-4mss3563-05/8536887066786/buy
2025-10-03 13:50:10,870 [ERROR] Error loading https://www.snitch.com/men-shirts/box-fit-textured-shirt-4mss4327-03/8763518419106/buy: Timeout 4000ms exceeded.
=========================== logs ===========================
"load" event fired
============================================================
2025-10-03 13:50:15,102 [INFO] Inserted: https://www.snitch.com/men-shirts/slim-fit-100-cotton-luxe-shirt-4mlx1077-02/8758242345122/buy
2025-10-03 13:50:17,782 [INFO] Inserted: https://www.snitch.com/men-shirts/dark-brown-textured-stretch-shirt-4mss3168-02/8457896362146/buy
2025-10-03 13:50:20,103 [INFO] Inserted: https://www.snitch.com/men-shirts/beige-mandarin-textured-shirt-4mss3296-06/8495583821986/buy
2025-10-03 13:50:22,674 [INFO] Inserted: https://www.snitch.com/men-shirts/dark-jet-black-stripes-oversized-fit-crochet-shirt-4mss3773-02/8601821118626/buy
2025-10-03 13:50:24,853 [INFO] Inserted: https://www.snitch.com/men-shirts/charcoal-grey-slim-fit-shirt-4mss3917-02/8588088606882/buy
2025-10-03 13:50:27,354 [INFO] Inserted: https://www.snitch.com/men-shirts/knitcraft-crochet-cream-shirt/8185893421218/buy
2025-10-03 13:50:31,171 [INFO] Inserted: https://www.snitch.com/men-shirts/olive-solid-oxford-shirt-4mss3563-07/8536887394466/buy
2025-10-03 13:50:35,814 [INFO] Inserted: https://www.snitch.com/men-shirts/superflex-lavender-shirt/7938323906722/buy
2025-10-03 13:50:41,265 [ERROR] Error loading https://www.snitch.com/men-shirts/textured-box-fit-shirt-4mss4082-01/8781259735202/buy: Timeout 4000ms exceeded.
=========================== logs ===========================
"load" event fired
============================================================
2025-10-03 13:50:45,763 [ERROR] Error loading https://www.snitch.com/men-shirts/box-fit-textured-shirt-4mss4350-05/8751126085794/buy: Timeout 4000ms exceeded.
=========================== logs ===========================
"load" event fired
============================================================
2025-10-03 13:50:51,065 [INFO] Inserted: https://www.snitch.com/men-shirts/lilac-box-fit-creased-effect-shirt-4mss3681-01/8637449994402/buy
2025-10-03 13:50:53,723 [INFO] Inserted: https://www.snitch.com/men-shirts/light-grey-floral-slim-fit-shirt-4mss3721-01/8549064704162/buy
2025-10-03 13:50:56,488 [INFO] Inserted: https://www.snitch.com/men-shirts/grey-textured-oversized-fit-shirt-4mss3711-04/8555932844194/buy
2025-10-03 13:50:59,227 [INFO] Inserted: https://www.snitch.com/men-shirts/box-fit-self-design-shirt-4mss4363-04/8767618023586/buy
2025-10-03 13:51:02,224 [INFO] Inserted: https://www.snitch.com/men-shirts/black-box-fit-shirt-4mss3819-01/8607436800162/buy
2025-10-03 13:51:05,112 [INFO] Inserted: https://www.snitch.com/men-shirts/stripehaven-blue-striped-shirt/8331732156578/buy
2025-10-03 13:51:08,187 [INFO] Inserted: https://www.snitch.com/men-shirts/blue-cuban-textured-shirt-4mss3452-02/8495376203938/buy
2025-10-03 13:51:11,343 [INFO] Inserted: https://www.snitch.com/men-shirts/slim-fit-mandarin-collar-textured-shirt-4mss4286-03/8754551324834/buy
2025-10-03 13:51:14,798 [INFO] Inserted: https://www.snitch.com/men-shirts/100-cotton-plaid-regular-fit-shirt-4mss4186-02/8763517370530/buy
2025-10-03 13:51:19,228 [ERROR] Error loading https://www.snitch.com/men-shirts/orange-slim-fit-abstract-shirt-4mss3179-01/8486626295970/buy: Timeout 4000ms exceeded.
=========================== logs ===========================
"load" event fired
============================================================
2025-10-03 13:51:23,370 [ERROR] Error loading https://www.snitch.com/men-shirts/green-geometric-slim-fit-shirt-4mss3510-02/8542302142626/buy: Timeout 4000ms exceeded.
=========================== logs ===========================
"load" event fired
============================================================
2025-10-03 13:51:28,389 [ERROR] Error loading https://www.snitch.com/men-shirts/grey-floral-box-fit-shirt-4mss3550-01/8575396380834/buy: Timeout 4000ms exceeded.
=========================== logs ===========================
"load" event fired
============================================================
2025-10-03 13:54:27,611 [WARNING] Network idle timeout for https://www.snitch.com/men-shirts/luxe-100-cotton-slim-fit-stripes-shirt-4mlx1008-02/8751126904994/buy, continuing...
2025-10-03 13:54:27,688 [INFO] Inserted: https://www.snitch.com/men-shirts/luxe-100-cotton-slim-fit-stripes-shirt-4mlx1008-02/8751126904994/buy
2025-10-03 13:54:53,666 [INFO] Inserted: https://www.snitch.com/men-shirts/textured-100-cotton-regular-fit-shirt-4mss4287-04/8752612245666/buy
2025-10-03 13:55:15,745 [INFO] Inserted: https://www.snitch.com/men-shirts/slim-fit-mandarin-collar-textured-shirt-4mss4286-07/8752612802722/buy
2025-10-03 13:55:21,018 [INFO] Inserted: https://www.snitch.com/men-shirts/100-cotton-regular-fit-stripes-shirt-4mss4354-04/8758242246818/buy
2025-10-03 13:55:30,631 [INFO] Inserted: https://www.snitch.com/men-shirts/box-fit-textured-shirt-4mss4327-03/8763518419106/buy
2025-10-03 13:56:07,749 [INFO] Inserted: https://www.snitch.com/men-shirts/textured-box-fit-shirt-4mss4082-01/8781259735202/buy
2025-10-03 13:56:10,606 [INFO] Inserted: https://www.snitch.com/men-shirts/box-fit-textured-shirt-4mss4350-05/8751126085794/buy
2025-10-03 13:56:45,886 [INFO] Inserted: https://www.snitch.com/men-shirts/orange-slim-fit-abstract-shirt-4mss3179-01/8486626295970/buy
2025-10-03 13:56:50,742 [INFO] Inserted: https://www.snitch.com/men-shirts/green-geometric-slim-fit-shirt-4mss3510-02/8542302142626/buy
2025-10-03 13:56:54,129 [INFO] Inserted: https://www.snitch.com/men-shirts/grey-floral-box-fit-shirt-4mss3550-01/8575396380834/buy
2025-10-03 13:56:57,436 [INFO] Inserted: https://www.snitch.com/men-shirts/abstractile-grey-shirt/8329632481442/buy
2025-10-03 13:57:00,750 [INFO] Inserted: https://www.snitch.com/men-shirts/mandarin-collar-linen-blend-regular-fit-shirt-4mss4233-01/8751126708386/buy
2025-10-03 13:57:03,563 [INFO] Inserted: https://www.snitch.com/men-shirts/turquoise-box-fit-stripes-shirt-4mss3617-04/8538634518690/buy
2025-10-03 13:57:05,963 [INFO] Inserted: https://www.snitch.com/men-shirts/box-fit-self-design-shirt-4mss4363-01/8763517403298/buy
2025-10-03 13:57:08,667 [INFO] Inserted: https://www.snitch.com/men-shirts/regular-fit-100-cotton-shirt-4mss4370-09/8754551160994/buy
2025-10-03 13:57:12,836 [INFO] Inserted: https://www.snitch.com/men-shirts/100-cotton-checks-regular-fit-shirt-4mss4214-02/8769691680930/buy
2025-10-03 13:57:16,402 [INFO] Inserted: https://www.snitch.com/men-shirts/white-abstract-cuban-box-fit-shirt-4mss3543-04/8578461073570/buy
2025-10-03 13:57:18,957 [INFO] Inserted: https://www.snitch.com/men-shirts/quartet-purple-stripe-shirt/8114163908770/buy
2025-10-03 13:57:21,323 [INFO] Inserted: https://www.snitch.com/men-shirts/blue-grey-regular-fit-shirt-4mss4201-05/8777775775906/buy
2025-10-03 13:57:23,718 [INFO] Inserted: https://www.snitch.com/men-shirts/micro-check-100-cotton-slim-fit-shirt-4mss4368-02/8752169910434/buy
2025-10-03 13:57:26,851 [INFO] Inserted: https://www.snitch.com/men-shirts/cream-textured-box-fit-shirt-4mss3698-01/8580608393378/buy
2025-10-03 13:57:31,071 [INFO] Inserted: https://www.snitch.com/men-shirts/red-abstract-slim-fit-shirt-4mss3508-01/8542301061282/buy
2025-10-03 13:57:34,086 [INFO] Inserted: https://www.snitch.com/men-shirts/checks-100-cotton-regular-fit-shirt-4mss4287-02/8752169648290/buy
2025-10-03 13:57:36,985 [INFO] Inserted: https://www.snitch.com/men-shirts/delfina-purple-checks-shirt/8388983292066/buy
2025-10-03 13:57:40,389 [INFO] Inserted: https://www.snitch.com/men-shirts/nebulara-black-geometric-shirt/8365767753890/buy
2025-10-03 13:57:45,704 [INFO] Inserted: https://www.snitch.com/men-shirts/light-grey-regular-fit-shirt-4mss4201-08/8777775808674/buy
2025-10-03 13:57:54,301 [INFO] Inserted: https://www.snitch.com/men-shirts/bubble-line-black-seer-sucker-shirt/7996675817634/buy
2025-10-03 13:58:00,281 [INFO] Inserted: https://www.snitch.com/men-shirts/beige-box-fit-shirt-4mss4328-05/8776747483298/buy
2025-10-03 13:58:03,365 [INFO] Inserted: https://www.snitch.com/men-shirts/regular-fit-100-cotton-shirt-4mss4370-02/8754550833314/buy
2025-10-03 13:58:06,963 [INFO] Inserted: https://www.snitch.com/men-shirts/box-fit-linen-blend-shirt-4mss4433-04/8768340590754/buy
2025-10-03 13:58:11,600 [INFO] Inserted: https://www.snitch.com/men-shirts/stripes-slim-fit-luxe-100-cotton-shirt-4mlx1150-02/8777776201890/buy
2025-10-03 13:58:14,921 [INFO] Inserted: https://www.snitch.com/men-shirts/luxe-stretch-slim-fit-stripes-shirt-4mlx1097-01/8763517993122/buy
2025-10-03 13:58:17,567 [INFO] Inserted: https://www.snitch.com/men-shirts/grey-stripe-slim-fit-shirt/8351880773794/buy
2025-10-03 13:58:20,206 [INFO] Inserted: https://www.snitch.com/men-shirts/100-cotton-slim-fit-shirt-4mss4367-05/8768340492450/buy
2025-10-03 13:58:24,066 [INFO] Inserted: https://www.snitch.com/men-shirts/off-white-solid-slim-fit-shirt-4mss3877-02/8581559189666/buy
2025-10-03 13:58:28,795 [INFO] Inserted: https://www.snitch.com/men-shirts/mandala-print-black-shirt/7403788894370/buy
2025-10-03 13:58:35,540 [INFO] Inserted: https://www.snitch.com/men-shirts/4mss2193-04/7996676735138/buy
2025-10-03 13:58:41,856 [INFO] Inserted: https://www.snitch.com/men-shirts/box-fit-linen-blend-shirt-4mss4433-05/8772150624418/buy
2025-10-03 13:58:45,210 [INFO] Inserted: https://www.snitch.com/men-shirts/superflex-white-shirt/7938323677346/buy
2025-10-03 13:58:48,170 [INFO] Inserted: https://www.snitch.com/men-shirts/green-printed-slim-fit-shirt-4mss3753-03/8607435423906/buy
2025-10-03 13:58:51,318 [INFO] Inserted: https://www.snitch.com/men-shirts/dark-blue-checks-regular-fit-shirt-4mss3955-06/8595182157986/buy
2025-10-03 13:58:54,956 [INFO] Inserted: https://www.snitch.com/men-shirts/dark-green-textured-box-fit-shirt-4mss3698-02/8588085887138/buy
2025-10-03 13:58:58,069 [INFO] Inserted: https://www.snitch.com/men-shirts/cashmere-paisley-red-shirt/7887160737954/buy
2025-10-03 13:59:01,112 [INFO] Inserted: https://www.snitch.com/men-shirts/cross-diamond-textured-black-shirt/8076253888674/buy
2025-10-03 13:59:04,123 [INFO] Inserted: https://www.snitch.com/men-shirts/brush-stroke-red-shirt/7887155167394/buy
2025-10-03 13:59:07,064 [INFO] Inserted: https://www.snitch.com/men-shirts/light-blue-regular-fit-shirt-4mss4201-03/8776747614370/buy
2025-10-03 13:59:11,108 [INFO] Inserted: https://www.snitch.com/men-shirts/black-geometric-slim-fit-shirt-4mss3628-02/8565615984802/buy
2025-10-03 13:59:15,265 [INFO] Inserted: https://www.snitch.com/men-shirts/kalakari-navy-shirt/7456291356834/buy
2025-10-03 13:59:20,473 [INFO] Inserted: https://www.snitch.com/men-shirts/100-cotton-luxe-slim-fit-shirt-4mlx1076-02/8754551718050/buy
2025-10-03 13:59:24,305 [INFO] Inserted: https://www.snitch.com/men-shirts/box-fit-textured-shirt-4mss4350-03/8751126020258/buy
2025-10-03 13:59:26,855 [INFO] Inserted: https://www.snitch.com/men-shirts/slim-fit-100-cotton-floral-luxe-shirt-4mlx1127-01/8781889241250/buy
2025-10-03 13:59:29,890 [INFO] Inserted: https://www.snitch.com/men-shirts/regular-fit-100-cotton-shirt-4mss4231-04/8767617728674/buy
2025-10-03 13:59:32,930 [INFO] Inserted: https://www.snitch.com/men-shirts/core-lab-yellow-slim-fit-shirt-4mcr1002-01/8564061077666/buy
2025-10-03 13:59:36,183 [INFO] Inserted: https://www.snitch.com/men-shirts/core-lab-white-button-down-slim-fit-shirt-4mcr1001-06/8570760298658/buy
2025-10-03 13:59:39,886 [INFO] Inserted: https://www.snitch.com/men-shirts/linen-blend-unknown-box-fit-shirt-4mss4317-03/8781259833506/buy
2025-10-03 13:59:43,136 [INFO] Inserted: https://www.snitch.com/men-shirts/white-self-design-slim-fit-shirt-4mss3854-01/8565628797090/buy
2025-10-03 13:59:46,100 [INFO] Inserted: https://www.snitch.com/men-shirts/slim-fit-stripes-100-cotton-shirt-4mss4369-04/8751125790882/buy
2025-10-03 13:59:48,722 [INFO] Inserted: https://www.snitch.com/men-shirts/stripes-slim-fit-luxe-100-cotton-shirt-4mlx1150-01/8777776136354/buy
2025-10-03 13:59:53,037 [INFO] Inserted: https://www.snitch.com/men-shirts/box-fit-textured-100-cotton-shirt-4mss4275-05/8752612475042/buy
2025-10-03 14:00:01,464 [INFO] Inserted: https://www.snitch.com/men-shirts/micro-check-100-cotton-slim-fit-shirt-4mss4368-01/8752169877666/buy
2025-10-03 14:00:06,690 [INFO] Inserted: https://www.snitch.com/men-shirts/maroon-self-design-cuban-shirt-4mss2916-03/8477179412642/buy
2025-10-03 14:00:12,308 [INFO] Inserted: https://www.snitch.com/men-shirts/slim-fit-mandarin-collar-textured-shirt-4mss4286-05/8752612737186/buy
2025-10-03 14:00:16,406 [INFO] Inserted: https://www.snitch.com/men-shirts/white-self-design-knitted-shirt-4mss3684-03/8517378736290/buy
2025-10-03 14:00:19,365 [INFO] Inserted: https://www.snitch.com/men-shirts/white-linen-blend-oxford-shirt-4mss3387-01/8470706389154/buy
2025-10-03 14:00:22,352 [INFO] Inserted: https://www.snitch.com/men-shirts/mandarin-collar-linen-blend-regular-fit-shirt-4mss4233-10/8758242082978/buy
2025-10-03 14:00:25,584 [INFO] Inserted: https://www.snitch.com/men-shirts/slim-fit-cotton-stripes-light-blue-shirt-4mss4129-02/8677671207074/buy
2025-10-03 14:00:28,672 [INFO] Inserted: https://www.snitch.com/men-shirts/greyish-blue-textured-oversized-fit-shirt-4mss3711-03/8555932123298/buy
2025-10-03 14:00:31,712 [INFO] Inserted: https://www.snitch.com/men-shirts/light-grey-stripes-regular-fit-shirt-4mss4021-04/8647165345954/buy
2025-10-03 14:00:35,303 [INFO] Inserted: https://www.snitch.com/men-shirts/regular-fit-100-cotton-plaid-shirt-4mss4212-01/8754551816354/buy
2025-10-03 14:00:42,209 [INFO] Inserted: https://www.snitch.com/men-shirts/100-cotton-regular-fit-shirt-4mss3739-05/8781889274018/buy
2025-10-03 14:00:48,082 [INFO] Inserted: https://www.snitch.com/men-shirts/100-cotton-regular-fit-mandarin-collar-shirt-4mss4379-07/8768340295842/buy
2025-10-03 14:00:51,883 [INFO] Inserted: https://www.snitch.com/men-shirts/100-cotton-regular-fit-stripes-shirt-4mss4354-03/8758242214050/buy
2025-10-03 14:00:57,007 [INFO] Inserted: https://www.snitch.com/men-shirts/brown-textured-box-fit-shirt-4mss3027-04/8560027041954/buy
2025-10-03 14:01:01,118 [INFO] Inserted: https://www.snitch.com/men-shirts/white-solid-twill-shirt-4mss3563-01/8536886476962/buy
2025-10-03 14:01:05,614 [INFO] Inserted: https://www.snitch.com/men-shirts/100-cotton-regular-fit-plaid-shirt-4mss4209-02/8763517436066/buy
2025-10-03 14:01:09,556 [INFO] Inserted: https://www.snitch.com/men-shirts/box-fit-printed-shirt-4mss4283-01/8756618985634/buy
2025-10-03 14:01:13,239 [INFO] Inserted: https://www.snitch.com/men-shirts/checks-slim-fit-shirt-4mss4397-02/8768340754594/buy
2025-10-03 14:01:16,436 [INFO] Inserted: https://www.snitch.com/men-shirts/box-fit-embroidery-shirt-4mss4246-02/8763518124194/buy
2025-10-03 14:01:20,472 [INFO] Inserted: https://www.snitch.com/men-shirts/slim-fit-luxe-stretch-shirt-4mlx1106-02/8777775874210/buy
2025-10-03 14:01:23,991 [INFO] Inserted: https://www.snitch.com/men-shirts/maze-line-green-shirt/8224077873314/buy
2025-10-03 14:01:27,702 [INFO] Inserted: https://www.snitch.com/men-shirts/checks-100-cotton-slim-fit-shirt-4mss4395-05/8761745539234/buy
2025-10-03 14:01:30,966 [INFO] Inserted: https://www.snitch.com/men-shirts/textured-regular-fit-shirt-4mss4289-03/8763517796514/buy
2025-10-03 14:01:33,873 [INFO] Inserted: https://www.snitch.com/men-shirts/gingham-slim-fit-100-cotton-shirt-4mss4432-02/8781258784930/buy
2025-10-03 14:01:36,729 [INFO] Inserted: https://www.snitch.com/men-shirts/box-fit-stretch-textured-shirt-4mss3978-03/8756618723490/buy
2025-10-03 14:01:39,787 [INFO] Inserted: https://www.snitch.com/men-shirts/linen-line-beige-stripe-shirt/8351857705122/buy
2025-10-03 14:01:42,304 [INFO] Inserted: https://www.snitch.com/men-shirts/soft-hue-olive-shirt/7229881843874/buy
2025-10-03 14:01:44,879 [INFO] Inserted: https://www.snitch.com/men-shirts/double-pocket-box-fit-shirt-4mss4326-05/8752169582754/buy
2025-10-03 14:01:47,479 [INFO] Inserted: https://www.snitch.com/men-shirts/navy-box-fit-shirt-4mss4328-03/8776747384994/buy
2025-10-03 14:01:50,053 [INFO] Inserted: https://www.snitch.com/men-shirts/luxe-100-cotton-slim-fit-micro-check-shirt-4mlx1152-01/8776748073122/buy
2025-10-03 14:01:53,213 [INFO] Inserted: https://www.snitch.com/men-shirts/olive-geometric-slim-fit-shirt-4mss3629-03/8565617623202/buy
2025-10-03 14:01:55,886 [INFO] Inserted: https://www.snitch.com/men-shirts/doric-red-shirt/7905472381090/buy
2025-10-03 14:01:58,416 [INFO] Inserted: https://www.snitch.com/men-shirts/regular-fit-100-cotton-plaid-shirt-4mss4212-02/8754551914658/buy
2025-10-03 14:02:01,323 [INFO] Inserted: https://www.snitch.com/men-shirts/luxe-100-cotton-slim-fit-self-design-shirt-4mlx1161-01/8781889339554/buy
2025-10-03 14:02:06,541 [INFO] Inserted: https://www.snitch.com/men-shirts/light-grey-stripes-slim-fit-shirt-4mss3183-03/8502108618914/buy
2025-10-03 14:02:12,206 [INFO] Inserted: https://www.snitch.com/men-shirts/linen-blend-regular-fit-stripes-shirt-4mss4417-01/8781258653858/buy
2025-10-03 14:02:18,398 [INFO] Inserted: https://www.snitch.com/men-shirts/cosmic-square-black-oversized-shirt/7990890725538/buy
2025-10-03 14:02:23,339 [INFO] Inserted: https://www.snitch.com/men-shirts/light-beige-checks-regular-fit-shirt-4mss3801-04/8569374048418/buy
2025-10-03 14:02:26,591 [INFO] Inserted: https://www.snitch.com/men-shirts/grey-regular-fit-plus-size-shirt-4mbgss1062-07/8603054309538/buy
2025-10-03 14:02:29,394 [INFO] Inserted: https://www.snitch.com/men-shirts/arti-pink-geometric-shirt/8423018725538/buy
2025-10-03 14:02:31,906 [INFO] Inserted: https://www.snitch.com/men-shirts/100-cotton-checks-regular-fit-shirt-4mss4214-01/8769691648162/buy
2025-10-03 14:02:34,654 [INFO] Inserted: https://www.snitch.com/men-shirts/beige-regular-fit-double-pocket-shirt-4mss3488-02/8550645072034/buy
2025-10-03 14:02:37,397 [INFO] Inserted: https://www.snitch.com/men-shirts/box-fit-linen-blend-shirt-4mss4234-02/8726425567394/buy
2025-10-03 14:02:39,952 [INFO] Inserted: https://www.snitch.com/men-shirts/embroidery-luxe-100-cotton-slim-fit-shirt-4mlx1078-02/8758242738338/buy
2025-10-03 14:02:42,670 [INFO] Inserted: https://www.snitch.com/men-shirts/burgundy-solid-oxford-shirt-4mss3563-02/8536886608034/buy
2025-10-03 14:02:45,474 [INFO] Inserted: https://www.snitch.com/men-shirts/box-fit-linen-blend-shirt-4mss4433-02/8768340525218/buy
2025-10-03 14:02:48,051 [INFO] Inserted: https://www.snitch.com/men-shirts/mandarin-line-green-kurta/8281119424674/buy
2025-10-03 14:02:51,229 [INFO] Inserted: https://www.snitch.com/men-shirts/bloom-patch-brown-shirt/7887031795874/buy
2025-10-03 14:02:54,438 [INFO] Inserted: https://www.snitch.com/men-shirts/slim-fit-luxe-stretch-shirt-4mlx1106-03/8777775906978/buy
2025-10-03 14:02:57,625 [INFO] Inserted: https://www.snitch.com/men-shirts/black-textured-abstract-shirt-4mss3435-02/8510927044770/buy
2025-10-03 14:03:00,649 [INFO] Inserted: https://www.snitch.com/men-shirts/beige-stripes-slim-fit-shirt-4mss3183-01/8502107472034/buy
2025-10-03 14:03:03,453 [INFO] Inserted: https://www.snitch.com/men-shirts/charcoal-grey-stripes-slim-fit-shirt-4mss3183-05/8502109536418/buy
2025-10-03 14:03:06,310 [INFO] Inserted: https://www.snitch.com/men-shirts/white-self-design-cuban-shirt-4mss2916-01/8477179019426/buy
2025-10-03 14:03:09,524 [INFO] Inserted: https://www.snitch.com/men-shirts/light-blue-slim-fit-stripe-shirt/8365702906018/buy
2025-10-03 14:03:12,477 [INFO] Inserted: https://www.snitch.com/men-shirts/mandarin-collar-linen-blend-regular-fit-shirt-4mss4233-05/8758241951906/buy
2025-10-03 14:03:15,209 [INFO] Inserted: https://www.snitch.com/men-shirts/mandarin-collar-regular-fit-textured-shirt-4mss4067-04/8767617892514/buy
2025-10-03 14:03:19,650 [INFO] Inserted: https://www.snitch.com/men-shirts/double-pocket-box-fit-shirt-4mss4326-01/8752169451682/buy
2025-10-03 14:03:25,559 [INFO] Inserted: https://www.snitch.com/men-shirts/linen-blend-regular-fit-stripes-shirt-4mss4417-03/8781258719394/buy
2025-10-03 14:03:33,877 [INFO] Inserted: https://www.snitch.com/men-shirts/100-mercerized-cotton-regular-fit-shirt-4mss4202-05/8754550341794/buy
2025-10-03 14:03:40,053 [INFO] Inserted: https://www.snitch.com/men-shirts/lavender-regular-fit-shirt-4mss4201-07/8776747745442/buy
2025-10-03 14:03:42,982 [INFO] Inserted: https://www.snitch.com/men-shirts/checks-slim-fit-shirt-4mss4397-01/8768340721826/buy
2025-10-03 14:03:46,040 [INFO] Inserted: https://www.snitch.com/men-shirts/box-fit-100-cotton-textured-shirt-4mss4314-01/8769691418786/buy
2025-10-03 14:03:48,439 [INFO] Inserted: https://www.snitch.com/men-shirts/luxe-100-cotton-slim-fit-stripes-shirt-4mlx1079-02/8751126970530/buy
2025-10-03 14:03:50,896 [INFO] Inserted: https://www.snitch.com/men-shirts/geometric-100-cotton-box-fit-shirt-4mss4197-02/8768340263074/buy
2025-10-03 14:03:53,377 [INFO] Inserted: https://www.snitch.com/men-shirts/box-fit-100-cotton-textured-shirt-4mss4314-05/8769691582626/buy
2025-10-03 14:03:55,829 [INFO] Inserted: https://www.snitch.com/men-shirts/checks-100-cotton-slim-fit-shirt-4mss4395-01/8761745375394/buy
2025-10-03 14:03:58,440 [INFO] Inserted: https://www.snitch.com/men-shirts/cross-diamond-textured-maroon-shirt/8076252250274/buy
2025-10-03 14:04:01,007 [INFO] Inserted: https://www.snitch.com/men-shirts/100-cotton-slim-fit-shirt-4mss4367-01/8768340361378/buy
2025-10-03 14:04:03,698 [INFO] Inserted: https://www.snitch.com/men-shirts/barocco-maroon-shirt/7938615738530/buy
2025-10-03 14:04:10,903 [INFO] Inserted: https://www.snitch.com/men-shirts/box-fit-textured-shirt-4mss4350-02/8751125954722/buy
2025-10-03 14:04:14,738 [INFO] Inserted: https://www.snitch.com/men-shirts/100-mercerized-cotton-regular-fit-shirt-4mss4202-07/8754550538402/buy
2025-10-03 14:04:17,475 [INFO] Inserted: https://www.snitch.com/men-shirts/palmo-white-shirt/7543157620898/buy
2025-10-03 14:04:21,223 [INFO] Inserted: https://www.snitch.com/men-shirts/slim-fit-core-lab-oxford-navy-shirt-4mcr1005-05/8640201359522/buy
2025-10-03 14:04:24,333 [INFO] Inserted: https://www.snitch.com/men-shirts/mint-green-slim-fit-shirt-4mss3208-06/8499310133410/buy
2025-10-03 14:04:27,027 [INFO] Inserted: https://www.snitch.com/men-shirts/slim-fit-core-lab-oxford-light-yellow-shirt-4mcr1005-03/8635587166370/buy
2025-10-03 14:04:42,201 [WARNING] Network idle timeout for https://www.snitch.com/men-shirts/palmo-black-shirt/7543153655970/buy, continuing...
2025-10-03 14:04:42,259 [INFO] Inserted: https://www.snitch.com/men-shirts/palmo-black-shirt/7543153655970/buy
2025-10-03 14:04:47,242 [INFO] Inserted: https://www.snitch.com/men-shirts/100-cotton-luxe-slim-fit-textured-shirt-4mlx1112-02/8776747810978/buy
2025-10-03 14:04:51,593 [INFO] Inserted: https://www.snitch.com/men-shirts/white-stripes-regular-fit-shirt-4mss4021-01/8633958629538/buy
2025-10-03 14:04:57,876 [INFO] Inserted: https://www.snitch.com/men-shirts/slim-fit-core-lab-oxford-black-shirt-4mcr1005-07/8640408944802/buy
2025-10-03 14:05:03,237 [INFO] Inserted: https://www.snitch.com/men-shirts/cream-mandarin-linen-shirt-4mss3064-03/8457894002850/buy
2025-10-03 14:05:10,472 [INFO] Inserted: https://www.snitch.com/men-shirts/100-cotton-box-fit-textured-shirt-4mss4390-01/8781259079842/buy
2025-10-03 14:05:13,810 [INFO] Inserted: https://www.snitch.com/men-shirts/hawang-green-shirt/7876793860258/buy
2025-10-03 14:05:16,309 [INFO] Inserted: https://www.snitch.com/men-shirts/100-mercerized-cotton-regular-fit-shirt-4mss4202-06/8754550440098/buy
2025-10-03 14:05:19,104 [INFO] Inserted: https://www.snitch.com/men-shirts/black-abstract-box-fit-shirt-4mss3791-01/8555939037346/buy
2025-10-03 14:05:21,559 [INFO] Inserted: https://www.snitch.com/men-shirts/box-fit-textured-100-cotton-shirt-4mss4275-01/8752612278434/buy
2025-10-03 14:05:23,938 [INFO] Inserted: https://www.snitch.com/men-shirts/stripes-slim-fit-luxe-100-cotton-shirt-4mlx1105-03/8761745965218/buy
2025-10-03 14:05:26,564 [INFO] Inserted: https://www.snitch.com/men-shirts/light-pink-abstract-shirt-4mss3177-01/8494675099810/buy
2025-10-03 14:05:29,320 [INFO] Inserted: https://www.snitch.com/men-shirts/light-yellow-linen-blend-slim-fit-shirt-4mss3977-02/8608756695202/buy
2025-10-03 14:05:32,948 [INFO] Inserted: https://www.snitch.com/men-shirts/box-fit-100-cotton-textured-shirt-4mss4314-06/8769691615394/buy
2025-10-03 14:05:35,768 [INFO] Inserted: https://www.snitch.com/men-shirts/brown-checks-regular-fit-shirt-4mss3955-04/8595181994146/buy
2025-10-03 14:05:40,116 [INFO] Inserted: https://www.snitch.com/men-shirts/regular-fit-stripes-shirt-4mss4362-05/8772151050402/buy
2025-10-03 14:05:43,224 [INFO] Inserted: https://www.snitch.com/men-shirts/100-cotton-slim-fit-shirt-4mss4367-04/8768340459682/buy
2025-10-03 14:05:46,425 [INFO] Inserted: https://www.snitch.com/men-shirts/double-pocket-box-fit-shirt-4mss4326-03/8752169517218/buy
2025-10-03 14:05:49,044 [INFO] Inserted: https://www.snitch.com/men-shirts/textured-oversized-shirt-4mss4154-05/8763518517410/buy
2025-10-03 14:05:52,513 [INFO] Inserted: https://www.snitch.com/men-shirts/box-fit-self-design-shirt-4mss4363-02/8765055926434/buy
2025-10-03 14:05:55,146 [INFO] Inserted: https://www.snitch.com/men-shirts/mandarin-collar-100-linen-regular-fit-shirt-4mss4389-03/8772150788258/buy
2025-10-03 14:05:57,574 [INFO] Inserted: https://www.snitch.com/men-shirts/regular-fit-abstract-multi-shirt-4mss3573-04/8627841433762/buy
2025-10-03 14:06:00,358 [INFO] Inserted: https://www.snitch.com/men-shirts/black-self-design-knitted-shirt-4mss3684-01/8517377589410/buy
2025-10-03 14:06:03,627 [INFO] Inserted: https://www.snitch.com/men-shirts/tsubaki-white-shirt/7875358884002/buy
2025-10-03 14:06:06,785 [INFO] Inserted: https://www.snitch.com/men-shirts/charcoal-grey-slim-fit-shirt-4mss3916-09/8595181076642/buy
2025-10-03 14:06:09,685 [INFO] Inserted: https://www.snitch.com/men-shirts/100-cotton-luxe-slim-fit-floral-shirt-4mlx1121-01/8781889536162/buy
2025-10-03 14:06:15,136 [INFO] Inserted: https://www.snitch.com/men-shirts/maroon-solid-slim-fit-shirt-4mss3916-10/8590340522146/buy
2025-10-03 14:06:22,572 [INFO] Inserted: https://www.snitch.com/men-shirts/mandarin-collar-linen-blend-regular-fit-shirt-4mss4233-07/8758241984674/buy
2025-10-03 14:06:36,625 [INFO] Inserted: https://www.snitch.com/men-shirts/slim-fit-core-lab-oxford-white-shirt-4mcr1005-01/8637447307426/buy
2025-10-03 14:06:39,870 [INFO] Inserted: https://www.snitch.com/men-shirts/black-regular-fit-shirt-4mss4201-01/8777775743138/buy
2025-10-03 14:06:42,635 [INFO] Inserted: https://www.snitch.com/men-shirts/stripes-luxe-100-cotton-slim-fit-shirt-4mlx1087-01/8758242869410/buy
2025-10-03 14:06:45,586 [INFO] Inserted: https://www.snitch.com/men-shirts/doodle-face-navy-shirt/7875363602594/buy
2025-10-03 14:06:48,567 [INFO] Inserted: https://www.snitch.com/men-shirts/mandarin-regular-fit-shirt-4mss3063-07/8781259571362/buy
2025-10-03 14:06:51,492 [INFO] Inserted: https://www.snitch.com/men-shirts/black-slim-fit-shirt-4mss3657-03/8560035561634/buy
2025-10-03 14:06:54,324 [INFO] Inserted: https://www.snitch.com/men-shirts/checks-regular-fit-100-cotton-shirt-4mss4213-02/8763517534370/buy
2025-10-03 14:06:57,448 [INFO] Inserted: https://www.snitch.com/men-shirts/linen-line-blue-stripe-shirt/8351851053218/buy
2025-10-03 14:07:00,984 [INFO] Inserted: https://www.snitch.com/men-shirts/box-fit-linen-blend-shirt-4mss4433-03/8768340557986/buy
2025-10-03 14:07:04,376 [INFO] Inserted: https://www.snitch.com/men-shirts/stripes-luxe-slim-fit-100-cotton-shirt-4mlx1083-02/8758242607266/buy
2025-10-03 14:07:08,272 [INFO] Inserted: https://www.snitch.com/men-shirts/black-regular-fit-plus-size-shirt-4mbgss1062-02/8603053719714/buy
2025-10-03 14:07:11,452 [INFO] Inserted: https://www.snitch.com/men-shirts/clasp-striped-green-shirt/8094814077090/buy
2025-10-03 14:07:14,651 [INFO] Inserted: https://www.snitch.com/men-shirts/beige-checks-regular-fit-shirt-4mss3955-02/8595181895842/buy
2025-10-03 14:07:18,102 [INFO] Inserted: https://www.snitch.com/men-shirts/pink-self-design-cuban-shirt-4mss2916-05/8477179838626/buy
2025-10-03 14:07:21,160 [INFO] Inserted: https://www.snitch.com/men-shirts/whisper-soft-cream-shirt/8229707284642/buy
2025-10-03 14:07:24,496 [INFO] Inserted: https://www.snitch.com/men-shirts/khaki-self-design-cuban-shirt-4mss2916-06/8477183672482/buy
2025-10-03 14:07:27,929 [INFO] Inserted: https://www.snitch.com/men-shirts/olive-printed-oversized-shirt-4mss3742-02/8565624930466/buy
2025-10-03 14:07:31,606 [INFO] Inserted: https://www.snitch.com/men-shirts/cross-diamond-textured-navy-shirt/8076253102242/buy
2025-10-03 14:07:36,059 [INFO] Inserted: https://www.snitch.com/men-shirts/muted-brown-abstract-oversized-fit-shirt-4mss3552-01/8601821937826/buy
2025-10-03 14:07:40,697 [INFO] Inserted: https://www.snitch.com/men-shirts/chinese-collar-white-shirt/7712980893858/buy
2025-10-03 14:07:44,110 [INFO] Inserted: https://www.snitch.com/men-shirts/slim-fit-luxe-stretch-shirt-4mlx1106-06/8777776005282/buy
2025-10-03 14:07:50,329 [INFO] Inserted: https://www.snitch.com/men-shirts/100-cotton-relaxed-fit-shirt-4mss4292-02/8781259636898/buy
2025-10-03 14:07:56,588 [INFO] Inserted: https://www.snitch.com/men-shirts/beige-textured-box-fit-crochet-shirt-4mss4134-01/8680943124642/buy
2025-10-03 14:07:59,720 [INFO] Inserted: https://www.snitch.com/men-shirts/regular-fit-100-cotton-shirt-4mss4370-04/8754550931618/buy
2025-10-03 14:08:02,163 [INFO] Inserted: https://www.snitch.com/men-shirts/crapepoly-black-shirt/7997205643426/buy
2025-10-03 14:08:05,193 [INFO] Inserted: https://www.snitch.com/men-shirts/hawang-navy-shirt/7876793696418/buy
2025-10-03 14:08:08,572 [INFO] Inserted: https://www.snitch.com/men-shirts/black-geometric-relaxed-fit-shirt-4mss3825-02/8572067414178/buy
2025-10-03 14:08:11,800 [INFO] Inserted: https://www.snitch.com/men-shirts/quartet-green-stripe-shirt/8114164564130/buy
2025-10-03 14:08:14,939 [INFO] Inserted: https://www.snitch.com/men-shirts/box-fit-textured-shirt-4mss4327-02/8763518386338/buy
2025-10-03 14:08:18,329 [INFO] Inserted: https://www.snitch.com/men-shirts/textured-box-fit-shirt-4mss4082-02/8781259767970/buy
2025-10-03 14:08:20,995 [INFO] Inserted: https://www.snitch.com/men-shirts/box-fit-textured-100-cotton-shirt-4mss4275-02/8752612311202/buy
2025-10-03 14:08:23,675 [INFO] Inserted: https://www.snitch.com/men-shirts/box-fit-self-design-shirt-4mss4363-03/8767617990818/buy
2025-10-03 14:08:27,512 [INFO] Inserted: https://www.snitch.com/men-shirts/black-plain-slim-fit-core-lab-shirt-4mcr1007-07/8655603695778/buy
2025-10-03 14:08:33,215 [INFO] Inserted: https://www.snitch.com/men-shirts/white-regular-fit-plus-size-shirt-4mbgss1062-03/8603053818018/buy
2025-10-03 14:08:36,860 [INFO] Inserted: https://www.snitch.com/men-shirts/box-fit-textured-shirt-4mss4327-01/8763518353570/buy
2025-10-03 14:08:41,879 [INFO] Inserted: https://www.snitch.com/men-shirts/slim-fit-luxe-100-cotton-shirt-4mlx1151-01/8781889503394/buy
2025-10-03 14:08:47,031 [INFO] Inserted: https://www.snitch.com/men-shirts/slim-fit-100-cotton-luxe-shirt-4mlx1155-01/8776748007586/buy
2025-10-03 14:08:51,129 [INFO] Inserted: https://www.snitch.com/men-shirts/grey-box-fit-shirt-4mss3819-03/8607445319842/buy
2025-10-03 14:08:55,044 [INFO] Inserted: https://www.snitch.com/men-shirts/maroon-regular-fit-plus-size-shirt-4mbgss1062-01/8603053457570/buy
2025-10-03 14:08:58,170 [INFO] Inserted: https://www.snitch.com/men-shirts/red-abstract-slim-fit-shirt-4mss3509-02/8542301585570/buy
2025-10-03 14:09:01,628 [INFO] Inserted: https://www.snitch.com/men-shirts/checks-100-cotton-regular-fit-shirt-4mss4287-03/8752169713826/buy
2025-10-03 14:09:05,784 [INFO] Inserted: https://www.snitch.com/men-shirts/attrayant-yellow-shirt/7620692541602/buy
2025-10-03 14:09:09,798 [INFO] Inserted: https://www.snitch.com/men-shirts/black-box-fit-shirt-4mss4328-06/8776747516066/buy
2025-10-03 14:09:15,426 [INFO] Inserted: https://www.snitch.com/men-shirts/light-brown-textured-stripes-shirt-4mss3620-01/8524127076514/buy
2025-10-03 14:09:21,120 [INFO] Inserted: https://www.snitch.com/men-shirts/mandarin-line-navy-kurta/8281119686818/buy
2025-10-03 14:09:24,053 [INFO] Inserted: https://www.snitch.com/men-shirts/100-cotton-luxe-slim-fit-textured-shirt-4mlx1112-04/8776747909282/buy
2025-10-03 14:09:27,795 [INFO] Inserted: https://www.snitch.com/men-shirts/mandarin-collar-regular-fit-textured-shirt-4mss4067-05/8767617925282/buy
2025-10-03 14:09:30,878 [INFO] Inserted: https://www.snitch.com/men-shirts/checks-100-cotton-slim-fit-shirt-4mss4395-02/8761745440930/buy
2025-10-03 14:09:34,090 [INFO] Inserted: https://www.snitch.com/men-shirts/linen-line-brown-stripe-shirt/8351880413346/buy
2025-10-03 14:09:36,960 [INFO] Inserted: https://www.snitch.com/men-shirts/mosaic-bandana-green-shirt/7876740645026/buy
2025-10-03 14:09:39,856 [INFO] Inserted: https://www.snitch.com/men-shirts/dark-green-regular-fit-plus-size-shirt-4mbgss1062-06/8603054211234/buy
2025-10-03 14:09:42,701 [INFO] Inserted: https://www.snitch.com/men-shirts/white-self-design-slim-fit-shirt-4mss3874-06/8569378635938/buy
2025-10-03 14:09:47,367 [INFO] Inserted: https://www.snitch.com/men-shirts/regular-fit-stripes-shirt-4mss3858-01/8756619051170/buy
2025-10-03 14:09:49,811 [INFO] Inserted: https://www.snitch.com/men-shirts/box-fit-textured-100-cotton-shirt-4mss4275-04/8752612409506/buy
2025-10-03 14:09:53,081 [INFO] Inserted: https://www.snitch.com/men-shirts/black-chikankari-box-fit-shirt-4mss1877-05/8651976212642/buy
2025-10-03 14:09:56,359 [INFO] Inserted: https://www.snitch.com/men-shirts/white-linen-blend-slim-fit-shirt-4mss3977-09/8614349340834/buy
2025-10-03 14:09:59,887 [INFO] Inserted: https://www.snitch.com/men-shirts/textured-cotton-blend-regular-fit-shirt-4mss4118-02/8781259309218/buy
2025-10-03 14:10:05,760 [INFO] Inserted: https://www.snitch.com/men-shirts/mandarin-collar-regular-fit-textured-shirt-4mss4067-06/8768340885666/buy
2025-10-03 14:10:10,094 [INFO] Inserted: https://www.snitch.com/men-shirts/octet-white-shirt/7172985094306/buy
2025-10-03 14:10:14,480 [INFO] Inserted: https://www.snitch.com/men-shirts/yellow-floral-box-fit-shirt-4mss3749-01/8572066332834/buy
2025-10-03 14:10:17,516 [INFO] Inserted: https://www.snitch.com/men-shirts/double-cuff-black-shirt/7902789730466/buy
2025-10-03 14:10:21,706 [INFO] Inserted: https://www.snitch.com/men-shirts/black-solid-twill-shirt-4mss3563-04/8536886902946/buy
2025-10-03 14:10:24,646 [INFO] Inserted: https://www.snitch.com/men-shirts/mandarin-collar-linen-blend-regular-fit-shirt-4mss4233-06/8751126839458/buy
2025-10-03 14:10:28,025 [INFO] Inserted: https://www.snitch.com/men-shirts/terraknit-textured-black-shirt/8365760250018/buy
2025-10-03 14:10:31,097 [INFO] Inserted: https://www.snitch.com/men-shirts/core-lab-dark-brown-plain-slim-fit-shirt-4mcr1007-04/8651978506402/buy
2025-10-03 14:10:36,841 [INFO] Inserted: https://www.snitch.com/men-shirts/fausto-rose-pink-shirt/7519884705954/buy
2025-10-03 14:10:39,519 [INFO] Inserted: https://www.snitch.com/men-shirts/mandarin-collar-100-linen-regular-fit-shirt-4mss4389-04/8772150821026/buy
2025-10-03 14:10:42,612 [INFO] Inserted: https://www.snitch.com/men-shirts/brown-abstract-slim-fit-shirt-4mss3509-01/8542301421730/buy
2025-10-03 14:10:46,025 [INFO] Inserted: https://www.snitch.com/men-shirts/burgundy-textured-box-fit-shirt-4mss3698-04/8580608589986/buy
2025-10-03 14:10:48,681 [INFO] Inserted: https://www.snitch.com/men-shirts/stripes-luxe-slim-fit-100-cotton-shirt-4mlx1083-01/8758242476194/buy
2025-10-03 14:10:52,407 [INFO] Inserted: https://www.snitch.com/men-shirts/regular-fit-100-cotton-shirt-4mss4370-08/8754551095458/buy
2025-10-03 14:10:55,541 [INFO] Inserted: https://www.snitch.com/men-shirts/blue-abstract-slim-fit-shirt-4mss3508-02/8542301356194/buy
2025-10-03 14:10:58,053 [INFO] Inserted: https://www.snitch.com/men-shirts/slim-fit-luxe-stretch-shirt-4mlx1106-01/8777775841442/buy
2025-10-03 14:11:00,811 [INFO] Inserted: https://www.snitch.com/men-shirts/box-fit-stretch-textured-shirt-4mss3978-04/8756618756258/buy
2025-10-03 14:11:03,471 [INFO] Inserted: https://www.snitch.com/men-shirts/cross-diamond-textured-grey-shirt/8076247204002/buy
2025-10-03 14:11:06,453 [INFO] Inserted: https://www.snitch.com/men-shirts/buzau-navy-shirt/7781770952866/buy
2025-10-03 14:11:09,742 [INFO] Inserted: https://www.snitch.com/men-shirts/luxe-100-cotton-slim-fit-stripes-shirt-4mlx1079-03/8751127003298/buy
2025-10-03 14:11:12,759 [INFO] Inserted: https://www.snitch.com/men-shirts/bloom-patch-blue-shirt/7887028781218/buy
2025-10-03 14:11:15,280 [INFO] Inserted: https://www.snitch.com/men-shirts/black-mandarin-textured-shirt-4mss3296-08/8495369453730/buy
2025-10-03 14:11:19,426 [INFO] Inserted: https://www.snitch.com/men-shirts/light-blue-abstract-box-fit-shirt-4mss3450-02/8547279667362/buy
2025-10-03 14:11:24,976 [INFO] Inserted: https://www.snitch.com/men-shirts/abstract-slim-fit-luxe-100-cotton-shirt-4mlx1123-01/8781889306786/buy
2025-10-03 14:11:30,621 [INFO] Inserted: https://www.snitch.com/men-shirts/light-beige-textured-slim-fit-shirt-4mss3898-01/8596273397922/buy
2025-10-03 14:11:35,306 [INFO] Inserted: https://www.snitch.com/men-shirts/checks-100-cotton-slim-fit-shirt-4mss4395-04/8761745506466/buy
2025-10-03 14:11:40,338 [INFO] Inserted: https://www.snitch.com/men-shirts/slim-fit-stripes-100-cotton-shirt-4mss4369-03/8751125725346/buy
2025-10-03 14:11:45,319 [INFO] Inserted: https://www.snitch.com/men-shirts/black-solid-slim-fit-button-down-shirt-4mss3916-03/8590339145890/buy
2025-10-03 14:11:50,282 [INFO] Inserted: https://www.snitch.com/men-shirts/light-blue-abstract-box-fit-shirt-4mss3790-01/8555938447522/buy
2025-10-03 14:11:55,464 [INFO] Inserted: https://www.snitch.com/men-shirts/100-cotton-box-fit-textured-shirt-4mss4390-03/8781259145378/buy
2025-10-03 14:12:00,098 [INFO] Inserted: https://www.snitch.com/men-shirts/checks-100-cotton-regular-fit-shirt-4mss4208-01/8781259341986/buy
2025-10-03 14:12:02,794 [INFO] Inserted: https://www.snitch.com/men-shirts/cashmere-paisley-green-shirt/7887162736802/buy
2025-10-03 14:12:05,932 [INFO] Inserted: https://www.snitch.com/men-shirts/box-fit-100-cotton-textured-shirt-4mss4314-02/8769691451554/buy
2025-10-03 14:12:09,467 [INFO] Inserted: https://www.snitch.com/men-shirts/magenta-textured-slim-fit-shirt-4mss3295-08/8494679949474/buy
2025-10-03 14:12:12,825 [INFO] Inserted: https://www.snitch.com/men-shirts/pink-textured-stripes-shirt-4mss3620-02/8524127240354/buy
2025-10-03 14:12:16,591 [INFO] Inserted: https://www.snitch.com/men-shirts/checks-100-cotton-regular-fit-shirt-4mss4287-01/8752169615522/buy
2025-10-03 14:12:20,271 [INFO] Inserted: https://www.snitch.com/men-shirts/aster-white-shirt/7535961407650/buy
2025-10-03 14:12:23,996 [INFO] Inserted: https://www.snitch.com/men-shirts/textured-regular-fit-shirt-4mss4289-01/8763517698210/buy
2025-10-03 14:12:27,874 [INFO] Inserted: https://www.snitch.com/men-shirts/regular-fit-100-cotton-shirt-4mss4370-01/8754550735010/buy
2025-10-03 14:12:30,591 [INFO] Inserted: https://www.snitch.com/men-shirts/regular-fit-100-cotton-shirt-4mss4370-06/8754551029922/buy
2025-10-03 14:12:33,727 [INFO] Inserted: https://www.snitch.com/men-shirts/double-cuff-royal-blue-shirt/7902789566626/buy
2025-10-03 14:12:37,133 [INFO] Inserted: https://www.snitch.com/men-shirts/micro-check-slim-fit-luxe-stretch-shirt-4mlx1095-01/8758242836642/buy
2025-10-03 14:12:40,273 [INFO] Inserted: https://www.snitch.com/men-shirts/black-textured-box-fit-shirt-4mss3027-08/8560027697314/buy
2025-10-03 14:12:47,070 [INFO] Inserted: https://www.snitch.com/men-shirts/stripes-slim-fit-luxe-100-cotton-shirt-4mlx1158-01/8777776300194/buy
2025-10-03 14:12:51,595 [INFO] Inserted: https://www.snitch.com/men-shirts/box-fit-crochet-cuban-collar-shirt-4mss4134-02/8680943288482/buy
2025-10-03 14:12:54,946 [INFO] Inserted: https://www.snitch.com/men-shirts/black-textured-abstract-box-fit-shirt-4mss3774-03/8578459402402/buy
2025-10-03 14:12:59,841 [INFO] Inserted: https://www.snitch.com/men-shirts/navy-slim-fit-shirt-4mss3657-06/8560036315298/buy
2025-10-03 14:13:04,942 [INFO] Inserted: https://www.snitch.com/men-shirts/embroidery-luxe-100-cotton-slim-fit-shirt-4mlx1078-01/8758242705570/buy
2025-10-03 14:13:09,346 [INFO] Inserted: https://www.snitch.com/men-shirts/beige-abstract-box-fit-shirt-4mss3746-01/8573594861730/buy
2025-10-03 14:13:14,712 [INFO] Inserted: https://www.snitch.com/men-shirts/core-lab-blue-slim-fit-shirt-4mcr1002-02/8561982177442/buy
2025-10-03 14:13:18,830 [INFO] Inserted: https://www.snitch.com/men-shirts/beige-self-design-slim-fit-shirt-4mss3854-02/8565629026466/buy
2025-10-03 14:13:22,542 [INFO] Inserted: https://www.snitch.com/men-shirts/sage-solid-twill-shirt-4mss3563-06/8536887197858/buy
2025-10-03 14:13:26,182 [INFO] Inserted: https://www.snitch.com/men-shirts/black-textured-oversized-fit-shirt-4mss3711-02/8555931140258/buy
2025-10-03 14:13:31,065 [INFO] Inserted: https://www.snitch.com/men-shirts/double-pocket-box-fit-shirt-4mss4326-02/8752169484450/buy
2025-10-03 14:13:34,898 [INFO] Inserted: https://www.snitch.com/men-shirts/maroon-textured-slim-fit-shirt-4mss3295-09/8494680178850/buy
2025-10-03 14:13:38,211 [INFO] Inserted: https://www.snitch.com/men-shirts/box-fit-textured-100-cotton-shirt-4mss4275-03/8752612376738/buy
2025-10-03 14:13:41,140 [INFO] Inserted: https://www.snitch.com/men-shirts/lining-black-stripes-shirts/8422123012258/buy
2025-10-03 14:13:43,706 [INFO] Inserted: https://www.snitch.com/men-shirts/grey-textured-box-fit-crochet-shirt-4mss3818-05/8642324758690/buy
2025-10-03 14:13:46,815 [INFO] Inserted: https://www.snitch.com/men-shirts/lining-maroon-shirt/7355129528482/buy
2025-10-03 14:13:49,530 [INFO] Inserted: https://www.snitch.com/men-shirts/100-cotton-slim-fit-shirt-4mss4367-03/8768340426914/buy
2025-10-03 14:13:52,318 [INFO] Inserted: https://www.snitch.com/men-shirts/100-cotton-luxe-slim-fit-shirt-4mlx1076-01/8754551619746/buy
2025-10-03 14:13:54,952 [INFO] Inserted: https://www.snitch.com/men-shirts/floral-luxe-100-cotton-slim-fit-shirt-4mlx1124-01/8781889601698/buy
2025-10-03 14:13:57,829 [INFO] Inserted: https://www.snitch.com/men-shirts/mandarin-collar-regular-fit-textured-shirt-4mss4067-02/8767617859746/buy
2025-10-03 14:14:00,666 [INFO] Inserted: https://www.snitch.com/men-shirts/pink-regular-fit-shirt-4mss4201-04/8776747647138/buy
2025-10-03 14:14:03,270 [INFO] Inserted: https://www.snitch.com/men-shirts/black-linen-blend-slim-fit-shirt-4mss3977-10/8614331482274/buy
2025-10-03 14:14:05,738 [INFO] Inserted: https://www.snitch.com/men-shirts/slim-fit-stretch-luxe-self-design-shirt-4mlx1094-01/8758242967714/buy
2025-10-03 14:14:08,355 [INFO] Inserted: https://www.snitch.com/men-shirts/regular-fit-100-cotton-shirt-4mss4370-07/8756618625186/buy
2025-10-03 14:14:11,253 [INFO] Inserted: https://www.snitch.com/men-shirts/core-lab-charcoal-grey-plain-slim-fit-shirt-4mcr1007-02/8651978342562/buy
2025-10-03 14:14:14,313 [INFO] Inserted: https://www.snitch.com/men-shirts/box-fit-crochet-cuban-collar-shirt-4mss4134-04/8680943354018/buy
2025-10-03 14:14:17,322 [INFO] Inserted: https://www.snitch.com/men-shirts/brown-cuban-textured-shirt-4mss3478-02/8510934253730/buy
2025-10-03 14:14:19,932 [INFO] Inserted: https://www.snitch.com/men-shirts/slim-fit-luxe-stretch-shirt-4mlx1106-05/8777775972514/buy
2025-10-03 14:14:23,619 [INFO] Inserted: https://www.snitch.com/men-shirts/box-fit-linen-blend-shirt-4mss4433-06/8772150657186/buy
2025-10-03 14:14:27,584 [INFO] Inserted: https://www.snitch.com/men-shirts/core-lab-satin-stretch-navy-solid-slim-fit-shirt-4mcr1004-04/8615679328418/buy
2025-10-03 14:14:32,834 [INFO] Inserted: https://www.snitch.com/men-shirts/slim-fit-linen-blend-shirt-4mss3976-15/8768340623522/buy
2025-10-03 14:14:39,907 [INFO] Inserted: https://www.snitch.com/men-shirts/maze-line-yellow-shirt/8224077676706/buy
2025-10-03 14:14:44,030 [INFO] Inserted: https://www.snitch.com/men-shirts/mandarin-collar-100-linen-regular-fit-shirt-4mss4389-06/8772150886562/buy
2025-10-03 14:14:49,280 [INFO] Inserted: https://www.snitch.com/men-shirts/textured-oversized-shirt-4mss4154-01/8781258916002/buy
2025-10-03 14:14:55,624 [INFO] Inserted: https://www.snitch.com/men-shirts/bubble-line-white-seer-sucker-shirt/7996675489954/buy
2025-10-03 14:14:58,449 [INFO] Inserted: https://www.snitch.com/men-shirts/slim-fit-stripes-100-cotton-shirt-4mss4369-06/8751125856418/buy
2025-10-03 14:15:00,841 [INFO] Inserted: https://www.snitch.com/men-shirts/dark-blue-regular-fit-plus-size-shirt-4mbgss1062-04/8603053916322/buy
2025-10-03 14:15:04,028 [INFO] Inserted: https://www.snitch.com/men-shirts/folk-bandana-blue-oversized-shirt/7942168051874/buy
2025-10-03 14:15:06,462 [INFO] Inserted: https://www.snitch.com/men-shirts/cream-mandarin-slim-fit-shirt-4mss3238-02/8561984962722/buy
2025-10-03 14:15:09,282 [INFO] Inserted: https://www.snitch.com/men-shirts/lining-black-shirt/7355161378978/buy
2025-10-03 14:15:11,980 [INFO] Inserted: https://www.snitch.com/men-shirts/soft-hue-maroon-shirt/7229882663074/buy
2025-10-03 14:15:14,684 [INFO] Inserted: https://www.snitch.com/men-shirts/superflex-plum-shirt/7938323480738/buy
2025-10-03 14:15:17,104 [INFO] Inserted: https://www.snitch.com/men-shirts/100-cotton-box-fit-textured-shirt-4mss4390-04/8781259178146/buy
2025-10-03 14:15:19,839 [INFO] Inserted: https://www.snitch.com/men-shirts/brown-textured-abstract-box-fit-shirt-4mss3774-02/8578459238562/buy
2025-10-03 14:15:22,521 [INFO] Inserted: https://www.snitch.com/men-shirts/regular-fit-100-cotton-plaid-shirt-4mss4187-01/8754551423138/buy
2025-10-03 14:15:25,305 [INFO] Inserted: https://www.snitch.com/men-shirts/giulietta-off-white-crochet-shirts/8391902855330/buy
2025-10-03 14:15:28,292 [INFO] Inserted: https://www.snitch.com/men-shirts/linen-line-navy-stripe-shirt/8351851774114/buy
2025-10-03 14:15:30,886 [INFO] Inserted: https://www.snitch.com/men-shirts/100-mercerized-cotton-regular-fit-shirt-4mss4202-03/8754550112418/buy
2025-10-03 14:15:34,043 [INFO] Inserted: https://www.snitch.com/men-shirts/sketch-leaf-black-shirt/7849419014306/buy
2025-10-03 14:15:37,441 [INFO] Inserted: https://www.snitch.com/men-shirts/slim-fit-stripes-100-cotton-shirt-4mss4369-05/8751125823650/buy
2025-10-03 14:15:40,295 [INFO] Inserted: https://www.snitch.com/men-shirts/box-fit-100-cotton-textured-shirt-4mss4314-03/8769691484322/buy
2025-10-03 14:15:43,645 [INFO] Inserted: https://www.snitch.com/men-shirts/slim-fit-stripes-100-cotton-shirt-4mss4369-02/8751125692578/buy
2025-10-03 14:15:46,416 [INFO] Inserted: https://www.snitch.com/men-shirts/mauve-textured-slim-fit-shirt-4mss3295-06/8494679818402/buy
2025-10-03 14:15:49,668 [INFO] Inserted: https://www.snitch.com/men-shirts/regular-fit-100-cotton-shirt-4mss4370-03/8756618526882/buy
2025-10-03 14:15:52,492 [INFO] Inserted: https://www.snitch.com/men-shirts/box-fit-textured-shirt-4mss4350-01/8751125889186/buy
2025-10-03 14:15:55,709 [INFO] Inserted: https://www.snitch.com/men-shirts/core-lab-olive-plain-slim-fit-shirt-4mcr1007-05/8651978604706/buy
2025-10-03 14:16:01,182 [INFO] Inserted: https://www.snitch.com/men-shirts/checks-100-cotton-slim-fit-shirt-4mss4395-03/8761745473698/buy
2025-10-03 14:16:08,073 [INFO] Inserted: https://www.snitch.com/men-shirts/textured-cotton-blend-regular-fit-shirt-4mss4118-01/8781259210914/buy
2025-10-03 14:16:13,700 [INFO] Inserted: https://www.snitch.com/men-shirts/regular-fit-linen-blend-stripes-shirt-4mss4302-02/8777776332962/buy
2025-10-03 14:16:18,267 [INFO] Inserted: https://www.snitch.com/men-shirts/mandarin-collar-100-linen-regular-fit-shirt-4mss4389-05/8772150853794/buy
2025-10-03 14:16:22,737 [INFO] Inserted: https://www.snitch.com/men-shirts/navy-solid-oxford-shirt-4mss3563-03/8536886739106/buy
2025-10-03 14:16:25,484 [INFO] Inserted: https://www.snitch.com/men-shirts/black-textured-slim-fit-shirt-4mss3898-04/8601821839522/buy
2025-10-03 14:16:28,668 [INFO] Inserted: https://www.snitch.com/men-shirts/slim-fit-100-cotton-luxe-shirt-4mlx1149-01/8781889568930/buy
2025-10-03 14:16:32,901 [INFO] Inserted: https://www.snitch.com/men-shirts/slim-fit-100-cotton-luxe-shirt-4mlx1155-02/8776748040354/buy
2025-10-03 14:16:35,240 [INFO] Inserted: https://www.snitch.com/men-shirts/100-cotton-luxe-slim-fit-self-design-shirt-4mlx1153-01/8776747942050/buy
2025-10-03 14:16:37,667 [INFO] Inserted: https://www.snitch.com/men-shirts/white-plain-slim-fit-core-lab-shirt-4mcr1007-01/8655603794082/buy
2025-10-03 14:16:40,292 [INFO] Inserted: https://www.snitch.com/men-shirts/box-fit-crochet-cuban-collar-shirt-4mss4134-03/8683803836578/buy
2025-10-03 14:16:42,633 [INFO] Inserted: https://www.snitch.com/men-shirts/regular-fit-100-cotton-plaid-shirt-4mss4187-02/8754551521442/buy
2025-10-03 14:16:45,206 [INFO] Inserted: https://www.snitch.com/men-shirts/luxe-100-cotton-slim-fit-abstract-shirt-4mlx1120-01/8781889372322/buy
2025-10-03 14:16:48,049 [INFO] Inserted: https://www.snitch.com/men-shirts/beige-self-design-box-fit-crochet-shirt-4mss3818-04/8644441866402/buy
2025-10-03 14:16:51,323 [INFO] Inserted: https://www.snitch.com/men-shirts/white-box-fit-shirt-shirt-4mss3582-03/8535120969890/buy
2025-10-03 14:16:54,498 [INFO] Inserted: https://www.snitch.com/men-shirts/white-checks-slim-fit-shirt-4mss4009-01/8596271693986/buy
2025-10-03 14:16:57,535 [INFO] Inserted: https://www.snitch.com/men-shirts/linen-line-peach-stripe-shirt/8351855706274/buy
2025-10-03 14:17:00,265 [INFO] Inserted: https://www.snitch.com/men-shirts/blue-abstract-slim-fit-shirt-4mss3511-03/8542302732450/buy
2025-10-03 14:17:02,931 [INFO] Inserted: https://www.snitch.com/men-shirts/peach-textured-shirt-4mss3208-02/8521447997602/buy
2025-10-03 14:17:05,519 [INFO] Inserted: https://www.snitch.com/men-shirts/light-blue-mandarin-linen-shirt-4mss3064-06/8457894363298/buy
2025-10-03 14:17:08,527 [INFO] Inserted: https://www.snitch.com/men-shirts/brown-box-fit-shirt-4mss4328-02/8776747319458/buy
2025-10-03 14:17:11,968 [INFO] Inserted: https://www.snitch.com/men-shirts/double-cuff-white-shirt/7902788255906/buy
2025-10-03 14:17:17,069 [INFO] Inserted: https://www.snitch.com/men-shirts/slim-fit-core-lab-oxford-light-blue-shirt-4mcr1005-06/8635587330210/buy
2025-10-03 14:17:22,755 [INFO] Inserted: https://www.snitch.com/men-shirts/100-cotton-luxe-slim-fit-textured-shirt-4mlx1112-03/8776747843746/buy
2025-10-03 14:17:26,845 [INFO] Inserted: https://www.snitch.com/men-shirts/textured-regular-fit-100-cotton-shirt-4mss4231-01/8763517599906/buy
2025-10-03 14:17:32,119 [INFO] Inserted: https://www.snitch.com/men-shirts/white-box-fit-shirt-4mss3819-02/8607436964002/buy
2025-10-03 14:17:37,247 [INFO] Inserted: https://www.snitch.com/men-shirts/self-design-100-cotton-box-fit-shirt-4mss4197-03/8767618056354/buy
2025-10-03 14:17:40,145 [INFO] Inserted: https://www.snitch.com/men-shirts/purple-mandarin-linen-shirt-4mss3063-04/8457893478562/buy
2025-10-03 14:17:43,108 [INFO] Inserted: https://www.snitch.com/men-shirts/palmo-navy-shirt/7543162896546/buy
2025-10-03 14:17:45,652 [INFO] Inserted: https://www.snitch.com/men-shirts/regular-fit-stripes-shirt-4mss4362-06/8776747253922/buy
2025-10-03 14:17:48,673 [INFO] Inserted: https://www.snitch.com/men-shirts/100-cotton-slim-fit-shirt-4mss4380-04/8756618887330/buy
2025-10-03 14:17:52,333 [INFO] Inserted: https://www.snitch.com/men-shirts/craftedcanvas-cream-shirt/8158671896738/buy
2025-10-03 14:17:55,404 [INFO] Inserted: https://www.snitch.com/men-shirts/white-mandarin-linen-shirt-4mss3064-04/8457894035618/buy
2025-10-03 14:17:58,531 [INFO] Inserted: https://www.snitch.com/men-shirts/core-lab-satin-stretch-dark-green-slim-fit-shirt-4mcr1004-03/8615679230114/buy
2025-10-03 14:18:02,761 [INFO] Inserted: https://www.snitch.com/men-shirts/regular-fit-stripes-shirt-4mss4362-02/8772150919330/buy
2025-10-03 14:18:07,686 [INFO] Inserted: https://www.snitch.com/men-shirts/mandarin-collar-regular-fit-textured-shirt-4mss4067-01/8767617826978/buy
2025-10-03 14:18:12,757 [INFO] Inserted: https://www.snitch.com/men-shirts/100-cotton-luxe-self-design-slim-fit-shirt-4mlx1156-01/8781259866274/buy
2025-10-03 14:18:18,560 [INFO] Inserted: https://www.snitch.com/men-shirts/calista-beige-mandarin-shirt/8261038473378/buy
2025-10-03 14:18:22,902 [INFO] Inserted: https://www.snitch.com/men-shirts/brown-geometric-slim-fit-shirt-4mss3597-04/8542347624610/buy
2025-10-03 14:18:30,236 [INFO] Inserted: https://www.snitch.com/men-shirts/self-design-100-cotton-box-fit-shirt-4mss4197-04/8767618089122/buy
2025-10-03 14:18:36,045 [INFO] Inserted: https://www.snitch.com/men-shirts/diamond-flow-blue-shirt/8281035866274/buy
2025-10-03 14:18:42,117 [INFO] Inserted: https://www.snitch.com/men-shirts/textured-regular-fit-shirt-4mss4289-02/8763517730978/buy
2025-10-03 14:18:48,227 [INFO] Inserted: https://www.snitch.com/men-shirts/regular-fit-stripes-shirt-4mss4362-04/8772151017634/buy
2025-10-03 14:18:51,887 [INFO] Inserted: https://www.snitch.com/men-shirts/stripes-luxe-100-cotton-slim-fit-shirt-4mlx1087-02/8758242934946/buy
2025-10-03 14:18:55,236 [INFO] Inserted: https://www.snitch.com/men-shirts/textured-oversized-shirt-4mss4154-04/8758242771106/buy
2025-10-03 14:18:58,344 [INFO] Inserted: https://www.snitch.com/men-shirts/light-grey-slim-fit-shirt-4mss3657-07/8560036511906/buy
2025-10-03 14:19:01,786 [INFO] Inserted: https://www.snitch.com/men-shirts/100-cotton-relaxed-fit-shirt-4mss4292-01/8768340820130/buy
2025-10-03 14:19:04,895 [INFO] Inserted: https://www.snitch.com/men-shirts/black-textured-shirt-4mss3208-08/8521448554658/buy
2025-10-03 14:19:07,790 [INFO] Inserted: https://www.snitch.com/men-shirts/box-fit-textured-100-cotton-shirt-4mss4275-06/8752612507810/buy
2025-10-03 14:19:10,630 [INFO] Inserted: https://www.snitch.com/men-shirts/white-box-fit-shirt-4mss4328-04/8776747417762/buy
2025-10-03 14:19:13,725 [INFO] Inserted: https://www.snitch.com/men-shirts/black-geometric-slim-fit-shirt-4mss3629-02/8565617229986/buy
2025-10-03 14:19:16,204 [INFO] Inserted: https://www.snitch.com/men-shirts/navy-textured-slim-fit-shirt-4mss3295-07/8494679883938/buy
2025-10-03 14:19:18,902 [INFO] Inserted: https://www.snitch.com/men-shirts/black-stripes-slim-fit-shirt-4mss3969-05/8627842056354/buy
2025-10-03 14:19:21,267 [INFO] Inserted: https://www.snitch.com/men-shirts/stripes-slim-fit-luxe-100-cotton-shirt-4mlx1105-02/8761745932450/buy
2025-10-03 14:19:23,562 [INFO] Inserted: https://www.snitch.com/men-shirts/mandarin-collar-regular-fit-checks-linen-blend-shirt-4mss4436-01/8781259014306/buy
2025-10-03 14:19:26,391 [INFO] Inserted: https://www.snitch.com/men-shirts/black-stripes-slim-fit-shirt-4mss3183-08/8502111076514/buy
2025-10-03 14:19:28,694 [INFO] Inserted: https://www.snitch.com/men-shirts/textured-regular-fit-100-cotton-shirt-4mss4231-02/8763517632674/buy
2025-10-03 14:19:31,133 [INFO] Inserted: https://www.snitch.com/men-shirts/box-fit-textured-shirt-4mss4327-05/8763518484642/buy
2025-10-03 14:19:33,837 [INFO] Inserted: https://www.snitch.com/men-shirts/box-fit-stretch-textured-shirt-4mss3978-02/8761745244322/buy
2025-10-03 14:19:37,436 [INFO] Inserted: https://www.snitch.com/men-shirts/100-cotton-relaxed-fit-shirt-4mss4292-03/8781259669666/buy
2025-10-03 14:19:40,975 [INFO] Inserted: https://www.snitch.com/men-shirts/slim-fit-100-cotton-luxe-shirt-4mlx1077-01/8758242279586/buy
2025-10-03 14:19:45,961 [INFO] Inserted: https://www.snitch.com/men-shirts/regular-fit-stripes-shirt-4mss4119-02/8756618952866/buy
2025-10-03 14:19:53,594 [INFO] Inserted: https://www.snitch.com/men-shirts/nebulara-blue-abstract-shirt/8365766639778/buy
2025-10-03 14:19:58,406 [INFO] Inserted: https://www.snitch.com/men-shirts/black-cuban-textured-shirt-4mss3478-03/8510934646946/buy
2025-10-03 14:20:02,510 [INFO] Inserted: https://www.snitch.com/men-shirts/100-cotton-slim-fit-shirt-4mss4367-02/8768340394146/buy
2025-10-03 14:20:05,739 [INFO] Inserted: https://www.snitch.com/men-shirts/cosmic-square-white-oversized-shirt/7990890201250/buy
2025-10-03 14:20:09,530 [INFO] Inserted: https://www.snitch.com/men-shirts/yellow-slim-fit-abstract-shirt-4mss3179-02/8486626951330/buy
2025-10-03 14:20:12,060 [INFO] Inserted: https://www.snitch.com/men-shirts/stripes-slim-fit-luxe-100-cotton-shirt-4mlx1086-01/8758243033250/buy
2025-10-03 14:20:14,564 [INFO] Inserted: https://www.snitch.com/men-shirts/stripes-luxe-slim-fit-100-cotton-shirt-4mlx1083-04/8758242672802/buy
2025-10-03 14:20:17,724 [INFO] Inserted: https://www.snitch.com/men-shirts/box-fit-textured-shirt-4mss4350-04/8751126053026/buy
2025-10-03 14:20:21,980 [INFO] Inserted: https://www.snitch.com/men-shirts/light-green-box-fit-creased-effect-shirt-4mss3681-02/8637450551458/buy
2025-10-03 14:20:25,663 [INFO] Inserted: https://www.snitch.com/men-shirts/black-self-design-box-fit-crochet-shirt-4mss3818-03/8644441735330/buy
2025-10-03 14:20:29,781 [INFO] Inserted: https://www.snitch.com/men-shirts/regular-fit-stripes-shirt-4mss4362-01/8776747221154/buy
2025-10-03 14:20:32,963 [INFO] Inserted: https://www.snitch.com/men-shirts/kolam-navy-shirt/7617514537122/buy
2025-10-03 14:20:36,980 [INFO] Inserted: https://www.snitch.com/men-shirts/100-cotton-regular-fit-shirt-4mss4157-02/8756618789026/buy
2025-10-03 14:20:42,345 [INFO] Inserted: https://www.snitch.com/men-shirts/chimera-beige-shirt/8058766000290/buy
2025-10-03 14:20:47,835 [INFO] Inserted: https://www.snitch.com/men-shirts/core-lab-burgundy-plain-slim-fit-shirt-4mcr1007-03/8651978375330/buy
2025-10-03 14:20:50,818 [INFO] Inserted: https://www.snitch.com/men-shirts/sparkling-beige-shirt/7572697940130/buy
2025-10-03 14:20:53,372 [INFO] Inserted: https://www.snitch.com/men-shirts/mauve-box-fit-shirt-4mss3819-04/8607437258914/buy
2025-10-03 14:20:55,842 [INFO] Inserted: https://www.snitch.com/men-shirts/gingham-slim-fit-100-cotton-shirt-4mss4432-03/8781258817698/buy
2025-10-03 14:20:58,526 [INFO] Inserted: https://www.snitch.com/men-shirts/blue-checks-regular-fit-shirt-4mss3955-12/8614330171554/buy
2025-10-03 14:21:01,470 [INFO] Inserted: https://www.snitch.com/men-shirts/olive-box-fit-shirt-4mss4328-01/8776747286690/buy
2025-10-03 14:21:04,560 [INFO] Inserted: https://www.snitch.com/men-shirts/siren-purple-checks-shirt/8351876317346/buy
2025-10-03 14:21:07,633 [INFO] Inserted: https://www.snitch.com/men-shirts/slim-fit-core-lab-oxford-light-pink-shirt-4mcr1005-04/8635587199138/buy
2025-10-03 14:21:10,497 [INFO] Inserted: https://www.snitch.com/men-shirts/100-cotton-luxe-slim-fit-floral-shirt-4mlx1126-01/8781889470626/buy
2025-10-03 14:21:13,876 [INFO] Inserted: https://www.snitch.com/men-shirts/mandarin-collar-regular-fit-checks-linen-blend-shirt-4mss4436-02/8781259047074/buy
2025-10-03 14:21:17,092 [INFO] Inserted: https://www.snitch.com/men-shirts/red-linen-blend-slim-fit-shirt-4mss3977-13/8614331908258/buy
2025-10-03 14:21:22,057 [INFO] Inserted: https://www.snitch.com/men-shirts/100-cotton-regular-fit-stripes-shirt-4mss4354-02/8758242148514/buy
2025-10-03 14:21:27,204 [INFO] Inserted: https://www.snitch.com/men-shirts/brown-regular-fit-shirt-4mss4201-06/8776747679906/buy
2025-10-03 14:21:31,955 [INFO] Inserted: https://www.snitch.com/men-shirts/self-design-luxe-100-cotton-slim-fit-shirt-4mlx1159-01/8781889437858/buy
2025-10-03 14:21:37,243 [INFO] Inserted: https://www.snitch.com/men-shirts/dark-blue-stripes-regular-fit-shirt-4mss4043-03/8633959940258/buy
2025-10-03 14:21:41,708 [INFO] Inserted: https://www.snitch.com/men-shirts/regular-fit-stripes-shirt-4mss4362-03/8772150952098/buy
2025-10-03 14:21:46,809 [INFO] Inserted: https://www.snitch.com/men-shirts/box-stripe-black-shirt/7617493696674/buy
2025-10-03 14:21:50,380 [INFO] Inserted: https://www.snitch.com/men-shirts/stripes-luxe-slim-fit-100-cotton-shirt-4mlx1083-03/8758242640034/buy
2025-10-03 14:21:53,852 [INFO] Inserted: https://www.snitch.com/men-shirts/pastel-pink-linen-blend-slim-fit-shirt-4mss3977-01/8608756400290/buy
2025-10-03 14:21:59,956 [INFO] Inserted: https://www.snitch.com/men-shirts/100-mercerized-cotton-regular-fit-shirt-4mss4202-04/8754550210722/buy
2025-10-03 14:22:03,492 [INFO] Inserted: https://www.snitch.com/men-shirts/slim-fit-luxe-stretch-shirt-4mlx1106-04/8777775939746/buy
2025-10-03 14:22:06,525 [INFO] Inserted: https://www.snitch.com/men-shirts/100-cotton-regular-fit-stripes-shirt-4mss4354-01/8758242115746/buy
2025-10-03 14:22:09,377 [INFO] Inserted: https://www.snitch.com/men-shirts/mandarin-collar-linen-blend-regular-fit-shirt-4mss4233-08/8758242017442/buy
2025-10-03 14:22:11,778 [INFO] Inserted: https://www.snitch.com/men-shirts/textured-oversized-shirt-4mss4154-03/8781258981538/buy
2025-10-03 14:22:14,285 [INFO] Inserted: https://www.snitch.com/men-shirts/exo-leaf-navy-shirt/7543141236898/buy
2025-10-03 14:22:17,134 [INFO] Inserted: https://www.snitch.com/men-shirts/textured-oversized-shirt-4mss4154-06/8758242803874/buy
2025-10-03 14:22:20,457 [INFO] Inserted: https://www.snitch.com/men-shirts/giulietta-snow-white-crochet-shirts/8391903871138/buy
2025-10-03 14:22:23,367 [INFO] Inserted: https://www.snitch.com/men-shirts/gingham-slim-fit-100-cotton-shirt-4mss4432-04/8781258850466/buy
2025-10-03 14:22:26,666 [INFO] Inserted: https://www.snitch.com/men-shirts/blue-self-design-cuban-shirt-4mss2916-04/8477179707554/buy
2025-10-03 14:22:29,866 [INFO] Inserted: https://www.snitch.com/men-shirts/mandarin-collar-linen-blend-regular-fit-shirt-4mss4233-04/8751126806690/buy
2025-10-03 14:22:33,509 [INFO] Inserted: https://www.snitch.com/men-shirts/linen-blend-regular-fit-stripes-shirt-4mss4417-02/8781258686626/buy
2025-10-03 14:22:36,447 [INFO] Inserted: https://www.snitch.com/men-shirts/slim-fit-100-cotton-luxe-textured-shirt-4mlx1157-01/8776747974818/buy
2025-10-03 14:22:39,253 [INFO] Inserted: https://www.snitch.com/men-shirts/axel-blue-printed-shirts/8405099020450/buy
2025-10-03 14:22:42,638 [INFO] Inserted: https://www.snitch.com/men-shirts/pink-abstract-slim-fit-shirt-4mss3512-02/8542303092898/buy
2025-10-03 14:22:46,171 [INFO] Inserted: https://www.snitch.com/men-shirts/double-cuff-sky-blue-shirt/7902788616354/buy
2025-10-03 14:22:49,011 [INFO] Inserted: https://www.snitch.com/men-shirts/dark-blue-geometric-relaxed-fit-shirt-4mss3825-01/8572067381410/buy
2025-10-03 14:22:51,549 [INFO] Inserted: https://www.snitch.com/men-shirts/100-cotton-plaid-regular-fit-shirt-4mss4186-01/8763517337762/buy
2025-10-03 14:22:54,471 [INFO] Inserted: https://www.snitch.com/men-shirts/cream-linen-blend-slim-fit-shirt-4mss3976-02/8607438766242/buy
2025-10-03 14:22:58,524 [INFO] Inserted: https://www.snitch.com/men-shirts/slim-fit-mandarin-collar-textured-shirt-4mss4286-06/8752612769954/buy
2025-10-03 14:23:03,851 [INFO] Inserted: https://www.snitch.com/men-shirts/geometric-100-cotton-box-fit-shirt-4mss4197-01/8768340197538/buy
2025-10-03 14:23:10,081 [INFO] Inserted: https://www.snitch.com/men-shirts/stripes-slim-fit-luxe-100-cotton-shirt-4mlx1105-01/8761745834146/buy
2025-10-03 14:23:14,711 [INFO] Inserted: https://www.snitch.com/men-shirts/buzau-white-shirt/7781772099746/buy
2025-10-03 14:23:18,429 [INFO] Inserted: https://www.snitch.com/men-shirts/100-mercerized-cotton-regular-fit-shirt-4mss4202-01/8754549817506/buy
2025-10-03 14:23:21,087 [INFO] Inserted: https://www.snitch.com/men-shirts/core-lab-navy-plain-slim-fit-shirt-4mcr1007-06/8651978735778/buy
2025-10-03 14:23:23,721 [INFO] Inserted: https://www.snitch.com/men-shirts/brush-stroke-blue-shirt/7887157854370/buy
2025-10-03 14:23:26,770 [INFO] Inserted: https://www.snitch.com/men-shirts/lining-navy-shirt/7355179040930/buy
2025-10-03 14:23:30,089 [INFO] Inserted: https://www.snitch.com/men-shirts/double-pocket-box-fit-shirt-4mss4326-04/8752169549986/buy
2025-10-03 14:23:34,787 [INFO] Inserted: https://www.snitch.com/men-shirts/sage-green-regular-fit-plus-size-shirt-4mbgss1062-05/8603054080162/buy
2025-10-03 14:23:40,254 [INFO] Inserted: https://www.snitch.com/men-shirts/terraknit-textured-red-shirt/8365718306978/buy
2025-10-03 14:23:45,064 [INFO] Inserted: https://www.snitch.com/men-shirts/white-regular-fit-shirt-4mss4201-02/8776747548834/buy
2025-10-03 14:23:55,034 [INFO] Inserted: https://www.snitch.com/men-shirts/box-fit-printed-shirt-4mss4283-02/8756619018402/buy
2025-10-03 14:23:58,766 [INFO] Inserted: https://www.snitch.com/men-shirts/kalakari-white-shirt/7456287621282/buy
2025-10-03 14:24:01,560 [INFO] Inserted: https://www.snitch.com/men-shirts/micro-check-100-cotton-slim-fit-shirt-4mss4368-03/8752169943202/buy
2025-10-03 14:24:05,350 [INFO] Inserted: https://www.snitch.com/men-shirts/100-cotton-regular-fit-shirt-4mss4297-05/8724714160290/buy
2025-10-03 14:24:08,130 [INFO] Inserted: https://www.snitch.com/men-shirts/regular-fit-100-cotton-shirt-4mss4231-03/8767617695906/buy
2025-10-03 14:24:10,636 [INFO] Inserted: https://www.snitch.com/men-shirts/mandarin-collar-100-linen-regular-fit-shirt-4mss4389-01/8772150722722/buy
2025-10-03 14:24:13,177 [INFO] Inserted: https://www.snitch.com/men-shirts/box-fit-stretch-textured-shirt-4mss3978-01/8763518222498/buy
2025-10-03 14:24:16,506 [INFO] Inserted: https://www.snitch.com/men-shirts/100-cotton-regular-fit-shirt-4mss4157-01/8754552012962/buy
2025-10-03 14:24:20,297 [INFO] Inserted: https://www.snitch.com/men-shirts/white-textured-slim-fit-shirt-4mss3837-01/8580609310882/buy
2025-10-03 14:24:23,126 [INFO] Inserted: https://www.snitch.com/men-shirts/100-cotton-luxe-slim-fit-textured-shirt-4mlx1112-01/8776747778210/buy
2025-10-03 14:24:25,864 [INFO] Inserted: https://www.snitch.com/men-shirts/mandarin-collar-regular-fit-textured-shirt-4mss4067-03/8768340852898/buy
2025-10-03 14:24:29,245 [INFO] Inserted: https://www.snitch.com/men-shirts/micro-check-luxe-stretch-slim-fit-shirt-4mlx1096-01/8758242377890/buy
2025-10-03 14:24:34,163 [INFO] Inserted: https://www.snitch.com/men-shirts/luxe-100-cotton-slim-fit-stripes-shirt-4mlx1079-01/8751126937762/buy
2025-10-03 14:24:39,790 [INFO] Inserted: https://www.snitch.com/men-shirts/double-cuff-peach-shirt/7902789173410/buy
2025-10-03 14:24:45,245 [INFO] Inserted: https://www.snitch.com/men-shirts/gingham-slim-fit-100-cotton-shirt-4mss4432-01/8781258752162/buy
2025-10-03 14:24:49,308 [INFO] Inserted: https://www.snitch.com/men-shirts/beige-solid-slim-fit-shirt-4mss4033-01/8628590280866/buy
2025-10-03 14:24:51,868 [INFO] Inserted: https://www.snitch.com/men-shirts/beacon-green-checks-shirt/8437173158050/buy
2025-10-03 14:24:54,322 [INFO] Inserted: https://www.snitch.com/men-shirts/100-cotton-regular-fit-mandarin-collar-shirt-4mss4379-09/8768340328610/buy
2025-10-03 14:24:56,885 [INFO] Inserted: https://www.snitch.com/men-shirts/box-fit-linen-blend-shirt-4mss4433-01/8761746030754/buy
2025-10-03 14:24:59,426 [INFO] Inserted: https://www.snitch.com/men-shirts/regular-fit-stripes-shirt-4mss4119-01/8751126184098/buy
2025-10-03 14:25:01,834 [INFO] Inserted: https://www.snitch.com/men-shirts/slim-fit-100-cotton-textured-luxe-shirt-4mlx1154-01/8776748105890/buy
2025-10-03 14:25:04,912 [INFO] Inserted: https://www.snitch.com/men-shirts/brown-abstract-box-fit-shirt-4mss3746-02/8572066201762/buy
2025-10-03 14:25:08,057 [INFO] Inserted: https://www.snitch.com/men-shirts/box-fit-100-cotton-textured-shirt-4mss4314-04/8769691517090/buy
2025-10-03 14:25:10,613 [INFO] Inserted: https://www.snitch.com/men-shirts/100-mercerized-cotton-regular-fit-shirt-4mss4202-08/8754550636706/buy
2025-10-03 14:25:13,244 [INFO] Inserted: https://www.snitch.com/men-shirts/olive-slim-fit-shirt-4mss3916-04/8595180814498/buy
2025-10-03 14:25:17,334 [INFO] Inserted: https://www.snitch.com/men-shirts/core-lab-satin-stretch-black-solid-slim-fit-shirt-4mcr1004-06/8615679590562/buy
2025-10-03 14:25:20,662 [INFO] Inserted: https://www.snitch.com/men-shirts/quartet-blue-stripe-shirt/8114164433058/buy
2025-10-03 14:25:23,574 [INFO] Inserted: https://www.snitch.com/men-t-shirts/textured-polo-100-cotton-regular-fit-t-shirt-4mst2772-02/8725144338594/buy
2025-10-03 14:25:27,338 [INFO] Inserted: https://www.snitch.com/men-t-shirts/beige-solid-slim-fit-t-shirt-4mst2643-10/8552525136034/buy
2025-10-03 14:25:30,750 [INFO] Inserted: https://www.snitch.com/men-t-shirts/core-lab-light-blue-slim-fit-t-shirt-4mst2572-07/8578456748194/buy
2025-10-03 14:25:33,345 [INFO] Inserted: https://www.snitch.com/men-t-shirts/white-slim-fit-polo-t-shirt-4mst2416-03/8460202377378/buy
2025-10-03 14:25:36,052 [INFO] Inserted: https://www.snitch.com/men-t-shirts/beige-solid-slim-fit-t-shirt-4mst2643-06/8553928982690/buy
2025-10-03 14:25:38,775 [INFO] Inserted: https://www.snitch.com/men-t-shirts/slim-fit-stretch-textured-grey-t-shirt-4mst2746-02/8668442230946/buy
2025-10-03 14:25:41,386 [INFO] Inserted: https://www.snitch.com/men-t-shirts/slim-fit-cotton-knitted-pink-polo-t-shirt-4mst2569-02/8647166656674/buy
2025-10-03 14:25:43,801 [INFO] Inserted: https://www.snitch.com/men-t-shirts/oversized-fit-stretch-self-design-t-shirt-4mst2825-04/8706862383266/buy
2025-10-03 14:25:46,387 [INFO] Inserted: https://www.snitch.com/men-t-shirts/regular-fit-graphic-t-shirt-4mst3116-08/8740696686754/buy
2025-10-03 14:25:50,306 [INFO] Inserted: https://www.snitch.com/men-t-shirts/graphic-oversized-100-cotton-interlock-t-shirt-4mst2898-01/8756617347234/buy
2025-10-03 14:25:54,601 [INFO] Inserted: https://www.snitch.com/men-t-shirts/stretch-slim-fit-textured-t-shirt-4mst3075-04/8772149608610/buy
2025-10-03 14:26:00,152 [INFO] Inserted: https://www.snitch.com/men-t-shirts/oversized-graphic-100-cotton-t-shirt-4mst2883-01/8754549424290/buy
2025-10-03 14:26:05,655 [INFO] Inserted: https://www.snitch.com/men-t-shirts/regular-fit-graphic-100-cotton-t-shirt-4mst2946-01/8732571435170/buy
2025-10-03 14:26:08,610 [INFO] Inserted: https://www.snitch.com/men-t-shirts/light-pink-zipper-textured-polo-t-shirt-4mst2450-04/8495378661538/buy
2025-10-03 14:26:11,752 [INFO] Inserted: https://www.snitch.com/men-t-shirts/stretch-slim-fit-t-shirt-4mst2948-01/8724179681442/buy
2025-10-03 14:26:14,468 [INFO] Inserted: https://www.snitch.com/men-t-shirts/regular-fit-100-cotton-textured-polo-t-shirt-4mst2790-01/8713437577378/buy
2025-10-03 14:26:17,132 [INFO] Inserted: https://www.snitch.com/men-t-shirts/nordic-black-polo-t-shirt/8065538556066/buy
2025-10-03 14:26:20,134 [INFO] Inserted: https://www.snitch.com/men-t-shirts/100-cotton-regular-fit-flat-knit-polo-t-shirt-4mst2774-03/8690893258914/buy
2025-10-03 14:26:22,852 [INFO] Inserted: https://www.snitch.com/men-t-shirts/textured-polo-100-mercerized-cotton-knit-relaxed-fit-t-shirt-4mst2871-02/8724180500642/buy
2025-10-03 14:26:26,232 [INFO] Inserted: https://www.snitch.com/men-t-shirts/frogterview-black-oversized-fit-t-shirt-4mst2690-01/8637453402274/buy
2025-10-03 14:26:29,662 [INFO] Inserted: https://www.snitch.com/men-t-shirts/light-blue-slim-fit-polo-t-shirt-4mst2416-01/8460202213538/buy
2025-10-03 14:26:45,320 [WARNING] Network idle timeout for https://www.snitch.com/men-t-shirts/dark-shadow-light-green-graphic-print-slim-fit-t-shirt-4mst2718-01/8588090015906/buy, continuing...
2025-10-03 14:26:45,366 [INFO] Inserted: https://www.snitch.com/men-t-shirts/dark-shadow-light-green-graphic-print-slim-fit-t-shirt-4mst2718-01/8588090015906/buy
2025-10-03 14:26:49,510 [INFO] Inserted: https://www.snitch.com/men-t-shirts/100-cotton-core-lab-regular-fit-t-shirt-4mcrt0008-01/8769691222178/buy
2025-10-03 14:26:53,490 [INFO] Inserted: https://www.snitch.com/men-t-shirts/slim-fit-stretch-t-shirt-4mst0217-13/8743961034914/buy
2025-10-03 14:26:56,493 [INFO] Inserted: https://www.snitch.com/men-t-shirts/textured-stretch-regular-fit-t-shirt-4mst2803-01/8731084193954/buy
2025-10-03 14:26:59,903 [INFO] Inserted: https://www.snitch.com/men-t-shirts/oversized-100-cotton-t-shirt-4mst3073-01/8769691287714/buy
2025-10-03 14:27:02,365 [INFO] Inserted: https://www.snitch.com/men-t-shirts/ribbed-regular-fit-polo-t-shirt-4mst2910-01/8735569477794/buy
2025-10-03 14:27:04,877 [INFO] Inserted: https://www.snitch.com/men-t-shirts/100-cotton-regular-fit-polo-colour-block-zipper-t-shirt-4mst2768-02/8768340132002/buy
2025-10-03 14:27:07,854 [INFO] Inserted: https://www.snitch.com/men-t-shirts/lavender-solid-slim-fit-t-shirt-4mst2643-04/8553928589474/buy
2025-10-03 14:27:10,594 [INFO] Inserted: https://www.snitch.com/men-t-shirts/mojito-light-blue-regular-fit-t-shirt-4mst2704-01/8627842482338/buy
2025-10-03 14:27:13,618 [INFO] Inserted: https://www.snitch.com/men-t-shirts/stripes-regular-fit-t-shirt-4mst3123-01/8781258522786/buy
2025-10-03 14:27:16,182 [INFO] Inserted: https://www.snitch.com/men-t-shirts/stretch-textured-oversized-t-shirt-4mst2800-04/8745560866978/buy
2025-10-03 14:27:19,148 [INFO] Inserted: https://www.snitch.com/men-t-shirts/polo-regular-fit-stretch-t-shirt-4mst2780-04/8752611852450/buy
2025-10-03 14:27:22,257 [INFO] Inserted: https://www.snitch.com/men-t-shirts/regular-fit-100-cotton-polo-colour-block-t-shirt-4mst2845-01/8751123234978/buy
2025-10-03 14:27:25,436 [INFO] Inserted: https://www.snitch.com/men-t-shirts/do-not-disturb-mustard-graphic-print-t-shirt-4mst2489-01/8578471166114/buy
2025-10-03 14:27:28,749 [INFO] Inserted: https://www.snitch.com/men-t-shirts/off-white-solid-polo-t-shirt-4mst2570-04/8553921216674/buy
2025-10-03 14:27:32,170 [INFO] Inserted: https://www.snitch.com/men-t-shirts/regular-fit-graphic-print-100-cotton-t-shirt-4mst3047-01/8690893619362/buy
2025-10-03 14:27:36,453 [INFO] Inserted: https://www.snitch.com/men-t-shirts/textured-stretch-regular-fit-t-shirt-4mst2803-03/8731084259490/buy
2025-10-03 14:27:42,137 [INFO] Inserted: https://www.snitch.com/men-t-shirts/catch-of-the-day-peach-graphic-print-t-shirt-4mst2598-01/8578472083618/buy
2025-10-03 14:27:46,929 [INFO] Inserted: https://www.snitch.com/men-t-shirts/mauve-textured-polo-t-shirts-4mst2274-01/8495589621922/buy
2025-10-03 14:27:50,421 [INFO] Inserted: https://www.snitch.com/men-t-shirts/regular-fit-100-cotton-polo-collar-textured-t-shirt-4mst2767-02/8709584060578/buy
2025-10-03 14:27:57,043 [INFO] Inserted: https://www.snitch.com/men-t-shirts/100-cotton-core-lab-regular-fit-t-shirt-4mcrt0008-08/8781257539746/buy
2025-10-03 14:28:03,188 [INFO] Inserted: https://www.snitch.com/men-t-shirts/100-cotton-core-lab-regular-fit-t-shirt-4mcrt0008-09/8769691254946/buy
2025-10-03 14:28:08,555 [INFO] Inserted: https://www.snitch.com/men-t-shirts/navy-stretch-full-sleeve-t-shirt-4mst2512-08/8526516355234/buy
2025-10-03 14:28:14,379 [INFO] Inserted: https://www.snitch.com/men-t-shirts/get-down-beige-t-shirt/7911997145250/buy
2025-10-03 14:28:18,238 [INFO] Inserted: https://www.snitch.com/men-t-shirts/stripes-polo-zippered-regular-fit-100-cotton-t-shirt-4mst2728-01/8711809630370/buy
2025-10-03 14:28:21,429 [INFO] Inserted: https://www.snitch.com/men-t-shirts/polo-textured-stretch-slim-fit-t-shirt-4mst2826-03/8777774956706/buy
2025-10-03 14:28:23,764 [INFO] Inserted: https://www.snitch.com/men-t-shirts/fresco-light-blue-knitted-polo-t-shirt/8414312792226/buy
2025-10-03 14:28:26,643 [INFO] Inserted: https://www.snitch.com/men-t-shirts/cupid-touch-brown-oversized-fit-t-shirt-4mst2534-01/8633960300706/buy
2025-10-03 14:28:29,219 [INFO] Inserted: https://www.snitch.com/men-t-shirts/100-cotton-graphic-oversized-fit-t-shirt-4mst2884-01/8701536370850/buy
2025-10-03 14:28:31,835 [INFO] Inserted: https://www.snitch.com/men-t-shirts/wilderness-white-slim-fit-t-shirt-4mst2549-01/8633960431778/buy
2025-10-03 14:28:35,131 [INFO] Inserted: https://www.snitch.com/men-t-shirts/polo-textured-100-cotton-regular-fit-t-shirt-4mst2763-02/8726421831842/buy
2025-10-03 14:28:37,657 [INFO] Inserted: https://www.snitch.com/men-t-shirts/slim-fit-cotton-knitted-blue-polo-t-shirt-4mst2771-02/8657063968930/buy
2025-10-03 14:28:40,949 [INFO] Inserted: https://www.snitch.com/men-t-shirts/stretch-regular-fit-t-shirt-4mst3111-10/8761744851106/buy
2025-10-03 14:28:43,523 [INFO] Inserted: https://www.snitch.com/men-t-shirts/regular-fit-graphic-print-t-shirt-4mst2762-08/8678229803170/buy
2025-10-03 14:28:46,350 [INFO] Inserted: https://www.snitch.com/men-t-shirts/paladin-blue-polo-t-shirt/8104914354338/buy
2025-10-03 14:28:49,096 [INFO] Inserted: https://www.snitch.com/men-t-shirts/stretch-regular-fit-ribbed-polo-t-shirt-4mst2793-05/8769690960034/buy
2025-10-03 14:28:51,810 [INFO] Inserted: https://www.snitch.com/men-t-shirts/cream-floral-self-design-polo-t-shirt-4mst2558-02/8578470969506/buy
2025-10-03 14:28:54,473 [INFO] Inserted: https://www.snitch.com/men-t-shirts/100-polylycra-polo-regular-fit-t-shirt-4mst2851-01/8754549227682/buy
2025-10-03 14:28:57,372 [INFO] Inserted: https://www.snitch.com/men-t-shirts/graphic-100-cotton-oversized-t-shirt-4mst2679-01/8722886459554/buy
2025-10-03 14:29:00,972 [INFO] Inserted: https://www.snitch.com/men-t-shirts/stretch-regular-fit-t-shirt-4mst3111-09/8769690894498/buy
2025-10-03 14:29:04,900 [INFO] Inserted: https://www.snitch.com/men-t-shirts/slim-fit-stretch-textured-sage-green-t-shirt-4mst2746-03/8668442263714/buy
2025-10-03 14:29:08,006 [INFO] Inserted: https://www.snitch.com/men-t-shirts/raw-edge-olive-t-shirt/7235474555042/buy
2025-10-03 14:29:12,086 [INFO] Inserted: https://www.snitch.com/men-t-shirts/graphic-oversized-100-cotton-t-shirt-4mst3150-01/8772150132898/buy
2025-10-03 14:29:15,646 [INFO] Inserted: https://www.snitch.com/men-t-shirts/future-off-white-oversized-t-shirt/7873407254690/buy
2025-10-03 14:29:20,467 [INFO] Inserted: https://www.snitch.com/men-t-shirts/polo-collar-textured-100-cotton-regular-fit-t-shirt-4mst2766-02/8709583634594/buy
2025-10-03 14:29:24,781 [INFO] Inserted: https://www.snitch.com/men-t-shirts/regular-fit-graphic-t-shirt-4mst3116-07/8743961395362/buy
2025-10-03 14:29:29,637 [INFO] Inserted: https://www.snitch.com/men-t-shirts/brown-solid-slim-fit-t-shirt-4mst2643-02/8553928163490/buy
2025-10-03 14:29:34,441 [INFO] Inserted: https://www.snitch.com/men-t-shirts/slim-fit-stripes-100-cotton-flat-knit-t-shirt-4mst2714-01/8690892996770/buy
2025-10-03 14:29:39,902 [INFO] Inserted: https://www.snitch.com/men-t-shirts/no-bad-vibes-blue-t-shirt/7477588820130/buy
2025-10-03 14:29:44,310 [INFO] Inserted: https://www.snitch.com/men-t-shirts/light-brown-solid-slim-fit-t-shirt-4mst2644-06/8552525496482/buy
2025-10-03 14:29:47,531 [INFO] Inserted: https://www.snitch.com/men-t-shirts/easyessentials-white-t-shirt/8156080144546/buy
2025-10-03 14:29:51,117 [INFO] Inserted: https://www.snitch.com/men-t-shirts/white-solid-slim-fit-t-shirt-4mst2644-05/8552525267106/buy
2025-10-03 14:29:53,985 [INFO] Inserted: https://www.snitch.com/men-t-shirts/canyon-white-polo-t-shirt/7933118939298/buy
2025-10-03 14:29:56,444 [INFO] Inserted: https://www.snitch.com/men-t-shirts/believe-turquoise-polo-t-shirt-4mst2522-01/8503613554850/buy
2025-10-03 14:29:59,218 [INFO] Inserted: https://www.snitch.com/men-t-shirts/slim-fit-cotton-adventure-black-t-shirt-4mst2550-01/8671159222434/buy
2025-10-03 14:30:01,884 [INFO] Inserted: https://www.snitch.com/men-t-shirts/zip-collar-stretch-zipper-regular-fit-t-shirt-4mst2557-03/8740695998626/buy
2025-10-03 14:30:04,517 [INFO] Inserted: https://www.snitch.com/men-t-shirts/slim-fit-stretch-off-white-t-shirt-4mst2707-01/8651980439714/buy
2025-10-03 14:30:06,997 [INFO] Inserted: https://www.snitch.com/men-t-shirts/stretch-textured-oversized-fit-t-shirt-4mst2824-02/8706862645410/buy
2025-10-03 14:30:09,319 [INFO] Inserted: https://www.snitch.com/men-t-shirts/oversized-fit-stretch-textured-t-shirt-4mst2824-01/8706862547106/buy
2025-10-03 14:30:11,875 [INFO] Inserted: https://www.snitch.com/men-t-shirts/100-cotton-regular-fit-t-shirt-4mst2500-08/8763516879010/buy
2025-10-03 14:30:14,738 [INFO] Inserted: https://www.snitch.com/men-t-shirts/stretch-regular-fit-t-shirt-4mst3111-02/8761744818338/buy
2025-10-03 14:30:17,216 [INFO] Inserted: https://www.snitch.com/men-t-shirts/black-slim-fit-polo-t-shirt-4mst2416-04/8460202442914/buy
2025-10-03 14:30:19,893 [INFO] Inserted: https://www.snitch.com/men-t-shirts/beige-textured-polo-t-shirt-4mst2518-03/8552523268258/buy
2025-10-03 14:30:23,251 [INFO] Inserted: https://www.snitch.com/men-t-shirts/sleek-striped-white-polo-t-shirt/8190909317282/buy
2025-10-03 14:30:25,883 [INFO] Inserted: https://www.snitch.com/men-t-shirts/regular-fit-stretch-polo-textured-t-shirt-4mst2657-04/8724179484834/buy
2025-10-03 14:30:29,419 [INFO] Inserted: https://www.snitch.com/men-t-shirts/eternal-light-pink-graphic-print-slim-fit-t-shirt-4mst2720-01/8596269007010/buy
2025-10-03 14:30:32,620 [INFO] Inserted: https://www.snitch.com/men-t-shirts/sleek-striped-brown-polo-t-shirt/8190909251746/buy
2025-10-03 14:30:35,967 [INFO] Inserted: https://www.snitch.com/men-t-shirts/oversized-graphic-t-shirt-4mst2680-01/8722885738658/buy
2025-10-03 14:30:42,032 [INFO] Inserted: https://www.snitch.com/men-t-shirts/stretch-textured-oversized-t-shirt-4mst2800-05/8745560899746/buy
2025-10-03 14:30:46,158 [INFO] Inserted: https://www.snitch.com/men-t-shirts/textured-stretch-regular-fit-t-shirt-4mst2803-02/8731084226722/buy
2025-10-03 14:30:49,674 [INFO] Inserted: https://www.snitch.com/men-t-shirts/textured-stretch-oversized-fit-t-shirt-4mst2824-04/8706863005858/buy
2025-10-03 14:30:55,909 [INFO] Inserted: https://www.snitch.com/men-t-shirts/graphic-100-cotton-polo-oversized-t-shirt-4mst2902-01/8768340099234/buy
2025-10-03 14:30:59,530 [INFO] Inserted: https://www.snitch.com/men-t-shirts/textured-slim-fit-zipper-polo-t-shirt-4mst2802-03/8743961591970/buy
2025-10-03 14:31:03,079 [INFO] Inserted: https://www.snitch.com/men-t-shirts/stretch-slim-fit-textured-t-shirt-4mst3075-05/8772149641378/buy
2025-10-03 14:31:06,522 [INFO] Inserted: https://www.snitch.com/men-t-shirts/100-cotton-slim-fit-ribbed-polo-t-shirt-4mst2672-01/8740696228002/buy
2025-10-03 14:31:10,625 [INFO] Inserted: https://www.snitch.com/men-t-shirts/graphic-regular-fit-100-cotton-t-shirt-4mst2997-01/8747166957730/buy
2025-10-03 14:31:13,708 [INFO] Inserted: https://www.snitch.com/men-t-shirts/100-cotton-regular-fit-polo-geometric-zipper-t-shirt-4mst2768-03/8769691091106/buy
2025-10-03 14:31:16,755 [INFO] Inserted: https://www.snitch.com/men-t-shirts/baseball-collar-light-brown-polo-t-shirt-4mst2419-02/8457228419234/buy
2025-10-03 14:31:20,211 [INFO] Inserted: https://www.snitch.com/men-t-shirts/blue-self-design-t-shirt-4mst2437-01/8565634302114/buy
2025-10-03 14:31:23,113 [INFO] Inserted: https://www.snitch.com/men-t-shirts/stretch-regular-fit-t-shirt-4mst3111-03/8763516911778/buy
2025-10-03 14:31:27,879 [INFO] Inserted: https://www.snitch.com/men-t-shirts/stretch-textured-oversized-t-shirt-4mst2800-03/8745560834210/buy
2025-10-03 14:31:32,952 [INFO] Inserted: https://www.snitch.com/men-t-shirts/100-cotton-regular-fit-polo-collar-t-shirt-4mst2775-02/8706863235234/buy
2025-10-03 14:31:35,758 [INFO] Inserted: https://www.snitch.com/men-t-shirts/endless-illusions-white-printed-slim-fit-t-shirt-4mst2603-01/8549064966306/buy
2025-10-03 14:31:38,932 [INFO] Inserted: https://www.snitch.com/men-t-shirts/stretch-regular-fit-polo-collar-t-shirt-4mst2815-02/8706864087202/buy
2025-10-03 14:31:41,495 [INFO] Inserted: https://www.snitch.com/men-t-shirts/regular-fit-colorado-t-shirt-4mst2762-04/8682189095074/buy
2025-10-03 14:31:44,122 [INFO] Inserted: https://www.snitch.com/men-t-shirts/slim-fit-stretch-core-lab-light-pink-t-shirt-4mst2574-09/8552524349602/buy
2025-10-03 14:31:47,235 [INFO] Inserted: https://www.snitch.com/men-t-shirts/chunky-ribbed-knitted-cream-polo-t-shirt/8131251241122/buy
2025-10-03 14:31:49,864 [INFO] Inserted: https://www.snitch.com/men-t-shirts/rust-solid-regular-fit-t-shirt-4mst2500-05/8553916334242/buy
2025-10-03 14:31:52,429 [INFO] Inserted: https://www.snitch.com/men-t-shirts/stretch-regular-fit-ribbed-polo-t-shirt-4mst2793-01/8761744588962/buy
2025-10-03 14:31:55,122 [INFO] Inserted: https://www.snitch.com/men-t-shirts/graphic-100-cotton-oversized-t-shirt-4mst2864-01/8736465223842/buy
2025-10-03 14:31:57,587 [INFO] Inserted: https://www.snitch.com/men-t-shirts/zip-collar-stretch-zipper-regular-fit-t-shirt-4mst2557-04/8740696129698/buy
2025-10-03 14:32:00,052 [INFO] Inserted: https://www.snitch.com/men-t-shirts/slim-fit-stretch-pastel-pink-t-shirt-4mst2707-02/8642327314594/buy
2025-10-03 14:32:03,236 [INFO] Inserted: https://www.snitch.com/men-t-shirts/poloshique-mauve-plain-polo-t-shirt/8322396618914/buy
2025-10-03 14:32:06,422 [INFO] Inserted: https://www.snitch.com/men-t-shirts/dark-blue-graphic-print-oversized-fit-t-shirt-4mst2513-01/8642328690850/buy
2025-10-03 14:32:09,170 [INFO] Inserted: https://www.snitch.com/men-t-shirts/regular-fit-graphic-t-shirt-4mst3116-10/8752169353378/buy
2025-10-03 14:32:11,656 [INFO] Inserted: https://www.snitch.com/men-t-shirts/slim-fit-stretch-core-lab-brown-t-shirt-4mst2574-04/8553923575970/buy
2025-10-03 14:32:14,508 [INFO] Inserted: https://www.snitch.com/men-t-shirts/black-solid-slim-fit-t-shirt-4mst2644-07/8553931669666/buy
2025-10-03 14:32:17,140 [INFO] Inserted: https://www.snitch.com/men-t-shirts/graphic-100-cotton-oversized-t-shirt-4mst2882-01/8756617445538/buy
2025-10-03 14:32:19,842 [INFO] Inserted: https://www.snitch.com/men-t-shirts/light-blue-zipper-knitted-polo-t-shirt-4mst2440-01/8513748828322/buy
2025-10-03 14:32:22,152 [INFO] Inserted: https://www.snitch.com/men-t-shirts/100-cotton-oversized-core-lab-t-shirt-4mst2872-06/8690893095074/buy
2025-10-03 14:32:24,914 [INFO] Inserted: https://www.snitch.com/men-t-shirts/relaxed-fit-polo-100-cotton-textured-t-shirt-4mst2897-01/8735568265378/buy
2025-10-03 14:32:27,752 [INFO] Inserted: https://www.snitch.com/men-t-shirts/100-cotton-slim-fit-flat-knit-polo-t-shirt-4mst2733-01/8689998233762/buy
2025-10-03 14:32:30,766 [INFO] Inserted: https://www.snitch.com/men-t-shirts/regular-fit-100-cotton-polo-colour-block-t-shirt-4mst2845-02/8743961985186/buy
2025-10-03 14:32:34,508 [INFO] Inserted: https://www.snitch.com/men-t-shirts/oversized-fit-self-design-stretch-t-shirt-4mst2825-02/8706861957282/buy
2025-10-03 14:32:39,627 [INFO] Inserted: https://www.snitch.com/men-t-shirts/embossed-stretch-slim-fit-t-shirt-4mst2949-01/8724180598946/buy
2025-10-03 14:32:46,401 [INFO] Inserted: https://www.snitch.com/men-t-shirts/graphic-regular-fit-100-cotton-t-shirt-4mst3006-01/8752612180130/buy
2025-10-03 14:32:51,481 [INFO] Inserted: https://www.snitch.com/men-t-shirts/peach-solid-slim-fit-t-shirt-4mst2643-11/8553930096802/buy
2025-10-03 14:32:56,577 [INFO] Inserted: https://www.snitch.com/men-t-shirts/slim-fit-stretch-core-lab-sage-t-shirt-4mst2574-19/8553927377058/buy
2025-10-03 14:32:59,763 [INFO] Inserted: https://www.snitch.com/men-t-shirts/regular-fit-stretch-textured-polo-t-shirt-4mst2816-02/8714574626978/buy
2025-10-03 14:33:02,503 [INFO] Inserted: https://www.snitch.com/men-t-shirts/metamorphosis-black-oversized-t-shirt/7914373709986/buy
2025-10-03 14:33:05,566 [INFO] Inserted: https://www.snitch.com/men-t-shirts/textured-slim-fit-zipper-polo-t-shirt-4mst2802-01/8743961493666/buy
2025-10-03 14:33:08,955 [INFO] Inserted: https://www.snitch.com/men-t-shirts/cream-solid-polo-t-shirt-4mst2516-02/8553919021218/buy
2025-10-03 14:33:11,927 [INFO] Inserted: https://www.snitch.com/men-t-shirts/black-graphic-print-oversized-fit-t-shirt-4mst2533-01/8650173677730/buy
