Overview:
Today's session involved comprehensive QA processes including data export testing, QA checklist development, and systematic quality assurance for multiple projects. The focus was on establishing robust quality control procedures and ensuring data integrity across projects.


Aqar Data Export & Testing:

 - Conducted data export functionality testing
 - Verified data accuracy and completeness
 - Tested export formats and file integrity

Task Status Discussion:

 - Reviewed current project progress and status
 - Discussed implementation challenges and solutions

Mentor Meeting - QA Checklist Development

 - Discussed QA checklist creation methodology
 - Defined comprehensive quality assurance criteria

QA Checklist Review & Correction:

 - Conducted initial review of Aqar QA checklist
 - Identified areas for improvement and refinement
 - Corrected and enhanced checklist items

Checklist Update & Finalization:

 - Updated Aqar QA checklist based on review feedback
 - Finalized comprehensive quality assurance framework
 - Prepared checklist for implementation

Nawy Project QA Checking:

 - Initiated quality assurance process for Nawy project
 - Verified data accuracy and system performance
 - Applied QA checklist methodology

Nawy QA Completion:

 - Completed comprehensive QA checking for Nawy project
 - Documented findings and recommendations
 - Verified all quality standards are met

Aqar Data Re-work Completion:

 - Completed re-working of Aqar site data
 - Addressed data quality issues identified during QA
 - Enhanced data validation and cleaning processes


Tasks Completion Status:
QA Checklist Development
Status: COMPLETED

Nawy QA Checking
Status: COMPLETED

Aqar Data Re-work
Status: COMPLETED

