 Overview:
Today's session involved comprehensive testing of FatFace development code and data quality, followed by initiating feasibility analysis for a new Office Depot project. The day balanced quality assurance with new project planning.


FatFace Development Testing:

 - Conducted thorough testing of crawler and parser functionality
 - Verified data extraction accuracy across all product categories
 - Validated data quality and field completeness

New Task Assignment - Office Depot

 - Received new feasibility project for https://www.officedepot.com
 - Started initial technical assessment and requirements analysis
 - Began site structure evaluation and complexity assessment
 - Documented preliminary observations and challenges


Office Depot Feasibility Continuation:

 - Continued comprehensive feasibility analysis
 - Assessed technical implementation complexity
 - Evaluated data accessibility and extraction challenges
 - Analyzed site structure and navigation patterns

Tasks Completion Status:
1. FatFace Development Testing
Status: COMPLETED

2. Office Depot Feasibility
Status: IN PROGRESS

