Overview
Today's session involved comprehensive research on both no-code and traditional coding-based web scraping tools.

No-Code Web Scraping Tools Research Continuation:

    Continued evaluation of no-code/low-code platforms
    Tested additional tools and automation capabilities
    Assessed scalability and enterprise features
    Documented limitations and use case boundaries

Coding-Based Web Scraping Tools Research:

    Transitioned to research on traditional coding tools and frameworks
    Evaluated programming libraries and development frameworks

Research Findings Meeting:

    Presented comprehensive research outcomes
    Discussed comparative analysis of different approaches
    Addressed implementation considerations and trade-offs
    Aligned on recommendations and adoption strategy

Research Documentation Update:

    Added new findings to comprehensive research documentation
    Updated comparative matrices with coding-based tools
    Enhanced analysis with implementation scenarios

Tasks Completion Status
No-Code Tools Research
Status: COMPLETED

Research Documentation
Status: COMPLETED & UPDATED
