Overview:
Today's focus was on learning the Scrapy framework. The session involved parser code development, learning  Scrapy components, and implementing crawler logic for efficient data extraction.

Task Update:
Continued development of parser code for structured data extraction.

Daily Meeting:
Discussed progress on previous tasks and introduced new learning topics focused on Scrapy.

Learning Topics:
Scrapy Components:
- Request
- FormRequest
- Response
- Shell
- inspect_response
- Selector


Hands-On Development:
Updated and refined parser code and crawler logic to enhance data extraction capabilities.

Continued Learning:
Explored Scrapy features:
- Utilized Selector for parsing HTML content.
- Implemented Request and FormRequest for handling web requests.

Tasks Completed:
- Parser Code Development
- Crawler Code Development

Task status:
- successfully completed task using Xpath for data extraction.