Overview
Today's session focused exclusively on researching and documenting no-code web scraping tools. 

No-Code Web Scraping Tools Research:

    Conducted extensive research on no-code/low-code web scraping platforms
    Assessed automation capabilities without programming requirements
    Compared features, limitations, and use case suitability

Research Continuation:

    Continued in-depth evaluation of identified tools
    Tested sample implementations and workflows
    Assessed integration capabilities with existing processes
    Documented findings and comparative analysis

Current Task Update Meeting:

    Discussed research progress and preliminary findings
    Addressed tool selection criteria and evaluation methodology
    Clarified documentation requirements and presentation format
    Aligned on recommendations and implementation approach

Research Update & Documentation:

    Updated comprehensive research documentation
    Enhanced comparative analysis with detailed feature matrices
    Prepared implementation recommendations and adoption strategy


Tasks Completion Status
1. No-Code Tools Research
Status: COMPLETED

2. Research Documentation
Status: COMPLETED
