Overview:
Today's session involved comprehensive development for the Arfigyelo project, including crawler implementation and parser completion, along with strategic planning for upcoming live client projects. 

Arfigyelo Crawler Development:

 - Implemented crawler for Arfigyelo website
 - Developed robust navigation and URL collection logic
 - Established session management and error handling
 - Built category and product discovery mechanisms

Parser Development Initiation:

 - Started parser implementation for data extraction
 - Designed data models and field mapping structure
 - Implemented initial data extraction logic

Parser Development Continuation

 - Continued parser implementation
 - Enhanced data extraction accuracy and reliability
 - Improved error handling and recovery mechanisms

Mentor Meeting - Live Client Projects:

 - Discussed upcoming live client project requirements
 - Reviewed project scope and technical expectations
 - Planned resource allocation and timeline management
 - Addressed quality standards and delivery commitments

Parser Development Completion:

 - Finalized all parser components and functionality
 - Conducted comprehensive testing and validation
 - Verified data extraction accuracy and completeness


Tasks Completion Status:
1. Arfigyelo Crawler Development
Status: COMPLETED

2. Arfigyelo Parser Development
Status: COMPLETED



