Overview:
Today's session involved comprehensive testing of the Arfigyelo project, initiation and completion of Aqar FM feasibility analysis, and multiple mentor consultations to ensure quality and accuracy. 

Arfigyelo Code & Data Testing:

 - Conducted thorough testing of crawler and parser functionality
 - Verified data extraction accuracy and completeness
 - Validated export formats and data quality

New Task Assignment - Aqar FM:

 - Received new project for Saudi Arabian real estate platform
 - Started feasibility analysis for https://sa.aqar.fm/
 - Initiated technical assessment and requirements analysis

Mentor Meeting - Site Analysis:

 - Discussed new site analysis approach and methodology
 - Clarified technical doubts regarding real estate platform specifics
 - Received guidance on feasibility assessment criteria

Feasibility Analysis Continuation:

 - Continued comprehensive feasibility assessment
 - Analyzed site structure and data accessibility
 - Evaluated technical implementation complexity

Feasibility Completion:

 - Finalized comprehensive feasibility analysis
 - Documented findings and recommendations
 - Prepared implementation roadmap

Mentor Meeting - Feasibility Update:

 - Presented feasibility findings and recommendations
 - Discussed required changes and improvements


Tasks Completion Status:
Aqar FM Feasibility
Status:  COMPLETED



