Overview
Today's session achieved multiple milestones: completing Target feasibility, enhancing EWM data quality, and initiating location-specific BigBasket feasibility analysis. 

Target Feasibility Completion:

    Finalized comprehensive feasibility analysis for major retailer
    Completed technical viability assessment and implementation roadmap
    Documented recommendations and risk assessment
    Delivered complete feasibility package

EWM Data Enhancement:

    Implemented additional field updates for improved data coverage
    Conducted data re-working for enhanced quality and accuracy
    Addressed specific data quality improvements identified
    Verified enhancement effectiveness through validation

Task Update & Clarification Meeting:

    Discussed current project status and achievements
    Clarified technical doubts and implementation questions
    Addressed quality standards and delivery requirements
    Aligned on priorities and upcoming deliverables

EWM Sample Data Extraction & QA Finalization:

    Completed final sample data extraction procedures
    Conducted comprehensive quality assurance verification
    Validated all data meets quality standards
    Confirmed production readiness

New Task Assignment - BigBasket Chennai Location Feasibility:

    Received specialized feasibility task for geographic-specific analysis
    Started feasibility focused on Chennai location requirements
    Began assessment of regional availability and data variations
    Initiated location-specific implementation approach planning

Tasks Completion Status
Target Feasibility
Status: COMPLETED

EWM Sample Extraction & QA
Status: COMPLETED

BigBasket Chennai Feasibility
Status: INITIATED
