Overview
Today's session achieved remarkable efficiency with the completion of full Aldi UK development and immediate initiation of El Corte Inglés development. 


Aldi Full Development Continuation:

    Continued comprehensive development of Aldi UK project
    Advanced implementation of remaining components
    Enhanced system integration and functionality
    Maintained rapid development progress

Task Status & Clarification Meeting:

    Discussed current Aldi development progress and status
    Clarified technical doubts and implementation questions
    Addressed integration challenges and solutions
    Aligned on completion criteria and quality standards

Crawler Development Completion:

    Finalized all crawler components and functionality
    Verified robust navigation and data collection
    Confirmed error handling and performance optimization
    Delivered production-ready crawler solution

Additional Task Clarification Meeting:

    Further clarified technical implementation details
    Addressed specific development challenges
    Resolved integration and functionality questions
    Enhanced understanding of project requirements

Parser Development Implementation:

    Started comprehensive parser development
    Implemented data extraction logic and field mapping
    Developed validation and cleaning procedures
    Advanced parser functionality implementation

Aldi Full Site Development Completion:

    Successfully completed all development components
    Finalized crawler, parser, and export functionality
    Conducted comprehensive testing and validation
    Delivered production-ready full site solution

El Corte Inglés Development Initiation:

    Immediately started development for Spanish department store
    Set up project structure and development framework
    Began implementation of initial components
    Established development workflow and standards
    

Tasks Completion Status
1. Aldi Full Development
Status: COMPLETED

2. El Corte Inglés Development
Status: INITIATED

3. Technical Clarifications
Status: COMPLETED

