Overview:
Today's session achieved significant progress with the completion of Office Depot development, rapid feasibility analysis for Staples Canada, and efficient clarification of technical requirements. 

Office Depot Parser Development:

    Continued comprehensive parser development
    Advanced data extraction logic for office supplies
    Enhanced field mapping and validation procedures
    Implemented performance optimizations and error handling

Daily Meeting - Task Discussion:

    Discussed current project progress and status
    Reviewed Office Depot development achievements
    Addressed technical challenges and solutions
    Aligned on quality standards and completion criteria

Office Depot Development Completion:

    Finalized all development components
    Completed parser implementation and integration
    Conducted comprehensive testing and validation
    Delivered production-ready full solution

New Task Assignment - Staples Canada:

    Received new project for Canadian office supplies retailer
    Started feasibility analysis for https://www.staple.ca/
    Initiated technical assessment and requirements analysis
    Began site structure evaluation and complexity assessment

Technical Doubt Clarification Meeting:

    Clarified Staples Canada project technical requirements
    Addressed feasibility assessment methodology questions


Additional Task Clarification Meeting:

    Further clarified current task requirements and expectations
    Addressed specific technical implementation questions
    Resolved development methodology uncertainties
    Enhanced alignment on quality standards and deliverables

Staples Canada Feasibility Completion:

    Rapidly completed comprehensive feasibility analysis
    Finalized technical viability assessment
    Documented implementation recommendations and roadmap


Tasks Completion Status
1. Office Depot Development
Status: COMPLETED

2. Staples Canada Feasibility
Status: COMPLETED
