Overview
Today's session involved completing the FatFace feasibility analysis and immediately transitioning into active development. The project has progressed from assessment to implementation with crawler development already underway.

FatFace Feasibility Completion:

 - Finalized comprehensive feasibility assessment
 - Documented implementation recommendations
 - Prepared final feasibility report 

Began requirements-to-implementation planning:

 - FatFace Development Initiation:
 - Started active development of FatFace crawler
 - Implemented base crawler architecture and request handling
 - Began website navigation logic implementation

Crawler Development Progress:

 - Crawler functionality implementation
 - Worked on category discovery and product navigation
 - Implemented initial error handling and logging

Tasks Completion Status
1. FatFace Feasibility Analysis
Status:  COMPLETED

2. FatFace Development
Status: CRAWLER IN PROGRESS