Overview
Today's session achieved a major milestone with the completion of Office Depot crawler development and parser development. The focus included comprehensive code testing and data export functionality.


Office Depot Crawler Development Completion:

 - Finalized all crawler components and functionality 
 - Verified robust category and product URL collection.
 - Confirmed pagination handling.

Parser Development Completion:

 - Finalized the implementation of Office Depot parser
 - Advanced data extraction logic for product information
 - Enhanced data validation and cleaning procedures

Code Testing & Data Export Implementation:

 - Conducted simultaneous testing of parser functionality
 - Implemented data export functionality in (CSV) format
 - Verified data accuracy and field completeness

Tasks Completion Status:
Office Depot Crawler Development
Status: COMPLETED

Office Depot Parser Development
Status: COMPLETED

Code Testing & Data Export
Status: COMPLETED

