Overview
Today's session involved comprehensive technical exploration including AI tool evaluation, data issue resolution, Python debugging, and rapid completion of new sample data extraction for MPreis. 

AI Tools for Web Scraping Evaluation:

    Conducted testing and evaluation of AI-powered web scraping tools
    Assessed machine learning capabilities for data extraction
    Compared AI approaches with traditional scraping methods
    Documented findings and potential application scenarios

Task Update & Clarification Meeting:

    Discussed current project status and technical progress
    Clarified implementation approaches and quality requirements
    Addressed timeline management and delivery priorities
    Aligned on technical standards and best practices

Data Issue Fixing Implementation:

    Continued systematic resolution of identified data quality issues
    Implemented enhanced validation and cleaning procedures
    Addressed specific data inconsistencies and inaccuracies
    Verified fix effectiveness through testing

Python Debugging Issues Meeting:

    Discussed complex Python debugging challenges and solutions
    Addressed technical issues in existing codebase
    Implemented debugging strategies and problem resolution approaches
    Enhanced technical troubleshooting capabilities

New Task Assignment - MPreis Sample Data Extraction:

    Received urgent task for sample data extraction from Austrian retailer
    Started immediate planning and approach definition
    Initiated rapid development preparation

MPreis Sample Data Extraction Development:

    Started rapid development for sample extraction solution
    Implemented efficient crawler and parser architecture
    Developed targeted data extraction logic for retail products
    Ensured quick deployment and functionality

Eurospin Data Issue Re-working:

    Continued comprehensive data quality improvements
    Enhanced error handling and validation mechanisms
    Implemented additional fixes for identified issues
    Verified improvement effectiveness

MPreis Sample Data Extraction Completion:

    Successfully completed development and extraction
    Conducted sample data extraction with verified quality
    Validated data accuracy and completeness
    Delivered sample extraction package

Tasks Completion Status
AI Tools Evaluation
Status: IN PROGRESS

Data Issue Resolution
Status: ADVANCED PROGRESS

MPreis Sample Extraction
Status: COMPLETED

