Overview
Today's session involved completing location-specific BigBasket feasibility, conducting server testing, and resuming Jabra development. 

BigBasket Chennai Feasibility Continuation:

    Continued specialized feasibility analysis for Chennai location
    Advanced assessment of regional availability and data variations
    Worked on location-specific implementation approach
    Enhanced geographic-specific requirements documentation

Mentor Meeting:

    Discussed feasibility progress and technical approach
    Received guidance on location-specific assessment methodology
    Addressed implementation challenges and solutions
    Aligned on quality standards and delivery requirements

Feasibility Process Continuation:

    Maintained focused progress on specialized analysis
    Enhanced technical depth and regional considerations
    Documented location-specific findings and recommendations
    Prepared comprehensive feasibility documentation

Server Access & Working Process Meeting:

    Discussed server infrastructure access and configuration
    Addressed working processes and deployment procedures
    Clarified technical requirements and security considerations
    Aligned on server management and operational protocols

BigBasket Feasibility Completion:

    Finalized location-specific feasibility analysis
    Completed technical viability assessment for Chennai requirements
    Documented specialized implementation recommendations
    Delivered comprehensive feasibility package

Server Testing:

    Conducted comprehensive server functionality testing
    Verified access, performance, and security configurations
    Tested deployment procedures and operational workflows
    Confirmed server readiness for production operations

Jabra Development Resumption:

    Resumed active development for audio products platform
    Continued parser implementation and data extraction logic
    Advanced integration of previously developed components
    Maintained quality standards and development progress

Tasks Completion Status
BigBasket Chennai Feasibility
Status: COMPLETED

Server Testing & Configuration
Status: COMPLETED

Jabra Development
Status: RESUMED & PROGRESSING
