2025-09-30 12:35:20,768 [INFO] Starting Billa parser...
2025-09-30 12:35:21,313 [INFO] Found 12 documents to parse
2025-09-30 12:35:30,106 [INFO] Saved product: Planted Steak (https://shop.billa.at/produkte/planted-steak-00776519)
2025-09-30 12:35:30,125 [INFO] Saved product: Vegavita Caesar Dressing (https://shop.billa.at/produkte/vegavita-caesar-dressing-00779976)
2025-09-30 12:35:30,395 [INFO] Saved product: Clever Zerealien Mini Zimtos (https://shop.billa.at/produkte/clever-zerealien-mini-zimtos-00778904)
2025-09-30 12:35:30,808 [INFO] Saved product: Hitschies Saure Drachenzungen Brizzl Bälle (https://shop.billa.at/produkte/hitschies-saure-drachenzungen-brizzl-baelle-00773794)
2025-09-30 12:35:31,231 [INFO] Saved product: BILLA Bio Haferdrink (https://shop.billa.at/produkte/billa-bio-haferdrink-00779301)
2025-09-30 12:35:34,835 [INFO] Saved product: Mucki Protein Eistee Pfirsich (https://shop.billa.at/produkte/mucki-protein-eistee-pfirsich-00775612)
2025-09-30 12:35:35,823 [INFO] Saved product: Experimentierkasten (https://shop.billa.at/produkte/experimentierkasten-00863622)
2025-09-30 12:35:36,287 [INFO] Saved product: BILLA Instant Nudeln Huhn (https://shop.billa.at/produkte/billa-instant-nudeln-huhn-00764414)
2025-09-30 12:35:36,365 [INFO] Saved product: Omami Kichererbsentofu Texas Roast (https://shop.billa.at/produkte/omami-kichererbsentofu-texas-roast-00759633)
2025-09-30 12:35:37,112 [INFO] Saved product: Knorr Basis für Pasta Gemüse (https://shop.billa.at/produkte/knorr-basis-fuer-pasta-gemuese-00778033)
2025-09-30 12:35:39,444 [INFO] Saved product: Dr. Oetker Vitalis Müsli Schokoklassisch (https://shop.billa.at/produkte/dr-oetker-vitalis-muesli-schokoklassisch-00777655)
2025-09-30 12:35:39,965 [INFO] Saved product: Wasa Protein+ (https://shop.billa.at/produkte/wasa-protein-00869403)
2025-09-30 12:35:40,615 [INFO] Saved product: Jacobs Mixes Typ Latte Haselnuss (https://shop.billa.at/produkte/jacobs-mixes-typ-latte-haselnuss-00778729)
2025-09-30 12:35:40,782 [INFO] Saved product: KoRo Pesto Verde (https://shop.billa.at/produkte/koro-pesto-verde-00391979)
2025-09-30 12:35:43,384 [INFO] Saved product: BILLA Bio Haferdrink glutenfrei (https://shop.billa.at/produkte/billa-bio-haferdrink-glutenfrei-00779326)
2025-09-30 12:35:44,006 [INFO] Saved product: Martini Mimosa (https://shop.billa.at/produkte/martini-mimosa-00768102)
2025-09-30 12:35:44,547 [INFO] Saved product: Freche Freunde Riegel Birne, Pflaume & Johannisbeere 4er (https://shop.billa.at/produkte/freche-freunde-riegel-birne-pflaume-und-johannisbeere-4er-00916909)
2025-09-30 12:35:44,855 [INFO] Saved product: BILLA Bio Paprika Chili Salsa (https://shop.billa.at/produkte/billa-bio-paprika-chili-salsa-00776200)
2025-09-30 12:35:45,065 [INFO] Saved product: BILLA Nuss Mini (https://shop.billa.at/produkte/billa-nuss-mini-00773082)
2025-09-30 12:35:48,295 [INFO] Saved product: BILLA Nusskipferl (https://shop.billa.at/produkte/billa-nusskipferl-00774105)
2025-09-30 12:35:48,493 [INFO] Saved product: Kotányi Knoblauchscheiben (https://shop.billa.at/produkte/kotanyi-knoblauchscheiben-00777356)
2025-09-30 12:35:49,512 [INFO] Saved product: Koro Mozart Dough (https://shop.billa.at/produkte/koro-mozart-dough-00774915)
2025-09-30 12:35:49,750 [INFO] Saved product: Joya Coffee Creamer Vanille (https://shop.billa.at/produkte/joya-coffee-creamer-vanille-00780591)
2025-09-30 12:35:50,810 [INFO] Saved product: BILLA Brotchips Knoblauch (https://shop.billa.at/produkte/billa-brotchips-knoblauch-00777898)
2025-09-30 12:35:52,782 [INFO] Saved product: BI KIDS Badekugel Waschi mit Melonen Duft (https://shop.billa.at/produkte/bi-kids-badekugel-waschi-mit-melonen-duft-00865612)
2025-09-30 12:35:53,172 [INFO] Saved product: BILLA Bar Style Mix (https://shop.billa.at/produkte/billa-bar-style-mix-00746844)
2025-09-30 12:35:53,687 [INFO] Saved product: Larsini Bianco (https://shop.billa.at/produkte/larsini-bianco-00768907)
2025-09-30 12:35:54,063 [INFO] Saved product: Clever Kochcreme 7% Fett (https://shop.billa.at/produkte/clever-kochcreme-7-fett-00773622)
2025-09-30 12:35:55,584 [INFO] Saved product: M&M´s Minis (https://shop.billa.at/produkte/mundms-minis-00776864)
2025-09-30 12:35:57,156 [INFO] Saved product: Gustavo Gusto Amore Napoli Mozzarella (https://shop.billa.at/produkte/gustavo-gusto-amore-napoli-mozzarella-00871241)
2025-09-30 12:35:57,435 [INFO] Saved product: Barettino Rubino Alkoholfrei (https://shop.billa.at/produkte/barettino-rubino-alkoholfrei-00865138)
2025-09-30 12:35:57,929 [INFO] Saved product: Hochriegl Spritz Rosie (https://shop.billa.at/produkte/hochriegl-spritz-rosie-00769717)
2025-09-30 12:35:58,511 [INFO] Saved product: fyl Sirup Blaubeere (https://shop.billa.at/produkte/fyl-sirup-blaubeere-00865650)
2025-09-30 12:36:01,114 [INFO] Saved product: BILLA Genusswelt Marille Fruchtaufstrich Passiert (https://shop.billa.at/produkte/billa-genusswelt-marille-fruchtaufstrich-passiert-00773750)
2025-09-30 12:36:01,413 [INFO] Saved product: CB12 Kaugummi Eucalyptus (https://shop.billa.at/produkte/cb12-kaugummi-eucalyptus-00537273)
2025-09-30 12:36:01,867 [INFO] Saved product: Hitschies Crunchies Sour Mix (https://shop.billa.at/produkte/hitschies-crunchies-sour-mix-00770988)
2025-09-30 12:36:02,445 [INFO] Saved product: Hofstädter Pariser Kranzl leicht (https://shop.billa.at/produkte/hofstaedter-pariser-kranzl-leicht-00868660)
2025-09-30 12:36:02,698 [INFO] Saved product: Clever Weizenmehl Glatt (https://shop.billa.at/produkte/clever-weizenmehl-glatt-00764091)
2025-09-30 12:36:05,614 [INFO] Saved product: Today Wattepads (https://shop.billa.at/produkte/today-wattepads-00739374)
2025-09-30 12:36:05,936 [INFO] Saved product: Clever Espresso Ganze Bohne (https://shop.billa.at/produkte/clever-espresso-ganze-bohne-00767088)
2025-09-30 12:36:06,409 [INFO] Saved product: Petit Veganne Lorrain (https://shop.billa.at/produkte/petit-veganne-lorrain-00770779)
2025-09-30 12:36:06,802 [INFO] Saved product: Eristoff Watermelon (https://shop.billa.at/produkte/eristoff-watermelon-00778993)
2025-09-30 12:36:09,533 [INFO] Saved product: fyl Sirup Cola (https://shop.billa.at/produkte/fyl-sirup-cola-00865655)
2025-09-30 12:36:10,108 [INFO] Saved product: BILLA Protein Toast (https://shop.billa.at/produkte/billa-protein-toast-00776145)
2025-09-30 12:36:10,601 [INFO] Saved product: Clever Gefrierbeutel 1L (https://shop.billa.at/produkte/clever-gefrierbeutel-1l-00756271)
2025-09-30 12:36:10,913 [INFO] Saved product: BILLA Bio Schoko Haferkekse (https://shop.billa.at/produkte/billa-bio-schoko-haferkekse-00703404)
2025-09-30 12:36:11,308 [INFO] Saved product: Treets schokolierte Erdnüsse (https://shop.billa.at/produkte/treets-schokolierte-erdnuesse-00760202)
2025-09-30 12:36:14,224 [INFO] Saved product: Ja! Natürlich Hendl-Grillteller (https://shop.billa.at/produkte/ja-natuerlich-hendlgrillteller-00428817)
2025-09-30 12:36:14,545 [INFO] Saved product: Finish Power XXL Fresh (https://shop.billa.at/produkte/finish-finish-power-xxl-fresh-48-00864221)
2025-09-30 12:36:14,893 [INFO] Saved product: Clever Joghurt Dressing Mit Kräuter (https://shop.billa.at/produkte/clever-joghurt-dressing-mit-kraeuter-00865996)
2025-09-30 12:36:15,409 [INFO] Saved product: Juvina Mineralwasser Still (https://shop.billa.at/produkte/juvina-mineralwasser-still-00778726)
2025-09-30 12:36:15,576 [INFO] Saved product: Der Mann Grandioso Brot (https://shop.billa.at/produkte/der-mann-grandioso-brot-00779315)
2025-09-30 12:36:18,802 [INFO] Saved product: Larsini Hugo (https://shop.billa.at/produkte/larsini-hugo-00768909)
2025-09-30 12:36:19,026 [INFO] Saved product: BILLA Pizzakäse gerieben leicht (https://shop.billa.at/produkte/billa-pizzakaese-gerieben-leicht-00863637)
2025-09-30 12:36:19,439 [INFO] Saved product: Fentimans Ginger Beer (https://shop.billa.at/produkte/fentimans-ginger-beer-00482871)
2025-09-30 12:36:19,810 [INFO] Saved product: Stiegl Goldbräu (https://shop.billa.at/produkte/stiegl-goldbraeu-00744288)
2025-09-30 12:36:20,148 [INFO] Saved product: Garofalo Orzo (https://shop.billa.at/produkte/garofalo-orzo-00776495)
2025-09-30 12:36:23,158 [INFO] Saved product: Omami Kichererbsentofu Greek Salsa (https://shop.billa.at/produkte/omami-kichererbsentofu-greek-salsa-00743231)
2025-09-30 12:36:23,552 [INFO] Saved product: Die Grillerei Kräuterbaguette (https://shop.billa.at/produkte/die-grillerei-kraeuterbaguette-00774665)
2025-09-30 12:36:23,981 [INFO] Saved product: Omami Kichererbsentofu Smokey Twist (https://shop.billa.at/produkte/omami-kichererbsentofu-smokey-twist-00743229)
2025-09-30 12:36:24,562 [INFO] Saved product: BILLA Bio Sweet Chili Sauce (https://shop.billa.at/produkte/billa-bio-sweet-chili-sauce-00776204)
2025-09-30 12:36:24,659 [INFO] Saved product: Gala Compo Öllicht Nr. 3 (https://shop.billa.at/produkte/gala-compo-oellicht-nr-3-00866602)
2025-09-30 12:36:28,504 [INFO] Saved product: Clever Haushaltshandschuhe Gr.L (https://shop.billa.at/produkte/clever-haushaltshandschuhe-grl-00754280)
2025-09-30 12:36:29,220 [INFO] Saved product: BILLA Genusswelt Marille Fruchtaufstrich Stückig (https://shop.billa.at/produkte/billa-genusswelt-marille-fruchtaufstrich-stueckig-00773751)
2025-09-30 12:36:29,262 [INFO] Saved product: BILLA Seiler & Speer Lagerbier (https://shop.billa.at/produkte/billa-seiler-und-speer-lagerbier-00762327)
2025-09-30 12:36:29,751 [INFO] Saved product: Haribo Rainbow Sauer (https://shop.billa.at/produkte/haribo-rainbow-sauer-00771801)
2025-09-30 12:36:30,612 [INFO] Saved product: Häagen Dazs Cookies & Cream (https://shop.billa.at/produkte/haeagen-dazs-cookies-und-cream-00777133)
2025-09-30 12:36:33,028 [INFO] Saved product: M&M´s Erdnuss (https://shop.billa.at/produkte/mundms-erdnuss-00778082)
2025-09-30 12:36:33,674 [INFO] Saved product: Cremissimo Frufru Erdbeere (https://shop.billa.at/produkte/cremissimo-frufru-erdbeere-00773015)
2025-09-30 12:36:34,007 [INFO] Saved product: Heinz Baked Beans (https://shop.billa.at/produkte/heinz-baked-beans-00954089)
2025-09-30 12:36:34,791 [INFO] Saved product: Haribo Pico-Balla Sauer (https://shop.billa.at/produkte/haribo-picoballa-sauer-00777658)
2025-09-30 12:36:35,314 [INFO] Saved product: M&M´s Crispy Maxi Pack (https://shop.billa.at/produkte/mundms-crispy-maxi-pack-00777225)
2025-09-30 12:36:36,210 [INFO] Saved product: Wagner Piccolinis Wednesday Bloody Margherita (https://shop.billa.at/produkte/wagner-piccolinis-wednesday-bloody-margherita-00871596)
2025-09-30 12:36:38,489 [INFO] Saved product: Clever Milchcreme Croissants (https://shop.billa.at/produkte/clever-milchcreme-croissants-00770753)
2025-09-30 12:36:38,836 [INFO] Saved product: Clever Bourbon Vanille-Schoko-Erdbeer Eis (https://shop.billa.at/produkte/clever-bourbon-vanilleschokoerdbeer-eis-00260589)
2025-09-30 12:36:39,282 [INFO] Saved product: Dr. Oetker Vitalis Schoko Müsli feinherb (https://shop.billa.at/produkte/dr-oetker-vitalis-schoko-muesli-feinherb-00777645)
2025-09-30 12:36:39,669 [INFO] Saved product: Chef Menü Ratatouille (https://shop.billa.at/produkte/chef-menue-ratatouille-00755238)
2025-09-30 12:36:40,754 [INFO] Saved product: BI LIFE DENT Zahnbürste X-Profil Medium (https://shop.billa.at/produkte/bi-life-dent-zahnbuerste-xprofil-medium-00867946)
2025-09-30 12:36:43,252 [INFO] Saved product: Nestlé Cerealien Cini Minis Erdbeer (https://shop.billa.at/produkte/nestle-cerealien-cini-minis-erdbeer-00869626)
2025-09-30 12:36:43,533 [INFO] Saved product: Hofstädter Rindermarksknochen (https://shop.billa.at/produkte/hofstaedter-rindermarksknochen-00580178)
2025-09-30 12:36:43,968 [INFO] Saved product: Bacardi Breezer Lime (https://shop.billa.at/produkte/bacardi-breezer-lime-00427889)
2025-09-30 12:36:44,420 [INFO] Saved product: Clever Knabber Mix (https://shop.billa.at/produkte/clever-knabber-mix-00767459)
2025-09-30 12:36:45,075 [INFO] Saved product: BI HOME Waschmittel Flüssig Color (https://shop.billa.at/produkte/bi-home-waschmittel-fluessig-color-00870278)
2025-09-30 12:36:47,613 [INFO] Saved product: Bonne Maman Erdnuss-Kakaocreme (https://shop.billa.at/produkte/bonne-maman-erdnusskakaocreme-00778864)
2025-09-30 12:36:48,054 [INFO] Saved product: Iglo Broccoli (https://shop.billa.at/produkte/iglo-broccoli-00772768)
2025-09-30 12:36:48,369 [INFO] Saved product: BI LIFE DENT Zahnbürste X-Profil Soft (https://shop.billa.at/produkte/bi-life-dent-zahnbuerste-xprofil-soft-00867948)
2025-09-30 12:36:48,921 [INFO] Saved product: KoRo Weißes Mandelmus (https://shop.billa.at/produkte/koro-weisses-mandelmus-00701364)
2025-09-30 12:36:50,643 [INFO] Saved product: Freche Freunde Riegel Pfirsch, Apfel & Banane (https://shop.billa.at/produkte/freche-freunde-riegel-pfirsch-apfel-und-banane-00778718)
2025-09-30 12:36:52,008 [INFO] Saved product: Clever Zerealien Choco Chips (https://shop.billa.at/produkte/clever-zerealien-choco-chips-00778903)
2025-09-30 12:36:52,583 [INFO] Saved product: Goldsteig Protinellla (https://shop.billa.at/produkte/goldsteig-protinellla-00281827)
2025-09-30 12:36:53,039 [INFO] Saved product: Hilcona Ravioli Trüffel (https://shop.billa.at/produkte/hilcona-ravioli-trueffel-00760233)
2025-09-30 12:36:53,542 [INFO] Saved product: HIER IST ETWAS
DANEBEN GEGANGEN (https://shop.billa.at/produkte/vivess-partykerzen-mit-halter-00491560)
2025-09-30 12:36:54,192 [INFO] Saved product: Thurner Schokostrudel (https://shop.billa.at/produkte/thurner-schokostrudel-00863541)
2025-09-30 12:36:55,841 [INFO] Saved product: BILLA Bio Pesto Rosso vegan (https://shop.billa.at/produkte/billa-bio-pesto-rosso-vegan-00775215)
2025-09-30 12:36:57,255 [INFO] Saved product: Knorr Basis One Pan Lasagne Tomate-Mozzarella (https://shop.billa.at/produkte/knorr-basis-one-pan-lasagne-tomatemozzarella-00778169)
2025-09-30 12:36:57,678 [INFO] Saved product: Müllstar Müllsäcke 120l Schwarz (https://shop.billa.at/produkte/muellstar-muellsaecke-120l-schwarz-00271690)
2025-09-30 12:36:58,142 [INFO] Saved product: Clever Einweg Handschuhe Nitril M (https://shop.billa.at/produkte/clever-einweg-handschuhe-nitril-m-00740505)
2025-09-30 12:36:58,586 [INFO] Saved product: Haribo Balla-Balla (https://shop.billa.at/produkte/haribo-ballaballa-00772068)
2025-09-30 12:36:59,625 [INFO] Saved product: Clever Käsesnack (https://shop.billa.at/produkte/clever-kaesesnack-00773766)
2025-09-30 12:37:01,791 [INFO] Saved product: Gustavo Gusto Amore Napoli Salame (https://shop.billa.at/produkte/gustavo-gusto-amore-napoli-salame-00871244)
2025-09-30 12:37:02,194 [INFO] Saved product: BILLA weißer Bohnensalat (https://shop.billa.at/produkte/billa-weisser-bohnensalat-00753339)
2025-09-30 12:37:02,496 [INFO] Saved product: Baron Otard Vsop (https://shop.billa.at/produkte/baron-otard-vsop-00778991)
2025-09-30 12:37:02,895 [INFO] Saved product: Vivess Teigschaber (https://shop.billa.at/produkte/vivess-teigschaber-00751835)
2025-09-30 12:37:04,301 [INFO] Saved product: BILLA Bio Haferdrink Zuckerfrei (https://shop.billa.at/produkte/billa-bio-haferdrink-zuckerfrei-00779329)
2025-09-30 12:37:05,972 [INFO] Saved product: BILLA Genusswelt Burrata Ravioli (https://shop.billa.at/produkte/billa-genusswelt-burrata-ravioli-00751510)
2025-09-30 12:37:06,238 [INFO] Saved product: Grey Goose Vodka (https://shop.billa.at/produkte/grey-goose-vodka-00779503)
2025-09-30 12:37:06,871 [INFO] Saved product: BILLA Bio Walnusskerne (https://shop.billa.at/produkte/billa-bio-walnusskerne-00483128)
2025-09-30 12:37:07,279 [INFO] Saved product: Meßmer Klare Gedanken (https://shop.billa.at/produkte/messmer-klare-gedanken-00863521)
2025-09-30 12:37:09,697 [INFO] Saved product: Mutti Sugo Rossoro Parmigiano (https://shop.billa.at/produkte/mutti-sugo-rossoro-parmigiano-00776270)
2025-09-30 12:37:10,094 [INFO] Saved product: Joya PUR Mandel (https://shop.billa.at/produkte/joya-pur-mandel-00780559)
2025-09-30 12:37:10,604 [INFO] Saved product: Dextro Energy Sticks - Fizzy Sour Berry (https://shop.billa.at/produkte/dextro-energy-sticks-fizzy-sour-berry-00863452)
2025-09-30 12:37:10,990 [INFO] Saved product: Hitschies Saure Drachenzungen Blau (https://shop.billa.at/produkte/hitschies-saure-drachenzungen-blau-00755296)
2025-09-30 12:37:11,449 [INFO] Saved product: FranzLeopold Williamsedelbrand (https://shop.billa.at/produkte/franzleopold-williamsedelbrand-00779434)
2025-09-30 12:37:14,132 [INFO] Saved product: BILLA Bali Brunch Hot Pod Peanut Noodle Bowl (https://shop.billa.at/produkte/billa-bali-brunch-hot-pod-peanut-noodle-bowl-00863552)
2025-09-30 12:37:14,457 [INFO] Saved product: Clever Brezeln gesalzen (https://shop.billa.at/produkte/clever-brezeln-gesalzen-00766943)
2025-09-30 12:37:14,885 [INFO] Saved product: Iglo Gemüseideen Schwedische Art (https://shop.billa.at/produkte/iglo-gemueseideen-schwedische-art-00869289)
2025-09-30 12:37:15,458 [INFO] Saved product: McCain Crinkle Deluxe (https://shop.billa.at/produkte/mccain-crinkle-deluxe-00868558)
2025-09-30 12:37:16,152 [INFO] Saved product: BILLA Happy Summer Mix (https://shop.billa.at/produkte/billa-happy-summer-mix-00774456)
2025-09-30 12:37:18,571 [INFO] Saved product: Freche Freunde Quetschie Apfel, Birne, Karotte & Kürbis (https://shop.billa.at/produkte/freche-freunde-quetschie-apfel-birne-karotte-und-kuerbis-00396170)
2025-09-30 12:37:18,929 [INFO] Saved product: M&M´s Crispy (https://shop.billa.at/produkte/mundms-crispy-00778335)
2025-09-30 12:37:19,469 [INFO] Saved product: Yuu'n Mee Garnelen mit Kräuter-Knoblauch Sauce (https://shop.billa.at/produkte/yuun-mee-garnelen-mit-kraeuterknoblauch-sauce-00774425)
2025-09-30 12:37:19,822 [INFO] Saved product: Billa Bio Räucherlachs (https://shop.billa.at/produkte/billa-bio-raeucherlachs-00767097)
2025-09-30 12:37:20,496 [INFO] Saved product: Clever Riffel Chips Sour Cream & Onion (https://shop.billa.at/produkte/clever-riffel-chips-sour-cream-und-onion-00767457)
2025-09-30 12:37:23,047 [INFO] Saved product: BI HOME Bodenwischbezug (https://shop.billa.at/produkte/bi-home-bodenwischbezug-00738397)
2025-09-30 12:37:23,568 [INFO] Saved product: Hofstädter Jausenspeck (https://shop.billa.at/produkte/hofstaedter-jausenspeck-00774958)
2025-09-30 12:37:24,180 [INFO] Saved product: Clever Kashkaval (https://shop.billa.at/produkte/clever-kashkaval-00775446)
2025-09-30 12:37:24,588 [INFO] Saved product: Iglo Pasta Carbonara (https://shop.billa.at/produkte/iglo-pasta-carbonara-00776522)
2025-09-30 12:37:25,466 [INFO] Saved product: Clever Bourbon Vanille Eis (https://shop.billa.at/produkte/clever-bourbon-vanille-eis-00260599)
2025-09-30 12:37:26,930 [INFO] Saved product: Egger Sportgummi Family Box (https://shop.billa.at/produkte/egger-sportgummi-family-box-00830737)
2025-09-30 12:37:27,482 [INFO] Saved product: Kombuchery Kombucha Ginger (https://shop.billa.at/produkte/kombuchery-kombucha-ginger-00777669)
2025-09-30 12:37:28,205 [INFO] Saved product: Ja! Natürlich Putenbrust (https://shop.billa.at/produkte/ja-natuerlich-putenbrust-00240387)
2025-09-30 12:37:29,967 [INFO] Saved product: Coppenrath & Wiese Lust auf Vegan Donauwellen Torte (https://shop.billa.at/produkte/coppenrath-und-wiese-lust-auf-vegan-donauwellen-torte-00701156)
2025-09-30 12:37:30,321 [INFO] Saved product: Clever Einweg Handschuhe Nitril L (https://shop.billa.at/produkte/clever-einweg-handschuhe-nitril-l-00740506)
2025-09-30 12:37:31,572 [INFO] Saved product: Carnuntum Wiesen Eier BIO M 10 Stk. (https://shop.billa.at/produkte/carnuntum-wiesen-eier-bio-m-10-stk-00460984)
2025-09-30 12:37:32,091 [INFO] Saved product: BILLA Bio Lasagneblätter (https://shop.billa.at/produkte/billa-bio-lasagneblaetter-00774962)
2025-09-30 12:37:32,488 [INFO] Saved product: Pely Müllbeutel extra stark Klimaneutral (https://shop.billa.at/produkte/pely-muellbeutel-extra-stark-klimaneutral-00421464)
2025-09-30 12:37:33,974 [INFO] Saved product: BILLA Genusswelt Fleur de Sel (https://shop.billa.at/produkte/billa-genusswelt-fleur-de-sel-00776656)
2025-09-30 12:37:34,761 [INFO] Saved product: Gatorade Fruit Punch Zero (https://shop.billa.at/produkte/gatorade-fruit-punch-zero-00777034)
2025-09-30 12:37:35,146 [INFO] Saved product: Finish Quantum XXL Fresh (https://shop.billa.at/produkte/finish-quantum-xxl-fresh-00864219)
2025-09-30 12:37:36,019 [INFO] Saved product: Freche Freunde Quetschie Blaue Beeren (https://shop.billa.at/produkte/freche-freunde-quetschie-blaue-beeren-00722504)
2025-09-30 12:37:36,903 [INFO] Saved product: Melitta Kaffeefilter 102 ungebleicht (https://shop.billa.at/produkte/melitta-kaffeefilter-102-ungebleicht-00868232)
2025-09-30 12:37:38,228 [INFO] Saved product: BILLA Wok Gemüse (https://shop.billa.at/produkte/billa-wok-gemuese-00770989)
2025-09-30 12:37:39,325 [INFO] Saved product: Häagen Dazs Macaron Double Chocolate (https://shop.billa.at/produkte/haeagen-dazs-macaron-double-chocolate-00777137)
2025-09-30 12:37:39,698 [INFO] Saved product: Glade Duftkerze Anti-Tabak (https://shop.billa.at/produkte/glade-duftkerze-antitabak-00750904)
2025-09-30 12:37:40,539 [INFO] Saved product: Clever Käse für den Ofen Kräuter (https://shop.billa.at/produkte/clever-kaese-fuer-den-ofen-kraeuter-00773394)
2025-09-30 12:37:41,073 [INFO] Saved product: Iglo Gemüseideen Gemüse-Pilz-Pfanne (https://shop.billa.at/produkte/iglo-gemueseideen-gemuesepilzpfanne-00869290)
2025-09-30 12:37:43,347 [INFO] Saved product: BILLA Genusswelt Olivenöl Kreta (https://shop.billa.at/produkte/billa-genusswelt-olivenoel-kreta-00780303)
2025-09-30 12:37:43,715 [INFO] Saved product: Martini Vibrante Alkoholfrei (https://shop.billa.at/produkte/martini-vibrante-alkoholfrei-00870621)
2025-09-30 12:37:44,080 [INFO] Saved product: BILLA Grissini mit Sesam (https://shop.billa.at/produkte/billa-grissini-mit-sesam-00762606)
2025-09-30 12:37:44,488 [INFO] Saved product: BILLA Bio Schokoladen Crème mit Haselnüssen (https://shop.billa.at/produkte/billa-bio-schokoladen-creme-mit-haselnuessen-00863659)
2025-09-30 12:37:45,130 [INFO] Saved product: Neutrogena Bodylotion Deep Moisture (https://shop.billa.at/produkte/neutrogena-bodylotion-deep-moisture-00866547)
2025-09-30 12:37:47,413 [INFO] Saved product: Trolli Saure Glühwürmchen 'Verry Berry' (https://shop.billa.at/produkte/trolli-saure-gluehwuermchen-verry-berry-00770889)
2025-09-30 12:37:48,001 [INFO] Saved product: Wildgood Non-Dairy Frozen Pistachio (https://shop.billa.at/produkte/wildgood-nondairy-frozen-pistachio-00750875)
2025-09-30 12:37:48,371 [INFO] Saved product: Vivess Backpinsel (https://shop.billa.at/produkte/vivess-backpinsel-00756877)
2025-09-30 12:37:48,816 [INFO] Saved product: Harrer Eisknödel Marille (https://shop.billa.at/produkte/harrer-eisknoedel-marille-00724442)
2025-09-30 12:37:49,879 [INFO] Saved product: LEKKA Landschinken (https://shop.billa.at/produkte/lekka-landschinken-00870266)
2025-09-30 12:37:51,586 [INFO] Saved product: Kotányi Estragonkraut gerebelt (https://shop.billa.at/produkte/kotanyi-estragonkraut-gerebelt-00777361)
2025-09-30 12:37:52,036 [INFO] Saved product: BILLA Genusswelt Erdbeer Fruchtaufstrich Stückig (https://shop.billa.at/produkte/billa-genusswelt-erdbeer-fruchtaufstrich-stueckig-00773746)
2025-09-30 12:37:52,568 [INFO] Saved product: Bacardi Breezer Orange (https://shop.billa.at/produkte/bacardi-breezer-orange-00356264)
2025-09-30 12:37:53,107 [INFO] Saved product: Finish Ultimate XXL Citrus (https://shop.billa.at/produkte/finish-finish-ultimate-xxl-citrus-00864218)
2025-09-30 12:37:55,565 [INFO] Saved product: All Stars Skyr Protein Bar Strawberry (https://shop.billa.at/produkte/all-stars-skyr-protein-bar-strawberry-00865191)
2025-09-30 12:37:55,981 [INFO] Saved product: Wieselburger Gold (https://shop.billa.at/produkte/wieselburger-gold-00748274)
2025-09-30 12:37:56,304 [INFO] Saved product: Like Gyros (https://shop.billa.at/produkte/like-gyros-00774844)
2025-09-30 12:37:56,710 [INFO] Saved product: BI HOME Vollwaschmittel Flüssig Universal (https://shop.billa.at/produkte/bi-home-vollwaschmittel-fluessig-universal-00870299)
2025-09-30 12:37:57,268 [INFO] Saved product: Mutti Sugo Vegane Bolognese (https://shop.billa.at/produkte/mutti-sugo-vegane-bolognese-00776269)
2025-09-30 12:37:59,868 [INFO] Saved product: Gordon's Gin Alkoholfrei (https://shop.billa.at/produkte/gordons-gin-alkoholfrei-00723733)
2025-09-30 12:38:00,284 [INFO] Saved product: BILLA Bio Burrito (https://shop.billa.at/produkte/billa-bio-burrito-00772048)
2025-09-30 12:38:00,594 [INFO] Saved product: Fanta Lemon (https://shop.billa.at/produkte/fanta-lemon-00769001)
2025-09-30 12:38:01,101 [INFO] Saved product: Kotányi Meersalz Steinpilz Trüffelaroma (https://shop.billa.at/produkte/kotanyi-meersalz-steinpilz-trueffelaroma-00777353)
2025-09-30 12:38:01,436 [INFO] Saved product: Clever Spezialwaschmittel Flüssig Color (https://shop.billa.at/produkte/clever-spezialwaschmittel-fluessig-color-00867784)
2025-09-30 12:38:04,325 [INFO] Saved product: Clever Ansatzkorn (https://shop.billa.at/produkte/clever-ansatzkorn-00779360)
2025-09-30 12:38:04,708 [INFO] Saved product: Yuu'n Mee Kamm Muscheln (https://shop.billa.at/produkte/yuun-mee-kamm-muscheln-00774504)
2025-09-30 12:38:05,089 [INFO] Saved product: Clever Kartoffelsalat mit Creme Fraiche (https://shop.billa.at/produkte/clever-kartoffelsalat-mit-creme-fraiche-00776219)
2025-09-30 12:38:05,544 [INFO] Saved product: Desserta Hellas Feta (https://shop.billa.at/produkte/desserta-hellas-feta-00757887)
2025-09-30 12:38:07,165 [INFO] Saved product: BILLA Paella (https://shop.billa.at/produkte/billa-paella-00775290)
2025-09-30 12:38:08,624 [INFO] Saved product: Koro Berry Cheesecake (https://shop.billa.at/produkte/koro-berry-cheesecake-00774917)
2025-09-30 12:38:09,237 [INFO] Saved product: Coral Magic Wash Color Protection (https://shop.billa.at/produkte/coral-magic-wash-color-protection-00774132)
2025-09-30 12:38:09,839 [INFO] Saved product: Kellogg's Zerealien Froot Loops (https://shop.billa.at/produkte/kelloggs-zerealien-froot-loops-00876393)
2025-09-30 12:38:10,398 [INFO] Saved product: The Green Mountain Pfeffer Medaillons (https://shop.billa.at/produkte/the-green-mountain-pfeffer-medaillons-00774072)
2025-09-30 12:38:10,843 [INFO] Saved product: BILLA Guanciale (https://shop.billa.at/produkte/billa-guanciale-00775394)
2025-09-30 12:38:13,675 [INFO] Saved product: BILLA Vanillepuddingpulver (https://shop.billa.at/produkte/billa-vanillepuddingpulver-00750677)
2025-09-30 12:38:13,915 [INFO] Saved product: Multy Einmalhandschuh Latex (https://shop.billa.at/produkte/multy-einmalhandschuh-latex-00447886)
2025-09-30 12:38:14,722 [INFO] Saved product: Billa Collagen (https://shop.billa.at/produkte/billa-collagen-00761771)
2025-09-30 12:38:14,994 [INFO] Saved product: Schulte Vanille Waffeln (https://shop.billa.at/produkte/schulte-vanille-waffeln-00780603)
2025-09-30 12:38:15,274 [INFO] Saved product: Martini Fiero (https://shop.billa.at/produkte/martini-fiero-00869301)
2025-09-30 12:38:18,393 [INFO] Saved product: KoRo Proteinriegel Vanilla Cookie Dough Style (https://shop.billa.at/produkte/koro-proteinriegel-vanilla-cookie-dough-style-00531137)
2025-09-30 12:38:18,691 [INFO] Saved product: BILLA Expressreis Mexican (https://shop.billa.at/produkte/billa-expressreis-mexican-00773468)
2025-09-30 12:38:19,740 [INFO] Saved product: So Vegan So Fein Nuss Nougatcreme (https://shop.billa.at/produkte/so-vegan-so-fein-nuss-nougatcreme-00867724)
2025-09-30 12:38:19,798 [INFO] Saved product: KoRo Haselnussmus (https://shop.billa.at/produkte/koro-haselnussmus-00701362)
2025-09-30 12:38:21,456 [INFO] Saved product: Hofstädter Xl-Cut R-Chucksteak mariniert Die Grillerei (https://shop.billa.at/produkte/hofstaedter-xlcut-rchucksteak-mariniert-die-grillerei-00576144)
2025-09-30 12:38:23,234 [INFO] Saved product: BILLA Bio Smoothie Frühstückstraum (https://shop.billa.at/produkte/billa-bio-smoothie-fruehstueckstraum-00763179)
2025-09-30 12:38:24,045 [INFO] Saved product: Knorr Basis für Käsespätzle (https://shop.billa.at/produkte/knorr-basis-fuer-kaesespaetzle-00778019)
2025-09-30 12:38:24,464 [INFO] Saved product: BILLA Genusswelt Orangen Fruchtaufstrich (https://shop.billa.at/produkte/billa-genusswelt-orangen-fruchtaufstrich-00773732)
2025-09-30 12:38:25,257 [INFO] Saved product: Frischkäseburek (https://shop.billa.at/produkte/frischkaeseburek-00863561)
2025-09-30 12:38:26,009 [INFO] Saved product: BI KIDS Badekugel Otto mit Mango Duft (https://shop.billa.at/produkte/bi-kids-badekugel-otto-mit-mango-duft-00865611)
2025-09-30 12:38:27,412 [INFO] Saved product: Kellogg's Tresor Milk & Choco (https://shop.billa.at/produkte/kelloggs-tresor-milk-und-choco-00575161)
2025-09-30 12:38:28,251 [INFO] Saved product: Clever Backteignuggets (https://shop.billa.at/produkte/clever-backteignuggets-00780281)
2025-09-30 12:38:28,725 [INFO] Saved product: BILLA Bio Pesto alla Genovese (https://shop.billa.at/produkte/billa-bio-pesto-alla-genovese-00775213)
2025-09-30 12:38:28,947 [INFO] Saved product: BI HOME Waschmittel Flüssig Sensitiv (https://shop.billa.at/produkte/bi-home-waschmittel-fluessig-sensitiv-00870298)
2025-09-30 12:38:29,537 [INFO] Saved product: Kotányi Frühlingszwiebel-Lauch Mischung (https://shop.billa.at/produkte/kotanyi-fruehlingszwiebellauch-mischung-00777365)
2025-09-30 12:38:32,026 [INFO] Saved product: Freiherr von Schönaich Sekt Rosé (https://shop.billa.at/produkte/freiherr-von-schoenaich-sekt-rose-00721102)
2025-09-30 12:38:32,526 [INFO] Saved product: Gustavo Gusto Amore Napoli Diavola (https://shop.billa.at/produkte/gustavo-gusto-amore-napoli-diavola-00871240)
2025-09-30 12:38:33,282 [INFO] Saved product: L'OR Ferrari Maranello Lungo (https://shop.billa.at/produkte/lor-ferrari-maranello-lungo-00779149)
2025-09-30 12:38:33,468 [INFO] Saved product: BILLA Bio Akazienhonig (https://shop.billa.at/produkte/billa-bio-akazienhonig-00778338)
2025-09-30 12:38:33,971 [INFO] Saved product: Gatorade Cool Blue (https://shop.billa.at/produkte/gatorade-cool-blue-00776876)
2025-09-30 12:38:35,868 [INFO] Saved product: Clever Hendl-Suppentopf (https://shop.billa.at/produkte/clever-hendlsuppentopf-00771110)
2025-09-30 12:38:36,428 [INFO] Saved product: Stieffenhofer Kuchenboden aus Rührteig (https://shop.billa.at/produkte/stieffenhofer-kuchenboden-aus-ruehrteig-00927793)
2025-09-30 12:38:37,170 [INFO] Saved product: Martini Frizzante Rosato (https://shop.billa.at/produkte/martini-frizzante-rosato-00755532)
2025-09-30 12:38:37,902 [INFO] Saved product: BILLA Kichererbsensalat mit Tahin (https://shop.billa.at/produkte/billa-kichererbsensalat-mit-tahin-00754130)
2025-09-30 12:38:38,571 [INFO] Saved product: Iglo Reis-Curry mit Gemüse (https://shop.billa.at/produkte/iglo-reiscurry-mit-gemuese-00776523)
2025-09-30 12:38:39,819 [INFO] Saved product: Clever Topfreiniger mit Griff (https://shop.billa.at/produkte/clever-topfreiniger-mit-griff-00752211)
2025-09-30 12:38:40,817 [INFO] Saved product: BILLA Joghurt Amarena Eis (https://shop.billa.at/produkte/billa-joghurt-amarena-eis-00775192)
2025-09-30 12:38:41,268 [INFO] Saved product: Monster Top Speed (https://shop.billa.at/produkte/monster-top-speed-00778471)
2025-09-30 12:38:41,527 [INFO] Saved product: Hofer Premium Motiv Imma im Herz'n (https://shop.billa.at/produkte/hofer-premium-motiv-imma-im-herzn-00472689)
2025-09-30 12:38:42,163 [INFO] Saved product: BILLA Bio Cremeblütenhonig (https://shop.billa.at/produkte/billa-bio-cremebluetenhonig-00778347)
2025-09-30 12:38:44,549 [INFO] Saved product: Simply Good Kabeljau Filet (https://shop.billa.at/produkte/simply-good-kabeljau-filet-00863600)
2025-09-30 12:38:44,817 [INFO] Saved product: Bümag Spülbürste (https://shop.billa.at/produkte/buemag-spuelbuerste-00409258)
2025-09-30 12:38:45,326 [INFO] Saved product: Freche Freunde Knusper Schnitte Banane & Kürbis (https://shop.billa.at/produkte/freche-freunde-knusper-schnitte-banane-und-kuerbis-00755950)
2025-09-30 12:38:45,922 [INFO] Saved product: Eskimo Magnum Mandel 8er (https://shop.billa.at/produkte/eskimo-magnum-mandel-8er-00742533)
2025-09-30 12:38:46,408 [INFO] Saved product: Vegavita Frankfurter (https://shop.billa.at/produkte/vegavita-frankfurter-00778869)
2025-09-30 12:38:48,762 [INFO] Saved product: Toppits Backpapier Heißluftfritteuse (https://shop.billa.at/produkte/toppits-backpapier-heissluftfritteuse-00774185)
2025-09-30 12:38:49,211 [INFO] Saved product: BILLA Bio Pesto Verde vegan (https://shop.billa.at/produkte/billa-bio-pesto-verde-vegan-00775228)
2025-09-30 12:38:49,638 [INFO] Saved product: Peeroton Powerpack Riegel schoko-nuss (https://shop.billa.at/produkte/peeroton-powerpack-riegel-schokonuss-00778328)
2025-09-30 12:38:49,997 [INFO] Saved product: BILLA Bio Graved Lachs (https://shop.billa.at/produkte/billa-bio-graved-lachs-00767683)
2025-09-30 12:38:50,360 [INFO] Saved product: Ja! Natürlich Kombucha Classic (https://shop.billa.at/produkte/ja-natuerlich-kombucha-classic-00761864)
2025-09-30 12:38:53,051 [INFO] Saved product: Clever Gefrierbeutel 6L (https://shop.billa.at/produkte/clever-gefrierbeutel-6l-00756266)
2025-09-30 12:38:53,424 [INFO] Saved product: FranzLeopold Edelkirschenlikör (https://shop.billa.at/produkte/franzleopold-edelkirschenlikoer-00779369)
2025-09-30 12:38:53,864 [INFO] Saved product: Wagner Piccolinis Wednesday Dark Salami (https://shop.billa.at/produkte/wagner-piccolinis-wednesday-dark-salami-00871595)
2025-09-30 12:38:54,290 [INFO] Saved product: Dextro Energy Sticks - Zitrone (https://shop.billa.at/produkte/dextro-energy-sticks-zitrone-00863451)
2025-09-30 12:38:56,321 [INFO] Saved product: KoRo Hefeflocken (https://shop.billa.at/produkte/koro-hefeflocken-00702040)
2025-09-30 12:38:57,447 [INFO] Saved product: Snagy Zaubersnack Himbeer Vanille (https://shop.billa.at/produkte/snagy-zaubersnack-himbeer-vanille-00778195)
2025-09-30 12:38:57,803 [INFO] Saved product: Clever Ketchup (https://shop.billa.at/produkte/clever-ketchup-00774228)
2025-09-30 12:38:58,209 [INFO] Saved product: BILLA pur Kornbrot (https://shop.billa.at/produkte/billa-pur-kornbrot-00403871)
2025-09-30 12:38:58,597 [INFO] Saved product: BILLA Lachsforellenfilet (https://shop.billa.at/produkte/billa-lachsforellenfilet-00767851)
2025-09-30 12:38:59,576 [INFO] Saved product: Hohes C Vitaminwater Antiox (https://shop.billa.at/produkte/hohes-c-vitaminwater-antiox-00867980)
2025-09-30 12:39:01,788 [INFO] Saved product: Kuwopa Pappteller (https://shop.billa.at/produkte/kuwopa-pappteller-00344540)
2025-09-30 12:39:02,150 [INFO] Saved product: FranzLeopold Marillenbrand (https://shop.billa.at/produkte/franzleopold-marillenbrand-00779431)
2025-09-30 12:39:02,649 [INFO] Saved product: Hohes C Vitaminwater Protect (https://shop.billa.at/produkte/hohes-c-vitaminwater-protect-00867987)
2025-09-30 12:39:03,036 [INFO] Saved product: Hofstädter R-Faschiertes (https://shop.billa.at/produkte/hofstaedter-rfaschiertes-00256067)
2025-09-30 12:39:03,377 [INFO] Saved product: BILLA Bio Knoblauch Sauce (https://shop.billa.at/produkte/billa-bio-knoblauch-sauce-00776214)
2025-09-30 12:39:06,209 [INFO] Saved product: Yuu'n Mee Garnelen mit Tomaten-Provence Sauce (https://shop.billa.at/produkte/yuun-mee-garnelen-mit-tomatenprovence-sauce-00774429)
2025-09-30 12:39:06,600 [INFO] Saved product: LEKKA Kochschinken (https://shop.billa.at/produkte/lekka-kochschinken-00870263)
2025-09-30 12:39:06,973 [INFO] Saved product: BILLA Instant Nudeln Rind (https://shop.billa.at/produkte/billa-instant-nudeln-rind-00764413)
2025-09-30 12:39:07,390 [INFO] Saved product: Barebells Riegel Lemon Cheesecake (https://shop.billa.at/produkte/barebells-riegel-lemon-cheesecake-00864987)
2025-09-30 12:39:07,756 [INFO] Saved product: KoRo Energy Ball Pistazienmus (https://shop.billa.at/produkte/koro-energy-ball-pistazienmus-00527112)
2025-09-30 12:39:10,519 [INFO] Saved product: Toppits Gefrierbeutel 6 Lit. (https://shop.billa.at/produkte/toppits-gefrierbeutel-6-lit-00101513)
2025-09-30 12:39:10,938 [INFO] Saved product: Barettino Zaffiro Alkoholfrei (https://shop.billa.at/produkte/barettino-zaffiro-alkoholfrei-00865137)
2025-09-30 12:39:11,261 [INFO] Saved product: BI KIDS Badekugel Tauchbert mit fruchtiger Duft (https://shop.billa.at/produkte/bi-kids-badekugel-tauchbert-mit-fruchtiger-duft-00865610)
2025-09-30 12:39:11,620 [INFO] Saved product: Kuwopa Partyserviette Ballons (https://shop.billa.at/produkte/kuwopa-partyserviette-ballons-00274735)
2025-09-30 12:39:12,100 [INFO] Saved product: Steinofen Bagel classic (https://shop.billa.at/produkte/steinofen-bagel-classic-00959961)
2025-09-30 12:39:15,065 [INFO] Saved product: BILLA Mohnkipferl (https://shop.billa.at/produkte/billa-mohnkipferl-00774104)
2025-09-30 12:39:15,564 [INFO] Saved product: Coral Magic Wash Sports & Synthetics (https://shop.billa.at/produkte/coral-magic-wash-sports-und-synthetics-00774134)
2025-09-30 12:39:15,935 [INFO] Saved product: KoRo Pekannussmus (https://shop.billa.at/produkte/koro-pekannussmus-00701365)
2025-09-30 12:39:16,501 [INFO] Saved product: BILLA Schokopuddingpulver (https://shop.billa.at/produkte/billa-schokopuddingpulver-00750675)
2025-09-30 12:39:17,242 [INFO] Saved product: Ja! Natürlich Sous Vide Pulled Duck (https://shop.billa.at/produkte/ja-natuerlich-sous-vide-pulled-duck-00756535)
2025-09-30 12:39:18,949 [INFO] Saved product: BILLA Paprikahendl (https://shop.billa.at/produkte/billa-paprikahendl-00776181)
2025-09-30 12:39:20,201 [INFO] Saved product: Joya Coffee Creamer Hafer (https://shop.billa.at/produkte/joya-coffee-creamer-hafer-00780590)
2025-09-30 12:39:20,864 [INFO] Saved product: Rupp BBQ Scheiben (https://shop.billa.at/produkte/rupp-bbq-scheiben-00774196)
2025-09-30 12:39:21,314 [INFO] Saved product: Free Choice Glutenfreie Kaisersemmel (https://shop.billa.at/produkte/free-choice-glutenfreie-kaisersemmel-00761624)
2025-09-30 12:39:22,030 [INFO] Saved product: Clever Spezialwaschmittel Flüssig Seide & Wolle (https://shop.billa.at/produkte/clever-spezialwaschmittel-fluessig-seide-und-wolle-00867795)
2025-09-30 12:39:23,621 [INFO] Saved product: Hohes C Vitaminwater Energy (https://shop.billa.at/produkte/hohes-c-vitaminwater-energy-00867983)
2025-09-30 12:39:24,322 [INFO] Saved product: BILLA Bio Quinoa Tricolor (https://shop.billa.at/produkte/billa-bio-quinoa-tricolor-00759486)
2025-09-30 12:39:24,785 [INFO] Saved product: BILLA Ketchup Mild (https://shop.billa.at/produkte/billa-ketchup-mild-00773861)
2025-09-30 12:39:25,038 [INFO] Saved product: Mionetto Aperitivo Alkoholfrei (https://shop.billa.at/produkte/mionetto-aperitivo-alkoholfrei-00768723)
2025-09-30 12:39:25,774 [INFO] Saved product: Purya! Protein Shake, Very Berry (https://shop.billa.at/produkte/purya-protein-shake-very-berry-00768634)
2025-09-30 12:39:27,995 [INFO] Saved product: Clever Kartoffelsalat mit Essig und Öl (https://shop.billa.at/produkte/clever-kartoffelsalat-mit-essig-und-oel-00776221)
2025-09-30 12:39:28,342 [INFO] Saved product: Clever Colorwaschmittel Flüssig (https://shop.billa.at/produkte/clever-colorwaschmittel-fluessig-00867759)
2025-09-30 12:39:29,108 [INFO] Saved product: BILLA Pretzel Bites Honey Mustard (https://shop.billa.at/produkte/billa-pretzel-bites-honey-mustard-00767405)
2025-09-30 12:39:29,224 [INFO] Saved product: FranzLeopold Pfirsichlikör (https://shop.billa.at/produkte/franzleopold-pfirsichlikoer-00779366)
2025-09-30 12:39:30,313 [INFO] Saved product: Jacobs Ice Presso (https://shop.billa.at/produkte/jacobs-ice-presso-00738094)
2025-09-30 12:39:31,886 [INFO] Saved product: Coral Magic Wash Universal Clean (https://shop.billa.at/produkte/coral-magic-wash-universal-clean-00774129)
2025-09-30 12:39:32,437 [INFO] Saved product: Clever Kochcreme 15% Fett (https://shop.billa.at/produkte/clever-kochcreme-15-fett-00773624)
2025-09-30 12:39:33,328 [INFO] Saved product: BILLA Bio Kokos Mandel Crème (https://shop.billa.at/produkte/billa-bio-kokos-mandel-creme-00863670)
2025-09-30 12:39:33,878 [INFO] Saved product: BILLA Taco Shells (https://shop.billa.at/produkte/billa-taco-shells-00773707)
2025-09-30 12:39:34,442 [INFO] Saved product: Chef Menü Paprikahendl (https://shop.billa.at/produkte/chef-menue-paprikahendl-00244131)
2025-09-30 12:39:36,044 [INFO] Saved product: BILLA Granatapfel (https://shop.billa.at/produkte/billa-granatapfel-00756724)
2025-09-30 12:39:36,818 [INFO] Saved product: BILLA Bio Smoothie Vitaminkick (https://shop.billa.at/produkte/billa-bio-smoothie-vitaminkick-00763185)
2025-09-30 12:39:37,379 [INFO] Saved product: Billa Collagen (https://shop.billa.at/produkte/billa-collagen-00761778)
2025-09-30 12:39:38,089 [INFO] Saved product: Ja! Natürlich Kombucha Dirndl (https://shop.billa.at/produkte/ja-natuerlich-kombucha-dirndl-00774285)
2025-09-30 12:39:38,776 [INFO] Saved product: Teekanne Harmonie Hol dir Kraft (https://shop.billa.at/produkte/teekanne-harmonie-hol-dir-kraft-00867409)
2025-09-30 12:39:40,252 [INFO] Saved product: Dr. Oetker Vitalis Knuspermüsli Schoko feinherb (https://shop.billa.at/produkte/dr-oetker-vitalis-knuspermuesli-schoko-feinherb-00777650)
2025-09-30 12:39:40,753 [INFO] Saved product: M&M´s Schokolade (https://shop.billa.at/produkte/mundms-schokolade-00776865)
2025-09-30 12:39:41,566 [INFO] Saved product: Knorr Basis Chili sin Carne (https://shop.billa.at/produkte/knorr-basis-chili-sin-carne-00777937)
2025-09-30 12:39:41,818 [INFO] Saved product: BILLA Bio Smoothie Blaue Pause (https://shop.billa.at/produkte/billa-bio-smoothie-blaue-pause-00763178)
2025-09-30 12:39:42,389 [INFO] Saved product: Larsini Rosato (https://shop.billa.at/produkte/larsini-rosato-00768908)
2025-09-30 12:39:45,014 [INFO] Saved product: Jacobs Mixes Typ Cappuccino (https://shop.billa.at/produkte/jacobs-mixes-typ-cappuccino-00778725)
2025-09-30 12:39:45,474 [INFO] Saved product: BILLA Beeren Mix (https://shop.billa.at/produkte/billa-beeren-mix-00756727)
2025-09-30 12:39:45,989 [INFO] Saved product: BILLA Mango Pfirsich (https://shop.billa.at/produkte/billa-mango-pfirsich-00756730)
2025-09-30 12:39:46,136 [INFO] Saved product: Febrez Lufterfrischer Lenor (https://shop.billa.at/produkte/febrez-lufterfrischer-lenor-00742282)
2025-09-30 12:39:46,619 [INFO] Saved product: Steinofen Bagel Sesam (https://shop.billa.at/produkte/steinofen-bagel-sesam-00959992)
2025-09-30 12:39:49,410 [INFO] Saved product: Pely Beutel extra stark (https://shop.billa.at/produkte/pely-beutel-extra-stark-00724870)
2025-09-30 12:39:49,793 [INFO] Saved product: Clever Haselnuss & Vanille Eis (https://shop.billa.at/produkte/clever-haselnuss-und-vanille-eis-00768048)
2025-09-30 12:39:50,215 [INFO] Saved product: Joya PUR Hafer (https://shop.billa.at/produkte/joya-pur-hafer-00780582)
2025-09-30 12:39:50,751 [INFO] Saved product: BILLA Bio Aufstrich Erbse Edamame (https://shop.billa.at/produkte/billa-bio-aufstrich-erbse-edamame-00864659)
2025-09-30 12:39:51,748 [INFO] Saved product: Barettino Ambraviva Alkoholfrei (https://shop.billa.at/produkte/barettino-ambraviva-alkoholfrei-00865134)
2025-09-30 12:39:54,087 [INFO] Saved product: Tattoos Set BILLA (https://shop.billa.at/produkte/tattoos-set-billa-00863515)
2025-09-30 12:39:54,568 [INFO] Saved product: Knorr Basis für Chicken Teriyaki (https://shop.billa.at/produkte/knorr-basis-fuer-chicken-teriyaki-00778031)
2025-09-30 12:39:54,899 [INFO] Saved product: BILLA Protein Burger Bun (https://shop.billa.at/produkte/billa-protein-burger-bun-00776506)
2025-09-30 12:39:55,350 [INFO] Saved product: Billa Bio Quinoa Ecken (https://shop.billa.at/produkte/billa-bio-quinoa-ecken-00772061)
2025-09-30 12:39:56,355 [INFO] Saved product: BILLA Madeleines (https://shop.billa.at/produkte/billa-madeleines-00739025)
2025-09-30 12:39:58,697 [INFO] Saved product: Carnuntum Wiesen Eier BIO M 6 Stk. (https://shop.billa.at/produkte/carnuntum-wiesen-eier-bio-m-6-stk-00759948)
2025-09-30 12:39:59,117 [INFO] Saved product: Clever Mohnstrudel (https://shop.billa.at/produkte/clever-mohnstrudel-00774693)
2025-09-30 12:39:59,493 [INFO] Saved product: BILLA Genusswelt Taralli Classico (https://shop.billa.at/produkte/billa-genusswelt-taralli-classico-00773136)
2025-09-30 12:40:00,069 [INFO] Saved product: Viennetta Pistazie (https://shop.billa.at/produkte/viennetta-pistazie-00868985)
2025-09-30 12:40:00,724 [INFO] Saved product: Kellogg's Tresor Choco Nougat (https://shop.billa.at/produkte/kelloggs-tresor-choco-nougat-00656810)
2025-09-30 12:40:03,065 [INFO] Saved product: Die Grillerei Erdäpfelsalat (https://shop.billa.at/produkte/die-grillerei-erdaepfelsalat-00776194)
2025-09-30 12:40:03,666 [INFO] Saved product: Knorr Basis Kartoffel- Auflauf mit Faschiertem (https://shop.billa.at/produkte/knorr-basis-kartoffel-auflauf-mit-faschiertem-00777932)
2025-09-30 12:40:04,313 [INFO] Saved product: Wagner Big Sensation Beef Jalapenos (https://shop.billa.at/produkte/wagner-big-sensation-beef-jalapenos-00774591)
2025-09-30 12:40:04,410 [INFO] Saved product: Stickeralbum magische Wasserwelt (https://shop.billa.at/produkte/stickeralbum-magische-wasserwelt-00863858)
2025-09-30 12:40:06,003 [INFO] Saved product: BILLA Tagliatell Bronze (https://shop.billa.at/produkte/billa-tagliatell-bronze-00773857)
2025-09-30 12:40:07,979 [INFO] Saved product: YFood Trinkmahlzeit FruityStrawberry (https://shop.billa.at/produkte/yfood-trinkmahlzeit-fruitystrawberry-00787828)
2025-09-30 12:40:08,325 [INFO] Saved product: BILLA Asia Style Erdnuss Mix (https://shop.billa.at/produkte/billa-asia-style-erdnuss-mix-00747418)
2025-09-30 12:40:08,526 [INFO] Saved product: BILLA Spaghetti Carbonara XXL (https://shop.billa.at/produkte/billa-spaghetti-carbonara-xxl-00778455)
2025-09-30 12:40:08,916 [INFO] Saved product: Clever Multivitaminsaft (https://shop.billa.at/produkte/clever-multivitaminsaft-00773097)
2025-09-30 12:40:11,448 [INFO] Saved product: Oatly Hafer Barista Edition (https://shop.billa.at/produkte/oatly-hafer-barista-edition-00865576)
2025-09-30 12:40:12,124 [INFO] Saved product: Joya Coffee Creamer Haselnuss (https://shop.billa.at/produkte/joya-coffee-creamer-haselnuss-00780585)
2025-09-30 12:40:12,690 [INFO] Saved product: Mix It Sodawasser (https://shop.billa.at/produkte/mix-it-sodawasser-00769862)
2025-09-30 12:40:13,469 [INFO] Saved product: LEKKA Kräuterschinken (https://shop.billa.at/produkte/lekka-kraeuterschinken-00870254)
2025-09-30 12:40:13,838 [INFO] Saved product: Clever Edamer im Stück (https://shop.billa.at/produkte/clever-edamer-im-stueck-00777953)
2025-09-30 12:40:14,925 [INFO] Saved product: Vegavita Dino Nuggets (https://shop.billa.at/produkte/vegavita-dino-nuggets-00756030)
2025-09-30 12:40:16,599 [INFO] Saved product: Soletti Dip pikant (https://shop.billa.at/produkte/soletti-dip-pikant-00773816)
2025-09-30 12:40:17,252 [INFO] Saved product: FranzLeopold Kräuter Likör (https://shop.billa.at/produkte/franzleopold-kraeuter-likoer-00779402)
2025-09-30 12:40:17,881 [INFO] Saved product: KoRo Erdnussmus (https://shop.billa.at/produkte/koro-erdnussmus-00701361)
2025-09-30 12:40:18,140 [INFO] Saved product: L'OR Ferrari Imola Ristretto (https://shop.billa.at/produkte/lor-ferrari-imola-ristretto-00779148)
2025-09-30 12:40:18,684 [INFO] Saved product: BILLA Couscous Salat mit Mango-Curry & Hummus (https://shop.billa.at/produkte/billa-couscous-salat-mit-mangocurry-und-hummus-00754639)
2025-09-30 12:40:21,190 [INFO] Saved product: Ja! Natürlich Herbstbrot (https://shop.billa.at/produkte/ja-natuerlich-herbstbrot-00753195)
2025-09-30 12:40:21,571 [INFO] Saved product: KoRo Pesto Rosso Vegan (https://shop.billa.at/produkte/koro-pesto-rosso-vegan-00391943)
2025-09-30 12:40:21,987 [INFO] Saved product: BILLA Einlegeaufguss (https://shop.billa.at/produkte/billa-einlegeaufguss-00863731)
2025-09-30 12:40:22,373 [INFO] Saved product: Haribo Quaxi (https://shop.billa.at/produkte/haribo-quaxi-00706851)
2025-09-30 12:40:23,687 [INFO] Saved product: Kombuchery Kombucha Orange (https://shop.billa.at/produkte/kombuchery-kombucha-orange-00779446)
2025-09-30 12:40:25,401 [INFO] Saved product: Barettino Zaffiro Alkoholfrei (https://shop.billa.at/produkte/barettino-zaffiro-alkoholfrei-00865140)
2025-09-30 12:40:26,729 [INFO] Saved product: Knorr Basis Brokkoli Auflauf (https://shop.billa.at/produkte/knorr-basis-brokkoli-auflauf-00777934)
2025-09-30 12:40:27,694 [INFO] Saved product: HIER IST ETWAS
DANEBEN GEGANGEN (https://shop.billa.at/produkte/like-sate-00774845)
2025-09-30 12:40:28,267 [INFO] Saved product: Clever French Dressing (https://shop.billa.at/produkte/clever-french-dressing-00865992)
2025-09-30 12:40:29,149 [INFO] Saved product: Martini Extra Dry (https://shop.billa.at/produkte/martini-extra-dry-00869305)
2025-09-30 12:40:29,655 [INFO] Saved product: Hofstädter die Grillerei XXXL Rinder Tomahawk Steak (https://shop.billa.at/produkte/hofstaedter-die-grillerei-xxxl-rinder-tomahawk-steak-00754251)
2025-09-30 12:40:30,612 [INFO] Saved product: Tempo Balsam Duo Box (https://shop.billa.at/produkte/tempo-balsam-duo-box-00868158)
2025-09-30 12:40:31,719 [INFO] Saved product: Finish Power Classic XXL Fresh (https://shop.billa.at/produkte/finish-power-classic-xxl-fresh-00864787)
2025-09-30 12:40:32,167 [INFO] Saved product: Barettino Rubino Alkoholfrei (https://shop.billa.at/produkte/barettino-rubino-alkoholfrei-00865133)
2025-09-30 12:40:33,836 [INFO] Saved product: M&M´s Erdnuss Maxi Pack (https://shop.billa.at/produkte/mundms-erdnuss-maxi-pack-00777661)
2025-09-30 12:40:34,492 [INFO] Saved product: Billa Bio Falafel (https://shop.billa.at/produkte/billa-bio-falafel-00762305)
2025-09-30 12:40:34,818 [INFO] Saved product: Clever Hendl-Flügerl (https://shop.billa.at/produkte/clever-hendlfluegerl-00522826)
2025-09-30 12:40:36,003 [INFO] Saved product: Sir Winston English Breakfast (https://shop.billa.at/produkte/sir-winston-english-breakfast-00778812)
2025-09-30 12:40:36,818 [INFO] Saved product: YFood Trinkmahlzeit Fruity Peach (https://shop.billa.at/produkte/yfood-trinkmahlzeit-fruity-peach-00780717)
2025-09-30 12:40:37,517 [INFO] Saved product: Lenor Weichspüler Orchidee & Vanille (https://shop.billa.at/produkte/lenor-weichspueler-orchidee-und-vanille-00768656)
2025-09-30 12:40:38,897 [INFO] Saved product: BILLA Bio Pfeffer Bunt Ganz (https://shop.billa.at/produkte/billa-bio-pfeffer-bunt-ganz-00774573)
2025-09-30 12:40:39,229 [INFO] Saved product: Tempo Taschentücher Kids Box (https://shop.billa.at/produkte/tempo-taschentuecher-kids-box-00868109)
2025-09-30 12:40:39,891 [INFO] Saved product: Coppenrath & Wiese Lust auf Vegan Mandel-Bienenstich Torte (https://shop.billa.at/produkte/coppenrath-und-wiese-lust-auf-vegan-mandelbienenstich-torte-00701152)
2025-09-30 12:40:40,348 [INFO] Saved product: Teeling Irish Whiskey Small Batch (https://shop.billa.at/produkte/teeling-irish-whiskey-small-batch-00541451)
2025-09-30 12:40:41,823 [INFO] Saved product: Dr. Oetker Knuspermüsli Schoko (https://shop.billa.at/produkte/dr-oetker-knuspermuesli-schoko-00777657)
2025-09-30 12:40:43,393 [INFO] Saved product: Dr. Oetker Vitalis Müsli Knusper Plus Double Choc (https://shop.billa.at/produkte/dr-oetker-vitalis-muesli-knusper-plus-double-choc-00777656)
2025-09-30 12:40:43,862 [INFO] Saved product: Egger Cola-Mix Sauer (https://shop.billa.at/produkte/egger-colamix-sauer-00703466)
2025-09-30 12:40:44,174 [INFO] Saved product: Schulte Nougatcreme Röllchen (https://shop.billa.at/produkte/schulte-nougatcreme-roellchen-00780600)
2025-09-30 12:40:44,692 [INFO] Saved product: Clever Staubzucker (https://shop.billa.at/produkte/clever-staubzucker-00771723)
2025-09-30 12:40:45,613 [INFO] Saved product: BILLA Belugalinsen Salat mit Auberginen & Tomaten (https://shop.billa.at/produkte/billa-belugalinsen-salat-mit-auberginen-und-tomaten-00754649)
2025-09-30 12:40:48,124 [INFO] Saved product: Alma Bergkäse Eckerl (https://shop.billa.at/produkte/alma-bergkaese-eckerl-00870241)
2025-09-30 12:40:48,461 [INFO] Saved product: Omami Kichererbsentofu Sweet Chili (https://shop.billa.at/produkte/omami-kichererbsentofu-sweet-chili-00743227)
2025-09-30 12:40:49,007 [INFO] Saved product: Knorr Basis für Mac'N'Cheese (https://shop.billa.at/produkte/knorr-basis-fuer-macncheese-00777930)
2025-09-30 12:40:49,295 [INFO] Saved product: Clever Vollwaschmittel Flüssig (https://shop.billa.at/produkte/clever-vollwaschmittel-fluessig-00867752)
2025-09-30 12:40:50,252 [INFO] Saved product: Eskimo Minecraft EIs (https://shop.billa.at/produkte/eskimo-minecraft-eis-00868984)
2025-09-30 12:40:52,714 [INFO] Saved product: BILLA Bio Mandeldrink (https://shop.billa.at/produkte/billa-bio-mandeldrink-00779309)
2025-09-30 12:40:53,102 [INFO] Saved product: Wagner Big Sensation Salami & BBQ (https://shop.billa.at/produkte/wagner-big-sensation-salami-und-bbq-00774595)
2025-09-30 12:40:53,441 [INFO] Saved product: Treatfuls Haselnussbutter Energyball (https://shop.billa.at/produkte/treatfuls-haselnussbutter-energyball-00763661)
2025-09-30 12:40:54,061 [INFO] Saved product: Jacobs Mixes Typ Milka Cappuccino (https://shop.billa.at/produkte/jacobs-mixes-typ-milka-cappuccino-00778808)
2025-09-30 12:40:54,285 [INFO] Saved product: Felix Curry Gewürzketchup (https://shop.billa.at/produkte/felix-curry-gewuerzketchup-00777358)
2025-09-30 12:40:56,917 [INFO] Saved product: KoRo Proteinriegel Chocolate Caramel (https://shop.billa.at/produkte/koro-proteinriegel-chocolate-caramel-00531141)
2025-09-30 12:40:57,303 [INFO] Saved product: M&M´s Schokolade Maxi Pack (https://shop.billa.at/produkte/mundms-schokolade-maxi-pack-00777662)
2025-09-30 12:40:57,674 [INFO] Saved product: BILLA Genusswelt alla Cipolla (https://shop.billa.at/produkte/billa-genusswelt-alla-cipolla-00773138)
2025-09-30 12:40:58,050 [INFO] Saved product: Clever Ultrabinde Normal Plus (https://shop.billa.at/produkte/clever-ultrabinde-normal-plus-00778848)
2025-09-30 12:40:58,425 [INFO] Saved product: Clever Spezialwaschmittel Flüssig Black (https://shop.billa.at/produkte/clever-spezialwaschmittel-fluessig-black-00867796)
2025-09-30 12:41:01,280 [INFO] Saved product: Wegenstein Null Komma Rosé Alkoholfrei (https://shop.billa.at/produkte/wegenstein-null-komma-rose-alkoholfrei-00869828)
2025-09-30 12:41:01,696 [INFO] Saved product: BILLA Brotchips Tomate & Olive (https://shop.billa.at/produkte/billa-brotchips-tomate-und-olive-00777901)
2025-09-30 12:41:02,164 [INFO] Saved product: Die Grillerei pflanzliche Grillspieße (https://shop.billa.at/produkte/die-grillerei-pflanzliche-grillspiesse-00774236)
2025-09-30 12:41:02,441 [INFO] Saved product: Nescafé Gold ohne Koffein (https://shop.billa.at/produkte/nescafe-gold-ohne-koffein-00866031)
2025-09-30 12:41:03,128 [INFO] Saved product: Wagner Big Sensation Western (https://shop.billa.at/produkte/wagner-big-sensation-western-00774589)
2025-09-30 12:41:05,621 [INFO] Saved product: Sir Winston Earl Grey (https://shop.billa.at/produkte/sir-winston-earl-grey-00868221)
2025-09-30 12:41:05,884 [INFO] Saved product: Barettino Ambraviva Alkoholfrei (https://shop.billa.at/produkte/barettino-ambraviva-alkoholfrei-00865139)
2025-09-30 12:41:06,363 [INFO] Saved product: FranzLeopold Kirschedelbrand (https://shop.billa.at/produkte/franzleopold-kirschedelbrand-00779362)
2025-09-30 12:41:06,897 [INFO] Saved product: Martini Rosso (https://shop.billa.at/produkte/martini-rosso-00869292)
2025-09-30 12:41:07,070 [INFO] Saved product: Weizenfrei Mohnflesserl Ambient (https://shop.billa.at/produkte/weizenfrei-mohnflesserl-ambient-00730105)
2025-09-30 12:41:10,436 [INFO] Saved product: YO Fruchtsirup ohne Zucker Pfirsich-Maracuja (https://shop.billa.at/produkte/yo-fruchtsirup-ohne-zucker-pfirsichmaracuja-00775299)
2025-09-30 12:41:10,742 [INFO] Saved product: BILLA Couscous Salat mit Süßkartoffel (https://shop.billa.at/produkte/billa-couscous-salat-mit-suesskartoffel-00754621)
2025-09-30 12:41:11,159 [INFO] Saved product: BI HOME Bodentücher feucht Zitrone (https://shop.billa.at/produkte/bi-home-bodentuecher-feucht-zitrone-00763439)
2025-09-30 12:41:11,585 [INFO] Saved product: Garofalo Lasagneblätter Glutenfrei (https://shop.billa.at/produkte/garofalo-lasagneblaetter-glutenfrei-00748493)
2025-09-30 12:41:12,124 [INFO] Saved product: Clever Krautsalat mit Paprika (https://shop.billa.at/produkte/clever-krautsalat-mit-paprika-00776224)
2025-09-30 12:41:15,059 [INFO] Saved product: Clever Hygieneeinlagen Normal (https://shop.billa.at/produkte/clever-hygieneeinlagen-normal-00757314)
2025-09-30 12:41:15,501 [INFO] Saved product: KoRo Erdnussmus Crunchy (https://shop.billa.at/produkte/koro-erdnussmus-crunchy-00531143)
2025-09-30 12:41:15,868 [INFO] Saved product: Clever Hendl -Innenfilets (https://shop.billa.at/produkte/clever-hendl-innenfilets-00755937)
2025-09-30 12:41:16,327 [INFO] Saved product: Clever Erdbeer & Vanille Eis (https://shop.billa.at/produkte/clever-erdbeer-und-vanille-eis-00768057)
2025-09-30 12:41:17,608 [INFO] Saved product: Ölz Erdbeermaus (https://shop.billa.at/produkte/oelz-erdbeermaus-00776717)
2025-09-30 12:41:19,110 [INFO] Saved product: Nuri Makrelenfilets in scharf gewürztem Olivenöl (https://shop.billa.at/produkte/nuri-makrelenfilets-in-scharf-gewuerztem-olivenoel-00256465)
2025-09-30 12:41:19,979 [INFO] Saved product: Vivess Luftballons bunt (https://shop.billa.at/produkte/vivess-luftballons-bunt-00491514)
2025-09-30 12:41:20,416 [INFO] Saved product: BILLA Griechisches Olivenöl (https://shop.billa.at/produkte/billa-griechisches-olivenoel-00775200)
2025-09-30 12:41:21,154 [INFO] Saved product: YFood Trinkmahlzeit Fruity Mango (https://shop.billa.at/produkte/yfood-trinkmahlzeit-fruity-mango-00780710)
2025-09-30 12:41:21,488 [INFO] Saved product: Frierss Zirbenrauchschinken geschnitten (https://shop.billa.at/produkte/frierss-zirbenrauchschinken-geschnitten-00779311)
2025-09-30 12:41:23,623 [INFO] Saved product: BILLA Genusswelt Pergamena di Pane Guttiau al Rosmarino (https://shop.billa.at/produkte/billa-genusswelt-pergamena-di-pane-guttiau-al-rosmarino-00771397)
2025-09-30 12:41:24,163 [INFO] Saved product: BILLA Bio BBQ Sauce (https://shop.billa.at/produkte/billa-bio-bbq-sauce-00776193)
2025-09-30 12:41:24,990 [INFO] Saved product: BILLA Pretzel Bites Nacho Cheese (https://shop.billa.at/produkte/billa-pretzel-bites-nacho-cheese-00767401)
2025-09-30 12:41:26,312 [INFO] Saved product: Vegavita Antipasti Selection (https://shop.billa.at/produkte/vegavita-antipasti-selection-00777474)
2025-09-30 12:41:26,741 [INFO] Saved product: Ferrero Nutella plant based (https://shop.billa.at/produkte/nutella-plant-based-00868932)
2025-09-30 12:41:27,495 [INFO] Saved product: Clever Lasagne (https://shop.billa.at/produkte/clever-lasagne-00773056)
2025-09-30 12:41:27,982 [INFO] Saved product: fyl Sirup Pfirsich (https://shop.billa.at/produkte/fyl-sirup-pfirsich-00865645)
2025-09-30 12:41:28,655 [INFO] Saved product: Captain Morgan Spiced Gold Alkoholfrei (https://shop.billa.at/produkte/captain-morgan-spiced-gold-alkoholfrei-00746359)
2025-09-30 12:41:30,535 [INFO] Saved product: Felix Gulaschsuppe (https://shop.billa.at/produkte/felix-gulaschsuppe-00747542)
2025-09-30 12:41:31,047 [INFO] Saved product: XOXO Tropical Soda (https://shop.billa.at/produkte/xoxo-tropical-soda-00771813)
2025-09-30 12:41:31,719 [INFO] Saved product: Swiffer Bodenwischtücher feucht (https://shop.billa.at/produkte/swiffer-bodenwischtuecher-feucht-00706773)
2025-09-30 12:41:32,508 [INFO] Saved product: Haribo Phantasia (https://shop.billa.at/produkte/haribo-phantasia-00771803)
2025-09-30 12:41:33,102 [INFO] Saved product: All Stars Protein Snack Bar Strawberry (https://shop.billa.at/produkte/all-stars-protein-snack-bar-strawberry-00865186)
2025-09-30 12:41:34,870 [INFO] Saved product: Beba 2 Folgemilch (https://shop.billa.at/produkte/beba-2-folgemilch-00513372)
2025-09-30 12:41:34,886 [INFO] Saved product: Clever Nussstrudel (https://shop.billa.at/produkte/clever-nussstrudel-00774692)
2025-09-30 12:41:35,563 [INFO] Saved product: Snagy Zaubersnack Heidelbeeren (https://shop.billa.at/produkte/snagy-zaubersnack-heidelbeeren-00778193)
2025-09-30 12:41:36,304 [INFO] Saved product: Like Protein Bites Mediterran (https://shop.billa.at/produkte/like-protein-bites-mediterran-00774848)
2025-09-30 12:41:37,855 [INFO] Saved product: Da komm ich her! Golden Delicious Apfel (https://shop.billa.at/produkte/da-komm-ich-her-golden-delicious-apfel-0089724)
2025-09-30 12:41:38,902 [INFO] Saved product: BILLA Bio Kokosraspeln (https://shop.billa.at/produkte/billa-bio-kokosraspeln-00498221)
2025-09-30 12:41:39,334 [INFO] Saved product: Nektarinen gelegt (https://shop.billa.at/produkte/nektarinen-gelegt-0089382)
2025-09-30 12:41:39,893 [INFO] Saved product: Da komm ich her! Rispenparadeiser 'Resi' (https://shop.billa.at/produkte/da-komm-ich-her-rispenparadeiser-resi-00805088)
2025-09-30 12:41:40,354 [INFO] Saved product: Da komm ich her! Bratpaprika (https://shop.billa.at/produkte/da-komm-ich-her-bratpaprika-0089038)
2025-09-30 12:41:41,406 [INFO] Saved product: BILLA Thymian (https://shop.billa.at/produkte/billa-thymian-00755990)
2025-09-30 12:41:43,785 [INFO] Saved product: Seeberger Pflaumen entsteint (https://shop.billa.at/produkte/seeberger-pflaumen-entsteint-00437696)
2025-09-30 12:41:44,173 [INFO] Saved product: Pesendorfer Erdbeer Chips (https://shop.billa.at/produkte/pesendorfer-erdbeer-chips-00352569)
2025-09-30 12:41:44,498 [INFO] Saved product: Ja! Natürlich Rote Rüben (https://shop.billa.at/produkte/ja-natuerlich-rote-rueben-00409239)
2025-09-30 12:41:45,074 [INFO] Saved product: Ja! Natürlich Bio Maroni mit Zimt (https://shop.billa.at/produkte/ja-natuerlich-bio-maroni-mit-zimt-00511872)
2025-09-30 12:41:45,658 [INFO] Saved product: Trauben 'Flame' rot kernlos (https://shop.billa.at/produkte/trauben-flame-rot-kernlos-0089428)
2025-09-30 12:41:48,619 [INFO] Saved product: Feigen frisch (https://shop.billa.at/produkte/feigen-frisch-0089144)
2025-09-30 12:41:48,953 [INFO] Saved product: BILLA Frucht Mix geschnitten (https://shop.billa.at/produkte/billa-frucht-mix-geschnitten-00754125)
2025-09-30 12:41:49,316 [INFO] Saved product: Ja! Natürlich Bio-Melanzani (https://shop.billa.at/produkte/ja-natuerlich-biomelanzani-0088163)
2025-09-30 12:41:49,845 [INFO] Saved product: BILLA Bio Cashewkerne geröstet & gesalzen (https://shop.billa.at/produkte/billa-bio-cashewkerne-geroestet-und-gesalzen-00443132)
2025-09-30 12:41:50,484 [INFO] Saved product: Ja! Natürlich Eissalat (https://shop.billa.at/produkte/ja-natuerlich-eissalat-00404272)
2025-09-30 12:41:52,513 [INFO] Saved product: SanLucar Zitronen unbehandelt (https://shop.billa.at/produkte/sanlucar-zitronen-unbehandelt-00863863)
2025-09-30 12:41:53,350 [INFO] Saved product: Apfel 'Pink Lady' Tasse (https://shop.billa.at/produkte/apfel-pink-lady-tasse-0089243)
2025-09-30 12:41:53,802 [INFO] Saved product: Da komm ich her! Kiwano (https://shop.billa.at/produkte/da-komm-ich-her-kiwano-00495092)
2025-09-30 12:41:54,664 [INFO] Saved product: Pesendorfer Cashew Caramel (https://shop.billa.at/produkte/pesendorfer-cashew-caramel-00504230)
2025-09-30 12:41:55,363 [INFO] Saved product: BILLA Melonen Mix geschnitten (https://shop.billa.at/produkte/billa-melonen-mix-geschnitten-00754127)
2025-09-30 12:41:56,796 [INFO] Saved product: Ja! Natürlich Petersilie im Topf (https://shop.billa.at/produkte/ja-natuerlich-petersilie-im-topf-00432843)
2025-09-30 12:41:57,214 [INFO] Saved product: Clever Kaki (https://shop.billa.at/produkte/clever-kaki-00773808)
2025-09-30 12:41:57,730 [INFO] Saved product: Ja! Natürlich Beilagenerdäpfel (https://shop.billa.at/produkte/ja-natuerlich-beilagenerdaepfel-00521912)
2025-09-30 12:41:58,411 [INFO] Saved product: SanLucar Heidelbeeren (https://shop.billa.at/produkte/sanlucar-heidelbeeren-0085141)
2025-09-30 12:42:00,035 [INFO] Saved product: Pesendorfer Intelligenz Mischung (https://shop.billa.at/produkte/pesendorfer-intelligenz-mischung-00603775)
2025-09-30 12:42:01,333 [INFO] Saved product: SanLucar Erdnüsse (https://shop.billa.at/produkte/sanlucar-erdnuesse-0089499)
2025-09-30 12:42:01,971 [INFO] Saved product: Speisekürbis Butternuss (https://shop.billa.at/produkte/speisekuerbis-butternuss-00444005)
2025-09-30 12:42:02,453 [INFO] Saved product: Da komm ich her! Schnittlauch (https://shop.billa.at/produkte/da-komm-ich-her-schnittlauch-00953164)
2025-09-30 12:42:02,800 [INFO] Saved product: Ja! Natürlich Vogerlsalat (https://shop.billa.at/produkte/ja-natuerlich-vogerlsalat-00435520)
2025-09-30 12:42:03,423 [INFO] Saved product: Lorenz Studentenfutter Extra (https://shop.billa.at/produkte/lorenz-studentenfutter-extra-00348938)
2025-09-30 12:42:05,914 [INFO] Saved product: Zuckermelone (https://shop.billa.at/produkte/zuckermelone-0089123)
2025-09-30 12:42:06,247 [INFO] Saved product: Da komm ich her! Fleischparadeiser (https://shop.billa.at/produkte/da-komm-ich-her-fleischparadeiser-00307854)
2025-09-30 12:42:06,620 [INFO] Saved product: Ja! Natürlich Snackkarotten (https://shop.billa.at/produkte/ja-natuerlich-snackkarotten-00514852)
2025-09-30 12:42:07,012 [INFO] Saved product: BILLA Bio Limetten (https://shop.billa.at/produkte/billa-bio-limetten-00561102)
2025-09-30 12:42:08,078 [INFO] Saved product: Ja! Natürlich Bio-Hokkaido-Kürbis (https://shop.billa.at/produkte/ja-natuerlich-biohokkaidokuerbis-00422619)
2025-09-30 12:42:10,443 [INFO] Saved product: Ja! Natürlich Apfel Tasse rot (https://shop.billa.at/produkte/ja-natuerlich-apfel-tasse-rot-00431081)
2025-09-30 12:42:11,356 [INFO] Saved product: Ja! Natürlich Bio Zuckermais Vorgegart (https://shop.billa.at/produkte/ja-natuerlich-bio-zuckermais-vorgegart-00575199)
2025-09-30 12:42:11,930 [INFO] Saved product: Ja! Natürlich Fenchel (https://shop.billa.at/produkte/ja-natuerlich-fenchel-00321422)
2025-09-30 12:42:11,988 [INFO] Saved product: Ja! Natürlich Bio-Premium Kirschtomaten (https://shop.billa.at/produkte/ja-natuerlich-biopremium-kirschtomaten-00579303)
2025-09-30 12:42:12,705 [INFO] Saved product: Seeberger Walnusskerne Extra (https://shop.billa.at/produkte/seeberger-walnusskerne-extra-00418036)
2025-09-30 12:42:15,185 [INFO] Saved product: Da komm ich her! Mangold (https://shop.billa.at/produkte/da-komm-ich-her-mangold-00415623)
2025-09-30 12:42:15,460 [INFO] Saved product: Ja! Natürlich Bio Zitronen (https://shop.billa.at/produkte/ja-natuerlich-bio-zitronen-00407346)
2025-09-30 12:42:16,510 [INFO] Saved product: Kohl (https://shop.billa.at/produkte/kohl-0089802)
2025-09-30 12:42:17,096 [INFO] Saved product: BILLA Granatapfelkerne (https://shop.billa.at/produkte/billa-granatapfelkerne-00754126)
2025-09-30 12:42:17,715 [INFO] Saved product: Wunderlinge Äpfel (https://shop.billa.at/produkte/wunderlinge-aepfel-00804413)
2025-09-30 12:42:19,128 [INFO] Saved product: Die Grillerei Ofen- & Grillerdäpfel (https://shop.billa.at/produkte/die-grillerei-ofen-und-grillerdaepfel-00481676)
2025-09-30 12:42:19,732 [INFO] Saved product: Da komm ich her! Weißkraut (https://shop.billa.at/produkte/da-komm-ich-her-weisskraut-0089793)
2025-09-30 12:42:20,600 [INFO] Saved product: Simply Good Rucola Salat (https://shop.billa.at/produkte/simply-good-rucola-salat-00398029)
2025-09-30 12:42:21,066 [INFO] Saved product: Ja! Natürlich Karotten (https://shop.billa.at/produkte/ja-natuerlich-karotten-00407681)
2025-09-30 12:42:21,718 [INFO] Saved product: Ja! Natürlich Püreeerdäpfel mehlig (https://shop.billa.at/produkte/ja-natuerlich-puereeerdaepfel-mehlig-0089533)
2025-09-30 12:42:23,176 [INFO] Saved product: Pesendorfer Cranberry (https://shop.billa.at/produkte/pesendorfer-cranberry-00504060)
2025-09-30 12:42:23,600 [INFO] Saved product: Datteltomaten (https://shop.billa.at/produkte/datteltomaten-0089942)
2025-09-30 12:42:24,353 [INFO] Saved product: Riesenkiwi Gold Zespri (https://shop.billa.at/produkte/riesenkiwi-gold-zespri-00725570)
2025-09-30 12:42:24,969 [INFO] Saved product: SanLucar Limetten unbehandelt (https://shop.billa.at/produkte/sanlucar-limetten-unbehandelt-00764267)
2025-09-30 12:42:25,726 [INFO] Saved product: Trauben weiß kernlos (https://shop.billa.at/produkte/trauben-weiss-kernlos-0089414)
2025-09-30 12:42:27,067 [INFO] Saved product: Ja! Natürlich Pflaumen (https://shop.billa.at/produkte/ja-natuerlich-pflaumen-0088304)
2025-09-30 12:42:27,625 [INFO] Saved product: Grapefruit (https://shop.billa.at/produkte/grapefruit-0089056)
2025-09-30 12:42:28,569 [INFO] Saved product: Ja! Bio Schnittlauch im Topf (https://shop.billa.at/produkte/ja-bio-schnittlauch-im-topf-00432827)
2025-09-30 12:42:29,827 [INFO] Saved product: Ja! Natürlich Cranberries (https://shop.billa.at/produkte/ja-natuerlich-cranberries-00940498)
2025-09-30 12:42:30,159 [INFO] Saved product: Ja! Natürlich Bananen (https://shop.billa.at/produkte/ja-natuerlich-bananen-00402489)
2025-09-30 12:42:31,107 [INFO] Saved product: Da komm ich her! Petersilie (https://shop.billa.at/produkte/da-komm-ich-her-petersilie-00318080)
2025-09-30 12:42:31,873 [INFO] Saved product: Da komm ich her! Paprika Rot (https://shop.billa.at/produkte/da-komm-ich-her-paprika-rot-00411113)
2025-09-30 12:42:33,246 [INFO] Saved product: Da komm ich her! Kohlrabi (https://shop.billa.at/produkte/da-komm-ich-her-kohlrabi-00409241)
2025-09-30 12:42:33,907 [INFO] Saved product: Ja! Natürlich Maroni gegart (https://shop.billa.at/produkte/ja-natuerlich-maroni-gegart-0089479)
2025-09-30 12:42:34,345 [INFO] Saved product: Ja! Natürlich Spitzkraut (https://shop.billa.at/produkte/ja-natuerlich-spitzkraut-00777498)
2025-09-30 12:42:35,318 [INFO] Saved product: Lorenz Studentenfutter Original (https://shop.billa.at/produkte/lorenz-studentenfutter-original-00348371)
2025-09-30 12:42:36,051 [INFO] Saved product: SanLucar Trauben 'Sugar Drop' weiß kernlos (https://shop.billa.at/produkte/sanlucar-trauben-sugar-drop-weiss-kernlos-00431106)
2025-09-30 12:42:38,185 [INFO] Saved product: Da komm ich her! Melanzani (https://shop.billa.at/produkte/da-komm-ich-her-melanzani-00410633)
2025-09-30 12:42:38,532 [INFO] Saved product: Da komm ich her! Knoblauch (https://shop.billa.at/produkte/da-komm-ich-her-knoblauch-0089016)
2025-09-30 12:42:38,894 [INFO] Saved product: JA! BIO PHYSALIS 80G (https://shop.billa.at/produkte/ja-bio-physalis-80g-00410996)
2025-09-30 12:42:39,338 [INFO] Saved product: Ja! Natürlich Rispentomaten (https://shop.billa.at/produkte/ja-natuerlich-rispentomaten-00374269)
2025-09-30 12:42:40,236 [INFO] Saved product: BILLA Maroni (https://shop.billa.at/produkte/billa-maroni-00495873)
2025-09-30 12:42:42,688 [INFO] Saved product: Ja! Natürlich Erdnüsse (https://shop.billa.at/produkte/ja-natuerlich-erdnuesse-0088020)
2025-09-30 12:42:43,127 [INFO] Saved product: Landgarten Bio Knabbermix original (https://shop.billa.at/produkte/landgarten-bio-knabbermix-original-00299678)
2025-09-30 12:42:43,703 [INFO] Saved product: Ja! Natürlich Bio Sultaninen (https://shop.billa.at/produkte/ja-natuerlich-bio-sultaninen-00436514)
2025-09-30 12:42:43,971 [INFO] Saved product: BILLA Bio Kiwi (https://shop.billa.at/produkte/billa-bio-kiwi-00490096)
2025-09-30 12:42:44,709 [INFO] Saved product: Alnatura Salatkerne Mix (https://shop.billa.at/produkte/alnatura-salatkerne-mix-00317719)
2025-09-30 12:42:46,973 [INFO] Saved product: SanLucar Premium Avocado Essreif (https://shop.billa.at/produkte/sanlucar-premium-avocado-essreif-00410608)
2025-09-30 12:42:47,686 [INFO] Saved product: Da komm ich her! Erdbeeren (https://shop.billa.at/produkte/da-komm-ich-her-erdbeeren-0089480)
2025-09-30 12:42:48,237 [INFO] Saved product: Clever Birnen (https://shop.billa.at/produkte/clever-birnen-0089316)
2025-09-30 12:42:48,867 [INFO] Saved product: Ja! Natürlich Champignon (https://shop.billa.at/produkte/ja-natuerlich-champignon-00410116)
2025-09-30 12:42:49,480 [INFO] Saved product: Clever Zucchini (https://shop.billa.at/produkte/clever-zucchini-00415856)
2025-09-30 12:42:51,186 [INFO] Saved product: Clever Zwiebel Gelb (https://shop.billa.at/produkte/clever-zwiebel-gelb-00346427)
2025-09-30 12:42:51,641 [INFO] Saved product: Eierschwammerl (https://shop.billa.at/produkte/eierschwammerl-00410759)
2025-09-30 12:42:52,052 [INFO] Saved product: Ja! Natürlich Lauch (https://shop.billa.at/produkte/ja-natuerlich-lauch-00401263)
2025-09-30 12:42:53,026 [INFO] Saved product: Die Grillerei Burger Salat (https://shop.billa.at/produkte/die-grillerei-burger-salat-00778923)
2025-09-30 12:42:53,484 [INFO] Saved product: Da komm ich her! Erdäpfel speckig (https://shop.billa.at/produkte/da-komm-ich-her-erdaepfel-speckig-0089532)
2025-09-30 12:42:55,906 [INFO] Saved product: Ja! Natürlich Karotten Mix (https://shop.billa.at/produkte/ja-natuerlich-karotten-mix-00409484)
2025-09-30 12:42:56,278 [INFO] Saved product: Clever Apfel Gelb (https://shop.billa.at/produkte/clever-apfel-gelb-00760607)
2025-09-30 12:42:56,669 [INFO] Saved product: Ja! Natürlich Birnen gelegt (https://shop.billa.at/produkte/ja-natuerlich-birnen-gelegt-00271304)
2025-09-30 12:42:57,020 [INFO] Saved product: SanLucar Datteln (https://shop.billa.at/produkte/sanlucar-datteln-00406831)
2025-09-30 12:42:57,535 [INFO] Saved product: HIER IST ETWAS
DANEBEN GEGANGEN (https://shop.billa.at/produkte/ja-natuerlich-orangen-0089083)
